Unity Editor version:    6000.4.0f1 (8cf496087c8f)
Branch:                  6000.4/staging
Build type:              Release
Batch mode:              YES
System name:             Linux
Distro version:          #202511241048~1764607909~24.04~df6b2b6 SMP PREEMPT_DYNAMIC Mon D
Kernel version:          6.17.9-76061709-generic
Architecture:            x86_64
Available memory:        64131 MB
Date:                    2026-04-01T07:07:22Z
[Licensing::Module] Trying to connect to existing licensing client channel...
Initialize udev device monitor.
[Licensing::IpcConnector] Channel LicenseClient-hans doesn't exist
[Licensing::Module] Successfully launched the LicensingClient (PId: 432510)

COMMAND LINE ARGUMENTS:
/data/apps/Unity/Hub/Editor/6000.4.0f1/Editor/Unity
-batchmode
-nographics
-quit
-projectPath
/data/tmp/hpr_assetstore_sale/projects/sale_com_hpr_save
-executeMethod
HprPackageExportRunner.ExportFromEnvironment
-logFile
/data/src/github/games/doc/logs/package_sale_prep/20260401_090335_com_hpr_save_export.log
Successfully changed project path to: /data/tmp/hpr_assetstore_sale/projects/sale_com_hpr_save
/data/tmp/hpr_assetstore_sale/projects/sale_com_hpr_save
[UnityMemory] Configuration Parameters - Can be set up in boot.config
    "memorysetup-temp-allocator-size-gi-baking-worker=262144"
    "memorysetup-temp-allocator-size-gi-baking-worker=262144"
    "memorysetup-temp-allocator-size-gi-baking-worker=262144"
    "memorysetup-temp-allocator-size-gi-baking-worker=262144"
    "memorysetup-temp-allocator-size-gi-baking-worker=262144"
    "memorysetup-temp-allocator-size-nav-mesh-worker=65536"
    "memorysetup-temp-allocator-size-audio-worker=65536"
    "memorysetup-temp-allocator-size-cloud-worker=32768"
    "memorysetup-allocator-temp-initial-block-size-main=262144"
    "memorysetup-allocator-temp-initial-block-size-worker=262144"
    "memorysetup-temp-allocator-size-background-worker=32768"
    "memorysetup-temp-allocator-size-job-worker=262144"
    "memorysetup-temp-allocator-size-preload-manager=33554432"
    "memorysetup-temp-allocator-size-gfx=262144"
    "memorysetup-bucket-allocator-granularity=16"
    "memorysetup-bucket-allocator-bucket-count=8"
    "memorysetup-bucket-allocator-block-size=33554432"
    "memorysetup-bucket-allocator-block-count=8"
    "memorysetup-main-allocator-block-size=16777216"
    "memorysetup-thread-allocator-block-size=16777216"
    "memorysetup-gfx-main-allocator-block-size=16777216"
    "memorysetup-gfx-thread-allocator-block-size=16777216"
    "memorysetup-cache-allocator-block-size=4194304"
    "memorysetup-typetree-allocator-block-size=2097152"
    "memorysetup-profiler-bucket-allocator-granularity=16"
    "memorysetup-profiler-bucket-allocator-bucket-count=8"
    "memorysetup-profiler-bucket-allocator-block-size=33554432"
    "memorysetup-profiler-bucket-allocator-block-count=8"
    "memorysetup-profiler-allocator-block-size=16777216"
    "memorysetup-profiler-editor-allocator-block-size=1048576"
    "memorysetup-temp-allocator-size-main=16777216"
    "memorysetup-job-temp-allocator-block-size=2097152"
    "memorysetup-job-temp-allocator-block-size-background=1048576"
    "memorysetup-job-temp-allocator-reduction-small-platforms=262144"
Player connection [129761797688128]  Target information:

Player connection [129761797688128]  * "[IP] 192.168.0.132 [Port] 55504 [Flags] 2 [Guid] 4081692201 [EditorId] 4081692201 [Version] 1048832 [Id] LinuxEditor(16,192.168.0.132) [Debug] 1 [PackageName] LinuxEditor [ProjectName] Editor" 

Player connection [129761797688128]  * "[IP] 172.17.0.1 [Port] 55504 [Flags] 2 [Guid] 4081692201 [EditorId] 4081692201 [Version] 1048832 [Id] LinuxEditor(16,192.168.0.132) [Debug] 1 [PackageName] LinuxEditor [ProjectName] Editor" 

Player connection [129761797688128]  * "[IP] 10.8.0.2 [Port] 55504 [Flags] 2 [Guid] 4081692201 [EditorId] 4081692201 [Version] 1048832 [Id] LinuxEditor(16,192.168.0.132) [Debug] 1 [PackageName] LinuxEditor [ProjectName] Editor" 

Player connection [129761797688128] Host joined multi-casting on [225.0.0.222:54997]...
Player connection [129761797688128] Host joined alternative multi-casting on [225.0.0.222:34997]...
Input System module state changed to: Initialized.
[Physics::Module] Initialized fallback backend.
[Physics::Module] Id: 0xdecafbad
[Package Manager] Connected to IPC stream "Upm-432499" after 0.3 seconds.
[Licensing::Module] Licensing is not yet initialized.
[Licensing::IpcConnector] Successfully connected to: "LicenseClient-hans" at "2026-04-01T07:07:22.650405Z"
[SignatureVerifier] Application signature verification not supported on this platform.
[Licensing::Client] Handshaking with LicensingClient:
  Version:                 1.18.1+9fbee8e
  Session Id:              648aaead9c6d496b96ba1552ae5f9713
  Correlation Id:          36b502d1205eb7f295e93e9dc2ce5e39
  External correlation Id: 1175865696011174322
  Machine Id:              l9JneE/oSM2w6bwb29/I//rgSro=
[Licensing::Module] Successfully connected to LicensingClient on channel: "LicenseClient-hans" (connect: 0.57s, validation: 0.08s, handshake: 0.00s)
[Licensing::IpcConnector] Successfully connected to: "LicenseClient-hans-notifications" at "2026-04-01T07:07:22.731513Z"
[Licensing::Module] Connected to LicensingClient (PId: 432510, launch time: 0.00, total connection time: 0.65s)
[Licensing::Module] Error: Access token is unavailable; failed to update
[Licensing::Client] Successfully resolved entitlement details
[Licensing::Module] License group:
  Id: 9072370782505-UnityPersXXXX
  Product: Unity Personal
  Type: Assigned
  Expiration: Unlimited
[Licensing::Client] Successfully updated license, isAsync: True, time: 0.02
[Licensing::Client] Successfully resolved entitlement details
[Licensing::Module] Licensing Background thread has ended after 0.69s
[Licensing::Module] Licensing is initialized (took 0.24s).
[Licensing::Client] Successfully resolved entitlement details
Library Redirect Path: Library/
FMOD failed to initialize the output device.: "Error initializing output device. " (60)
Forced to initialize FMOD to to the device driver's system output rate 48000, this may impact performance and/or give inconsistent experiences compared to selected sample rate 48000
FMOD failed to initialize the output device.: "Error initializing output device. " (60)
FMOD initialized on nosound output
[Physics::Module] Selected backend.
[Physics::Module] Name: PhysX
[Physics::Module] Id: 0xf2b8ea05
[Physics::Module] SDK Version: 4.1.2
[Physics::Module] Integration Version: 1.0.0
[Physics::Module] Threading Mode: Multi-Threaded
Initialize engine version: 6000.4.0f1 (8cf496087c8f)
[Subsystems] Discovering subsystems at path /data/apps/Unity/Hub/Editor/6000.4.0f1/Editor/Data/Resources/UnitySubsystems
[Subsystems] Discovering subsystems at path /data/tmp/hpr_assetstore_sale/projects/sale_com_hpr_save/Assets
Forcing GfxDevice: Null
GfxDevice: creating device client; kGfxThreadingModeNonThreaded
NullGfxDevice:
    Version:  NULL 1.0 [1.0]
    Renderer: Null Device
    Vendor:   Unity Technologies
Initialize mono
Mono path[0] = '/data/apps/Unity/Hub/Editor/6000.4.0f1/Editor/Data/Managed'
Mono path[1] = '/data/apps/Unity/Hub/Editor/6000.4.0f1/Editor/Data/MonoBleedingEdge/lib/mono/unityjit-linux'
Mono config path = '/data/apps/Unity/Hub/Editor/6000.4.0f1/Editor/Data/MonoBleedingEdge/etc'
Using monoOptions --debugger-agent=transport=dt_socket,embedding=1,server=y,suspend=n,address=127.0.0.1:56499
CodeReloadManager initialized
Using cacheserver namespaces - metadata:defaultmetadata, artifacts:defaultartifacts
Using cacheserver namespaces - metadata:defaultmetadata, artifacts:defaultartifacts
ImportWorker Server TCP listen port: 0
AcceleratorClientConnectionCallback - disconnected - :0
Begin MonoManager ReloadAssembly
Registering precompiled unity dll's ...
Register platform support module: /data/apps/Unity/Hub/Editor/6000.4.0f1/Editor/Data/PlaybackEngines/LinuxStandaloneSupport/UnityEditor.LinuxStandalone.Extensions.dll
Registered in 0.002252 seconds.
Native extension for LinuxStandalone target not found
Package Manager log level set to [2]
[Licensing::Client] Successfully resolved entitlement details
ScheduleIndexationOnStartup MainProcess:False IndexOnStartup:False
Mono: successfully reloaded assembly
- Finished resetting the current domain, in  1.335 seconds
Domain Reload Profiling: 2003ms
	BeginReloadAssembly (124ms)
		CreateAndSetChildDomain (16ms)
	RebuildCommonClasses (65ms)
	RebuildNativeTypeToScriptingClass (15ms)
	initialDomainReloadingComplete (98ms)
	LoadAllAssembliesAndSetupDomain (362ms)
		LoadAssemblies (107ms)
		AnalyzeDomain (343ms)
			TypeCache.Refresh (341ms)
				TypeCache.ScanAssembly (320ms)
	FinalizeReload (1338ms)
		SetupLoadedEditorAssemblies (0ms)
			InitializePlatformSupportModulesInManaged (74ms)
			BeforeProcessingInitializeOnLoad (154ms)
			ProcessInitializeOnLoadAttributes (194ms)
			ProcessInitializeOnLoadMethodAttributes (788ms)
[Licensing::Client] Successfully resolved entitlement details
Application.AssetDatabase Initial Refresh Start
[Package Manager] Restoring resolved packages state from cache
[Licensing::Client] Successfully resolved entitlement details
[Package Manager] Registered 40 packages:
  Built-in packages:
    com.unity.multiplayer.center@1.0.1 (location: /data/tmp/hpr_assetstore_sale/projects/sale_com_hpr_save/Library/PackageCache/com.unity.multiplayer.center@53ad5a5c2bfb)
    com.unity.modules.accessibility@1.0.0 (location: /data/tmp/hpr_assetstore_sale/projects/sale_com_hpr_save/Library/PackageCache/com.unity.modules.accessibility)
    com.unity.modules.adaptiveperformance@1.0.0 (location: /data/tmp/hpr_assetstore_sale/projects/sale_com_hpr_save/Library/PackageCache/com.unity.modules.adaptiveperformance)
    com.unity.modules.ai@1.0.0 (location: /data/tmp/hpr_assetstore_sale/projects/sale_com_hpr_save/Library/PackageCache/com.unity.modules.ai)
    com.unity.modules.androidjni@1.0.0 (location: /data/tmp/hpr_assetstore_sale/projects/sale_com_hpr_save/Library/PackageCache/com.unity.modules.androidjni)
    com.unity.modules.animation@1.0.0 (location: /data/tmp/hpr_assetstore_sale/projects/sale_com_hpr_save/Library/PackageCache/com.unity.modules.animation)
    com.unity.modules.assetbundle@1.0.0 (location: /data/tmp/hpr_assetstore_sale/projects/sale_com_hpr_save/Library/PackageCache/com.unity.modules.assetbundle)
    com.unity.modules.audio@1.0.0 (location: /data/tmp/hpr_assetstore_sale/projects/sale_com_hpr_save/Library/PackageCache/com.unity.modules.audio)
    com.unity.modules.cloth@1.0.0 (location: /data/tmp/hpr_assetstore_sale/projects/sale_com_hpr_save/Library/PackageCache/com.unity.modules.cloth)
    com.unity.modules.director@1.0.0 (location: /data/tmp/hpr_assetstore_sale/projects/sale_com_hpr_save/Library/PackageCache/com.unity.modules.director)
    com.unity.modules.imageconversion@1.0.0 (location: /data/tmp/hpr_assetstore_sale/projects/sale_com_hpr_save/Library/PackageCache/com.unity.modules.imageconversion)
    com.unity.modules.imgui@1.0.0 (location: /data/tmp/hpr_assetstore_sale/projects/sale_com_hpr_save/Library/PackageCache/com.unity.modules.imgui)
    com.unity.modules.jsonserialize@1.0.0 (location: /data/tmp/hpr_assetstore_sale/projects/sale_com_hpr_save/Library/PackageCache/com.unity.modules.jsonserialize)
    com.unity.modules.particlesystem@1.0.0 (location: /data/tmp/hpr_assetstore_sale/projects/sale_com_hpr_save/Library/PackageCache/com.unity.modules.particlesystem)
    com.unity.modules.physics@1.0.0 (location: /data/tmp/hpr_assetstore_sale/projects/sale_com_hpr_save/Library/PackageCache/com.unity.modules.physics)
    com.unity.modules.physics2d@1.0.0 (location: /data/tmp/hpr_assetstore_sale/projects/sale_com_hpr_save/Library/PackageCache/com.unity.modules.physics2d)
    com.unity.modules.screencapture@1.0.0 (location: /data/tmp/hpr_assetstore_sale/projects/sale_com_hpr_save/Library/PackageCache/com.unity.modules.screencapture)
    com.unity.modules.terrain@1.0.0 (location: /data/tmp/hpr_assetstore_sale/projects/sale_com_hpr_save/Library/PackageCache/com.unity.modules.terrain)
    com.unity.modules.terrainphysics@1.0.0 (location: /data/tmp/hpr_assetstore_sale/projects/sale_com_hpr_save/Library/PackageCache/com.unity.modules.terrainphysics)
    com.unity.modules.tilemap@1.0.0 (location: /data/tmp/hpr_assetstore_sale/projects/sale_com_hpr_save/Library/PackageCache/com.unity.modules.tilemap)
    com.unity.modules.ui@1.0.0 (location: /data/tmp/hpr_assetstore_sale/projects/sale_com_hpr_save/Library/PackageCache/com.unity.modules.ui)
    com.unity.modules.uielements@1.0.0 (location: /data/tmp/hpr_assetstore_sale/projects/sale_com_hpr_save/Library/PackageCache/com.unity.modules.uielements)
    com.unity.modules.umbra@1.0.0 (location: /data/tmp/hpr_assetstore_sale/projects/sale_com_hpr_save/Library/PackageCache/com.unity.modules.umbra)
    com.unity.modules.unityanalytics@1.0.0 (location: /data/tmp/hpr_assetstore_sale/projects/sale_com_hpr_save/Library/PackageCache/com.unity.modules.unityanalytics)
    com.unity.modules.unitywebrequest@1.0.0 (location: /data/tmp/hpr_assetstore_sale/projects/sale_com_hpr_save/Library/PackageCache/com.unity.modules.unitywebrequest)
    com.unity.modules.unitywebrequestassetbundle@1.0.0 (location: /data/tmp/hpr_assetstore_sale/projects/sale_com_hpr_save/Library/PackageCache/com.unity.modules.unitywebrequestassetbundle)
    com.unity.modules.unitywebrequestaudio@1.0.0 (location: /data/tmp/hpr_assetstore_sale/projects/sale_com_hpr_save/Library/PackageCache/com.unity.modules.unitywebrequestaudio)
    com.unity.modules.unitywebrequesttexture@1.0.0 (location: /data/tmp/hpr_assetstore_sale/projects/sale_com_hpr_save/Library/PackageCache/com.unity.modules.unitywebrequesttexture)
    com.unity.modules.unitywebrequestwww@1.0.0 (location: /data/tmp/hpr_assetstore_sale/projects/sale_com_hpr_save/Library/PackageCache/com.unity.modules.unitywebrequestwww)
    com.unity.modules.vectorgraphics@1.0.0 (location: /data/tmp/hpr_assetstore_sale/projects/sale_com_hpr_save/Library/PackageCache/com.unity.modules.vectorgraphics)
    com.unity.modules.vehicles@1.0.0 (location: /data/tmp/hpr_assetstore_sale/projects/sale_com_hpr_save/Library/PackageCache/com.unity.modules.vehicles)
    com.unity.modules.video@1.0.0 (location: /data/tmp/hpr_assetstore_sale/projects/sale_com_hpr_save/Library/PackageCache/com.unity.modules.video)
    com.unity.modules.vr@1.0.0 (location: /data/tmp/hpr_assetstore_sale/projects/sale_com_hpr_save/Library/PackageCache/com.unity.modules.vr)
    com.unity.modules.wind@1.0.0 (location: /data/tmp/hpr_assetstore_sale/projects/sale_com_hpr_save/Library/PackageCache/com.unity.modules.wind)
    com.unity.modules.xr@1.0.0 (location: /data/tmp/hpr_assetstore_sale/projects/sale_com_hpr_save/Library/PackageCache/com.unity.modules.xr)
    com.unity.ugui@2.0.0 (location: /data/tmp/hpr_assetstore_sale/projects/sale_com_hpr_save/Library/PackageCache/com.unity.ugui@288051c775ab)
    com.unity.test-framework@1.6.0 (location: /data/tmp/hpr_assetstore_sale/projects/sale_com_hpr_save/Library/PackageCache/com.unity.test-framework@f63be82e0d2e)
    com.unity.ext.nunit@2.0.5 (location: /data/tmp/hpr_assetstore_sale/projects/sale_com_hpr_save/Library/PackageCache/com.unity.ext.nunit@ec2d0043d6fc)
    com.unity.modules.subsystems@1.0.0 (location: /data/tmp/hpr_assetstore_sale/projects/sale_com_hpr_save/Library/PackageCache/com.unity.modules.subsystems)
    com.unity.modules.hierarchycore@1.0.0 (location: /data/tmp/hpr_assetstore_sale/projects/sale_com_hpr_save/Library/PackageCache/com.unity.modules.hierarchycore)
[Subsystems] No new subsystems found in resolved package list.
[Package Manager] Done registering packages in 0.01 seconds
info: Microsoft.Hosting.Lifetime[14]
      Now listening on: http://unix:/tmp/ilpp.sock-b3bcf5d178f0911b35e618dcab3916c6
info: Microsoft.Hosting.Lifetime[0]
      Application started. Press Ctrl+C to shut down.
info: Microsoft.Hosting.Lifetime[0]
      Hosting environment: Production
info: Microsoft.Hosting.Lifetime[0]
      Content root path: /data/tmp/hpr_assetstore_sale/projects/sale_com_hpr_save
info: Microsoft.AspNetCore.Hosting.Diagnostics[1]
      Request starting HTTP/2 POST http://ilpp/UnityILPP.PostProcessing/Ping - application/grpc -
info: Microsoft.AspNetCore.Routing.EndpointMiddleware[0]
      Executing endpoint 'gRPC - /UnityILPP.PostProcessing/Ping'
info: Microsoft.AspNetCore.Routing.EndpointMiddleware[1]
      Executed endpoint 'gRPC - /UnityILPP.PostProcessing/Ping'
info: Microsoft.AspNetCore.Hosting.Diagnostics[2]
      Request finished HTTP/2 POST http://ilpp/UnityILPP.PostProcessing/Ping - 200 - application/grpc 50.4623ms
Starting: /data/apps/Unity/Hub/Editor/6000.4.0f1/Editor/Data/Tools/BuildPipeline/bee_backend --ipc --defer-dag-verification --dagfile="Library/Bee/2400b0aE.dag" --continue-on-failure --profile="Library/Bee/backend1.traceevents" ScriptAssemblies
WorkingDir: /data/tmp/hpr_assetstore_sale/projects/sale_com_hpr_save
DisplayProgressbar: Compiling Scripts
ExitCode: 0 Duration: 0s127ms
*** Tundra build success (0.09 seconds), 0 items updated, 272 evaluated
AssetDatabase: script compilation time: 0.686555s
Begin MonoManager ReloadAssembly
Assembly Assembly-CSharp-Editor-firstpass.dll at Library/ScriptAssemblies/Assembly-CSharp-Editor-firstpass.dll not valid. Loading of assembly skipped.
Assembly Assembly-CSharp-firstpass.dll at Library/ScriptAssemblies/Assembly-CSharp-firstpass.dll not valid. Loading of assembly skipped.
Assembly Assembly-CSharp.dll at Library/ScriptAssemblies/Assembly-CSharp.dll not valid. Loading of assembly skipped.
Assembly TestNewCustomAssembly.dll at Library/ScriptAssemblies/TestNewCustomAssembly.dll not valid. Loading of assembly skipped.
Assembly Unity.Multiplayer.Center.Editor.Tests.dll at Library/ScriptAssemblies/Unity.Multiplayer.Center.Editor.Tests.dll not valid. Loading of assembly skipped.
Assembly Unity.Multiplayer.Center.Tests.dll at Library/ScriptAssemblies/Unity.Multiplayer.Center.Tests.dll not valid. Loading of assembly skipped.
Assembly Unity.TextMeshPro.Editor.Tests.dll at Library/ScriptAssemblies/Unity.TextMeshPro.Editor.Tests.dll not valid. Loading of assembly skipped.
Assembly Unity.TextMeshPro.Tests.dll at Library/ScriptAssemblies/Unity.TextMeshPro.Tests.dll not valid. Loading of assembly skipped.
Assembly UnityEditor.UI.Common.Tests.dll at Library/ScriptAssemblies/UnityEditor.UI.Common.Tests.dll not valid. Loading of assembly skipped.
Assembly UnityEditor.UI.EditorTests.dll at Library/ScriptAssemblies/UnityEditor.UI.EditorTests.dll not valid. Loading of assembly skipped.
Assembly UnityEngine.UI.Tests.dll at Library/ScriptAssemblies/UnityEngine.UI.Tests.dll not valid. Loading of assembly skipped.
Native extension for LinuxStandalone target not found
ScheduleIndexationOnStartup MainProcess:True IndexOnStartup:True
Mono: successfully reloaded assembly
- Finished resetting the current domain, in  0.746 seconds
Domain Reload Profiling: 1425ms
	BeginReloadAssembly (340ms)
		DisableScriptedObjects (16ms)
		CreateAndSetChildDomain (172ms)
	RebuildCommonClasses (55ms)
	RebuildNativeTypeToScriptingClass (16ms)
	initialDomainReloadingComplete (50ms)
	LoadAllAssembliesAndSetupDomain (216ms)
		LoadAssemblies (234ms)
		AnalyzeDomain (48ms)
			TypeCache.Refresh (29ms)
				TypeCache.ScanAssembly (22ms)
			BuildScriptInfoCaches (13ms)
			ResolveRequiredComponents (4ms)
	FinalizeReload (749ms)
		SetupLoadedEditorAssemblies (0ms)
			InitializePlatformSupportModulesInManaged (35ms)
			BeforeProcessingInitializeOnLoad (231ms)
			ProcessInitializeOnLoadAttributes (124ms)
			ProcessInitializeOnLoadMethodAttributes (101ms)
			AfterProcessingInitializeOnLoad (5ms)
		AwakeInstancesAfterBackupRestoration (9ms)
(Values over 0.050ms)
Asset Pipeline Refresh (id=d77971d9310ebb7318d544ef09c524e0): Total: 2.458 seconds - Initiated by InitialRefreshV2(ForceSynchronousImport)
	Summary:
		Imports: total=0 (actual=0, local cache=0, cache server=0)
		Asset DB Process Time: managed=0 ms, native=1032 ms
		Asset DB Callback time: managed=34 ms, native=7 ms
		Scripting: domain reloads=1, domain reload time=676 ms, compile time=689 ms, other=15 ms
		Project Asset Count: scripts=265, non-scripts=138
		Asset File Changes: new=0, changed=0, moved=0, deleted=0
		Scan Filter Count: 1
	InvokePackagesCallback: 8.393ms
	ApplyChangesToAssetFolders: 0.427ms
	Scan: 156.938ms
	CategorizeScriptCompilationAssets: 10.887ms
	ProcessAssetsWithTransientArtifactChanges: 16.418ms
	CategorizeAssets: 3.434ms
	CompileScripts: 689.124ms
	ImportOutOfDateAssets: 750.921ms (750.265ms without children)
		UnloadImportedAssets: 0.314ms
		EnsureUptoDateAssetsAreRegisteredWithGuidPM: 0.100ms
		OnDemandSchedulerStart: 0.240ms
	PostProcessAllAssets: 34.302ms
		MonoPostProcessAllAssets: 34.242ms
			WindowAssetPostprocessingWatcher.OnPostprocessAllAssets 13.734ms
			SyncVS.PostprocessSyncProject 2.085ms
			SpeedTree9Postprocessor.OnPostprocessAllAssets 1.345ms
			ReferencedClipsPostProcessor.OnPostprocessAllAssets 0.510ms
			TerrainToolbarOverlayPostProcessor.OnPostprocessAllAssets 0.320ms
			AssetDatabaseCallbacks.OnPostprocessAllAssets 0.242ms
			RenderPipelineGlobalSettingsPostprocessor.OnPostprocessAllAssets 0.204ms
	UnloadStreamsBegin: 2.432ms
	GenerateScriptTypeHashes: 0.416ms
	GenerateScriptTypeSerializationHashes: 0.894ms
	Untracked: 784.232ms

Application.AssetDatabase Initial Refresh End
Scanning for USB devices : 2.677ms
Initializing Unity extensions:
UpdateMenuTitleForLanguage: 10
[MODES] ModeService[none].Initialize
[MODES] ModeService[none].LoadModes
[MODES] Loading mode Default (0) for mode-current-id-sale_com_hpr_save
Unloading 4 Unused Serialized files (Serialized files now loaded: 0)
Unloading 833 unused Assets / (1.3 MB). Loaded Objects now: 1433.
Memory consumption went from 88.7 MB to 87.4 MB.
Total: 7.523707 ms (FindLiveObjects: 0.110473 ms CreateObjectMapping: 0.063021 ms MarkObjects: 6.332510 ms  DeleteObjects: 1.016274 ms)

Asset Pipeline Refresh (id=b282c8e100416a90f83c8dccdaf2c67a): Total: 0.054 seconds - Initiated by RefreshV2(NoUpdateAssetOptions)
Starting new worker id: 0 with log in /data/tmp/hpr_assetstore_sale/projects/sale_com_hpr_save/Logs/AssetImportWorker0.log
Starting new worker id: 1 with log in /data/tmp/hpr_assetstore_sale/projects/sale_com_hpr_save/Logs/AssetImportWorker1.log
Worker ready: AssetImportWorker0 0
Worker ready: AssetImportWorker1 1
[Worker1] Start importing Assets/com.hpr.save/README.md using Guid(c9eb59d97855f7176565a1c219c35143) Importer(815301076,1909f56bfc062723c751e8b465ee728b) 
[Worker1] (PreviewImporter)
[Worker1]  -> (Import Result ID: 'cb53fdb68cb138820ac2d5bcbc61221b') in 0.027112964 seconds [static and dynamic dependencies]. Details - ImportResultOutputID=1cef15010c5dfacf2062fe772c4b74b1 DependenciesID=acd5a99292f351c6b368f88dc67272fb StaticDependenciesID=1cf2bca6e1a4bf74a590d910d5ef6f9c 
[Worker1] Start importing Assets/com.hpr.save/Runtime using Guid(ad6d3e75da9461ffc59b06f139d103ad) Importer(815301076,1909f56bfc062723c751e8b465ee728b) 
[Worker1] (PreviewImporter)
[Worker1]  -> (Import Result ID: 'af5dd6898ef63be560e4fb56b7b9cac4') in 0.00063957 seconds [static and dynamic dependencies]. Details - ImportResultOutputID=1d72872e9a93d556dd2494df4a8cd237 DependenciesID=f21f12f5479c5766f51519a694b24d37 StaticDependenciesID=61c391ddc7345a1ecc5258a2a12fa120 
[Worker1] Start importing Assets/com.hpr.save/Editor/HPR.Save.Editor.asmdef using Guid(ec4a46e0ccc5cd2b1849ac5cbaac4e52) Importer(815301076,1909f56bfc062723c751e8b465ee728b) 
[Worker1] (PreviewImporter)
[Worker1]  -> (Import Result ID: '9d7912eba4ee0767fc4370800bd103e7') in 0.000433058 seconds [static and dynamic dependencies]. Details - ImportResultOutputID=513efd83bc711f3b6768c58011769215 DependenciesID=6ca0cc30d763d77b043ea6fc71af7df8 StaticDependenciesID=dca7ab22529b50651cfda8d98e7694c3 
[Worker1] Start importing Assets/com.hpr.save/Tests/EditMode/SaveEditModeTests.cs using Guid(17d7b2817dd341739bcfaab94697b884) Importer(815301076,1909f56bfc062723c751e8b465ee728b) 
[Worker1] (PreviewImporter)
[Worker1]  -> (Import Result ID: '8d036fea36c2b08380495370753b275e') in 0.000465188 seconds [static and dynamic dependencies]. Details - ImportResultOutputID=942e9ef67dcc2eb10dfc7d2f071db140 DependenciesID=f91f6054632d5b64b5b8766c616024f9 StaticDependenciesID=995852e9470dca2f827c1e48ad88d8bf 
[Worker1] Start importing Assets/com.hpr.save/Demo/HPR.Save.Demo.asmdef using Guid(4aa988be8733cc358ba9ee7a5a9adcdf) Importer(815301076,1909f56bfc062723c751e8b465ee728b) 
[Worker1] (PreviewImporter)
[Worker1]  -> (Import Result ID: '71f0929209a520fee04d913a1301b116') in 0.000469821 seconds [static and dynamic dependencies]. Details - ImportResultOutputID=3df99848a92f02a3a1b284f0eb4aaad1 DependenciesID=599bc19adbc3db94d8decf0d9bad769d StaticDependenciesID=e5a4b16f88d6ea351fccb3798d78c693 
[Worker1] Start importing Assets/com.hpr.save/Demo/README.md using Guid(2015f325ecffa5067a696b3b5f186a32) Importer(815301076,1909f56bfc062723c751e8b465ee728b) 
[Worker1] (PreviewImporter)
[Worker1]  -> (Import Result ID: '418cfc64c72c83a89164af1238402eb9') in 0.000957656 seconds [static and dynamic dependencies]. Details - ImportResultOutputID=f2e081999738341e1f98287f1e2160e9 DependenciesID=db18d9b7d9f6ea8e6d16ee5cf7c9b574 StaticDependenciesID=fc4774a622b395da084a8bdc84d10890 
[Worker1] Start importing Assets/com.hpr.save/ThirdPartyNotices.md using Guid(529f999d0c4de071bbc8995043ef8e3b) Importer(815301076,1909f56bfc062723c751e8b465ee728b) 
[Worker1] (PreviewImporter)
[Worker1]  -> (Import Result ID: 'a52d2d7d00d0c52cae55efa4757031f7') in 0.000885079 seconds [static and dynamic dependencies]. Details - ImportResultOutputID=5c9854172aa92bdcd7aea987e8f0d0ea DependenciesID=4c82cff05015df3238470ff4b06c026e StaticDependenciesID=54a0c88d41cdf64b48bcbd58ae696437 
[Worker1] Start importing Assets/com.hpr.save using Guid(4dc3d0d65752b4fb4aaa4e5b2946dedd) Importer(815301076,1909f56bfc062723c751e8b465ee728b) 
[Worker1] (PreviewImporter)
[Worker1]  -> (Import Result ID: 'f6c4f5f77650c8418b89a8d118e217cc') in 0.000342058 seconds [static and dynamic dependencies]. Details - ImportResultOutputID=37de9dda05df847794884bb19afb0b67 DependenciesID=8a0025a77c4446e88a6340328d1059a9 StaticDependenciesID=428f148013a3069af85be93e2cfed170 
[Worker1] Start importing Assets/com.hpr.save/Demo/SaveDemoEntity.cs using Guid(2e5277c61742cf205a2350e48816c91e) Importer(815301076,1909f56bfc062723c751e8b465ee728b) 
[Worker1] (PreviewImporter)
[Worker1]  -> (Import Result ID: '6147ebd14f4ec1745120e787176a4679') in 0.000449634 seconds [static and dynamic dependencies]. Details - ImportResultOutputID=64502853156e253024b7402439434210 DependenciesID=7510a72d0cb0f42090591063726e9846 StaticDependenciesID=7c85a52f4bdfc988459be5c362539f91 
[Worker1] Start importing Assets/com.hpr.save/Runtime/HPR.Save.Runtime.asmdef using Guid(7d9c5a11bf7449d6a2ecf46516d93b23) Importer(815301076,1909f56bfc062723c751e8b465ee728b) 
[Worker1] (PreviewImporter)
[Worker1]  -> (Import Result ID: '3fa46d151edfff4b34803fbfb1eb5bd5') in 0.000472589 seconds [static and dynamic dependencies]. Details - ImportResultOutputID=add055058e60daaf65f493f2a6ab3c30 DependenciesID=37d0190ea4a269f269014ff542941410 StaticDependenciesID=332e5d5abc01d51d7497ade989ea60e6 
[Worker1] Start importing Assets/com.hpr.save/Demo using Guid(8338d6895e06bf36c851c741e3ea80f1) Importer(815301076,1909f56bfc062723c751e8b465ee728b) 
[Worker1] (PreviewImporter)
[Worker1]  -> (Import Result ID: 'e7768f3c8990ec1d96bf86a6e3267dd0') in 0.000385027 seconds [static and dynamic dependencies]. Details - ImportResultOutputID=870445c35fe45f2bd643fbdc8b3084c7 DependenciesID=82e79db7b3066ff71e66520b503b64a1 StaticDependenciesID=1a55ca2fb3b5e333274f93a6ce45ff18 
[Worker1] Start importing Assets/com.hpr.save/CHANGELOG.md using Guid(0e2979f5d45f7c4cf917a74ab3e1e8b7) Importer(815301076,1909f56bfc062723c751e8b465ee728b) 
[Worker1] (PreviewImporter)
[Worker1]  -> (Import Result ID: 'a662b36c732116d260cdfe83573c95b4') in 0.000951921 seconds [static and dynamic dependencies]. Details - ImportResultOutputID=d7bbc14029da71ea30584fe58ce594b5 DependenciesID=2bcaa9bcec30cd7e26b9ddf9c296706f StaticDependenciesID=23221654a410d2e122027b55b4915ba0 
[Worker1] Start importing Assets/com.hpr.save/Editor using Guid(c60111433356d27d9a7f8d0bb905a42b) Importer(815301076,1909f56bfc062723c751e8b465ee728b) 
[Worker1] (PreviewImporter)
[Worker1]  -> (Import Result ID: '96a9f36491f80a434cbd284e14aea322') in 0.000356096 seconds [static and dynamic dependencies]. Details - ImportResultOutputID=6d6773d43bbb6a6b20fc8b038337d0a8 DependenciesID=d0adce0759a1dc4af3cc77a490c4d973 StaticDependenciesID=0ba1ca6bf53fbc65df139b038b21f753 
[Worker1] Start importing Assets/com.hpr.save/Demo/SaveDemoController.cs using Guid(2c379bb84f94aac38a3eeab31c4601c2) Importer(815301076,1909f56bfc062723c751e8b465ee728b) 
[Worker1] (PreviewImporter)
[Worker1]  -> (Import Result ID: '7b54276b3f08840db965e6fc0836bbc7') in 0.000360217 seconds [static and dynamic dependencies]. Details - ImportResultOutputID=c21f9fb25a07920dc06ba077e2552ccd DependenciesID=38127b938cd8ecc329b6f6148ac185dc StaticDependenciesID=c84f3a1db8b400c31d6672acc3d220bb 
[Worker0] Start importing Assets/com.hpr.save/Editor/SavePackageValidator.cs using Guid(f1cf788ac18cdfcc4a418d6e8634b0e5) Importer(815301076,1909f56bfc062723c751e8b465ee728b) 
[Worker0] (PreviewImporter)
[Worker0]  -> (Import Result ID: '08a821b6b0f4ecdc33fd921445e186c1') in 0.002847507 seconds [static and dynamic dependencies]. Details - ImportResultOutputID=d876712599d60a25828600e3065276ea DependenciesID=6ec777d2c51bc450f282833e59fbcb6e StaticDependenciesID=a931aa6cec46ccf5ff23a59bc58cedc2 
[Worker0] Start importing Assets/com.hpr.save/Demo/SaveDemo.unity using Guid(d843e9afcb6ae1982a9c5abe9561f0b1) Importer(815301076,1909f56bfc062723c751e8b465ee728b) 
[Worker0] (PreviewImporter)
[Worker0]  -> (Import Result ID: 'd321eedecc1330983c4770cbb15cd1a2') in 0.000382962 seconds [static and dynamic dependencies]. Details - ImportResultOutputID=1b4c3c6236a8274541c05974d49233d7 DependenciesID=323c95cf98e315a0e4dc7570dae8d622 StaticDependenciesID=c30a77da3b53cbe86b9f940d483540dc 
[Worker0] Start importing Assets/com.hpr.save/Runtime/SaveData.cs using Guid(257bdc2af09d6c81aea911d6ce9b7187) Importer(815301076,1909f56bfc062723c751e8b465ee728b) 
[Worker0] (PreviewImporter)
[Worker0]  -> (Import Result ID: 'd8a7e782555c48b96b41e0d62bbe515c') in 0.000318221 seconds [static and dynamic dependencies]. Details - ImportResultOutputID=18c6ad10fc95fb9d177c98c662448972 DependenciesID=0df4463f506b3dc5d00d7e300bee70e5 StaticDependenciesID=f63036f958d01c0db2800e790cdeb596 
[Worker0] Start importing Assets/com.hpr.save/Tests/EditMode using Guid(67f91d15f3874af68f9388609b693b28) Importer(815301076,1909f56bfc062723c751e8b465ee728b) 
[Worker0] (PreviewImporter)
[Worker0]  -> (Import Result ID: 'f909c65fd38b60c3be5df6bc146765d3') in 0.000310049 seconds [static and dynamic dependencies]. Details - ImportResultOutputID=623cc7744994b03d63ca0ee31c080ec1 DependenciesID=b5be7f63eb61aa4e4a7119e197ded5fc StaticDependenciesID=58d539c3ef2ddf140c0939f6e6b4c1b3 
[Worker0] Start importing Assets/com.hpr.save/Tests using Guid(e5cc2a555f18450e8e77f8bdaf261ba8) Importer(815301076,1909f56bfc062723c751e8b465ee728b) 
[Worker0] (PreviewImporter)
[Worker0]  -> (Import Result ID: '64c201f35ba9c7a8676bff5b40dd3400') in 0.00031341 seconds [static and dynamic dependencies]. Details - ImportResultOutputID=e81deb2d74d694348758a0f058e12c81 DependenciesID=e7104bc686738c653edca326c1522f96 StaticDependenciesID=4418855bb79e3744a2dc4cf93fda4c18 
[Worker0] Start importing Assets/com.hpr.save/Tests/EditMode/HPR.Save.Tests.EditMode.asmdef using Guid(cda9eb6d5d3449158ae56e1166c58665) Importer(815301076,1909f56bfc062723c751e8b465ee728b) 
[Worker0] (PreviewImporter)
[Worker0]  -> (Import Result ID: '79f108f9bb9c342c11147d066211635a') in 0.000514079 seconds [static and dynamic dependencies]. Details - ImportResultOutputID=c851b0a2161ccd2058193b67338fc94d DependenciesID=bce4e19ad11805cc439d07a960f46023 StaticDependenciesID=e33508c93aa2ec1e80bdea529f27a6f0 
[Worker0] Start importing Assets/com.hpr.save/Runtime/SaveInterfaces.cs using Guid(34db91cbc2cf06446e4a437155478c56) Importer(815301076,1909f56bfc062723c751e8b465ee728b) 
[Worker0] (PreviewImporter)
[Worker0]  -> (Import Result ID: 'f9f5e827580999d00ba161209a690a34') in 0.000771018 seconds [static and dynamic dependencies]. Details - ImportResultOutputID=7f31d94265266dda38dc01bb205f03c3 DependenciesID=abf0105818e36973f9bcd8f7f314fddd StaticDependenciesID=d2cee53f5b6b75d1d03e8c0d7677c415 
[Worker0] Start importing Assets/com.hpr.save/Editor/SaveDemoSceneBuilder.cs using Guid(d085d8e0c2f57ee5da2ac1fc7b89eacc) Importer(815301076,1909f56bfc062723c751e8b465ee728b) 
[Worker0] (PreviewImporter)
[Worker0]  -> (Import Result ID: '60a4350e3977652e7d4ce4e11d977d2d') in 0.000474116 seconds [static and dynamic dependencies]. Details - ImportResultOutputID=4eb543f91eee7f2aa4c2a9accbe8c5ce DependenciesID=40815dd47591115015b1e42c45f5b3cc StaticDependenciesID=b0f5ea0c89340b910b51cb6bf849228e 
[Worker0] Start importing Assets/com.hpr.save/package.json using Guid(e5897e8df9c908ea2ee8b0ff10cd7cda) Importer(815301076,1909f56bfc062723c751e8b465ee728b) 
[Worker0] (PreviewImporter)
[Worker0]  -> (Import Result ID: 'cff057e18eb56f64a44a45dba0bca57c') in 0.029445108 seconds [static and dynamic dependencies]. Details - ImportResultOutputID=99b63646a7979952b78fb981b42cd2a5 DependenciesID=84f256dff7b4d60fcc763fef0e12de54 StaticDependenciesID=2d670515c3cea7cd8aaf0225551337a1 
[Worker0] Start importing Assets/com.hpr.save/LICENSE.md using Guid(2bb2bf9c9b7a46be587fb3dc90dff29c) Importer(815301076,1909f56bfc062723c751e8b465ee728b) 
[Worker0] (PreviewImporter)
[Worker0]  -> (Import Result ID: 'cdbf523b7fee4a32b8878e35e38666d1') in 0.000740278 seconds [static and dynamic dependencies]. Details - ImportResultOutputID=5a5f7428bbfe3a24b2a616beea27f899 DependenciesID=c98ff6e9fbd1bd2a0dd77d9eb53c1f53 StaticDependenciesID=b908ff033982aca963efdfbcf6a08a2a 
Exported package: /data/tmp/hpr_assetstore_sale/artifacts/com.hpr.save/com.hpr.save.unitypackage
Export size: 10915 bytes
[Physics::Module] Cleanup current backend.
[Physics::Module] Id: 0xf2b8ea05
Input System module state changed to: ShutdownInProgress.
Input Polling Thread exited.
Input System module state changed to: Shutdown.
[Licensing::IpcConnector] LicenseClient-hans-notifications channel disconnected successfully.
[Licensing::IpcConnector] LicenseClient-hans channel disconnected successfully.
AcceleratorClientConnectionCallback - disconnected - :0
info: Microsoft.Hosting.Lifetime[0]
      Application is shutting down...
Cleanup mono
CodeReloadManager destroyed
debugger-agent: Unable to listen on 39
Checking for leaked weakptr:
  Found no leaked weakptrs.
[Package Manager] Server process was shutdown
##utp:{"type":"MemoryLeaks","version":2,"phase":"Immediate","time":1775027265546,"processId":432499,"allocatedMemory":8012929,"memoryLabels":[{"Default":175496},{"Permanent":16000},{"Thread":1084656},{"Manager":24349},{"VertexData":8},{"Geometry":408},{"Texture":24},{"Shader":842635},{"Material":24},{"GfxDevice":36088},{"Animation":456},{"Audio":3008},{"FreeType":8},{"FontEngine":736},{"Physics":2090},{"Physics2D":16},{"Serialization":536},{"Input":27232},{"JobScheduler":33024},{"TextLib":216},{"Mono":32},{"ScriptingNativeRuntime":155088},{"BaseObject":1622976},{"Resource":1008},{"Renderer":3000},{"Transform":4717},{"File":828},{"WebCam":80},{"Culling":32},{"Terrain":11298},{"Wind":24},{"String":16589},{"StaticString":7050},{"Utility":2672848},{"Curl":2511},{"PoolAlloc":1864},{"AI":80},{"TypeTree":5341},{"ScriptManager":448},{"RuntimeInitializeOnLoadManager":64},{"SpriteAtlas":120},{"GI":7384},{"Director":8288},{"CloudService":7936},{"WebRequest":845},{"VR":47810},{"SceneManager":536},{"Video":64},{"LazyScriptCache":32},{"Camera":17},{"Secure":12185},{"SerializationCache":1576},{"APIUpdating":10320},{"Subsystems":336},{"VirtualTexturing":57552},{"StaticSafetyDebugInfo":278528},{"Analytics":464},{"Hierarchy":1416},{"CoreStats":13032},{"Identifiers":12960},{"Gui":160},{"EditorUtility":73008},{"VersionControl":4},{"Undo":963},{"AssetDatabase":670755},{"EditorGi":328},{"UnityConnect":37761},{"Upm":1752},{"AssetCompliance":64},{"DrivenProperties":72},{"LocalIPC":147},{"ProfilerEditor":9746},{"CoreBusinessMetrics":2344},{"Windowing":480},{"Licensing":1096},{"AssetReference":32},{"IPCStream":32}]}
