Unity Editor version:    6000.4.0f1 (8cf496087c8f)
Branch:                  6000.4/staging
Build type:              Release
Batch mode:              YES
System name:             Linux
Distro version:          #202511241048~1764607909~24.04~df6b2b6 SMP PREEMPT_DYNAMIC Mon D
Kernel version:          6.17.9-76061709-generic
Architecture:            x86_64
Available memory:        64131 MB
Date:                    2026-04-01T08:46:36Z
[Licensing::Module] Trying to connect to existing licensing client channel...
Initialize udev device monitor.
[Licensing::IpcConnector] Channel LicenseClient-hans doesn't exist
[Licensing::Module] Successfully launched the LicensingClient (PId: 602643)

COMMAND LINE ARGUMENTS:
/data/apps/Unity/Hub/Editor/6000.4.0f1/Editor/Unity
-batchmode
-nographics
-quit
-projectPath
/data/tmp/hpr_assetstore_sale/projects/sale_com_hpr_composition
-logFile
/data/src/github/games/doc/logs/package_sale_prep/20260401_104418_com_hpr_composition_refresh.log
Successfully changed project path to: /data/tmp/hpr_assetstore_sale/projects/sale_com_hpr_composition
/data/tmp/hpr_assetstore_sale/projects/sale_com_hpr_composition
[UnityMemory] Configuration Parameters - Can be set up in boot.config
    "memorysetup-temp-allocator-size-gi-baking-worker=262144"
    "memorysetup-temp-allocator-size-gi-baking-worker=262144"
    "memorysetup-temp-allocator-size-gi-baking-worker=262144"
    "memorysetup-temp-allocator-size-gi-baking-worker=262144"
    "memorysetup-temp-allocator-size-gi-baking-worker=262144"
    "memorysetup-temp-allocator-size-nav-mesh-worker=65536"
    "memorysetup-temp-allocator-size-audio-worker=65536"
    "memorysetup-temp-allocator-size-cloud-worker=32768"
    "memorysetup-allocator-temp-initial-block-size-main=262144"
    "memorysetup-allocator-temp-initial-block-size-worker=262144"
    "memorysetup-temp-allocator-size-background-worker=32768"
    "memorysetup-temp-allocator-size-job-worker=262144"
    "memorysetup-temp-allocator-size-preload-manager=33554432"
    "memorysetup-temp-allocator-size-gfx=262144"
    "memorysetup-bucket-allocator-granularity=16"
    "memorysetup-bucket-allocator-bucket-count=8"
    "memorysetup-bucket-allocator-block-size=33554432"
    "memorysetup-bucket-allocator-block-count=8"
    "memorysetup-main-allocator-block-size=16777216"
    "memorysetup-thread-allocator-block-size=16777216"
    "memorysetup-gfx-main-allocator-block-size=16777216"
    "memorysetup-gfx-thread-allocator-block-size=16777216"
    "memorysetup-cache-allocator-block-size=4194304"
    "memorysetup-typetree-allocator-block-size=2097152"
    "memorysetup-profiler-bucket-allocator-granularity=16"
    "memorysetup-profiler-bucket-allocator-bucket-count=8"
    "memorysetup-profiler-bucket-allocator-block-size=33554432"
    "memorysetup-profiler-bucket-allocator-block-count=8"
    "memorysetup-profiler-allocator-block-size=16777216"
    "memorysetup-profiler-editor-allocator-block-size=1048576"
    "memorysetup-temp-allocator-size-main=16777216"
    "memorysetup-job-temp-allocator-block-size=2097152"
    "memorysetup-job-temp-allocator-block-size-background=1048576"
    "memorysetup-job-temp-allocator-reduction-small-platforms=262144"
Player connection [131127078665024]  Target information:

Player connection [131127078665024]  * "[IP] 192.168.0.132 [Port] 55504 [Flags] 2 [Guid] 3266175958 [EditorId] 3266175958 [Version] 1048832 [Id] LinuxEditor(16,192.168.0.132) [Debug] 1 [PackageName] LinuxEditor [ProjectName] Editor" 

Player connection [131127078665024]  * "[IP] 172.17.0.1 [Port] 55504 [Flags] 2 [Guid] 3266175958 [EditorId] 3266175958 [Version] 1048832 [Id] LinuxEditor(16,192.168.0.132) [Debug] 1 [PackageName] LinuxEditor [ProjectName] Editor" 

Player connection [131127078665024]  * "[IP] 10.8.0.2 [Port] 55504 [Flags] 2 [Guid] 3266175958 [EditorId] 3266175958 [Version] 1048832 [Id] LinuxEditor(16,192.168.0.132) [Debug] 1 [PackageName] LinuxEditor [ProjectName] Editor" 

Player connection [131127078665024] Host joined multi-casting on [225.0.0.222:54997]...
Player connection [131127078665024] Host joined alternative multi-casting on [225.0.0.222:34997]...
Input System module state changed to: Initialized.
[Physics::Module] Initialized fallback backend.
[Physics::Module] Id: 0xdecafbad
[Licensing::IpcConnector] Successfully connected to: "LicenseClient-hans" at "2026-04-01T08:46:36.646541Z"
[SignatureVerifier] Application signature verification not supported on this platform.
[Package Manager] Connected to IPC stream "Upm-602632" after 0.4 seconds.
[Licensing::Module] Licensing is not yet initialized.
[Licensing::Client] Handshaking with LicensingClient:
  Version:                 1.18.1+9fbee8e
  Session Id:              7c1302ef23564eab8a673e0cdddae06d
  Correlation Id:          2e40445bc548febb84779a38c5ba1e79
  External correlation Id: 8309040377891428908
  Machine Id:              l9JneE/oSM2w6bwb29/I//rgSro=
[Licensing::Module] Successfully connected to LicensingClient on channel: "LicenseClient-hans" (connect: 0.38s, validation: 0.11s, handshake: 0.00s)
[Licensing::IpcConnector] Successfully connected to: "LicenseClient-hans-notifications" at "2026-04-01T08:46:36.751711Z"
[Licensing::Module] Connected to LicensingClient (PId: 602643, launch time: 0.00, total connection time: 0.48s)
[Licensing::Module] Error: Access token is unavailable; failed to update
[Licensing::Client] Successfully resolved entitlement details
[Licensing::Module] License group:
  Id: 9072370782505-UnityPersXXXX
  Product: Unity Personal
  Type: Assigned
  Expiration: Unlimited
[Licensing::Client] Successfully updated license, isAsync: True, time: 0.02
[Licensing::Client] Successfully resolved entitlement details
[Licensing::Module] Licensing Background thread has ended after 0.60s
[Licensing::Module] Licensing is initialized (took 0.15s).
[Licensing::Client] Successfully resolved entitlement details
Library Redirect Path: Library/
FMOD failed to initialize the output device.: "Error initializing output device. " (60)
Forced to initialize FMOD to to the device driver's system output rate 48000, this may impact performance and/or give inconsistent experiences compared to selected sample rate 48000
FMOD failed to initialize the output device.: "Error initializing output device. " (60)
FMOD initialized on nosound output
[Physics::Module] Selected backend.
[Physics::Module] Name: PhysX
[Physics::Module] Id: 0xf2b8ea05
[Physics::Module] SDK Version: 4.1.2
[Physics::Module] Integration Version: 1.0.0
[Physics::Module] Threading Mode: Multi-Threaded
Initialize engine version: 6000.4.0f1 (8cf496087c8f)
[Subsystems] Discovering subsystems at path /data/apps/Unity/Hub/Editor/6000.4.0f1/Editor/Data/Resources/UnitySubsystems
[Subsystems] Discovering subsystems at path /data/tmp/hpr_assetstore_sale/projects/sale_com_hpr_composition/Assets
Forcing GfxDevice: Null
GfxDevice: creating device client; kGfxThreadingModeNonThreaded
NullGfxDevice:
    Version:  NULL 1.0 [1.0]
    Renderer: Null Device
    Vendor:   Unity Technologies
Initialize mono
Mono path[0] = '/data/apps/Unity/Hub/Editor/6000.4.0f1/Editor/Data/Managed'
Mono path[1] = '/data/apps/Unity/Hub/Editor/6000.4.0f1/Editor/Data/MonoBleedingEdge/lib/mono/unityjit-linux'
Mono config path = '/data/apps/Unity/Hub/Editor/6000.4.0f1/Editor/Data/MonoBleedingEdge/etc'
Using monoOptions --debugger-agent=transport=dt_socket,embedding=1,server=y,suspend=n,address=127.0.0.1:56632
CodeReloadManager initialized
Using cacheserver namespaces - metadata:defaultmetadata, artifacts:defaultartifacts
Using cacheserver namespaces - metadata:defaultmetadata, artifacts:defaultartifacts
ImportWorker Server TCP listen port: 0
AcceleratorClientConnectionCallback - disconnected - :0
Begin MonoManager ReloadAssembly
Registering precompiled unity dll's ...
Register platform support module: /data/apps/Unity/Hub/Editor/6000.4.0f1/Editor/Data/PlaybackEngines/LinuxStandaloneSupport/UnityEditor.LinuxStandalone.Extensions.dll
Registered in 0.002169 seconds.
Native extension for LinuxStandalone target not found
Package Manager log level set to [2]
[Licensing::Client] Successfully resolved entitlement details
ScheduleIndexationOnStartup MainProcess:False IndexOnStartup:False
Mono: successfully reloaded assembly
- Finished resetting the current domain, in  1.154 seconds
Domain Reload Profiling: 1794ms
	BeginReloadAssembly (135ms)
		CreateAndSetChildDomain (22ms)
	RebuildCommonClasses (71ms)
	RebuildNativeTypeToScriptingClass (23ms)
	initialDomainReloadingComplete (110ms)
	LoadAllAssembliesAndSetupDomain (298ms)
		LoadAssemblies (113ms)
		AnalyzeDomain (285ms)
			TypeCache.Refresh (283ms)
				TypeCache.ScanAssembly (264ms)
	FinalizeReload (1156ms)
		SetupLoadedEditorAssemblies (0ms)
			InitializePlatformSupportModulesInManaged (66ms)
			BeforeProcessingInitializeOnLoad (140ms)
			ProcessInitializeOnLoadAttributes (166ms)
			ProcessInitializeOnLoadMethodAttributes (684ms)
[Licensing::Client] Successfully resolved entitlement details
Application.AssetDatabase Initial Refresh Start
[Package Manager] Restoring resolved packages state from cache
[Licensing::Client] Successfully resolved entitlement details
[Package Manager] Registered 41 packages:
  Built-in packages:
    com.unity.multiplayer.center@1.0.1 (location: /data/tmp/hpr_assetstore_sale/projects/sale_com_hpr_composition/Library/PackageCache/com.unity.multiplayer.center@53ad5a5c2bfb)
    com.unity.modules.accessibility@1.0.0 (location: /data/tmp/hpr_assetstore_sale/projects/sale_com_hpr_composition/Library/PackageCache/com.unity.modules.accessibility)
    com.unity.modules.adaptiveperformance@1.0.0 (location: /data/tmp/hpr_assetstore_sale/projects/sale_com_hpr_composition/Library/PackageCache/com.unity.modules.adaptiveperformance)
    com.unity.modules.ai@1.0.0 (location: /data/tmp/hpr_assetstore_sale/projects/sale_com_hpr_composition/Library/PackageCache/com.unity.modules.ai)
    com.unity.modules.androidjni@1.0.0 (location: /data/tmp/hpr_assetstore_sale/projects/sale_com_hpr_composition/Library/PackageCache/com.unity.modules.androidjni)
    com.unity.modules.animation@1.0.0 (location: /data/tmp/hpr_assetstore_sale/projects/sale_com_hpr_composition/Library/PackageCache/com.unity.modules.animation)
    com.unity.modules.assetbundle@1.0.0 (location: /data/tmp/hpr_assetstore_sale/projects/sale_com_hpr_composition/Library/PackageCache/com.unity.modules.assetbundle)
    com.unity.modules.audio@1.0.0 (location: /data/tmp/hpr_assetstore_sale/projects/sale_com_hpr_composition/Library/PackageCache/com.unity.modules.audio)
    com.unity.modules.cloth@1.0.0 (location: /data/tmp/hpr_assetstore_sale/projects/sale_com_hpr_composition/Library/PackageCache/com.unity.modules.cloth)
    com.unity.modules.director@1.0.0 (location: /data/tmp/hpr_assetstore_sale/projects/sale_com_hpr_composition/Library/PackageCache/com.unity.modules.director)
    com.unity.modules.imageconversion@1.0.0 (location: /data/tmp/hpr_assetstore_sale/projects/sale_com_hpr_composition/Library/PackageCache/com.unity.modules.imageconversion)
    com.unity.modules.imgui@1.0.0 (location: /data/tmp/hpr_assetstore_sale/projects/sale_com_hpr_composition/Library/PackageCache/com.unity.modules.imgui)
    com.unity.modules.jsonserialize@1.0.0 (location: /data/tmp/hpr_assetstore_sale/projects/sale_com_hpr_composition/Library/PackageCache/com.unity.modules.jsonserialize)
    com.unity.modules.particlesystem@1.0.0 (location: /data/tmp/hpr_assetstore_sale/projects/sale_com_hpr_composition/Library/PackageCache/com.unity.modules.particlesystem)
    com.unity.modules.physics@1.0.0 (location: /data/tmp/hpr_assetstore_sale/projects/sale_com_hpr_composition/Library/PackageCache/com.unity.modules.physics)
    com.unity.modules.physics2d@1.0.0 (location: /data/tmp/hpr_assetstore_sale/projects/sale_com_hpr_composition/Library/PackageCache/com.unity.modules.physics2d)
    com.unity.modules.screencapture@1.0.0 (location: /data/tmp/hpr_assetstore_sale/projects/sale_com_hpr_composition/Library/PackageCache/com.unity.modules.screencapture)
    com.unity.modules.terrain@1.0.0 (location: /data/tmp/hpr_assetstore_sale/projects/sale_com_hpr_composition/Library/PackageCache/com.unity.modules.terrain)
    com.unity.modules.terrainphysics@1.0.0 (location: /data/tmp/hpr_assetstore_sale/projects/sale_com_hpr_composition/Library/PackageCache/com.unity.modules.terrainphysics)
    com.unity.modules.tilemap@1.0.0 (location: /data/tmp/hpr_assetstore_sale/projects/sale_com_hpr_composition/Library/PackageCache/com.unity.modules.tilemap)
    com.unity.modules.ui@1.0.0 (location: /data/tmp/hpr_assetstore_sale/projects/sale_com_hpr_composition/Library/PackageCache/com.unity.modules.ui)
    com.unity.modules.uielements@1.0.0 (location: /data/tmp/hpr_assetstore_sale/projects/sale_com_hpr_composition/Library/PackageCache/com.unity.modules.uielements)
    com.unity.modules.umbra@1.0.0 (location: /data/tmp/hpr_assetstore_sale/projects/sale_com_hpr_composition/Library/PackageCache/com.unity.modules.umbra)
    com.unity.modules.unityanalytics@1.0.0 (location: /data/tmp/hpr_assetstore_sale/projects/sale_com_hpr_composition/Library/PackageCache/com.unity.modules.unityanalytics)
    com.unity.modules.unitywebrequest@1.0.0 (location: /data/tmp/hpr_assetstore_sale/projects/sale_com_hpr_composition/Library/PackageCache/com.unity.modules.unitywebrequest)
    com.unity.modules.unitywebrequestassetbundle@1.0.0 (location: /data/tmp/hpr_assetstore_sale/projects/sale_com_hpr_composition/Library/PackageCache/com.unity.modules.unitywebrequestassetbundle)
    com.unity.modules.unitywebrequestaudio@1.0.0 (location: /data/tmp/hpr_assetstore_sale/projects/sale_com_hpr_composition/Library/PackageCache/com.unity.modules.unitywebrequestaudio)
    com.unity.modules.unitywebrequesttexture@1.0.0 (location: /data/tmp/hpr_assetstore_sale/projects/sale_com_hpr_composition/Library/PackageCache/com.unity.modules.unitywebrequesttexture)
    com.unity.modules.unitywebrequestwww@1.0.0 (location: /data/tmp/hpr_assetstore_sale/projects/sale_com_hpr_composition/Library/PackageCache/com.unity.modules.unitywebrequestwww)
    com.unity.modules.vectorgraphics@1.0.0 (location: /data/tmp/hpr_assetstore_sale/projects/sale_com_hpr_composition/Library/PackageCache/com.unity.modules.vectorgraphics)
    com.unity.modules.vehicles@1.0.0 (location: /data/tmp/hpr_assetstore_sale/projects/sale_com_hpr_composition/Library/PackageCache/com.unity.modules.vehicles)
    com.unity.modules.video@1.0.0 (location: /data/tmp/hpr_assetstore_sale/projects/sale_com_hpr_composition/Library/PackageCache/com.unity.modules.video)
    com.unity.modules.vr@1.0.0 (location: /data/tmp/hpr_assetstore_sale/projects/sale_com_hpr_composition/Library/PackageCache/com.unity.modules.vr)
    com.unity.modules.wind@1.0.0 (location: /data/tmp/hpr_assetstore_sale/projects/sale_com_hpr_composition/Library/PackageCache/com.unity.modules.wind)
    com.unity.modules.xr@1.0.0 (location: /data/tmp/hpr_assetstore_sale/projects/sale_com_hpr_composition/Library/PackageCache/com.unity.modules.xr)
    com.unity.ugui@2.0.0 (location: /data/tmp/hpr_assetstore_sale/projects/sale_com_hpr_composition/Library/PackageCache/com.unity.ugui@288051c775ab)
    com.unity.test-framework@1.6.0 (location: /data/tmp/hpr_assetstore_sale/projects/sale_com_hpr_composition/Library/PackageCache/com.unity.test-framework@f63be82e0d2e)
    com.unity.ext.nunit@2.0.5 (location: /data/tmp/hpr_assetstore_sale/projects/sale_com_hpr_composition/Library/PackageCache/com.unity.ext.nunit@ec2d0043d6fc)
    com.unity.modules.subsystems@1.0.0 (location: /data/tmp/hpr_assetstore_sale/projects/sale_com_hpr_composition/Library/PackageCache/com.unity.modules.subsystems)
    com.unity.modules.hierarchycore@1.0.0 (location: /data/tmp/hpr_assetstore_sale/projects/sale_com_hpr_composition/Library/PackageCache/com.unity.modules.hierarchycore)
  Embedded packages:
    com.hpr.composition@file:/data/tmp/hpr_assetstore_sale/projects/sale_com_hpr_composition/Packages/com.hpr.composition (location: /data/tmp/hpr_assetstore_sale/projects/sale_com_hpr_composition/Packages/com.hpr.composition)
[Subsystems] No new subsystems found in resolved package list.
[Package Manager] Done registering packages in 0.01 seconds
[Package Manager] Done resolving packages in 0.17 seconds
[Licensing::Client] Successfully resolved entitlement details
[Package Manager] Lock file was modified
[Package Manager] Registered 40 packages:
  Built-in packages:
    com.unity.multiplayer.center@1.0.1 (location: /data/tmp/hpr_assetstore_sale/projects/sale_com_hpr_composition/Library/PackageCache/com.unity.multiplayer.center@53ad5a5c2bfb)
    com.unity.modules.accessibility@1.0.0 (location: /data/tmp/hpr_assetstore_sale/projects/sale_com_hpr_composition/Library/PackageCache/com.unity.modules.accessibility)
    com.unity.modules.adaptiveperformance@1.0.0 (location: /data/tmp/hpr_assetstore_sale/projects/sale_com_hpr_composition/Library/PackageCache/com.unity.modules.adaptiveperformance)
    com.unity.modules.ai@1.0.0 (location: /data/tmp/hpr_assetstore_sale/projects/sale_com_hpr_composition/Library/PackageCache/com.unity.modules.ai)
    com.unity.modules.androidjni@1.0.0 (location: /data/tmp/hpr_assetstore_sale/projects/sale_com_hpr_composition/Library/PackageCache/com.unity.modules.androidjni)
    com.unity.modules.animation@1.0.0 (location: /data/tmp/hpr_assetstore_sale/projects/sale_com_hpr_composition/Library/PackageCache/com.unity.modules.animation)
    com.unity.modules.assetbundle@1.0.0 (location: /data/tmp/hpr_assetstore_sale/projects/sale_com_hpr_composition/Library/PackageCache/com.unity.modules.assetbundle)
    com.unity.modules.audio@1.0.0 (location: /data/tmp/hpr_assetstore_sale/projects/sale_com_hpr_composition/Library/PackageCache/com.unity.modules.audio)
    com.unity.modules.cloth@1.0.0 (location: /data/tmp/hpr_assetstore_sale/projects/sale_com_hpr_composition/Library/PackageCache/com.unity.modules.cloth)
    com.unity.modules.director@1.0.0 (location: /data/tmp/hpr_assetstore_sale/projects/sale_com_hpr_composition/Library/PackageCache/com.unity.modules.director)
    com.unity.modules.imageconversion@1.0.0 (location: /data/tmp/hpr_assetstore_sale/projects/sale_com_hpr_composition/Library/PackageCache/com.unity.modules.imageconversion)
    com.unity.modules.imgui@1.0.0 (location: /data/tmp/hpr_assetstore_sale/projects/sale_com_hpr_composition/Library/PackageCache/com.unity.modules.imgui)
    com.unity.modules.jsonserialize@1.0.0 (location: /data/tmp/hpr_assetstore_sale/projects/sale_com_hpr_composition/Library/PackageCache/com.unity.modules.jsonserialize)
    com.unity.modules.particlesystem@1.0.0 (location: /data/tmp/hpr_assetstore_sale/projects/sale_com_hpr_composition/Library/PackageCache/com.unity.modules.particlesystem)
    com.unity.modules.physics@1.0.0 (location: /data/tmp/hpr_assetstore_sale/projects/sale_com_hpr_composition/Library/PackageCache/com.unity.modules.physics)
    com.unity.modules.physics2d@1.0.0 (location: /data/tmp/hpr_assetstore_sale/projects/sale_com_hpr_composition/Library/PackageCache/com.unity.modules.physics2d)
    com.unity.modules.screencapture@1.0.0 (location: /data/tmp/hpr_assetstore_sale/projects/sale_com_hpr_composition/Library/PackageCache/com.unity.modules.screencapture)
    com.unity.modules.terrain@1.0.0 (location: /data/tmp/hpr_assetstore_sale/projects/sale_com_hpr_composition/Library/PackageCache/com.unity.modules.terrain)
    com.unity.modules.terrainphysics@1.0.0 (location: /data/tmp/hpr_assetstore_sale/projects/sale_com_hpr_composition/Library/PackageCache/com.unity.modules.terrainphysics)
    com.unity.modules.tilemap@1.0.0 (location: /data/tmp/hpr_assetstore_sale/projects/sale_com_hpr_composition/Library/PackageCache/com.unity.modules.tilemap)
    com.unity.modules.ui@1.0.0 (location: /data/tmp/hpr_assetstore_sale/projects/sale_com_hpr_composition/Library/PackageCache/com.unity.modules.ui)
    com.unity.modules.uielements@1.0.0 (location: /data/tmp/hpr_assetstore_sale/projects/sale_com_hpr_composition/Library/PackageCache/com.unity.modules.uielements)
    com.unity.modules.umbra@1.0.0 (location: /data/tmp/hpr_assetstore_sale/projects/sale_com_hpr_composition/Library/PackageCache/com.unity.modules.umbra)
    com.unity.modules.unityanalytics@1.0.0 (location: /data/tmp/hpr_assetstore_sale/projects/sale_com_hpr_composition/Library/PackageCache/com.unity.modules.unityanalytics)
    com.unity.modules.unitywebrequest@1.0.0 (location: /data/tmp/hpr_assetstore_sale/projects/sale_com_hpr_composition/Library/PackageCache/com.unity.modules.unitywebrequest)
    com.unity.modules.unitywebrequestassetbundle@1.0.0 (location: /data/tmp/hpr_assetstore_sale/projects/sale_com_hpr_composition/Library/PackageCache/com.unity.modules.unitywebrequestassetbundle)
    com.unity.modules.unitywebrequestaudio@1.0.0 (location: /data/tmp/hpr_assetstore_sale/projects/sale_com_hpr_composition/Library/PackageCache/com.unity.modules.unitywebrequestaudio)
    com.unity.modules.unitywebrequesttexture@1.0.0 (location: /data/tmp/hpr_assetstore_sale/projects/sale_com_hpr_composition/Library/PackageCache/com.unity.modules.unitywebrequesttexture)
    com.unity.modules.unitywebrequestwww@1.0.0 (location: /data/tmp/hpr_assetstore_sale/projects/sale_com_hpr_composition/Library/PackageCache/com.unity.modules.unitywebrequestwww)
    com.unity.modules.vectorgraphics@1.0.0 (location: /data/tmp/hpr_assetstore_sale/projects/sale_com_hpr_composition/Library/PackageCache/com.unity.modules.vectorgraphics)
    com.unity.modules.vehicles@1.0.0 (location: /data/tmp/hpr_assetstore_sale/projects/sale_com_hpr_composition/Library/PackageCache/com.unity.modules.vehicles)
    com.unity.modules.video@1.0.0 (location: /data/tmp/hpr_assetstore_sale/projects/sale_com_hpr_composition/Library/PackageCache/com.unity.modules.video)
    com.unity.modules.vr@1.0.0 (location: /data/tmp/hpr_assetstore_sale/projects/sale_com_hpr_composition/Library/PackageCache/com.unity.modules.vr)
    com.unity.modules.wind@1.0.0 (location: /data/tmp/hpr_assetstore_sale/projects/sale_com_hpr_composition/Library/PackageCache/com.unity.modules.wind)
    com.unity.modules.xr@1.0.0 (location: /data/tmp/hpr_assetstore_sale/projects/sale_com_hpr_composition/Library/PackageCache/com.unity.modules.xr)
    com.unity.ugui@2.0.0 (location: /data/tmp/hpr_assetstore_sale/projects/sale_com_hpr_composition/Library/PackageCache/com.unity.ugui@288051c775ab)
    com.unity.test-framework@1.6.0 (location: /data/tmp/hpr_assetstore_sale/projects/sale_com_hpr_composition/Library/PackageCache/com.unity.test-framework@f63be82e0d2e)
    com.unity.ext.nunit@2.0.5 (location: /data/tmp/hpr_assetstore_sale/projects/sale_com_hpr_composition/Library/PackageCache/com.unity.ext.nunit@ec2d0043d6fc)
    com.unity.modules.subsystems@1.0.0 (location: /data/tmp/hpr_assetstore_sale/projects/sale_com_hpr_composition/Library/PackageCache/com.unity.modules.subsystems)
    com.unity.modules.hierarchycore@1.0.0 (location: /data/tmp/hpr_assetstore_sale/projects/sale_com_hpr_composition/Library/PackageCache/com.unity.modules.hierarchycore)
[Subsystems] No new subsystems found in resolved package list.
[Package Manager] Done registering packages in 0.00 seconds
[ScriptCompilation] Requested script compilation because: Assembly Definition File(s) changed
[ScriptCompilation] Requested script compilation because: AssetDatabase observed changes in script compilation related files
info: Microsoft.Hosting.Lifetime[14]
      Now listening on: http://unix:/tmp/ilpp.sock-bf7ec27b4dce4e10bfcfa7924ca0daa0
info: Microsoft.Hosting.Lifetime[0]
      Application started. Press Ctrl+C to shut down.
info: Microsoft.Hosting.Lifetime[0]
      Hosting environment: Production
info: Microsoft.Hosting.Lifetime[0]
      Content root path: /data/tmp/hpr_assetstore_sale/projects/sale_com_hpr_composition
info: Microsoft.AspNetCore.Hosting.Diagnostics[1]
      Request starting HTTP/2 POST http://ilpp/UnityILPP.PostProcessing/Ping - application/grpc -
info: Microsoft.AspNetCore.Routing.EndpointMiddleware[0]
      Executing endpoint 'gRPC - /UnityILPP.PostProcessing/Ping'
info: Microsoft.AspNetCore.Routing.EndpointMiddleware[1]
      Executed endpoint 'gRPC - /UnityILPP.PostProcessing/Ping'
info: Microsoft.AspNetCore.Hosting.Diagnostics[2]
      Request finished HTTP/2 POST http://ilpp/UnityILPP.PostProcessing/Ping - 200 - application/grpc 48.5666ms
Starting: /data/apps/Unity/Hub/Editor/6000.4.0f1/Editor/Data/Tools/BuildPipeline/bee_backend --ipc --defer-dag-verification --dagfile="Library/Bee/2400b0aE.dag" --continue-on-failure --profile="Library/Bee/backend1.traceevents" ScriptAssemblies
WorkingDir: /data/tmp/hpr_assetstore_sale/projects/sale_com_hpr_composition
DisplayProgressbar: Compiling Scripts
Starting: /data/apps/Unity/Hub/Editor/6000.4.0f1/Editor/Data/netcorerun/netcorerun "/data/apps/Unity/Hub/Editor/6000.4.0f1/Editor/Data/Tools/BuildPipeline/ScriptCompilationBuildProgram.exe" "Library/Bee/2400b0aE.dag.json" "Library/Bee/2400b0aE-inputdata.json" "Library/Bee/buildprogram0.traceevents"
WorkingDir: /data/tmp/hpr_assetstore_sale/projects/sale_com_hpr_composition
ExitCode: 4 Duration: 1s491ms
[           0s] Csc Library/Bee/artifacts/2400b0aE.dag/HPR.Composition.Runtime.dll (+2 others) [CacheMiss 28c392df8866a257c94de6f56937784b00000000000000000000000000000006]
Rebuilding DAG because FileSignature timestamp changed: Library/Bee/2400b0aE-inputdata.json
*** Tundra requires additional run (1.36 seconds), 1 items updated, 256 evaluated
ExitCode: 0 Duration: 0s702ms
Starting: /data/apps/Unity/Hub/Editor/6000.4.0f1/Editor/Data/Tools/BuildPipeline/bee_backend --ipc --defer-dag-verification --dagfile="Library/Bee/2400b0aE.dag" --continue-on-failure --dagfilejson="Library/Bee/2400b0aE.dag.json" --profile="Library/Bee/backend2.traceevents" ScriptAssemblies
WorkingDir: /data/tmp/hpr_assetstore_sale/projects/sale_com_hpr_composition
ExitCode: 0 Duration: 2s944ms
Finished compiling graph: 275 nodes, 2950 flattened edges (2760 ToBuild, 30 ToUse), maximum node priority 139
[186/272    0s] WriteText Library/Bee/artifacts/2400b0aE.dag/HPR.Composition.Runtime.rsp2
[189/272    0s] WriteText Library/Bee/artifacts/2400b0aE.dag/HPR.Composition.Editor.rsp2
[193/272    0s] WriteText Library/Bee/artifacts/2400b0aE.dag/HPR.Composition.Tests.EditMode.rsp2
[197/272    0s] WriteText Library/Bee/artifacts/2400b0aE.dag/HPR.Composition.Demo.rsp
[198/272    0s] WriteText Library/Bee/artifacts/2400b0aE.dag/HPR.Composition.Editor.rsp
[200/272    0s] WriteText Library/Bee/artifacts/2400b0aE.dag/Assembly-CSharp-Editor.rsp
[201/272    0s] WriteText Library/Bee/artifacts/2400b0aE.dag/HPR.Composition.Tests.EditMode.rsp
[202/272    0s] WriteText Library/Bee/artifacts/2400b0aE.dag/HPR.Composition.Runtime.rsp
[203/272    0s] WriteText Library/Bee/artifacts/2400b0aE.dag/HPR.Composition.Demo.rsp2
[257/272    1s] Csc Library/Bee/artifacts/2400b0aE.dag/HPR.Composition.Runtime.dll (+2 others)
[258/272    0s] CopyFiles Library/ScriptAssemblies/HPR.Composition.Runtime.dll
[259/272    0s] CopyFiles Library/ScriptAssemblies/HPR.Composition.Runtime.pdb
[260/272    0s] Csc Library/Bee/artifacts/2400b0aE.dag/HPR.Composition.Tests.EditMode.dll (+2 others)
[261/272    0s] CopyFiles Library/ScriptAssemblies/HPR.Composition.Tests.EditMode.dll
[262/272    0s] CopyFiles Library/ScriptAssemblies/HPR.Composition.Tests.EditMode.pdb
[263/272    0s] Csc Library/Bee/artifacts/2400b0aE.dag/HPR.Composition.Demo.dll (+2 others)
[264/272    0s] CopyFiles Library/ScriptAssemblies/HPR.Composition.Demo.dll
[265/272    0s] CopyFiles Library/ScriptAssemblies/HPR.Composition.Demo.pdb
[266/272    0s] Csc Library/Bee/artifacts/2400b0aE.dag/HPR.Composition.Editor.dll (+2 others)
[267/272    0s] CopyFiles Library/ScriptAssemblies/HPR.Composition.Editor.dll
[268/272    0s] CopyFiles Library/ScriptAssemblies/HPR.Composition.Editor.pdb
[269/272    0s] Csc Library/Bee/artifacts/2400b0aE.dag/Assembly-CSharp-Editor.dll (+2 others)
Assets/Editor/HprPackageScreenshotRunner.cs(54,49): warning CS8632: The annotation for nullable reference types should only be used in code within a '#nullable' annotations context.
Assets/Editor/HprPackageScreenshotRunner.cs(15,19): warning CS8632: The annotation for nullable reference types should only be used in code within a '#nullable' annotations context.
Assets/Editor/HprPackageScreenshotRunner.cs(16,19): warning CS8632: The annotation for nullable reference types should only be used in code within a '#nullable' annotations context.
Assets/Editor/HprPackageScreenshotRunner.cs(17,19): warning CS8632: The annotation for nullable reference types should only be used in code within a '#nullable' annotations context.
Assets/Editor/HprPackageScreenshotRunner.cs(18,19): warning CS8632: The annotation for nullable reference types should only be used in code within a '#nullable' annotations context.
Assets/Editor/HprPackageScreenshotRunner.cs(36,23): warning CS8632: The annotation for nullable reference types should only be used in code within a '#nullable' annotations context.
Assets/Editor/HprPackageScreenshotRunner.cs(61,19): warning CS8632: The annotation for nullable reference types should only be used in code within a '#nullable' annotations context.
[270/272    0s] CopyFiles Library/ScriptAssemblies/Assembly-CSharp-Editor.pdb
[271/272    0s] CopyFiles Library/ScriptAssemblies/Assembly-CSharp-Editor.dll
*** Tundra build success (2.91 seconds), 24 items updated, 272 evaluated
Assets/Editor/HprPackageScreenshotRunner.cs(54,49): warning CS8632: The annotation for nullable reference types should only be used in code within a '#nullable' annotations context.
Assets/Editor/HprPackageScreenshotRunner.cs(15,19): warning CS8632: The annotation for nullable reference types should only be used in code within a '#nullable' annotations context.
Assets/Editor/HprPackageScreenshotRunner.cs(16,19): warning CS8632: The annotation for nullable reference types should only be used in code within a '#nullable' annotations context.
Assets/Editor/HprPackageScreenshotRunner.cs(17,19): warning CS8632: The annotation for nullable reference types should only be used in code within a '#nullable' annotations context.
Assets/Editor/HprPackageScreenshotRunner.cs(18,19): warning CS8632: The annotation for nullable reference types should only be used in code within a '#nullable' annotations context.
Assets/Editor/HprPackageScreenshotRunner.cs(36,23): warning CS8632: The annotation for nullable reference types should only be used in code within a '#nullable' annotations context.
Assets/Editor/HprPackageScreenshotRunner.cs(61,19): warning CS8632: The annotation for nullable reference types should only be used in code within a '#nullable' annotations context.
AssetDatabase: script compilation time: 5.602363s
Begin MonoManager ReloadAssembly
Assembly Assembly-CSharp-Editor-firstpass.dll at Library/ScriptAssemblies/Assembly-CSharp-Editor-firstpass.dll not valid. Loading of assembly skipped.
Assembly Assembly-CSharp-firstpass.dll at Library/ScriptAssemblies/Assembly-CSharp-firstpass.dll not valid. Loading of assembly skipped.
Assembly Assembly-CSharp.dll at Library/ScriptAssemblies/Assembly-CSharp.dll not valid. Loading of assembly skipped.
Assembly TestNewCustomAssembly.dll at Library/ScriptAssemblies/TestNewCustomAssembly.dll not valid. Loading of assembly skipped.
Assembly Unity.Multiplayer.Center.Editor.Tests.dll at Library/ScriptAssemblies/Unity.Multiplayer.Center.Editor.Tests.dll not valid. Loading of assembly skipped.
Assembly Unity.Multiplayer.Center.Tests.dll at Library/ScriptAssemblies/Unity.Multiplayer.Center.Tests.dll not valid. Loading of assembly skipped.
Assembly Unity.TextMeshPro.Editor.Tests.dll at Library/ScriptAssemblies/Unity.TextMeshPro.Editor.Tests.dll not valid. Loading of assembly skipped.
Assembly Unity.TextMeshPro.Tests.dll at Library/ScriptAssemblies/Unity.TextMeshPro.Tests.dll not valid. Loading of assembly skipped.
Assembly UnityEditor.UI.Common.Tests.dll at Library/ScriptAssemblies/UnityEditor.UI.Common.Tests.dll not valid. Loading of assembly skipped.
Assembly UnityEditor.UI.EditorTests.dll at Library/ScriptAssemblies/UnityEditor.UI.EditorTests.dll not valid. Loading of assembly skipped.
Assembly UnityEngine.UI.Tests.dll at Library/ScriptAssemblies/UnityEngine.UI.Tests.dll not valid. Loading of assembly skipped.
Start importing Assets/com.hpr.composition using Guid(acb1c49f09f4455039dd50d2a86c40d2) (DefaultImporter) -> (Import Result ID: '111478c24c5dce60d95e4a49e5eb6a02') in 0.020804103 seconds [static dependencies only]. Details - ImportResultOutputID=f13070637f893d259cb7744901698203 DependenciesID=79008da779149c5cba1ffd8e003c69fb StaticDependenciesID=b24721becf83c6e609c5f3c7dac0bd21 
Native extension for LinuxStandalone target not found
ScheduleIndexationOnStartup MainProcess:True IndexOnStartup:True
Mono: successfully reloaded assembly
- Finished resetting the current domain, in  0.649 seconds
Domain Reload Profiling: 1290ms
	BeginReloadAssembly (327ms)
		DisableScriptedObjects (18ms)
		CreateAndSetChildDomain (163ms)
	RebuildCommonClasses (60ms)
	RebuildNativeTypeToScriptingClass (14ms)
	initialDomainReloadingComplete (44ms)
	LoadAllAssembliesAndSetupDomain (193ms)
		LoadAssemblies (216ms)
		AnalyzeDomain (47ms)
			TypeCache.Refresh (28ms)
				TypeCache.ScanAssembly (21ms)
			BuildScriptInfoCaches (13ms)
			ResolveRequiredComponents (4ms)
	FinalizeReload (652ms)
		SetupLoadedEditorAssemblies (0ms)
			InitializePlatformSupportModulesInManaged (30ms)
			BeforeProcessingInitializeOnLoad (186ms)
			ProcessInitializeOnLoadAttributes (127ms)
			ProcessInitializeOnLoadMethodAttributes (90ms)
			AfterProcessingInitializeOnLoad (5ms)
		AwakeInstancesAfterBackupRestoration (8ms)
Start importing Assets/com.hpr.composition/Demo/CompositionDemo.unity using Guid(bb45394ed5490e1479bcb18fcc01b8cf) (DefaultImporter) -> (Import Result ID: 'b29f97aece980c259d01ae9f8daa7834') in 0.000618864 seconds [static dependencies only]. Details - ImportResultOutputID=66a1921266ea45431300dfab19b295e8 DependenciesID=9114cb2e7e913c92188a92bf2f714179 StaticDependenciesID=808ce470789a122e4045c683521efcad 
Start importing Assets/com.hpr.composition/package.json using Guid(5d8c6221566a03f5ab59bdf1aaeae96f) (TextScriptImporter) -> (Import Result ID: '7d08cd83f79e07d5bcf6b69b4a0ed84c') in 0.000883681 seconds [static dependencies only]. Details - ImportResultOutputID=0f14b42f392eb8aab84649c3d0a08f1a DependenciesID=3c0ff70a75d89aeaf51465af24661b1a StaticDependenciesID=460958f3774c772517199667307c8e6c 
(Values over 0.050ms)
Asset Pipeline Refresh (id=1ef16d340c383c24b8fd80ac406698b4): Total: 7.520 seconds - Initiated by InitialRefreshV2(ForceSynchronousImport)
	Summary:
		Imports: total=3 (actual=3, local cache=0, cache server=0)
		Asset DB Process Time: managed=5 ms, native=952 ms
		Asset DB Callback time: managed=109 ms, native=193 ms
		Scripting: domain reloads=1, domain reload time=638 ms, compile time=5606 ms, other=13 ms
		Project Asset Count: scripts=265, non-scripts=138
		Asset File Changes: new=3, changed=9, moved=24, deleted=1
		Scan Filter Count: 1
	InvokePackagesCallback: 187.982ms
	ApplyChangesToAssetFolders: 0.368ms
	Scan: 171.525ms
	OnSourceAssetsModified: 1.139ms
	CategorizeScriptCompilationAssets: 8.285ms
	ProcessAssetsWithTransientArtifactChanges: 15.874ms
	CategorizeAssets: 3.322ms
	CompileScripts: 5606.434ms
	ImportOutOfDateAssets: 681.947ms (653.616ms without children)
		ImportManagerImport: 27.710ms (4.985ms without children)
		UnloadImportedAssets: 0.295ms
		EnsureUptoDateAssetsAreRegisteredWithGuidPM: 0.096ms
		OnDemandSchedulerStart: 0.225ms
	PostProcessAllAssets: 112.102ms
		AssemblyValidation.PostprocessAllAssets 2.440ms
		VCAutoAddAssetPostprocess 1.282ms
		MonoPostProcessAllAssets: 107.315ms
			AssetPostprocessor.OnPostprocessAllAssets 45.389ms
			StyleCatalogPostProcessor.OnPostprocessAllAssets 16.161ms
			WindowAssetPostprocessingWatcher.OnPostprocessAllAssets 10.213ms
			BuilderAssetPostprocessor.OnPostprocessAllAssets 8.345ms
			AssetChangedListener.OnPostprocessAllAssets 3.373ms
			SyncVS.PostprocessSyncProject 1.971ms
			RetainedModeAssetPostprocessor.OnPostprocessAllAssets 1.801ms
			SpeedTree9Postprocessor.OnPostprocessAllAssets 1.023ms
			TMPro_TexturePostProcessor.OnPostprocessAllAssets 0.906ms
			TextAssetPostProcessor.OnPostprocessAllAssets 0.785ms
			ArtifactBrowserPostProcessor.OnPostprocessAllAssets 0.747ms
			ReferencedClipsPostProcessor.OnPostprocessAllAssets 0.551ms
			AudioMixerPostprocessor.OnPostprocessAllAssets 0.413ms
			TerrainToolbarOverlayPostProcessor.OnPostprocessAllAssets 0.349ms
			AssetEvents.OnPostprocessAllAssets 0.287ms
			SpeedTreePostProcessor.OnPostprocessAllAssets 0.258ms
			ConfigAssetsTracker.OnPostprocessAllAssets 0.257ms
			ScenarioDriftAssetsTracker.OnPostprocessAllAssets 0.248ms
			AssetDatabaseCallbacks.OnPostprocessAllAssets 0.238ms
			RenderPipelineGlobalSettingsPostprocessor.OnPostprocessAllAssets 0.170ms
			AudioContainerPostProcessor.OnPostprocessAllAssets 0.094ms
	PostAssetChangesProfiler: 1.386ms
	UnloadStreamsBegin: 1.926ms
	PersistCurrentRevisions: 0.054ms
	GenerateScriptTypeHashes: 0.381ms
	GenerateScriptTypeSerializationHashes: 0.943ms
	Untracked: 727.164ms

Application.AssetDatabase Initial Refresh End
Scanning for USB devices : 2.612ms
Initializing Unity extensions:
UpdateMenuTitleForLanguage: 10
[MODES] ModeService[none].Initialize
[MODES] ModeService[none].LoadModes
[MODES] Loading mode Default (0) for mode-current-id-sale_com_hpr_composition
Unloading 4 Unused Serialized files (Serialized files now loaded: 0)
Unloading 835 unused Assets / (1.2 MB). Loaded Objects now: 1437.
Memory consumption went from 91.7 MB to 90.5 MB.
Total: 7.360676 ms (FindLiveObjects: 0.107241 ms CreateObjectMapping: 0.059879 ms MarkObjects: 6.214913 ms  DeleteObjects: 0.977588 ms)

Batchmode quit successfully invoked - shutting down!
Curl error 42: Callback aborted
[Physics::Module] Cleanup current backend.
[Physics::Module] Id: 0xf2b8ea05
Input System module state changed to: ShutdownInProgress.
Input Polling Thread exited.
Input System module state changed to: Shutdown.
[Licensing::IpcConnector] LicenseClient-hans-notifications channel disconnected successfully.
[Licensing::IpcConnector] LicenseClient-hans channel disconnected successfully.
AcceleratorClientConnectionCallback - disconnected - :0
info: Microsoft.Hosting.Lifetime[0]
      Application is shutting down...
Cleanup mono
CodeReloadManager destroyed
debugger-agent: Unable to listen on 39
Exiting batchmode successfully now!
