Unity Editor version:    6000.4.0f1 (8cf496087c8f)
Branch:                  6000.4/staging
Build type:              Release
Batch mode:              YES
System name:             Linux
Distro version:          #202511241048~1764607909~24.04~df6b2b6 SMP PREEMPT_DYNAMIC Mon D
Kernel version:          6.17.9-76061709-generic
Architecture:            x86_64
Available memory:        64131 MB
Date:                    2026-04-01T07:11:22Z
[Licensing::Module] Trying to connect to existing licensing client channel...
Initialize udev device monitor.
[Licensing::IpcConnector] Channel LicenseClient-hans doesn't exist
[Licensing::Module] Successfully launched the LicensingClient (PId: 442363)

COMMAND LINE ARGUMENTS:
/data/apps/Unity/Hub/Editor/6000.4.0f1/Editor/Unity
-batchmode
-nographics
-quit
-projectPath
/data/tmp/hpr_assetstore_sale/projects/sale_com_hpr_interaction
-logFile
/data/src/github/games/doc/logs/package_sale_prep/20260401_090335_com_hpr_interaction_refresh.log
Successfully changed project path to: /data/tmp/hpr_assetstore_sale/projects/sale_com_hpr_interaction
/data/tmp/hpr_assetstore_sale/projects/sale_com_hpr_interaction
[UnityMemory] Configuration Parameters - Can be set up in boot.config
    "memorysetup-temp-allocator-size-gi-baking-worker=262144"
    "memorysetup-temp-allocator-size-gi-baking-worker=262144"
    "memorysetup-temp-allocator-size-gi-baking-worker=262144"
    "memorysetup-temp-allocator-size-gi-baking-worker=262144"
    "memorysetup-temp-allocator-size-gi-baking-worker=262144"
    "memorysetup-temp-allocator-size-nav-mesh-worker=65536"
    "memorysetup-temp-allocator-size-audio-worker=65536"
    "memorysetup-temp-allocator-size-cloud-worker=32768"
    "memorysetup-allocator-temp-initial-block-size-main=262144"
    "memorysetup-allocator-temp-initial-block-size-worker=262144"
    "memorysetup-temp-allocator-size-background-worker=32768"
    "memorysetup-temp-allocator-size-job-worker=262144"
    "memorysetup-temp-allocator-size-preload-manager=33554432"
    "memorysetup-temp-allocator-size-gfx=262144"
    "memorysetup-bucket-allocator-granularity=16"
    "memorysetup-bucket-allocator-bucket-count=8"
    "memorysetup-bucket-allocator-block-size=33554432"
    "memorysetup-bucket-allocator-block-count=8"
    "memorysetup-main-allocator-block-size=16777216"
    "memorysetup-thread-allocator-block-size=16777216"
    "memorysetup-gfx-main-allocator-block-size=16777216"
    "memorysetup-gfx-thread-allocator-block-size=16777216"
    "memorysetup-cache-allocator-block-size=4194304"
    "memorysetup-typetree-allocator-block-size=2097152"
    "memorysetup-profiler-bucket-allocator-granularity=16"
    "memorysetup-profiler-bucket-allocator-bucket-count=8"
    "memorysetup-profiler-bucket-allocator-block-size=33554432"
    "memorysetup-profiler-bucket-allocator-block-count=8"
    "memorysetup-profiler-allocator-block-size=16777216"
    "memorysetup-profiler-editor-allocator-block-size=1048576"
    "memorysetup-temp-allocator-size-main=16777216"
    "memorysetup-job-temp-allocator-block-size=2097152"
    "memorysetup-job-temp-allocator-block-size-background=1048576"
    "memorysetup-job-temp-allocator-reduction-small-platforms=262144"
Player connection [125551679171392]  Target information:

Player connection [125551679171392]  * "[IP] 192.168.0.132 [Port] 55504 [Flags] 2 [Guid] 93265996 [EditorId] 93265996 [Version] 1048832 [Id] LinuxEditor(16,192.168.0.132) [Debug] 1 [PackageName] LinuxEditor [ProjectName] Editor" 

Player connection [125551679171392]  * "[IP] 172.17.0.1 [Port] 55504 [Flags] 2 [Guid] 93265996 [EditorId] 93265996 [Version] 1048832 [Id] LinuxEditor(16,192.168.0.132) [Debug] 1 [PackageName] LinuxEditor [ProjectName] Editor" 

Player connection [125551679171392]  * "[IP] 10.8.0.2 [Port] 55504 [Flags] 2 [Guid] 93265996 [EditorId] 93265996 [Version] 1048832 [Id] LinuxEditor(16,192.168.0.132) [Debug] 1 [PackageName] LinuxEditor [ProjectName] Editor" 

Player connection [125551679171392] Host joined multi-casting on [225.0.0.222:54997]...
Player connection [125551679171392] Host joined alternative multi-casting on [225.0.0.222:34997]...
Input System module state changed to: Initialized.
[Physics::Module] Initialized fallback backend.
[Physics::Module] Id: 0xdecafbad
[Licensing::IpcConnector] Successfully connected to: "LicenseClient-hans" at "2026-04-01T07:11:23.007746Z"
[SignatureVerifier] Application signature verification not supported on this platform.
[Package Manager] Connected to IPC stream "Upm-442352" after 0.4 seconds.
[Licensing::Module] Licensing is not yet initialized.
[Licensing::Client] Handshaking with LicensingClient:
  Version:                 1.18.1+9fbee8e
  Session Id:              698d67093e9b472788e1999de7897cf7
  Correlation Id:          0603ea23e083a1af82b771c53ee86d1b
  External correlation Id: 2567249926485710396
  Machine Id:              l9JneE/oSM2w6bwb29/I//rgSro=
[Licensing::Module] Successfully connected to LicensingClient on channel: "LicenseClient-hans" (connect: 0.38s, validation: 0.13s, handshake: 0.00s)
[Licensing::IpcConnector] Successfully connected to: "LicenseClient-hans-notifications" at "2026-04-01T07:11:23.136085Z"
[Licensing::Module] Connected to LicensingClient (PId: 442363, launch time: 0.00, total connection time: 0.51s)
[Licensing::Module] Error: Access token is unavailable; failed to update
[Licensing::Client] Successfully resolved entitlement details
[Licensing::Module] License group:
  Id: 9072370782505-UnityPersXXXX
  Product: Unity Personal
  Type: Assigned
  Expiration: Unlimited
[Licensing::Client] Successfully updated license, isAsync: True, time: 0.02
[Licensing::Client] Successfully resolved entitlement details
[Licensing::Module] Licensing Background thread has ended after 0.62s
[Licensing::Module] Licensing is initialized (took 0.14s).
[Licensing::Client] Successfully resolved entitlement details
Library Redirect Path: Library/
FMOD failed to initialize the output device.: "Error initializing output device. " (60)
Forced to initialize FMOD to to the device driver's system output rate 48000, this may impact performance and/or give inconsistent experiences compared to selected sample rate 48000
FMOD failed to initialize the output device.: "Error initializing output device. " (60)
FMOD initialized on nosound output
[Physics::Module] Selected backend.
[Physics::Module] Name: PhysX
[Physics::Module] Id: 0xf2b8ea05
[Physics::Module] SDK Version: 4.1.2
[Physics::Module] Integration Version: 1.0.0
[Physics::Module] Threading Mode: Multi-Threaded
Initialize engine version: 6000.4.0f1 (8cf496087c8f)
[Subsystems] Discovering subsystems at path /data/apps/Unity/Hub/Editor/6000.4.0f1/Editor/Data/Resources/UnitySubsystems
[Subsystems] Discovering subsystems at path /data/tmp/hpr_assetstore_sale/projects/sale_com_hpr_interaction/Assets
Forcing GfxDevice: Null
GfxDevice: creating device client; kGfxThreadingModeNonThreaded
NullGfxDevice:
    Version:  NULL 1.0 [1.0]
    Renderer: Null Device
    Vendor:   Unity Technologies
Initialize mono
Mono path[0] = '/data/apps/Unity/Hub/Editor/6000.4.0f1/Editor/Data/Managed'
Mono path[1] = '/data/apps/Unity/Hub/Editor/6000.4.0f1/Editor/Data/MonoBleedingEdge/lib/mono/unityjit-linux'
Mono config path = '/data/apps/Unity/Hub/Editor/6000.4.0f1/Editor/Data/MonoBleedingEdge/etc'
Using monoOptions --debugger-agent=transport=dt_socket,embedding=1,server=y,suspend=n,address=127.0.0.1:56352
CodeReloadManager initialized
Using cacheserver namespaces - metadata:defaultmetadata, artifacts:defaultartifacts
Using cacheserver namespaces - metadata:defaultmetadata, artifacts:defaultartifacts
ImportWorker Server TCP listen port: 0
AcceleratorClientConnectionCallback - disconnected - :0
Begin MonoManager ReloadAssembly
Registering precompiled unity dll's ...
Register platform support module: /data/apps/Unity/Hub/Editor/6000.4.0f1/Editor/Data/PlaybackEngines/LinuxStandaloneSupport/UnityEditor.LinuxStandalone.Extensions.dll
Registered in 0.002476 seconds.
Native extension for LinuxStandalone target not found
Package Manager log level set to [2]
[Licensing::Client] Successfully resolved entitlement details
ScheduleIndexationOnStartup MainProcess:False IndexOnStartup:False
Mono: successfully reloaded assembly
- Finished resetting the current domain, in  1.247 seconds
Domain Reload Profiling: 1933ms
	BeginReloadAssembly (150ms)
		CreateAndSetChildDomain (23ms)
	RebuildCommonClasses (66ms)
	RebuildNativeTypeToScriptingClass (16ms)
	initialDomainReloadingComplete (88ms)
	LoadAllAssembliesAndSetupDomain (364ms)
		LoadAssemblies (127ms)
		AnalyzeDomain (349ms)
			TypeCache.Refresh (347ms)
				TypeCache.ScanAssembly (326ms)
	FinalizeReload (1249ms)
		SetupLoadedEditorAssemblies (0ms)
			InitializePlatformSupportModulesInManaged (63ms)
			BeforeProcessingInitializeOnLoad (151ms)
			ProcessInitializeOnLoadAttributes (196ms)
			ProcessInitializeOnLoadMethodAttributes (738ms)
[Licensing::Client] Successfully resolved entitlement details
Application.AssetDatabase Initial Refresh Start
[Package Manager] Restoring resolved packages state from cache
[Licensing::Client] Successfully resolved entitlement details
[Package Manager] Registered 43 packages:
  Built-in packages:
    com.unity.multiplayer.center@1.0.1 (location: /data/tmp/hpr_assetstore_sale/projects/sale_com_hpr_interaction/Library/PackageCache/com.unity.multiplayer.center@53ad5a5c2bfb)
    com.unity.modules.accessibility@1.0.0 (location: /data/tmp/hpr_assetstore_sale/projects/sale_com_hpr_interaction/Library/PackageCache/com.unity.modules.accessibility)
    com.unity.modules.adaptiveperformance@1.0.0 (location: /data/tmp/hpr_assetstore_sale/projects/sale_com_hpr_interaction/Library/PackageCache/com.unity.modules.adaptiveperformance)
    com.unity.modules.ai@1.0.0 (location: /data/tmp/hpr_assetstore_sale/projects/sale_com_hpr_interaction/Library/PackageCache/com.unity.modules.ai)
    com.unity.modules.androidjni@1.0.0 (location: /data/tmp/hpr_assetstore_sale/projects/sale_com_hpr_interaction/Library/PackageCache/com.unity.modules.androidjni)
    com.unity.modules.animation@1.0.0 (location: /data/tmp/hpr_assetstore_sale/projects/sale_com_hpr_interaction/Library/PackageCache/com.unity.modules.animation)
    com.unity.modules.assetbundle@1.0.0 (location: /data/tmp/hpr_assetstore_sale/projects/sale_com_hpr_interaction/Library/PackageCache/com.unity.modules.assetbundle)
    com.unity.modules.audio@1.0.0 (location: /data/tmp/hpr_assetstore_sale/projects/sale_com_hpr_interaction/Library/PackageCache/com.unity.modules.audio)
    com.unity.modules.cloth@1.0.0 (location: /data/tmp/hpr_assetstore_sale/projects/sale_com_hpr_interaction/Library/PackageCache/com.unity.modules.cloth)
    com.unity.modules.director@1.0.0 (location: /data/tmp/hpr_assetstore_sale/projects/sale_com_hpr_interaction/Library/PackageCache/com.unity.modules.director)
    com.unity.modules.imageconversion@1.0.0 (location: /data/tmp/hpr_assetstore_sale/projects/sale_com_hpr_interaction/Library/PackageCache/com.unity.modules.imageconversion)
    com.unity.modules.imgui@1.0.0 (location: /data/tmp/hpr_assetstore_sale/projects/sale_com_hpr_interaction/Library/PackageCache/com.unity.modules.imgui)
    com.unity.modules.jsonserialize@1.0.0 (location: /data/tmp/hpr_assetstore_sale/projects/sale_com_hpr_interaction/Library/PackageCache/com.unity.modules.jsonserialize)
    com.unity.modules.particlesystem@1.0.0 (location: /data/tmp/hpr_assetstore_sale/projects/sale_com_hpr_interaction/Library/PackageCache/com.unity.modules.particlesystem)
    com.unity.modules.physics@1.0.0 (location: /data/tmp/hpr_assetstore_sale/projects/sale_com_hpr_interaction/Library/PackageCache/com.unity.modules.physics)
    com.unity.modules.physics2d@1.0.0 (location: /data/tmp/hpr_assetstore_sale/projects/sale_com_hpr_interaction/Library/PackageCache/com.unity.modules.physics2d)
    com.unity.modules.screencapture@1.0.0 (location: /data/tmp/hpr_assetstore_sale/projects/sale_com_hpr_interaction/Library/PackageCache/com.unity.modules.screencapture)
    com.unity.modules.terrain@1.0.0 (location: /data/tmp/hpr_assetstore_sale/projects/sale_com_hpr_interaction/Library/PackageCache/com.unity.modules.terrain)
    com.unity.modules.terrainphysics@1.0.0 (location: /data/tmp/hpr_assetstore_sale/projects/sale_com_hpr_interaction/Library/PackageCache/com.unity.modules.terrainphysics)
    com.unity.modules.tilemap@1.0.0 (location: /data/tmp/hpr_assetstore_sale/projects/sale_com_hpr_interaction/Library/PackageCache/com.unity.modules.tilemap)
    com.unity.modules.ui@1.0.0 (location: /data/tmp/hpr_assetstore_sale/projects/sale_com_hpr_interaction/Library/PackageCache/com.unity.modules.ui)
    com.unity.modules.uielements@1.0.0 (location: /data/tmp/hpr_assetstore_sale/projects/sale_com_hpr_interaction/Library/PackageCache/com.unity.modules.uielements)
    com.unity.modules.umbra@1.0.0 (location: /data/tmp/hpr_assetstore_sale/projects/sale_com_hpr_interaction/Library/PackageCache/com.unity.modules.umbra)
    com.unity.modules.unityanalytics@1.0.0 (location: /data/tmp/hpr_assetstore_sale/projects/sale_com_hpr_interaction/Library/PackageCache/com.unity.modules.unityanalytics)
    com.unity.modules.unitywebrequest@1.0.0 (location: /data/tmp/hpr_assetstore_sale/projects/sale_com_hpr_interaction/Library/PackageCache/com.unity.modules.unitywebrequest)
    com.unity.modules.unitywebrequestassetbundle@1.0.0 (location: /data/tmp/hpr_assetstore_sale/projects/sale_com_hpr_interaction/Library/PackageCache/com.unity.modules.unitywebrequestassetbundle)
    com.unity.modules.unitywebrequestaudio@1.0.0 (location: /data/tmp/hpr_assetstore_sale/projects/sale_com_hpr_interaction/Library/PackageCache/com.unity.modules.unitywebrequestaudio)
    com.unity.modules.unitywebrequesttexture@1.0.0 (location: /data/tmp/hpr_assetstore_sale/projects/sale_com_hpr_interaction/Library/PackageCache/com.unity.modules.unitywebrequesttexture)
    com.unity.modules.unitywebrequestwww@1.0.0 (location: /data/tmp/hpr_assetstore_sale/projects/sale_com_hpr_interaction/Library/PackageCache/com.unity.modules.unitywebrequestwww)
    com.unity.modules.vectorgraphics@1.0.0 (location: /data/tmp/hpr_assetstore_sale/projects/sale_com_hpr_interaction/Library/PackageCache/com.unity.modules.vectorgraphics)
    com.unity.modules.vehicles@1.0.0 (location: /data/tmp/hpr_assetstore_sale/projects/sale_com_hpr_interaction/Library/PackageCache/com.unity.modules.vehicles)
    com.unity.modules.video@1.0.0 (location: /data/tmp/hpr_assetstore_sale/projects/sale_com_hpr_interaction/Library/PackageCache/com.unity.modules.video)
    com.unity.modules.vr@1.0.0 (location: /data/tmp/hpr_assetstore_sale/projects/sale_com_hpr_interaction/Library/PackageCache/com.unity.modules.vr)
    com.unity.modules.wind@1.0.0 (location: /data/tmp/hpr_assetstore_sale/projects/sale_com_hpr_interaction/Library/PackageCache/com.unity.modules.wind)
    com.unity.modules.xr@1.0.0 (location: /data/tmp/hpr_assetstore_sale/projects/sale_com_hpr_interaction/Library/PackageCache/com.unity.modules.xr)
    com.unity.ugui@2.0.0 (location: /data/tmp/hpr_assetstore_sale/projects/sale_com_hpr_interaction/Library/PackageCache/com.unity.ugui@288051c775ab)
    com.unity.test-framework@1.6.0 (location: /data/tmp/hpr_assetstore_sale/projects/sale_com_hpr_interaction/Library/PackageCache/com.unity.test-framework@f63be82e0d2e)
    com.unity.ext.nunit@2.0.5 (location: /data/tmp/hpr_assetstore_sale/projects/sale_com_hpr_interaction/Library/PackageCache/com.unity.ext.nunit@ec2d0043d6fc)
    com.unity.modules.subsystems@1.0.0 (location: /data/tmp/hpr_assetstore_sale/projects/sale_com_hpr_interaction/Library/PackageCache/com.unity.modules.subsystems)
    com.unity.modules.hierarchycore@1.0.0 (location: /data/tmp/hpr_assetstore_sale/projects/sale_com_hpr_interaction/Library/PackageCache/com.unity.modules.hierarchycore)
  Embedded packages:
    com.hpr.eventbus@file:/data/tmp/hpr_assetstore_sale/projects/sale_com_hpr_interaction/Packages/com.hpr.eventbus (location: /data/tmp/hpr_assetstore_sale/projects/sale_com_hpr_interaction/Packages/com.hpr.eventbus)
    com.hpr.interaction@file:/data/tmp/hpr_assetstore_sale/projects/sale_com_hpr_interaction/Packages/com.hpr.interaction (location: /data/tmp/hpr_assetstore_sale/projects/sale_com_hpr_interaction/Packages/com.hpr.interaction)
    com.hpr.inventory@file:/data/tmp/hpr_assetstore_sale/projects/sale_com_hpr_interaction/Packages/com.hpr.inventory (location: /data/tmp/hpr_assetstore_sale/projects/sale_com_hpr_interaction/Packages/com.hpr.inventory)
[Subsystems] No new subsystems found in resolved package list.
[Package Manager] Done registering packages in 0.01 seconds
[Package Manager] Done resolving packages in 0.17 seconds
[Licensing::Client] Successfully resolved entitlement details
[Package Manager] Lock file was modified
[Package Manager] Registered 40 packages:
  Built-in packages:
    com.unity.multiplayer.center@1.0.1 (location: /data/tmp/hpr_assetstore_sale/projects/sale_com_hpr_interaction/Library/PackageCache/com.unity.multiplayer.center@53ad5a5c2bfb)
    com.unity.modules.accessibility@1.0.0 (location: /data/tmp/hpr_assetstore_sale/projects/sale_com_hpr_interaction/Library/PackageCache/com.unity.modules.accessibility)
    com.unity.modules.adaptiveperformance@1.0.0 (location: /data/tmp/hpr_assetstore_sale/projects/sale_com_hpr_interaction/Library/PackageCache/com.unity.modules.adaptiveperformance)
    com.unity.modules.ai@1.0.0 (location: /data/tmp/hpr_assetstore_sale/projects/sale_com_hpr_interaction/Library/PackageCache/com.unity.modules.ai)
    com.unity.modules.androidjni@1.0.0 (location: /data/tmp/hpr_assetstore_sale/projects/sale_com_hpr_interaction/Library/PackageCache/com.unity.modules.androidjni)
    com.unity.modules.animation@1.0.0 (location: /data/tmp/hpr_assetstore_sale/projects/sale_com_hpr_interaction/Library/PackageCache/com.unity.modules.animation)
    com.unity.modules.assetbundle@1.0.0 (location: /data/tmp/hpr_assetstore_sale/projects/sale_com_hpr_interaction/Library/PackageCache/com.unity.modules.assetbundle)
    com.unity.modules.audio@1.0.0 (location: /data/tmp/hpr_assetstore_sale/projects/sale_com_hpr_interaction/Library/PackageCache/com.unity.modules.audio)
    com.unity.modules.cloth@1.0.0 (location: /data/tmp/hpr_assetstore_sale/projects/sale_com_hpr_interaction/Library/PackageCache/com.unity.modules.cloth)
    com.unity.modules.director@1.0.0 (location: /data/tmp/hpr_assetstore_sale/projects/sale_com_hpr_interaction/Library/PackageCache/com.unity.modules.director)
    com.unity.modules.imageconversion@1.0.0 (location: /data/tmp/hpr_assetstore_sale/projects/sale_com_hpr_interaction/Library/PackageCache/com.unity.modules.imageconversion)
    com.unity.modules.imgui@1.0.0 (location: /data/tmp/hpr_assetstore_sale/projects/sale_com_hpr_interaction/Library/PackageCache/com.unity.modules.imgui)
    com.unity.modules.jsonserialize@1.0.0 (location: /data/tmp/hpr_assetstore_sale/projects/sale_com_hpr_interaction/Library/PackageCache/com.unity.modules.jsonserialize)
    com.unity.modules.particlesystem@1.0.0 (location: /data/tmp/hpr_assetstore_sale/projects/sale_com_hpr_interaction/Library/PackageCache/com.unity.modules.particlesystem)
    com.unity.modules.physics@1.0.0 (location: /data/tmp/hpr_assetstore_sale/projects/sale_com_hpr_interaction/Library/PackageCache/com.unity.modules.physics)
    com.unity.modules.physics2d@1.0.0 (location: /data/tmp/hpr_assetstore_sale/projects/sale_com_hpr_interaction/Library/PackageCache/com.unity.modules.physics2d)
    com.unity.modules.screencapture@1.0.0 (location: /data/tmp/hpr_assetstore_sale/projects/sale_com_hpr_interaction/Library/PackageCache/com.unity.modules.screencapture)
    com.unity.modules.terrain@1.0.0 (location: /data/tmp/hpr_assetstore_sale/projects/sale_com_hpr_interaction/Library/PackageCache/com.unity.modules.terrain)
    com.unity.modules.terrainphysics@1.0.0 (location: /data/tmp/hpr_assetstore_sale/projects/sale_com_hpr_interaction/Library/PackageCache/com.unity.modules.terrainphysics)
    com.unity.modules.tilemap@1.0.0 (location: /data/tmp/hpr_assetstore_sale/projects/sale_com_hpr_interaction/Library/PackageCache/com.unity.modules.tilemap)
    com.unity.modules.ui@1.0.0 (location: /data/tmp/hpr_assetstore_sale/projects/sale_com_hpr_interaction/Library/PackageCache/com.unity.modules.ui)
    com.unity.modules.uielements@1.0.0 (location: /data/tmp/hpr_assetstore_sale/projects/sale_com_hpr_interaction/Library/PackageCache/com.unity.modules.uielements)
    com.unity.modules.umbra@1.0.0 (location: /data/tmp/hpr_assetstore_sale/projects/sale_com_hpr_interaction/Library/PackageCache/com.unity.modules.umbra)
    com.unity.modules.unityanalytics@1.0.0 (location: /data/tmp/hpr_assetstore_sale/projects/sale_com_hpr_interaction/Library/PackageCache/com.unity.modules.unityanalytics)
    com.unity.modules.unitywebrequest@1.0.0 (location: /data/tmp/hpr_assetstore_sale/projects/sale_com_hpr_interaction/Library/PackageCache/com.unity.modules.unitywebrequest)
    com.unity.modules.unitywebrequestassetbundle@1.0.0 (location: /data/tmp/hpr_assetstore_sale/projects/sale_com_hpr_interaction/Library/PackageCache/com.unity.modules.unitywebrequestassetbundle)
    com.unity.modules.unitywebrequestaudio@1.0.0 (location: /data/tmp/hpr_assetstore_sale/projects/sale_com_hpr_interaction/Library/PackageCache/com.unity.modules.unitywebrequestaudio)
    com.unity.modules.unitywebrequesttexture@1.0.0 (location: /data/tmp/hpr_assetstore_sale/projects/sale_com_hpr_interaction/Library/PackageCache/com.unity.modules.unitywebrequesttexture)
    com.unity.modules.unitywebrequestwww@1.0.0 (location: /data/tmp/hpr_assetstore_sale/projects/sale_com_hpr_interaction/Library/PackageCache/com.unity.modules.unitywebrequestwww)
    com.unity.modules.vectorgraphics@1.0.0 (location: /data/tmp/hpr_assetstore_sale/projects/sale_com_hpr_interaction/Library/PackageCache/com.unity.modules.vectorgraphics)
    com.unity.modules.vehicles@1.0.0 (location: /data/tmp/hpr_assetstore_sale/projects/sale_com_hpr_interaction/Library/PackageCache/com.unity.modules.vehicles)
    com.unity.modules.video@1.0.0 (location: /data/tmp/hpr_assetstore_sale/projects/sale_com_hpr_interaction/Library/PackageCache/com.unity.modules.video)
    com.unity.modules.vr@1.0.0 (location: /data/tmp/hpr_assetstore_sale/projects/sale_com_hpr_interaction/Library/PackageCache/com.unity.modules.vr)
    com.unity.modules.wind@1.0.0 (location: /data/tmp/hpr_assetstore_sale/projects/sale_com_hpr_interaction/Library/PackageCache/com.unity.modules.wind)
    com.unity.modules.xr@1.0.0 (location: /data/tmp/hpr_assetstore_sale/projects/sale_com_hpr_interaction/Library/PackageCache/com.unity.modules.xr)
    com.unity.ugui@2.0.0 (location: /data/tmp/hpr_assetstore_sale/projects/sale_com_hpr_interaction/Library/PackageCache/com.unity.ugui@288051c775ab)
    com.unity.test-framework@1.6.0 (location: /data/tmp/hpr_assetstore_sale/projects/sale_com_hpr_interaction/Library/PackageCache/com.unity.test-framework@f63be82e0d2e)
    com.unity.ext.nunit@2.0.5 (location: /data/tmp/hpr_assetstore_sale/projects/sale_com_hpr_interaction/Library/PackageCache/com.unity.ext.nunit@ec2d0043d6fc)
    com.unity.modules.subsystems@1.0.0 (location: /data/tmp/hpr_assetstore_sale/projects/sale_com_hpr_interaction/Library/PackageCache/com.unity.modules.subsystems)
    com.unity.modules.hierarchycore@1.0.0 (location: /data/tmp/hpr_assetstore_sale/projects/sale_com_hpr_interaction/Library/PackageCache/com.unity.modules.hierarchycore)
[Subsystems] No new subsystems found in resolved package list.
[Package Manager] Done registering packages in 0.00 seconds
[ScriptCompilation] Requested script compilation because: Assembly Definition File(s) changed
[ScriptCompilation] Requested script compilation because: AssetDatabase observed changes in script compilation related files
info: Microsoft.Hosting.Lifetime[14]
      Now listening on: http://unix:/tmp/ilpp.sock-5fe82762977980888d086d100c090663
info: Microsoft.Hosting.Lifetime[0]
      Application started. Press Ctrl+C to shut down.
info: Microsoft.Hosting.Lifetime[0]
      Hosting environment: Production
info: Microsoft.Hosting.Lifetime[0]
      Content root path: /data/tmp/hpr_assetstore_sale/projects/sale_com_hpr_interaction
info: Microsoft.AspNetCore.Hosting.Diagnostics[1]
      Request starting HTTP/2 POST http://ilpp/UnityILPP.PostProcessing/Ping - application/grpc -
info: Microsoft.AspNetCore.Routing.EndpointMiddleware[0]
      Executing endpoint 'gRPC - /UnityILPP.PostProcessing/Ping'
info: Microsoft.AspNetCore.Routing.EndpointMiddleware[1]
      Executed endpoint 'gRPC - /UnityILPP.PostProcessing/Ping'
info: Microsoft.AspNetCore.Hosting.Diagnostics[2]
      Request finished HTTP/2 POST http://ilpp/UnityILPP.PostProcessing/Ping - 200 - application/grpc 50.3740ms
Starting: /data/apps/Unity/Hub/Editor/6000.4.0f1/Editor/Data/Tools/BuildPipeline/bee_backend --ipc --defer-dag-verification --dagfile="Library/Bee/2400b0aE.dag" --continue-on-failure --profile="Library/Bee/backend1.traceevents" ScriptAssemblies
WorkingDir: /data/tmp/hpr_assetstore_sale/projects/sale_com_hpr_interaction
DisplayProgressbar: Compiling Scripts
ExitCode: 4 Duration: 1s323ms
[           0s] Csc Library/Bee/artifacts/2400b0aE.dag/HPR.Inventory.Runtime.dll (+2 others) [CacheMiss 764908b4b815c3fc8cf8a12d35a13f8a00000000000000000000000000000006]
[           0s] Csc Library/Bee/artifacts/2400b0aE.dag/HPR.Eventbus.Runtime.dll (+2 others) [CacheMiss 73011c49f142d69209a9cc89ffb948c200000000000000000000000000000006]
Rebuilding DAG because FileSignature timestamp changed: Library/Bee/2400b0aE-inputdata.json
*** Tundra requires additional run (1.29 seconds), 2 items updated, 296 evaluated
Starting: /data/apps/Unity/Hub/Editor/6000.4.0f1/Editor/Data/netcorerun/netcorerun "/data/apps/Unity/Hub/Editor/6000.4.0f1/Editor/Data/Tools/BuildPipeline/ScriptCompilationBuildProgram.exe" "Library/Bee/2400b0aE.dag.json" "Library/Bee/2400b0aE-inputdata.json" "Library/Bee/buildprogram0.traceevents"
WorkingDir: /data/tmp/hpr_assetstore_sale/projects/sale_com_hpr_interaction
ExitCode: 0 Duration: 0s801ms
Starting: /data/apps/Unity/Hub/Editor/6000.4.0f1/Editor/Data/Tools/BuildPipeline/bee_backend --ipc --defer-dag-verification --dagfile="Library/Bee/2400b0aE.dag" --continue-on-failure --dagfilejson="Library/Bee/2400b0aE.dag.json" --profile="Library/Bee/backend2.traceevents" ScriptAssemblies
WorkingDir: /data/tmp/hpr_assetstore_sale/projects/sale_com_hpr_interaction
ExitCode: 0 Duration: 3s538ms
Finished compiling graph: 339 nodes, 4392 flattened edges (4078 ToBuild, 46 ToUse), maximum node priority 179
[173/336    0s] WriteText Library/Bee/artifacts/2400b0aE.dag/HPR.Inventory.Runtime.rsp2
[178/336    0s] WriteText Library/Bee/artifacts/2400b0aE.dag/HPR.Interaction.Runtime.rsp2
[185/336    0s] WriteText Library/Bee/artifacts/2400b0aE.dag/HPR.Eventbus.Runtime.rsp2
[186/336    0s] WriteText Library/Bee/artifacts/2400b0aE.dag/HPR.Interaction.Demo.rsp2
[187/336    0s] WriteText Library/Bee/artifacts/2400b0aE.dag/HPR.Eventbus.Demo.rsp2
[188/336    0s] WriteText Library/Bee/artifacts/2400b0aE.dag/HPR.Interaction.Runtime.rsp
[197/336    0s] WriteText Library/Bee/artifacts/2400b0aE.dag/HPR.Inventory.Demo.rsp2
[206/336    0s] WriteText Library/Bee/artifacts/2400b0aE.dag/HPR.Inventory.Runtime.rsp
[208/336    0s] WriteText Library/Bee/artifacts/2400b0aE.dag/HPR.Eventbus.Runtime.rsp
[209/336    0s] WriteText Library/Bee/artifacts/2400b0aE.dag/HPR.Eventbus.Demo.rsp
[210/336    0s] WriteText Library/Bee/artifacts/2400b0aE.dag/HPR.Interaction.Demo.rsp
[211/336    0s] WriteText Library/Bee/artifacts/2400b0aE.dag/HPR.Inventory.Editor.rsp2
[215/336    0s] WriteText Library/Bee/artifacts/2400b0aE.dag/HPR.Interaction.Editor.rsp2
[217/336    0s] WriteText Library/Bee/artifacts/2400b0aE.dag/HPR.Inventory.Demo.rsp
[222/336    0s] WriteText Library/Bee/artifacts/2400b0aE.dag/HPR.Eventbus.Editor.rsp2
[228/336    0s] WriteText Library/Bee/artifacts/2400b0aE.dag/HPR.Inventory.Tests.EditMode.rsp2
[229/336    0s] WriteText Library/Bee/artifacts/2400b0aE.dag/HPR.Interaction.Editor.rsp
[230/336    0s] WriteText Library/Bee/artifacts/2400b0aE.dag/HPR.Eventbus.Editor.rsp
[231/336    0s] WriteText Library/Bee/artifacts/2400b0aE.dag/HPR.Eventbus.Tests.EditMode.rsp2
[234/336    0s] WriteText Library/Bee/artifacts/2400b0aE.dag/HPR.Interaction.Tests.EditMode.rsp2
[235/336    0s] WriteText Library/Bee/artifacts/2400b0aE.dag/HPR.Interaction.Tests.EditMode.rsp
[236/336    0s] WriteText Library/Bee/artifacts/2400b0aE.dag/HPR.Inventory.Tests.EditMode.rsp
[237/336    0s] WriteText Library/Bee/artifacts/2400b0aE.dag/HPR.Eventbus.Tests.EditMode.rsp
[238/336    0s] WriteText Library/Bee/artifacts/2400b0aE.dag/Assembly-CSharp-Editor.rsp
[239/336    0s] WriteText Library/Bee/artifacts/2400b0aE.dag/HPR.Inventory.Editor.rsp
[297/336    2s] Csc Library/Bee/artifacts/2400b0aE.dag/HPR.Eventbus.Runtime.dll (+2 others)
[298/336    0s] CopyFiles Library/ScriptAssemblies/HPR.Eventbus.Runtime.dll
[299/336    0s] CopyFiles Library/ScriptAssemblies/HPR.Eventbus.Runtime.pdb
[300/336    2s] Csc Library/Bee/artifacts/2400b0aE.dag/HPR.Inventory.Runtime.dll (+2 others)
[301/336    0s] CopyFiles Library/ScriptAssemblies/HPR.Inventory.Runtime.dll
[302/336    0s] CopyFiles Library/ScriptAssemblies/HPR.Inventory.Runtime.pdb
[303/336    0s] Csc Library/Bee/artifacts/2400b0aE.dag/HPR.Eventbus.Tests.EditMode.dll (+2 others)
[304/336    0s] Csc Library/Bee/artifacts/2400b0aE.dag/HPR.Eventbus.Demo.dll (+2 others)
[305/336    0s] CopyFiles Library/ScriptAssemblies/HPR.Eventbus.Demo.dll
[306/336    0s] CopyFiles Library/ScriptAssemblies/HPR.Eventbus.Demo.pdb
[307/336    0s] CopyFiles Library/ScriptAssemblies/HPR.Eventbus.Tests.EditMode.pdb
[308/336    0s] CopyFiles Library/ScriptAssemblies/HPR.Eventbus.Tests.EditMode.dll
[309/336    0s] Csc Library/Bee/artifacts/2400b0aE.dag/HPR.Interaction.Runtime.dll (+2 others)
[310/336    0s] Csc Library/Bee/artifacts/2400b0aE.dag/HPR.Inventory.Tests.EditMode.dll (+2 others)
[311/336    0s] Csc Library/Bee/artifacts/2400b0aE.dag/HPR.Inventory.Demo.dll (+2 others)
[312/336    0s] CopyFiles Library/ScriptAssemblies/HPR.Inventory.Demo.dll
[313/336    0s] CopyFiles Library/ScriptAssemblies/HPR.Inventory.Tests.EditMode.pdb
[314/336    0s] CopyFiles Library/ScriptAssemblies/HPR.Inventory.Tests.EditMode.dll
[315/336    0s] CopyFiles Library/ScriptAssemblies/HPR.Inventory.Demo.pdb
[316/336    0s] CopyFiles Library/ScriptAssemblies/HPR.Interaction.Runtime.pdb
[317/336    0s] CopyFiles Library/ScriptAssemblies/HPR.Interaction.Runtime.dll
[318/336    0s] Csc Library/Bee/artifacts/2400b0aE.dag/HPR.Interaction.Tests.EditMode.dll (+2 others)
[319/336    0s] Csc Library/Bee/artifacts/2400b0aE.dag/HPR.Interaction.Demo.dll (+2 others)
[320/336    0s] CopyFiles Library/ScriptAssemblies/HPR.Interaction.Demo.dll
[321/336    0s] CopyFiles Library/ScriptAssemblies/HPR.Interaction.Demo.pdb
[322/336    0s] CopyFiles Library/ScriptAssemblies/HPR.Interaction.Tests.EditMode.pdb
[323/336    0s] CopyFiles Library/ScriptAssemblies/HPR.Interaction.Tests.EditMode.dll
[324/336    0s] Csc Library/Bee/artifacts/2400b0aE.dag/HPR.Eventbus.Editor.dll (+2 others)
[325/336    0s] CopyFiles Library/ScriptAssemblies/HPR.Eventbus.Editor.dll
[326/336    0s] CopyFiles Library/ScriptAssemblies/HPR.Eventbus.Editor.pdb
[327/336    0s] Csc Library/Bee/artifacts/2400b0aE.dag/HPR.Inventory.Editor.dll (+2 others)
[328/336    0s] CopyFiles Library/ScriptAssemblies/HPR.Inventory.Editor.dll
[329/336    0s] CopyFiles Library/ScriptAssemblies/HPR.Inventory.Editor.pdb
[330/336    0s] Csc Library/Bee/artifacts/2400b0aE.dag/HPR.Interaction.Editor.dll (+2 others)
[331/336    0s] CopyFiles Library/ScriptAssemblies/HPR.Interaction.Editor.dll
[332/336    0s] CopyFiles Library/ScriptAssemblies/HPR.Interaction.Editor.pdb
[333/336    0s] Csc Library/Bee/artifacts/2400b0aE.dag/Assembly-CSharp-Editor.dll (+2 others)
[334/336    0s] CopyFiles Library/ScriptAssemblies/Assembly-CSharp-Editor.pdb
[335/336    0s] CopyFiles Library/ScriptAssemblies/Assembly-CSharp-Editor.dll
*** Tundra build success (3.51 seconds), 64 items updated, 336 evaluated
AssetDatabase: script compilation time: 6.227297s
Begin MonoManager ReloadAssembly
Assembly Assembly-CSharp-Editor-firstpass.dll at Library/ScriptAssemblies/Assembly-CSharp-Editor-firstpass.dll not valid. Loading of assembly skipped.
Assembly Assembly-CSharp-firstpass.dll at Library/ScriptAssemblies/Assembly-CSharp-firstpass.dll not valid. Loading of assembly skipped.
Assembly Assembly-CSharp.dll at Library/ScriptAssemblies/Assembly-CSharp.dll not valid. Loading of assembly skipped.
Assembly TestNewCustomAssembly.dll at Library/ScriptAssemblies/TestNewCustomAssembly.dll not valid. Loading of assembly skipped.
Assembly Unity.Multiplayer.Center.Editor.Tests.dll at Library/ScriptAssemblies/Unity.Multiplayer.Center.Editor.Tests.dll not valid. Loading of assembly skipped.
Assembly Unity.Multiplayer.Center.Tests.dll at Library/ScriptAssemblies/Unity.Multiplayer.Center.Tests.dll not valid. Loading of assembly skipped.
Assembly Unity.TextMeshPro.Editor.Tests.dll at Library/ScriptAssemblies/Unity.TextMeshPro.Editor.Tests.dll not valid. Loading of assembly skipped.
Assembly Unity.TextMeshPro.Tests.dll at Library/ScriptAssemblies/Unity.TextMeshPro.Tests.dll not valid. Loading of assembly skipped.
Assembly UnityEditor.UI.Common.Tests.dll at Library/ScriptAssemblies/UnityEditor.UI.Common.Tests.dll not valid. Loading of assembly skipped.
Assembly UnityEditor.UI.EditorTests.dll at Library/ScriptAssemblies/UnityEditor.UI.EditorTests.dll not valid. Loading of assembly skipped.
Assembly UnityEngine.UI.Tests.dll at Library/ScriptAssemblies/UnityEngine.UI.Tests.dll not valid. Loading of assembly skipped.
Start importing Assets/com.hpr.eventbus using Guid(25164968ab329e18fbbea3eb917b1523) (DefaultImporter) -> (Import Result ID: 'd2e31c028e9dbbe3d460fe1224877692') in 0.023974523 seconds [static dependencies only]. Details - ImportResultOutputID=5d9bef9cdd75c0345c10b4537e80840b DependenciesID=daa91b175159c335b3ab5c4f329d3916 StaticDependenciesID=4fef7f11b74e4c79d7f3e8ae26bbcbb3 
Start importing Assets/com.hpr.inventory using Guid(0f074d8455e81b12390eab261edb9ea2) (DefaultImporter) -> (Import Result ID: '7e81adbb526851f006bace6b34ba90c6') in 0.000854486 seconds [static dependencies only]. Details - ImportResultOutputID=cd2c7f774186b946c1bfbfd7e40ccade DependenciesID=e81db66a9de7718f52735519caa318e6 StaticDependenciesID=3935e5625e2933b19ef0891e5b00a6b2 
Start importing Assets/com.hpr.interaction using Guid(0fedae7144bd6dfd292bed6bf6238890) (DefaultImporter) -> (Import Result ID: '66d999331c0b1adeb3791eea6da9bcd5') in 0.000716058 seconds [static dependencies only]. Details - ImportResultOutputID=441b944f5ea7312fa58e5c62ea32c3b7 DependenciesID=1ce9924835e2dfd5043c3a36e0723632 StaticDependenciesID=a3d0fff136e6c71cbdf46c71ddba8654 
Native extension for LinuxStandalone target not found
ScheduleIndexationOnStartup MainProcess:True IndexOnStartup:True
Mono: successfully reloaded assembly
- Finished resetting the current domain, in  0.809 seconds
Domain Reload Profiling: 1581ms
	BeginReloadAssembly (375ms)
		DisableScriptedObjects (19ms)
		CreateAndSetChildDomain (162ms)
	RebuildCommonClasses (63ms)
	RebuildNativeTypeToScriptingClass (16ms)
	initialDomainReloadingComplete (55ms)
	LoadAllAssembliesAndSetupDomain (260ms)
		LoadAssemblies (295ms)
		AnalyzeDomain (59ms)
			TypeCache.Refresh (33ms)
				TypeCache.ScanAssembly (24ms)
			BuildScriptInfoCaches (17ms)
			ResolveRequiredComponents (6ms)
	FinalizeReload (812ms)
		SetupLoadedEditorAssemblies (0ms)
			InitializePlatformSupportModulesInManaged (36ms)
			BeforeProcessingInitializeOnLoad (247ms)
			ProcessInitializeOnLoadAttributes (153ms)
			ProcessInitializeOnLoadMethodAttributes (113ms)
			AfterProcessingInitializeOnLoad (5ms)
		AwakeInstancesAfterBackupRestoration (10ms)
Start importing Assets/com.hpr.interaction/Demo/InteractionDemo.unity using Guid(4bc8ec3709c055751989b239dbaf7642) (DefaultImporter) -> (Import Result ID: 'e1909f6a5beb074eb4e56ce7950fbf5f') in 0.000892473 seconds [static dependencies only]. Details - ImportResultOutputID=9624aee75a444dc1a3d61ddacca9293b DependenciesID=2e333d3288f94f1e4615a6956cdb326a StaticDependenciesID=ec5473e41bdb8e933db8a6bd0754cb75 
Start importing Assets/com.hpr.eventbus/package.json using Guid(948bc03d0e4b748b9cdc39bad95aba83) (TextScriptImporter) -> (Import Result ID: 'a54c4e393b4e2cb790b16ada96c2ff25') in 0.001538042 seconds [static dependencies only]. Details - ImportResultOutputID=460409d656fd9594a4ae7640bfe60eb6 DependenciesID=1c945040676850c6f42a77f51a14eb70 StaticDependenciesID=a2348f8b2d4dd373cb248000e497dbf2 
Start importing Assets/com.hpr.interaction/package.json using Guid(487fca4da50abb1b828893cafade5d5c) (TextScriptImporter) -> (Import Result ID: '610fe5653e8520b33de5485e42b4fe65') in 0.001204868 seconds [static dependencies only]. Details - ImportResultOutputID=23a486146d979f1f0c18a6fabbf0ec17 DependenciesID=bee52bba45c5df243bec703d0e1cf279 StaticDependenciesID=56817e4e23253b9460f8f2b371a3f5c8 
Start importing Assets/com.hpr.inventory/package.json using Guid(bd7db5db0ffbdc846abdac7870eb0b21) (TextScriptImporter) -> (Import Result ID: '133138d3f1debad278a1a7cd8eb1df24') in 0.001096843 seconds [static dependencies only]. Details - ImportResultOutputID=c9884928053b4df236ef0034eb915e86 DependenciesID=a7e8643fc513aff0a6e2a2655750223d StaticDependenciesID=76f6a720270cca8e203a0fbab90e8686 
(Values over 0.050ms)
Asset Pipeline Refresh (id=65726a1edf7ad80eba0a14bffd061452): Total: 8.554 seconds - Initiated by InitialRefreshV2(ForceSynchronousImport)
	Summary:
		Imports: total=7 (actual=7, local cache=0, cache server=0)
		Asset DB Process Time: managed=7 ms, native=1191 ms
		Asset DB Callback time: managed=139 ms, native=197 ms
		Scripting: domain reloads=1, domain reload time=770 ms, compile time=6231 ms, other=14 ms
		Project Asset Count: scripts=286, non-scripts=157
		Asset File Changes: new=4, changed=21, moved=87, deleted=3
		Scan Filter Count: 1
	InvokePackagesCallback: 187.580ms
	ApplyChangesToAssetFolders: 0.348ms
	Scan: 225.783ms
	OnSourceAssetsModified: 1.466ms
	CategorizeScriptCompilationAssets: 9.532ms
	ProcessAssetsWithTransientArtifactChanges: 18.922ms
	CategorizeAssets: 4.304ms
	CompileScripts: 6230.917ms
	ImportOutOfDateAssets: 852.485ms (813.801ms without children)
		ImportManagerImport: 37.897ms (6.362ms without children)
			UpdateCategorizedAssets: 0.056ms
		UnloadImportedAssets: 0.363ms
		EnsureUptoDateAssetsAreRegisteredWithGuidPM: 0.142ms
		OnDemandSchedulerStart: 0.274ms
	PostProcessAllAssets: 147.328ms
		AssemblyValidation.PostprocessAllAssets 4.973ms
		VCAutoAddAssetPostprocess 1.878ms
		LocalizationDatabase.AssetDatabasePostprocessCallback 0.128ms
		PostProcessCallbackCreateDeferredMaterials 0.095ms
		RaytracingShaderImportPostprocess 0.061ms
		ShaderAssetModifiedCallback 0.061ms
		VersionControlSettings.HiddenFilePostprocess 0.053ms
		ComputeShaderImportPostprocess 0.050ms
		MonoPostProcessAllAssets: 137.844ms
			AssetPostprocessor.OnPostprocessAllAssets 45.171ms
			StyleCatalogPostProcessor.OnPostprocessAllAssets 23.937ms
			WindowAssetPostprocessingWatcher.OnPostprocessAllAssets 16.705ms
			BuilderAssetPostprocessor.OnPostprocessAllAssets 14.956ms
			AssetChangedListener.OnPostprocessAllAssets 4.619ms
			SyncVS.PostprocessSyncProject 2.115ms
			RetainedModeAssetPostprocessor.OnPostprocessAllAssets 1.787ms
			TMPro_TexturePostProcessor.OnPostprocessAllAssets 1.410ms
			SpeedTree9Postprocessor.OnPostprocessAllAssets 1.298ms
			ArtifactBrowserPostProcessor.OnPostprocessAllAssets 1.169ms
			TextAssetPostProcessor.OnPostprocessAllAssets 1.068ms
			ReferencedClipsPostProcessor.OnPostprocessAllAssets 0.868ms
			AudioMixerPostprocessor.OnPostprocessAllAssets 0.680ms
			AssetEvents.OnPostprocessAllAssets 0.481ms
			AssetDatabaseCallbacks.OnPostprocessAllAssets 0.387ms
			ConfigAssetsTracker.OnPostprocessAllAssets 0.314ms
			TerrainToolbarOverlayPostProcessor.OnPostprocessAllAssets 0.297ms
			ScenarioDriftAssetsTracker.OnPostprocessAllAssets 0.292ms
			SpeedTreePostProcessor.OnPostprocessAllAssets 0.292ms
			AudioContainerPostProcessor.OnPostprocessAllAssets 0.173ms
			RenderPipelineGlobalSettingsPostprocessor.OnPostprocessAllAssets 0.127ms
	PostAssetChangesProfiler: 1.217ms
	UnloadStreamsBegin: 1.899ms
	PersistCurrentRevisions: 0.102ms
	GenerateScriptTypeHashes: 0.522ms
	GenerateScriptTypeSerializationHashes: 1.179ms
	Untracked: 871.010ms

Application.AssetDatabase Initial Refresh End
Scanning for USB devices : 3.760ms
Initializing Unity extensions:
UpdateMenuTitleForLanguage: 10
[MODES] ModeService[none].Initialize
[MODES] ModeService[none].LoadModes
[MODES] Loading mode Default (0) for mode-current-id-sale_com_hpr_interaction
Unloading 4 Unused Serialized files (Serialized files now loaded: 0)
Unloading 859 unused Assets / (1.3 MB). Loaded Objects now: 1461.
Memory consumption went from 90.2 MB to 88.9 MB.
Total: 14.897223 ms (FindLiveObjects: 0.175690 ms CreateObjectMapping: 0.137993 ms MarkObjects: 13.011768 ms  DeleteObjects: 1.569936 ms)

Batchmode quit successfully invoked - shutting down!
Curl error 42: Callback aborted
[Physics::Module] Cleanup current backend.
[Physics::Module] Id: 0xf2b8ea05
Input System module state changed to: ShutdownInProgress.
Input Polling Thread exited.
Input System module state changed to: Shutdown.
[Licensing::IpcConnector] LicenseClient-hans-notifications channel disconnected successfully.
[Licensing::IpcConnector] LicenseClient-hans channel disconnected successfully.
AcceleratorClientConnectionCallback - disconnected - :0
info: Microsoft.Hosting.Lifetime[0]
      Application is shutting down...
Cleanup mono
CodeReloadManager destroyed
debugger-agent: Unable to listen on 39
Exiting batchmode successfully now!
