Unity Editor version:    6000.4.0f1 (8cf496087c8f)
Branch:                  6000.4/staging
Build type:              Release
Batch mode:              YES
System name:             Linux
Distro version:          #202511241048~1764607909~24.04~df6b2b6 SMP PREEMPT_DYNAMIC Mon D
Kernel version:          6.17.9-76061709-generic
Architecture:            x86_64
Available memory:        64131 MB
Date:                    2026-04-01T08:15:43Z
[Licensing::Module] Trying to connect to existing licensing client channel...
Initialize udev device monitor.
[Licensing::IpcConnector] Channel LicenseClient-hans doesn't exist
[Licensing::Module] Successfully launched the LicensingClient (PId: 569370)

COMMAND LINE ARGUMENTS:
/data/apps/Unity/Hub/Editor/6000.4.0f1/Editor/Unity
-batchmode
-nographics
-quit
-projectPath
/data/tmp/hpr_assetstore_sale/projects/sale_com_hpr_abilities
-executeMethod
HprPackageExportRunner.ExportFromEnvironment
-logFile
/data/src/github/games/doc/logs/package_sale_prep/20260401_100411_com_hpr_abilities_export.log
Successfully changed project path to: /data/tmp/hpr_assetstore_sale/projects/sale_com_hpr_abilities
/data/tmp/hpr_assetstore_sale/projects/sale_com_hpr_abilities
[UnityMemory] Configuration Parameters - Can be set up in boot.config
    "memorysetup-temp-allocator-size-gi-baking-worker=262144"
    "memorysetup-temp-allocator-size-gi-baking-worker=262144"
    "memorysetup-temp-allocator-size-gi-baking-worker=262144"
    "memorysetup-temp-allocator-size-gi-baking-worker=262144"
    "memorysetup-temp-allocator-size-gi-baking-worker=262144"
    "memorysetup-temp-allocator-size-nav-mesh-worker=65536"
    "memorysetup-temp-allocator-size-audio-worker=65536"
    "memorysetup-temp-allocator-size-cloud-worker=32768"
    "memorysetup-allocator-temp-initial-block-size-main=262144"
    "memorysetup-allocator-temp-initial-block-size-worker=262144"
    "memorysetup-temp-allocator-size-background-worker=32768"
    "memorysetup-temp-allocator-size-job-worker=262144"
    "memorysetup-temp-allocator-size-preload-manager=33554432"
    "memorysetup-temp-allocator-size-gfx=262144"
    "memorysetup-bucket-allocator-granularity=16"
    "memorysetup-bucket-allocator-bucket-count=8"
    "memorysetup-bucket-allocator-block-size=33554432"
    "memorysetup-bucket-allocator-block-count=8"
    "memorysetup-main-allocator-block-size=16777216"
    "memorysetup-thread-allocator-block-size=16777216"
    "memorysetup-gfx-main-allocator-block-size=16777216"
    "memorysetup-gfx-thread-allocator-block-size=16777216"
    "memorysetup-cache-allocator-block-size=4194304"
    "memorysetup-typetree-allocator-block-size=2097152"
    "memorysetup-profiler-bucket-allocator-granularity=16"
    "memorysetup-profiler-bucket-allocator-bucket-count=8"
    "memorysetup-profiler-bucket-allocator-block-size=33554432"
    "memorysetup-profiler-bucket-allocator-block-count=8"
    "memorysetup-profiler-allocator-block-size=16777216"
    "memorysetup-profiler-editor-allocator-block-size=1048576"
    "memorysetup-temp-allocator-size-main=16777216"
    "memorysetup-job-temp-allocator-block-size=2097152"
    "memorysetup-job-temp-allocator-block-size-background=1048576"
    "memorysetup-job-temp-allocator-reduction-small-platforms=262144"
Player connection [123528616184640]  Target information:

Player connection [123528616184640]  * "[IP] 192.168.0.132 [Port] 55504 [Flags] 2 [Guid] 2832185024 [EditorId] 2832185024 [Version] 1048832 [Id] LinuxEditor(16,192.168.0.132) [Debug] 1 [PackageName] LinuxEditor [ProjectName] Editor" 

Player connection [123528616184640]  * "[IP] 172.17.0.1 [Port] 55504 [Flags] 2 [Guid] 2832185024 [EditorId] 2832185024 [Version] 1048832 [Id] LinuxEditor(16,192.168.0.132) [Debug] 1 [PackageName] LinuxEditor [ProjectName] Editor" 

Player connection [123528616184640]  * "[IP] 10.8.0.2 [Port] 55504 [Flags] 2 [Guid] 2832185024 [EditorId] 2832185024 [Version] 1048832 [Id] LinuxEditor(16,192.168.0.132) [Debug] 1 [PackageName] LinuxEditor [ProjectName] Editor" 

Player connection [123528616184640] Host joined multi-casting on [225.0.0.222:54997]...
Player connection [123528616184640] Host joined alternative multi-casting on [225.0.0.222:34997]...
Input System module state changed to: Initialized.
[Physics::Module] Initialized fallback backend.
[Physics::Module] Id: 0xdecafbad
[Licensing::IpcConnector] Successfully connected to: "LicenseClient-hans" at "2026-04-01T08:15:43.897855Z"
[SignatureVerifier] Application signature verification not supported on this platform.
[Package Manager] Connected to IPC stream "Upm-569359" after 0.3 seconds.
[Licensing::Module] Licensing is not yet initialized.
[Licensing::Client] Handshaking with LicensingClient:
  Version:                 1.18.1+9fbee8e
  Session Id:              09056a5efb5b4fa794d0b5bab8c47850
  Correlation Id:          fb76eac5240c4c2e924be6196e31d23c
  External correlation Id: 2507289183211596021
  Machine Id:              l9JneE/oSM2w6bwb29/I//rgSro=
[Licensing::Module] Successfully connected to LicensingClient on channel: "LicenseClient-hans" (connect: 0.38s, validation: 0.09s, handshake: 0.00s)
[Licensing::IpcConnector] Successfully connected to: "LicenseClient-hans-notifications" at "2026-04-01T08:15:43.989422Z"
[Licensing::Module] Connected to LicensingClient (PId: 569370, launch time: 0.00, total connection time: 0.47s)
[Licensing::Module] Error: Access token is unavailable; failed to update
[Licensing::Client] Successfully resolved entitlement details
[Licensing::Module] License group:
  Id: 9072370782505-UnityPersXXXX
  Product: Unity Personal
  Type: Assigned
  Expiration: Unlimited
[Licensing::Client] Successfully updated license, isAsync: True, time: 0.02
[Licensing::Client] Successfully resolved entitlement details
[Licensing::Module] Licensing Background thread has ended after 0.55s
[Licensing::Module] Licensing is initialized (took 0.16s).
[Licensing::Client] Successfully resolved entitlement details
Library Redirect Path: Library/
FMOD failed to initialize the output device.: "Error initializing output device. " (60)
Forced to initialize FMOD to to the device driver's system output rate 48000, this may impact performance and/or give inconsistent experiences compared to selected sample rate 48000
FMOD failed to initialize the output device.: "Error initializing output device. " (60)
FMOD initialized on nosound output
[Physics::Module] Selected backend.
[Physics::Module] Name: PhysX
[Physics::Module] Id: 0xf2b8ea05
[Physics::Module] SDK Version: 4.1.2
[Physics::Module] Integration Version: 1.0.0
[Physics::Module] Threading Mode: Multi-Threaded
Initialize engine version: 6000.4.0f1 (8cf496087c8f)
[Subsystems] Discovering subsystems at path /data/apps/Unity/Hub/Editor/6000.4.0f1/Editor/Data/Resources/UnitySubsystems
[Subsystems] Discovering subsystems at path /data/tmp/hpr_assetstore_sale/projects/sale_com_hpr_abilities/Assets
Forcing GfxDevice: Null
GfxDevice: creating device client; kGfxThreadingModeNonThreaded
NullGfxDevice:
    Version:  NULL 1.0 [1.0]
    Renderer: Null Device
    Vendor:   Unity Technologies
Initialize mono
Mono path[0] = '/data/apps/Unity/Hub/Editor/6000.4.0f1/Editor/Data/Managed'
Mono path[1] = '/data/apps/Unity/Hub/Editor/6000.4.0f1/Editor/Data/MonoBleedingEdge/lib/mono/unityjit-linux'
Mono config path = '/data/apps/Unity/Hub/Editor/6000.4.0f1/Editor/Data/MonoBleedingEdge/etc'
Using monoOptions --debugger-agent=transport=dt_socket,embedding=1,server=y,suspend=n,address=127.0.0.1:56359
CodeReloadManager initialized
Using cacheserver namespaces - metadata:defaultmetadata, artifacts:defaultartifacts
Using cacheserver namespaces - metadata:defaultmetadata, artifacts:defaultartifacts
ImportWorker Server TCP listen port: 0
AcceleratorClientConnectionCallback - disconnected - :0
Begin MonoManager ReloadAssembly
Registering precompiled unity dll's ...
Register platform support module: /data/apps/Unity/Hub/Editor/6000.4.0f1/Editor/Data/PlaybackEngines/LinuxStandaloneSupport/UnityEditor.LinuxStandalone.Extensions.dll
Registered in 0.001635 seconds.
Native extension for LinuxStandalone target not found
Package Manager log level set to [2]
[Licensing::Client] Successfully resolved entitlement details
ScheduleIndexationOnStartup MainProcess:False IndexOnStartup:False
Mono: successfully reloaded assembly
- Finished resetting the current domain, in  1.363 seconds
Domain Reload Profiling: 1890ms
	BeginReloadAssembly (109ms)
		CreateAndSetChildDomain (17ms)
	RebuildCommonClasses (50ms)
	RebuildNativeTypeToScriptingClass (13ms)
	initialDomainReloadingComplete (73ms)
	LoadAllAssembliesAndSetupDomain (279ms)
		LoadAssemblies (92ms)
		AnalyzeDomain (266ms)
			TypeCache.Refresh (265ms)
				TypeCache.ScanAssembly (247ms)
	FinalizeReload (1365ms)
		SetupLoadedEditorAssemblies (0ms)
			InitializePlatformSupportModulesInManaged (71ms)
			BeforeProcessingInitializeOnLoad (125ms)
			ProcessInitializeOnLoadAttributes (153ms)
			ProcessInitializeOnLoadMethodAttributes (916ms)
[Licensing::Client] Successfully resolved entitlement details
Application.AssetDatabase Initial Refresh Start
[Package Manager] Restoring resolved packages state from cache
[Licensing::Client] Successfully resolved entitlement details
[Package Manager] Registered 40 packages:
  Built-in packages:
    com.unity.multiplayer.center@1.0.1 (location: /data/tmp/hpr_assetstore_sale/projects/sale_com_hpr_abilities/Library/PackageCache/com.unity.multiplayer.center@53ad5a5c2bfb)
    com.unity.modules.accessibility@1.0.0 (location: /data/tmp/hpr_assetstore_sale/projects/sale_com_hpr_abilities/Library/PackageCache/com.unity.modules.accessibility)
    com.unity.modules.adaptiveperformance@1.0.0 (location: /data/tmp/hpr_assetstore_sale/projects/sale_com_hpr_abilities/Library/PackageCache/com.unity.modules.adaptiveperformance)
    com.unity.modules.ai@1.0.0 (location: /data/tmp/hpr_assetstore_sale/projects/sale_com_hpr_abilities/Library/PackageCache/com.unity.modules.ai)
    com.unity.modules.androidjni@1.0.0 (location: /data/tmp/hpr_assetstore_sale/projects/sale_com_hpr_abilities/Library/PackageCache/com.unity.modules.androidjni)
    com.unity.modules.animation@1.0.0 (location: /data/tmp/hpr_assetstore_sale/projects/sale_com_hpr_abilities/Library/PackageCache/com.unity.modules.animation)
    com.unity.modules.assetbundle@1.0.0 (location: /data/tmp/hpr_assetstore_sale/projects/sale_com_hpr_abilities/Library/PackageCache/com.unity.modules.assetbundle)
    com.unity.modules.audio@1.0.0 (location: /data/tmp/hpr_assetstore_sale/projects/sale_com_hpr_abilities/Library/PackageCache/com.unity.modules.audio)
    com.unity.modules.cloth@1.0.0 (location: /data/tmp/hpr_assetstore_sale/projects/sale_com_hpr_abilities/Library/PackageCache/com.unity.modules.cloth)
    com.unity.modules.director@1.0.0 (location: /data/tmp/hpr_assetstore_sale/projects/sale_com_hpr_abilities/Library/PackageCache/com.unity.modules.director)
    com.unity.modules.imageconversion@1.0.0 (location: /data/tmp/hpr_assetstore_sale/projects/sale_com_hpr_abilities/Library/PackageCache/com.unity.modules.imageconversion)
    com.unity.modules.imgui@1.0.0 (location: /data/tmp/hpr_assetstore_sale/projects/sale_com_hpr_abilities/Library/PackageCache/com.unity.modules.imgui)
    com.unity.modules.jsonserialize@1.0.0 (location: /data/tmp/hpr_assetstore_sale/projects/sale_com_hpr_abilities/Library/PackageCache/com.unity.modules.jsonserialize)
    com.unity.modules.particlesystem@1.0.0 (location: /data/tmp/hpr_assetstore_sale/projects/sale_com_hpr_abilities/Library/PackageCache/com.unity.modules.particlesystem)
    com.unity.modules.physics@1.0.0 (location: /data/tmp/hpr_assetstore_sale/projects/sale_com_hpr_abilities/Library/PackageCache/com.unity.modules.physics)
    com.unity.modules.physics2d@1.0.0 (location: /data/tmp/hpr_assetstore_sale/projects/sale_com_hpr_abilities/Library/PackageCache/com.unity.modules.physics2d)
    com.unity.modules.screencapture@1.0.0 (location: /data/tmp/hpr_assetstore_sale/projects/sale_com_hpr_abilities/Library/PackageCache/com.unity.modules.screencapture)
    com.unity.modules.terrain@1.0.0 (location: /data/tmp/hpr_assetstore_sale/projects/sale_com_hpr_abilities/Library/PackageCache/com.unity.modules.terrain)
    com.unity.modules.terrainphysics@1.0.0 (location: /data/tmp/hpr_assetstore_sale/projects/sale_com_hpr_abilities/Library/PackageCache/com.unity.modules.terrainphysics)
    com.unity.modules.tilemap@1.0.0 (location: /data/tmp/hpr_assetstore_sale/projects/sale_com_hpr_abilities/Library/PackageCache/com.unity.modules.tilemap)
    com.unity.modules.ui@1.0.0 (location: /data/tmp/hpr_assetstore_sale/projects/sale_com_hpr_abilities/Library/PackageCache/com.unity.modules.ui)
    com.unity.modules.uielements@1.0.0 (location: /data/tmp/hpr_assetstore_sale/projects/sale_com_hpr_abilities/Library/PackageCache/com.unity.modules.uielements)
    com.unity.modules.umbra@1.0.0 (location: /data/tmp/hpr_assetstore_sale/projects/sale_com_hpr_abilities/Library/PackageCache/com.unity.modules.umbra)
    com.unity.modules.unityanalytics@1.0.0 (location: /data/tmp/hpr_assetstore_sale/projects/sale_com_hpr_abilities/Library/PackageCache/com.unity.modules.unityanalytics)
    com.unity.modules.unitywebrequest@1.0.0 (location: /data/tmp/hpr_assetstore_sale/projects/sale_com_hpr_abilities/Library/PackageCache/com.unity.modules.unitywebrequest)
    com.unity.modules.unitywebrequestassetbundle@1.0.0 (location: /data/tmp/hpr_assetstore_sale/projects/sale_com_hpr_abilities/Library/PackageCache/com.unity.modules.unitywebrequestassetbundle)
    com.unity.modules.unitywebrequestaudio@1.0.0 (location: /data/tmp/hpr_assetstore_sale/projects/sale_com_hpr_abilities/Library/PackageCache/com.unity.modules.unitywebrequestaudio)
    com.unity.modules.unitywebrequesttexture@1.0.0 (location: /data/tmp/hpr_assetstore_sale/projects/sale_com_hpr_abilities/Library/PackageCache/com.unity.modules.unitywebrequesttexture)
    com.unity.modules.unitywebrequestwww@1.0.0 (location: /data/tmp/hpr_assetstore_sale/projects/sale_com_hpr_abilities/Library/PackageCache/com.unity.modules.unitywebrequestwww)
    com.unity.modules.vectorgraphics@1.0.0 (location: /data/tmp/hpr_assetstore_sale/projects/sale_com_hpr_abilities/Library/PackageCache/com.unity.modules.vectorgraphics)
    com.unity.modules.vehicles@1.0.0 (location: /data/tmp/hpr_assetstore_sale/projects/sale_com_hpr_abilities/Library/PackageCache/com.unity.modules.vehicles)
    com.unity.modules.video@1.0.0 (location: /data/tmp/hpr_assetstore_sale/projects/sale_com_hpr_abilities/Library/PackageCache/com.unity.modules.video)
    com.unity.modules.vr@1.0.0 (location: /data/tmp/hpr_assetstore_sale/projects/sale_com_hpr_abilities/Library/PackageCache/com.unity.modules.vr)
    com.unity.modules.wind@1.0.0 (location: /data/tmp/hpr_assetstore_sale/projects/sale_com_hpr_abilities/Library/PackageCache/com.unity.modules.wind)
    com.unity.modules.xr@1.0.0 (location: /data/tmp/hpr_assetstore_sale/projects/sale_com_hpr_abilities/Library/PackageCache/com.unity.modules.xr)
    com.unity.ugui@2.0.0 (location: /data/tmp/hpr_assetstore_sale/projects/sale_com_hpr_abilities/Library/PackageCache/com.unity.ugui@288051c775ab)
    com.unity.test-framework@1.6.0 (location: /data/tmp/hpr_assetstore_sale/projects/sale_com_hpr_abilities/Library/PackageCache/com.unity.test-framework@f63be82e0d2e)
    com.unity.ext.nunit@2.0.5 (location: /data/tmp/hpr_assetstore_sale/projects/sale_com_hpr_abilities/Library/PackageCache/com.unity.ext.nunit@ec2d0043d6fc)
    com.unity.modules.subsystems@1.0.0 (location: /data/tmp/hpr_assetstore_sale/projects/sale_com_hpr_abilities/Library/PackageCache/com.unity.modules.subsystems)
    com.unity.modules.hierarchycore@1.0.0 (location: /data/tmp/hpr_assetstore_sale/projects/sale_com_hpr_abilities/Library/PackageCache/com.unity.modules.hierarchycore)
[Subsystems] No new subsystems found in resolved package list.
[Package Manager] Done registering packages in 0.01 seconds
info: Microsoft.Hosting.Lifetime[14]
      Now listening on: http://unix:/tmp/ilpp.sock-e6adeec390d7770d14023a7f7337f9f4
info: Microsoft.Hosting.Lifetime[0]
      Application started. Press Ctrl+C to shut down.
info: Microsoft.Hosting.Lifetime[0]
      Hosting environment: Production
info: Microsoft.Hosting.Lifetime[0]
      Content root path: /data/tmp/hpr_assetstore_sale/projects/sale_com_hpr_abilities
info: Microsoft.AspNetCore.Hosting.Diagnostics[1]
      Request starting HTTP/2 POST http://ilpp/UnityILPP.PostProcessing/Ping - application/grpc -
info: Microsoft.AspNetCore.Routing.EndpointMiddleware[0]
      Executing endpoint 'gRPC - /UnityILPP.PostProcessing/Ping'
info: Microsoft.AspNetCore.Routing.EndpointMiddleware[1]
      Executed endpoint 'gRPC - /UnityILPP.PostProcessing/Ping'
info: Microsoft.AspNetCore.Hosting.Diagnostics[2]
      Request finished HTTP/2 POST http://ilpp/UnityILPP.PostProcessing/Ping - 200 - application/grpc 40.2807ms
Starting: /data/apps/Unity/Hub/Editor/6000.4.0f1/Editor/Data/Tools/BuildPipeline/bee_backend --ipc --defer-dag-verification --dagfile="Library/Bee/2400b0aE.dag" --continue-on-failure --profile="Library/Bee/backend1.traceevents" ScriptAssemblies
WorkingDir: /data/tmp/hpr_assetstore_sale/projects/sale_com_hpr_abilities
DisplayProgressbar: Compiling Scripts
ExitCode: 0 Duration: 0s124ms
*** Tundra build success (0.09 seconds), 0 items updated, 336 evaluated
AssetDatabase: script compilation time: 0.594596s
Begin MonoManager ReloadAssembly
Assembly Assembly-CSharp-Editor-firstpass.dll at Library/ScriptAssemblies/Assembly-CSharp-Editor-firstpass.dll not valid. Loading of assembly skipped.
Assembly Assembly-CSharp-firstpass.dll at Library/ScriptAssemblies/Assembly-CSharp-firstpass.dll not valid. Loading of assembly skipped.
Assembly Assembly-CSharp.dll at Library/ScriptAssemblies/Assembly-CSharp.dll not valid. Loading of assembly skipped.
Assembly TestNewCustomAssembly.dll at Library/ScriptAssemblies/TestNewCustomAssembly.dll not valid. Loading of assembly skipped.
Assembly Unity.Multiplayer.Center.Editor.Tests.dll at Library/ScriptAssemblies/Unity.Multiplayer.Center.Editor.Tests.dll not valid. Loading of assembly skipped.
Assembly Unity.Multiplayer.Center.Tests.dll at Library/ScriptAssemblies/Unity.Multiplayer.Center.Tests.dll not valid. Loading of assembly skipped.
Assembly Unity.TextMeshPro.Editor.Tests.dll at Library/ScriptAssemblies/Unity.TextMeshPro.Editor.Tests.dll not valid. Loading of assembly skipped.
Assembly Unity.TextMeshPro.Tests.dll at Library/ScriptAssemblies/Unity.TextMeshPro.Tests.dll not valid. Loading of assembly skipped.
Assembly UnityEditor.UI.Common.Tests.dll at Library/ScriptAssemblies/UnityEditor.UI.Common.Tests.dll not valid. Loading of assembly skipped.
Assembly UnityEditor.UI.EditorTests.dll at Library/ScriptAssemblies/UnityEditor.UI.EditorTests.dll not valid. Loading of assembly skipped.
Assembly UnityEngine.UI.Tests.dll at Library/ScriptAssemblies/UnityEngine.UI.Tests.dll not valid. Loading of assembly skipped.
Native extension for LinuxStandalone target not found
ScheduleIndexationOnStartup MainProcess:True IndexOnStartup:True
Mono: successfully reloaded assembly
- Finished resetting the current domain, in  0.596 seconds
Domain Reload Profiling: 1194ms
	BeginReloadAssembly (310ms)
		DisableScriptedObjects (15ms)
		CreateAndSetChildDomain (153ms)
	RebuildCommonClasses (52ms)
	RebuildNativeTypeToScriptingClass (13ms)
	initialDomainReloadingComplete (42ms)
	LoadAllAssembliesAndSetupDomain (178ms)
		LoadAssemblies (202ms)
		AnalyzeDomain (46ms)
			TypeCache.Refresh (28ms)
				TypeCache.ScanAssembly (21ms)
			BuildScriptInfoCaches (14ms)
			ResolveRequiredComponents (3ms)
	FinalizeReload (598ms)
		SetupLoadedEditorAssemblies (0ms)
			InitializePlatformSupportModulesInManaged (28ms)
			BeforeProcessingInitializeOnLoad (170ms)
			ProcessInitializeOnLoadAttributes (114ms)
			ProcessInitializeOnLoadMethodAttributes (79ms)
			AfterProcessingInitializeOnLoad (4ms)
		AwakeInstancesAfterBackupRestoration (7ms)
(Values over 0.050ms)
Asset Pipeline Refresh (id=b51b2dabe177906788610da616fa9dcd): Total: 2.076 seconds - Initiated by InitialRefreshV2(ForceSynchronousImport)
	Summary:
		Imports: total=0 (actual=0, local cache=0, cache server=0)
		Asset DB Process Time: managed=0 ms, native=829 ms
		Asset DB Callback time: managed=28 ms, native=6 ms
		Scripting: domain reloads=1, domain reload time=596 ms, compile time=598 ms, other=15 ms
		Project Asset Count: scripts=286, non-scripts=156
		Asset File Changes: new=0, changed=0, moved=0, deleted=0
		Scan Filter Count: 1
	InvokePackagesCallback: 6.839ms
	ApplyChangesToAssetFolders: 0.304ms
	Scan: 122.489ms
	CategorizeScriptCompilationAssets: 9.075ms
	ProcessAssetsWithTransientArtifactChanges: 14.481ms
	CategorizeAssets: 3.537ms
	CompileScripts: 597.879ms
	ImportOutOfDateAssets: 599.734ms (599.130ms without children)
		UnloadImportedAssets: 0.291ms
		EnsureUptoDateAssetsAreRegisteredWithGuidPM: 0.098ms
		OnDemandSchedulerStart: 0.213ms
	PostProcessAllAssets: 28.074ms
		MonoPostProcessAllAssets: 28.010ms
			WindowAssetPostprocessingWatcher.OnPostprocessAllAssets 11.587ms
			SyncVS.PostprocessSyncProject 2.091ms
			SpeedTree9Postprocessor.OnPostprocessAllAssets 1.065ms
			ReferencedClipsPostProcessor.OnPostprocessAllAssets 0.491ms
			TerrainToolbarOverlayPostProcessor.OnPostprocessAllAssets 0.342ms
			AssetDatabaseCallbacks.OnPostprocessAllAssets 0.227ms
			RenderPipelineGlobalSettingsPostprocessor.OnPostprocessAllAssets 0.105ms
	UnloadStreamsBegin: 1.945ms
	GenerateScriptTypeHashes: 0.496ms
	GenerateScriptTypeSerializationHashes: 1.088ms
	Untracked: 691.167ms

Application.AssetDatabase Initial Refresh End
Scanning for USB devices : 2.639ms
Initializing Unity extensions:
UpdateMenuTitleForLanguage: 10
[MODES] ModeService[none].Initialize
[MODES] ModeService[none].LoadModes
[MODES] Loading mode Default (0) for mode-current-id-sale_com_hpr_abilities
Unloading 4 Unused Serialized files (Serialized files now loaded: 0)
Unloading 859 unused Assets / (1.3 MB). Loaded Objects now: 1459.
Memory consumption went from 89.1 MB to 87.8 MB.
Total: 7.596385 ms (FindLiveObjects: 0.115813 ms CreateObjectMapping: 0.070083 ms MarkObjects: 6.421203 ms  DeleteObjects: 0.988333 ms)

Asset Pipeline Refresh (id=8b1d1473d87377cfa836cbfab9734bd7): Total: 0.042 seconds - Initiated by RefreshV2(NoUpdateAssetOptions)
Starting new worker id: 0 with log in /data/tmp/hpr_assetstore_sale/projects/sale_com_hpr_abilities/Logs/AssetImportWorker0.log
Starting new worker id: 1 with log in /data/tmp/hpr_assetstore_sale/projects/sale_com_hpr_abilities/Logs/AssetImportWorker1.log
Worker ready: AssetImportWorker0 0
Worker ready: AssetImportWorker1 1
[Worker1] Start importing Assets/com.hpr.eventbus/Demo/HPR.Eventbus.Demo.asmdef using Guid(ed9d2a9eb4ff26471853a7399b3c0cab) Importer(815301076,1909f56bfc062723c751e8b465ee728b) 
[Worker1] (PreviewImporter)
[Worker1]  -> (Import Result ID: '9e59e25883625e5cd524a28b1d111d45') in 0.002400944 seconds [static and dynamic dependencies]. Details - ImportResultOutputID=215bc038353fd73762354d739abdf774 DependenciesID=4ed79bff9f9262f1444eaf77cf347395 StaticDependenciesID=99e9862d40c1d56d4a5a6e4e2e69c9e2 
[Worker0] Start importing Assets/com.hpr.stats/ThirdPartyNotices.md using Guid(b06ef92906313371b8d27b1e60e783cc) Importer(815301076,1909f56bfc062723c751e8b465ee728b) 
[Worker0] (PreviewImporter)
[Worker0]  -> (Import Result ID: '906ed1b22f7838a68dbae148bb8508c3') in 0.023905983 seconds [static and dynamic dependencies]. Details - ImportResultOutputID=1b831bcb9fc1d0673a8aad093d6a3702 DependenciesID=ea87219d74b29d409f7e11e685d026d6 StaticDependenciesID=8e40bdca4964e192f6d0ba287f6e162a 
[Worker0] Start importing Assets/com.hpr.eventbus/Runtime/EventBus.cs using Guid(6281971743ee4906c9c6ab7a8fba22b2) Importer(815301076,1909f56bfc062723c751e8b465ee728b) 
[Worker0] (PreviewImporter)
[Worker0]  -> (Import Result ID: '1d888872495ed42410421126859fe9d8') in 0.000583124 seconds [static and dynamic dependencies]. Details - ImportResultOutputID=9ecefcd9266b5d741c2999d6020b24b8 DependenciesID=16ac19ebb0ace91ac4b9ecf643916ff4 StaticDependenciesID=5b5c1fb8a9d1662c221a0111e302a32c 
[Worker0] Start importing Assets/com.hpr.abilities/Tests using Guid(d209f62f0ea14e6886a5715d1c3f54e8) Importer(815301076,1909f56bfc062723c751e8b465ee728b) 
[Worker0] (PreviewImporter)
[Worker0]  -> (Import Result ID: '1d23618c88f41ce5ce7152e16d7ed897') in 0.000300798 seconds [static and dynamic dependencies]. Details - ImportResultOutputID=d29f65f491cccebe0bc3acfc20eac56f DependenciesID=39e533848b975f60ffc7bbc0a97bd499 StaticDependenciesID=6da536c3d39ef2f99889c666de88c177 
[Worker0] Start importing Assets/com.hpr.abilities/Demo/AbilitiesDemoController.cs using Guid(bb5f5082fe240016a8efb6cd4262562c) Importer(815301076,1909f56bfc062723c751e8b465ee728b) 
[Worker0] (PreviewImporter)
[Worker0]  -> (Import Result ID: 'dc0e482028209b27a37cfaddfdf76fa1') in 0.000549361 seconds [static and dynamic dependencies]. Details - ImportResultOutputID=fcae0ee60febe295b97b27ceca37ec56 DependenciesID=f918a084ff4563c47a77aea513e46382 StaticDependenciesID=39a1181f19d67f08d7a87713372b28bc 
[Worker0] Start importing Assets/com.hpr.eventbus/Demo using Guid(d9f15e5aa687a3860aaeb7cea6c8ad11) Importer(815301076,1909f56bfc062723c751e8b465ee728b) 
[Worker0] (PreviewImporter)
[Worker0]  -> (Import Result ID: '1641795c8de2f4d1df152fab63fe30e0') in 0.000317009 seconds [static and dynamic dependencies]. Details - ImportResultOutputID=fc052ae103ce1a840d2ef708dc9e2421 DependenciesID=e60cdc9461a07326626d93605f4f8a98 StaticDependenciesID=44755609100d58ee0058ad5847c00a88 
[Worker0] Start importing Assets/com.hpr.eventbus/Runtime/Services using Guid(3bf6a4ae8368126b1a965082be93127c) Importer(815301076,1909f56bfc062723c751e8b465ee728b) 
[Worker0] (PreviewImporter)
[Worker0]  -> (Import Result ID: 'b7640720f95ba3b2c13d200279476755') in 0.00055757 seconds [static and dynamic dependencies]. Details - ImportResultOutputID=95a313307f40b1b87b3d7b99903bce34 DependenciesID=5a5a37c8af1e9d55c6c329f1e008c460 StaticDependenciesID=91300388e7cb5310146587f6f1f4dd79 
[Worker0] Start importing Assets/com.hpr.eventbus/Demo/EventBusDemo.unity using Guid(3f644059f4e8d72c8bc9000d23046fa7) Importer(815301076,1909f56bfc062723c751e8b465ee728b) 
[Worker0] (PreviewImporter)
[Worker0]  -> (Import Result ID: '9144dd5f135fc1b567b05829024b26d8') in 0.000342258 seconds [static and dynamic dependencies]. Details - ImportResultOutputID=d6d1995a19f2f136181b3cdf68c88b7d DependenciesID=fed45e018d99ba545bf8be092cd5da37 StaticDependenciesID=bee3ec4b58c1e8ce26523c5bb94165e1 
[Worker0] Start importing Assets/com.hpr.abilities/Editor/HPR.Abilities.Editor.asmdef using Guid(da6a35ae4afa20116828c6b907e99cf8) Importer(815301076,1909f56bfc062723c751e8b465ee728b) 
[Worker0] (PreviewImporter)
[Worker0]  -> (Import Result ID: '5ca82cff504f7d3d90cd3d8a3c3d7737') in 0.000313549 seconds [static and dynamic dependencies]. Details - ImportResultOutputID=9aa90e55097fd8628e6f405758dd2f1d DependenciesID=82198042480904edb27a368efeb105bf StaticDependenciesID=534b35819b2934ea67e08bc402af4cf2 
[Worker0] Start importing Assets/com.hpr.stats/Editor/StatsEditorMarker.cs using Guid(e425e39ab645b11478dd5b26aee1c129) Importer(815301076,1909f56bfc062723c751e8b465ee728b) 
[Worker0] (PreviewImporter)
[Worker0]  -> (Import Result ID: '3b57d7c17bb0c8eb7e0a25284fd13ad9') in 0.00033365 seconds [static and dynamic dependencies]. Details - ImportResultOutputID=c7656b400defa0486a64bb80ee3667d3 DependenciesID=758be68d8d9975e13703f87deb47af11 StaticDependenciesID=0b573da57739a8ace13ab774274f317a 
[Worker0] Start importing Assets/com.hpr.stats using Guid(2fd448feb87b3251cbb097c782453a37) Importer(815301076,1909f56bfc062723c751e8b465ee728b) 
[Worker0] (PreviewImporter)
[Worker0]  -> (Import Result ID: '1159b189e515b50888d04211bb55054b') in 0.000263014 seconds [static and dynamic dependencies]. Details - ImportResultOutputID=bedefce2817db843a05503f30c008d42 DependenciesID=c7b146cbe542bed310c6f3f512e2f934 StaticDependenciesID=ef1fa774ea186589fa919c0cb2a45abe 
[Worker0] Start importing Assets/com.hpr.abilities/CHANGELOG.md using Guid(56bec3b33547fe94b981fdae11d5f8e6) Importer(815301076,1909f56bfc062723c751e8b465ee728b) 
[Worker0] (PreviewImporter)
[Worker0]  -> (Import Result ID: 'b756017095a862a2d99db02f5e25a25f') in 0.000634039 seconds [static and dynamic dependencies]. Details - ImportResultOutputID=6fe46c07bb463c525c8697814d6bc0a9 DependenciesID=106a961d91bcded2cd15181486f9a210 StaticDependenciesID=fe3102be5ac9404ad384a64a4d9503bd 
[Worker0] Start importing Assets/com.hpr.eventbus/README.md using Guid(16bcddae5f84fe26b5bbd642bd540a6b) Importer(815301076,1909f56bfc062723c751e8b465ee728b) 
[Worker0] (PreviewImporter)
[Worker0]  -> (Import Result ID: '2186f9c22990a766a778993e71a1e92c') in 0.000607229 seconds [static and dynamic dependencies]. Details - ImportResultOutputID=176b991e76c3484dbeea584a389e0a4c DependenciesID=aabe5bf3fc70253d853372f5eec5adc3 StaticDependenciesID=e73140176439931a6c229e54f99b13c7 
[Worker0] Start importing Assets/com.hpr.eventbus/Editor/EventBusDemoSceneBuilder.cs using Guid(61193554056a8a629bf4a346cc59b58d) Importer(815301076,1909f56bfc062723c751e8b465ee728b) 
[Worker0] (PreviewImporter)
[Worker0]  -> (Import Result ID: '4c8193c3b27821761adfc9ad754ab25a') in 0.000270264 seconds [static and dynamic dependencies]. Details - ImportResultOutputID=ef02bb5f90581a96fc9da1ad978eeacd DependenciesID=5fc8559a0cea95991fe42f9244387dcb StaticDependenciesID=b0b1f0ec4d4166ad7efb52112e33e61a 
[Worker0] Start importing Assets/com.hpr.stats/Runtime/DamageableTargetProxy.cs using Guid(fd58ca3b05120c1c88a1e57f35efdf29) Importer(815301076,1909f56bfc062723c751e8b465ee728b) 
[Worker0] (PreviewImporter)
[Worker0]  -> (Import Result ID: '6bee016fb58b70aca0e9a1d111ff2b2c') in 0.00025647 seconds [static and dynamic dependencies]. Details - ImportResultOutputID=58966469bec683213c080e7779cdc5f1 DependenciesID=a69b211416da8b27d34c373c6514f1fb StaticDependenciesID=b3158ff1628eb3965b252d82113770c7 
[Worker0] Start importing Assets/com.hpr.eventbus/Runtime using Guid(1c8edce3ac6d49c79b06803eac747fa5) Importer(815301076,1909f56bfc062723c751e8b465ee728b) 
[Worker0] (PreviewImporter)
[Worker0]  -> (Import Result ID: '2d965fa0237eeff66099428f7c9bfb17') in 0.00025506 seconds [static and dynamic dependencies]. Details - ImportResultOutputID=f2ffc86cde2bd2a738e1619ae3a97f30 DependenciesID=ece9f3691749b1f7dc4a0c3cf0229dea StaticDependenciesID=dee2f59498802bbb9ed9e3251e7a4901 
[Worker0] Start importing Assets/com.hpr.stats/Demo using Guid(c08584d55a01776278671c92a3c8e9e1) Importer(815301076,1909f56bfc062723c751e8b465ee728b) 
[Worker0] (PreviewImporter)
[Worker0]  -> (Import Result ID: 'cc2b43ddaa6e0205f83f76452b613c62') in 0.000233961 seconds [static and dynamic dependencies]. Details - ImportResultOutputID=70500b0c7a270c3383a1491f34fc53f1 DependenciesID=cab645237f04d345089de1548580ded3 StaticDependenciesID=f65a8d7801950aa5b0315f7c081724b4 
[Worker0] Start importing Assets/com.hpr.stats/Editor/HPR.Stats.Editor.asmdef using Guid(bb9e83ef57d27ec23f04e39fa90dfc3d) Importer(815301076,1909f56bfc062723c751e8b465ee728b) 
[Worker0] (PreviewImporter)
[Worker0]  -> (Import Result ID: '983ce3ae49e9d50d54e32750b70863d3') in 0.000329885 seconds [static and dynamic dependencies]. Details - ImportResultOutputID=b34f9212065eeb36c9e595dced44b159 DependenciesID=5f67ed0a27301b004ad60c89d3f6bf83 StaticDependenciesID=6a38fa9f9591819da3e3a7e44c88cb67 
[Worker0] Start importing Assets/com.hpr.abilities/Demo/ShockPulse.asset using Guid(9c96f492f964876dbbe47a1463f76bae) Importer(815301076,1909f56bfc062723c751e8b465ee728b) 
[Worker0] (PreviewImporter)
[Worker0]  -> (Import Result ID: '8a1a3b9f6643b019a4cf1f46957cc516') in 0.001282781 seconds [static and dynamic dependencies]. Details - ImportResultOutputID=12fe4dd08fed467ac8e4c594c09168ab DependenciesID=615111aac3a6d6fbb2c105b5947423ad StaticDependenciesID=2a6295e1639fa2042d712813b2485c22 
[Worker0] Start importing Assets/com.hpr.eventbus/Editor using Guid(b306e4c90f2ac072b9261141f650d61d) Importer(815301076,1909f56bfc062723c751e8b465ee728b) 
[Worker0] (PreviewImporter)
[Worker0]  -> (Import Result ID: 'be78cf65b5a2a8174cd5fe7c48c7faba') in 0.000252759 seconds [static and dynamic dependencies]. Details - ImportResultOutputID=1db5084b34f582c238f8a727bd2d4d76 DependenciesID=47ebb730f9cda8408687cce8a79c3f0e StaticDependenciesID=26d7b895ee4b830ff3d9d0f1c501cd64 
[Worker0] Start importing Assets/com.hpr.eventbus/Editor/EventBusPackageValidator.cs using Guid(d058a268577311a24b571196efdcf655) Importer(815301076,1909f56bfc062723c751e8b465ee728b) 
[Worker0] (PreviewImporter)
[Worker0]  -> (Import Result ID: '748b92ea3a0dd3d5a2833b9294eb8c3b') in 0.000300956 seconds [static and dynamic dependencies]. Details - ImportResultOutputID=fa584dde00dc077769e5d69cd2b5c9c8 DependenciesID=9e630feea9205d83b1bd76a2b13a8f18 StaticDependenciesID=07d2f1cd7687bb979225426282789de3 
[Worker0] Start importing Assets/com.hpr.stats/Editor using Guid(ddf39010165f56f9489d63db40d63275) Importer(815301076,1909f56bfc062723c751e8b465ee728b) 
[Worker0] (PreviewImporter)
[Worker0]  -> (Import Result ID: '7d9b0bb993a300c6f67f8396df003108') in 0.000343047 seconds [static and dynamic dependencies]. Details - ImportResultOutputID=79deaa41cbc5854b24f744bdd15b1cb4 DependenciesID=ce40fa34036ab5e8a8405e8da7409cfa StaticDependenciesID=01817c24c97d626e5cf8f50d4dfa4e31 
[Worker0] Start importing Assets/com.hpr.abilities/Editor/AbilitiesPackageValidator.cs using Guid(664f432bf934b408d8e8442918e27368) Importer(815301076,1909f56bfc062723c751e8b465ee728b) 
[Worker0] (PreviewImporter)
[Worker0]  -> (Import Result ID: '6f03f7f439393b990346c61281a71e7c') in 0.000356049 seconds [static and dynamic dependencies]. Details - ImportResultOutputID=1b1e2fc139a4c3ba22fe382759dc2556 DependenciesID=60e8391c4566b8af5615be0473227f10 StaticDependenciesID=4977e823a909ff44a4da4afd65209376 
[Worker0] Start importing Assets/com.hpr.eventbus/Tests/EditMode using Guid(93f59819a918414e93f94b4b65dc40ac) Importer(815301076,1909f56bfc062723c751e8b465ee728b) 
[Worker0] (PreviewImporter)
[Worker0]  -> (Import Result ID: '6b7d6d50465a0a8dc16f3b9b710a65e0') in 0.000310312 seconds [static and dynamic dependencies]. Details - ImportResultOutputID=717a86b754ed4f898e78f3103da3ad2b DependenciesID=095cca05dd12427f47b5111c40ad8c7c StaticDependenciesID=700abfce75df59167074c981e3108a32 
[Worker0] Start importing Assets/com.hpr.stats/Tests using Guid(2b73a22bf64e4521a7c80bb524ceb354) Importer(815301076,1909f56bfc062723c751e8b465ee728b) 
[Worker0] (PreviewImporter)
[Worker0]  -> (Import Result ID: '8b4382e54a518a274756e2740965c4ab') in 0.000219535 seconds [static and dynamic dependencies]. Details - ImportResultOutputID=03dd262a47110130c1e8107e82490536 DependenciesID=8401fcc4a1a2fdff02b424bc976608ec StaticDependenciesID=77dd312de54374a2f6c457b1c39ad356 
[Worker0] Start importing Assets/com.hpr.eventbus/Tests/EditMode/HPR.Eventbus.Tests.EditMode.asmdef using Guid(18f9dc004cd44396a46d515cedce1b8f) Importer(815301076,1909f56bfc062723c751e8b465ee728b) 
[Worker0] (PreviewImporter)
[Worker0]  -> (Import Result ID: '4d06aa7834408b5c9f4ee6a5f348c70c') in 0.000402589 seconds [static and dynamic dependencies]. Details - ImportResultOutputID=71af55f6ad03ab0c982f978e92a1f151 DependenciesID=b9866827827e9a17120d6ce12b3a501a StaticDependenciesID=4c2ec4df713535954dc2ae56cb8888e8 
[Worker0] Start importing Assets/com.hpr.eventbus/ThirdPartyNotices.md using Guid(367c6c490f4fe4f05b233b8e5af475bd) Importer(815301076,1909f56bfc062723c751e8b465ee728b) 
[Worker0] (PreviewImporter)
[Worker0]  -> (Import Result ID: '88cae84cd028cdef3d95adaa1c5d696c') in 0.000618357 seconds [static and dynamic dependencies]. Details - ImportResultOutputID=94b6dcf7552d141dad459e1d7929dad5 DependenciesID=d6a6ac4b3f27160e2df45c39daf1ba6f StaticDependenciesID=1acbd035a599d6d97e5cf6bf19983a30 
[Worker0] Start importing Assets/com.hpr.abilities/README.md using Guid(637b509f4d5520b15826ee807daf1d11) Importer(815301076,1909f56bfc062723c751e8b465ee728b) 
[Worker0] (PreviewImporter)
[Worker0]  -> (Import Result ID: '59130203bd87df806c354a1af12afcfa') in 0.000593403 seconds [static and dynamic dependencies]. Details - ImportResultOutputID=2009b47d49d3866d5cb1d262f389f493 DependenciesID=deb082d6014aec5495b2441df8111a46 StaticDependenciesID=2f70f5e88a6ff3562007c8af9d03ee2b 
[Worker0] Start importing Assets/com.hpr.stats/Runtime/ICharacterStats.cs using Guid(6a6b5a11c3e6441ab8b184501f6cabf3) Importer(815301076,1909f56bfc062723c751e8b465ee728b) 
[Worker0] (PreviewImporter)
[Worker0]  -> (Import Result ID: 'a7833edde3cbba699ffd79f01e4b693a') in 0.000351234 seconds [static and dynamic dependencies]. Details - ImportResultOutputID=1ae7895f1c98b6143e0e9018b1a8ea34 DependenciesID=63f04033f53fe5bbd3ad3213a75a6b8b StaticDependenciesID=bf05a09fc9c9e58383de38e448a59b75 
[Worker0] Start importing Assets/com.hpr.stats/Demo/StatsDemoController.cs using Guid(2157604c90474cd492bdecaa36827579) Importer(815301076,1909f56bfc062723c751e8b465ee728b) 
[Worker0] (PreviewImporter)
[Worker0]  -> (Import Result ID: '7010c81abc734a6092ba62fe4848cfc3') in 0.000408433 seconds [static and dynamic dependencies]. Details - ImportResultOutputID=fbecfc7489280f6696728066fa6b6ff1 DependenciesID=9f8632ccc45506aca6e10eded0061b46 StaticDependenciesID=7688f2eaaf403ea7bac613f9fcb2e6f4 
[Worker0] Start importing Assets/com.hpr.abilities/Demo using Guid(6bcd3225aaea93483ae772680f35f846) Importer(815301076,1909f56bfc062723c751e8b465ee728b) 
[Worker0] (PreviewImporter)
[Worker0]  -> (Import Result ID: '6ca96a4427e7e056daccdfa05ae0fa8a') in 0.000309298 seconds [static and dynamic dependencies]. Details - ImportResultOutputID=e170705970e1d074729c275dc8bdf1c7 DependenciesID=bbe2f3c4895f1d10789fabf3d5c8797f StaticDependenciesID=5392eac7ad9c619aaf66e921a4f21033 
[Worker0] Start importing Assets/com.hpr.abilities/package.json using Guid(ae728d8fad8c3acfabb122300bf3bd0c) Importer(815301076,1909f56bfc062723c751e8b465ee728b) 
[Worker0] (PreviewImporter)
[Worker0]  -> (Import Result ID: 'da3685710c995aa3c5036e77bb2dfb8f') in 0.000694233 seconds [static and dynamic dependencies]. Details - ImportResultOutputID=e2c0638e48f204c2c8534481eee6370d DependenciesID=797d0820bc482e7c9ffad0be75f0c9d6 StaticDependenciesID=34f6fb7cb39444ef07a3b910b006afbf 
[Worker0] Start importing Assets/com.hpr.stats/Demo/README.md using Guid(fd7c03ac82c35b54a147b759cf0baa2a) Importer(815301076,1909f56bfc062723c751e8b465ee728b) 
[Worker0] (PreviewImporter)
[Worker0]  -> (Import Result ID: 'f147f4bd05521403626cb324aa1867af') in 0.000659502 seconds [static and dynamic dependencies]. Details - ImportResultOutputID=9792cad2767f6bc4b7e9693cd88d0d53 DependenciesID=8fffaf464fafdc3e3d1e0043fd731723 StaticDependenciesID=7cda59cbba9773cce640bd2c14b9b6b1 
[Worker0] Start importing Assets/com.hpr.abilities/Editor/AbilitiesDemoSceneBuilder.cs using Guid(3157bb8d1c73d773e99b25aef94501cc) Importer(815301076,1909f56bfc062723c751e8b465ee728b) 
[Worker0] (PreviewImporter)
[Worker0]  -> (Import Result ID: '24626982e16d741da8432964364412c0') in 0.000321359 seconds [static and dynamic dependencies]. Details - ImportResultOutputID=eb7f23fcda54692046df3155e3f6faab DependenciesID=c3884201416676682583a26cf3ebd4aa StaticDependenciesID=c8a95224d3dcd294a5bb8d5850ef9b0b 
[Worker0] Start importing Assets/com.hpr.stats/Demo/HPR.Stats.Demo.asmdef using Guid(6202a36eaec5482b912fe0c88d6d3fe9) Importer(815301076,1909f56bfc062723c751e8b465ee728b) 
[Worker0] (PreviewImporter)
[Worker0]  -> (Import Result ID: '2fe440104c1ee4a92ca1e9d61c9ab5f2') in 0.00027489 seconds [static and dynamic dependencies]. Details - ImportResultOutputID=e42e7b267dcc5f56f32b390f77e5e143 DependenciesID=3d014e1ba44e665662bdcbe605466c97 StaticDependenciesID=da1c6cb680c8e033777924cb626d1788 
[Worker0] Start importing Assets/com.hpr.eventbus/package.json using Guid(948bc03d0e4b748b9cdc39bad95aba83) Importer(815301076,1909f56bfc062723c751e8b465ee728b) 
[Worker0] (PreviewImporter)
[Worker0]  -> (Import Result ID: '6a8f5d40d3fda3d7692ecd5a1661ca30') in 0.00054485 seconds [static and dynamic dependencies]. Details - ImportResultOutputID=3bc71053d81187da28c1509043f46fa1 DependenciesID=4c15786b34ed0af268127c8cc785a153 StaticDependenciesID=d9b0ace7ae0cb1ff778659c1428239a1 
[Worker0] Start importing Assets/com.hpr.eventbus/Demo/EventBusDemoController.cs using Guid(1f20a3377ce5ba7cdb3d261f0e77c2a4) Importer(815301076,1909f56bfc062723c751e8b465ee728b) 
[Worker0] (PreviewImporter)
[Worker0]  -> (Import Result ID: '10c85cd349a2ca9553f8fa5260096548') in 0.000249884 seconds [static and dynamic dependencies]. Details - ImportResultOutputID=d18a10a670d717ced2d72520e1a57b55 DependenciesID=4d436f3aa7e55640a2a7cd29420e71b0 StaticDependenciesID=c09be6f223fe7716fcb095b9252c588e 
[Worker0] Start importing Assets/com.hpr.abilities/Editor using Guid(7237dc685b8dce98a8a24acffdc62053) Importer(815301076,1909f56bfc062723c751e8b465ee728b) 
[Worker0] (PreviewImporter)
[Worker0]  -> (Import Result ID: '3f262d321357a0b16d216f7fb82ae93a') in 0.000249226 seconds [static and dynamic dependencies]. Details - ImportResultOutputID=241f55f254025397ac3f48c21e4374d9 DependenciesID=8d975db839a0b6893c261f72f91f811e StaticDependenciesID=a0bb65381fd3bf669221486f149ef3f0 
[Worker0] Start importing Assets/com.hpr.stats/Runtime using Guid(ae74c9f158772efa4836114af817618e) Importer(815301076,1909f56bfc062723c751e8b465ee728b) 
[Worker0] (PreviewImporter)
[Worker0]  -> (Import Result ID: 'b45e2d832722ad17e5d75b812879ed7f') in 0.000231485 seconds [static and dynamic dependencies]. Details - ImportResultOutputID=7f093428703288b1670245aae6b8dea6 DependenciesID=4bec97c360cfc93949c159793c962f76 StaticDependenciesID=7adca918e0714dedf386f8e723ce8788 
[Worker0] Start importing Assets/com.hpr.abilities/Tests/EditMode using Guid(811706a9be4b4c19bfb6fb33d97591e4) Importer(815301076,1909f56bfc062723c751e8b465ee728b) 
[Worker0] (PreviewImporter)
[Worker0]  -> (Import Result ID: 'f13a6ce9d766d3eb207476692239c214') in 0.000226359 seconds [static and dynamic dependencies]. Details - ImportResultOutputID=2958ab1b7c72acd5258ac4de953fe9c5 DependenciesID=bcd4e3635e02688a6966986fe90d1804 StaticDependenciesID=e0f8295819acd51e0a641a8f33b4b92a 
[Worker0] Start importing Assets/com.hpr.abilities/Demo/HPR.Abilities.Demo.asmdef using Guid(efbbac5c29e8eb6a1aba2a527fdfd1ec) Importer(815301076,1909f56bfc062723c751e8b465ee728b) 
[Worker0] (PreviewImporter)
[Worker0]  -> (Import Result ID: '87ef10b1f7f843d59a555bb7cfda7f9d') in 0.000254597 seconds [static and dynamic dependencies]. Details - ImportResultOutputID=7d2f6f9b931a2d730d5e247ae7011ce1 DependenciesID=ced24f358c615b7ab5410f255f26a4d9 StaticDependenciesID=f8a3ed4da386624486fbb54c24a22f1d 
[Worker0] Start importing Assets/com.hpr.stats/Editor/StatsDemoSceneBuilder.cs using Guid(310229b8d94b48c8967813efed916010) Importer(815301076,1909f56bfc062723c751e8b465ee728b) 
[Worker0] (PreviewImporter)
[Worker0]  -> (Import Result ID: '023a75f919f3136e1e237775a7974de7') in 0.000236292 seconds [static and dynamic dependencies]. Details - ImportResultOutputID=7df14f9c4ae3d3e87cd44a052283d51c DependenciesID=295f095b64fd75acf20db7f311f0a2d2 StaticDependenciesID=dba2fc1ab29e690f32abb2e2eee19c2d 
[Worker0] Start importing Assets/com.hpr.abilities/Runtime/AbilityRuntimeMarker.cs using Guid(cf011923dc5a9e5c882d1130649127b4) Importer(815301076,1909f56bfc062723c751e8b465ee728b) 
[Worker0] (PreviewImporter)
[Worker0]  -> (Import Result ID: '00fa6b3a0864964da37cd6d163d3da5b') in 0.000260094 seconds [static and dynamic dependencies]. Details - ImportResultOutputID=1b9572a4bd800a79b5bf726cbe53c7ad DependenciesID=1a92107d7b804a9f64dff70b75bf5669 StaticDependenciesID=bbb5907928d7d84dd6a1ff5086eb4d78 
[Worker0] Start importing Assets/com.hpr.eventbus/Demo/README.md using Guid(5ef8a8a431775c7359bd068d1e70d552) Importer(815301076,1909f56bfc062723c751e8b465ee728b) 
[Worker0] (PreviewImporter)
[Worker0]  -> (Import Result ID: '96a75f382781c1ebcfad3b2f15964f19') in 0.00058317 seconds [static and dynamic dependencies]. Details - ImportResultOutputID=ff5fd75bdaf3d324dc8de2a3cd2b8ae6 DependenciesID=4419e2c3cdfab0b476b01d12e975d390 StaticDependenciesID=d3165b1ea3509e6343542d4f6e2b9b1f 
[Worker0] Start importing Assets/com.hpr.eventbus/Runtime/EventManager.cs using Guid(635af4f91019f924aab7baa518823983) Importer(815301076,1909f56bfc062723c751e8b465ee728b) 
[Worker0] (PreviewImporter)
[Worker0]  -> (Import Result ID: '92970b3c4fd3be9358fcc7e9af0b59ec') in 0.000255088 seconds [static and dynamic dependencies]. Details - ImportResultOutputID=e6f5bbc3b0dce6b93d05d4563215034f DependenciesID=c27b9a572b902604bc5f1c9228cbad97 StaticDependenciesID=e0e9a740c918d33356c0921ab3460beb 
[Worker0] Start importing Assets/com.hpr.eventbus/Runtime/Services/IEventBusSource.cs using Guid(82025b4ad8da939aef1771d3e37fca72) Importer(815301076,1909f56bfc062723c751e8b465ee728b) 
[Worker0] (PreviewImporter)
[Worker0]  -> (Import Result ID: '79e8c8271c227ddce5e9608ea04a8d18') in 0.000306345 seconds [static and dynamic dependencies]. Details - ImportResultOutputID=f594bb2302b5d68d4d8dd8cb504e8bfa DependenciesID=dc451c1eddda8f640e661396db4e3bd9 StaticDependenciesID=e99cc8c0ea66df7a8834762a7052c560 
[Worker0] Start importing Assets/com.hpr.abilities/Demo/AbilityDemoStats.cs using Guid(4ae22c67ff615a42396331bfa2f9de4c) Importer(815301076,1909f56bfc062723c751e8b465ee728b) 
[Worker0] (PreviewImporter)
[Worker0]  -> (Import Result ID: '8a2ac4fe715383eea55756ef1aa8b549') in 0.000270481 seconds [static and dynamic dependencies]. Details - ImportResultOutputID=7f6f372c4b6f7a5be51cb667ed2f6793 DependenciesID=0564d48f963920376b70b0cc2734d0cf StaticDependenciesID=d88055aa330e8863333eb0dbf0da0eb8 
[Worker0] Start importing Assets/com.hpr.abilities/Demo/AbilitiesDemo.unity using Guid(0fd7db02c6302de6a892bc47c20bd557) Importer(815301076,1909f56bfc062723c751e8b465ee728b) 
[Worker0] (PreviewImporter)
[Worker0]  -> (Import Result ID: '40830d31c6b06e81262bfbb10b649718') in 0.000325579 seconds [static and dynamic dependencies]. Details - ImportResultOutputID=2d425b87285a370ac2b0b5df85059278 DependenciesID=13daf40f52039381e66cec97ad068d23 StaticDependenciesID=52b2f457f8c23c2d0df5278baf637c86 
[Worker0] Start importing Assets/com.hpr.eventbus/Runtime/IEventBus.cs using Guid(29e33229ca781055c9fdba12abdc8ef1) Importer(815301076,1909f56bfc062723c751e8b465ee728b) 
[Worker0] (PreviewImporter)
[Worker0]  -> (Import Result ID: '1f605e2bce486737746ca3bc2833437e') in 0.000243333 seconds [static and dynamic dependencies]. Details - ImportResultOutputID=91e4e9e0276a6ec83c1a1a6072cf4da3 DependenciesID=e6e387fb00307bf40149a067b31f777b StaticDependenciesID=5322b441f22d6fbeffe2e7bf3697bba9 
[Worker0] Start importing Assets/com.hpr.eventbus using Guid(5eee794a3322c4b9e9d7dd28e557f74f) Importer(815301076,1909f56bfc062723c751e8b465ee728b) 
[Worker0] (PreviewImporter)
[Worker0]  -> (Import Result ID: 'ec53baae89676f816ca354492ce8ee45') in 0.000246993 seconds [static and dynamic dependencies]. Details - ImportResultOutputID=8c4281b94b53134cafed98885f81c921 DependenciesID=7da157173d152a2c7c5d6dbff4ad2e04 StaticDependenciesID=067c065fe216a559293767c34c446d88 
[Worker0] Start importing Assets/com.hpr.stats/Runtime/StatsEvents.cs using Guid(9c59c95117fe9cdf7abd9064ae2d728c) Importer(815301076,1909f56bfc062723c751e8b465ee728b) 
[Worker0] (PreviewImporter)
[Worker0]  -> (Import Result ID: '6c3b65edd1a407f6a8c5e4be7640584d') in 0.000236949 seconds [static and dynamic dependencies]. Details - ImportResultOutputID=f59354e8ff6cbec9e717ee5414965a10 DependenciesID=370b20e3b355c5272aa7a428b364c621 StaticDependenciesID=f56a896b542e4e2b2e071a135a6b6018 
[Worker0] Start importing Assets/com.hpr.abilities/Editor/AbilitiesEditorMarker.cs using Guid(3e3b00fcdf65d1119838cfe65e696002) Importer(815301076,1909f56bfc062723c751e8b465ee728b) 
[Worker0] (PreviewImporter)
[Worker0]  -> (Import Result ID: '10de165a48ad89ccd88b1b476437fca2') in 0.000225825 seconds [static and dynamic dependencies]. Details - ImportResultOutputID=f8d01e2d4360e3d593bbb326c6a35bd0 DependenciesID=68e3cfd7dde395a6e10fdd5020d89257 StaticDependenciesID=d0e496e944eae9c5305b110b8d52aaaa 
[Worker0] Start importing Assets/com.hpr.stats/Demo/StatsDemo.unity using Guid(46ea958bef227ad6c8463e4a2230e224) Importer(815301076,1909f56bfc062723c751e8b465ee728b) 
[Worker0] (PreviewImporter)
[Worker0]  -> (Import Result ID: '389550eb7096530066ed3701c406a472') in 0.000231296 seconds [static and dynamic dependencies]. Details - ImportResultOutputID=f7594064fd07fcf46c936daba0d7093d DependenciesID=99c30b6c152eca29ff22084c499a8097 StaticDependenciesID=f36f3f61066b0e483e0a0e86a547c0e5 
[Worker0] Start importing Assets/com.hpr.stats/README.md using Guid(16bf734416fb614c80d871b4a660fffe) Importer(815301076,1909f56bfc062723c751e8b465ee728b) 
[Worker0] (PreviewImporter)
[Worker0]  -> (Import Result ID: 'e822ff9ba4f60d9445dd37bbb72c2066') in 0.00061231 seconds [static and dynamic dependencies]. Details - ImportResultOutputID=e0c926aaa2539ecab34240c8926ce29f DependenciesID=16e53282d7390ffd740f981f19373c63 StaticDependenciesID=270abd72e91c98d34217ec63b26a280d 
[Worker0] Start importing Assets/com.hpr.abilities/Runtime using Guid(cd349b5ca420c1cc689af97b02af6092) Importer(815301076,1909f56bfc062723c751e8b465ee728b) 
[Worker0] (PreviewImporter)
[Worker0]  -> (Import Result ID: 'd79d69b1adc11a4505832348ac8723d9') in 0.000229879 seconds [static and dynamic dependencies]. Details - ImportResultOutputID=0de8ae6c7fdd99f962465fcbe71b9e4a DependenciesID=ac40f5b71a161c56d2e1e2c72cd7e4a4 StaticDependenciesID=3f7fa20517ca3fead530aeaa84dc92a5 
[Worker0] Start importing Assets/com.hpr.eventbus/Editor/HPR.Eventbus.Editor.asmdef using Guid(5494e6c5dd6ef4a799fc19d541a114dc) Importer(815301076,1909f56bfc062723c751e8b465ee728b) 
[Worker0] (PreviewImporter)
[Worker0]  -> (Import Result ID: '4c00e730836aa70d1b6ea6ab6deb00c7') in 0.000223667 seconds [static and dynamic dependencies]. Details - ImportResultOutputID=4e9f826c1c2acdadb097f4a156c4429a DependenciesID=414323705694e099c9e8522159906eb1 StaticDependenciesID=d783426eff0cf10db311c0e1d6624159 
[Worker0] Start importing Assets/com.hpr.stats/Runtime/IDamageable.cs using Guid(3101e409c4894876b8ee3db64ac3b265) Importer(815301076,1909f56bfc062723c751e8b465ee728b) 
[Worker0] (PreviewImporter)
[Worker0]  -> (Import Result ID: '5681791f1addcfcb36bbad9e321c7f75') in 0.000260102 seconds [static and dynamic dependencies]. Details - ImportResultOutputID=f13f1cf2f1ff2dc371581cbbae05428c DependenciesID=c44e24981d12262f3b1d4b9a49e88e21 StaticDependenciesID=693ce10fc01cef9c10492d7dbcffff87 
[Worker0] Start importing Assets/com.hpr.abilities/Runtime/AbilityRunnerComponent.cs using Guid(b264fbccf54cda999a913fe5c4089240) Importer(815301076,1909f56bfc062723c751e8b465ee728b) 
[Worker0] (PreviewImporter)
[Worker0]  -> (Import Result ID: '1717a61c01ee08ca97367624fbfad6ae') in 0.000327585 seconds [static and dynamic dependencies]. Details - ImportResultOutputID=7e87ca5822c873edbd5f2b875fe45731 DependenciesID=801a923351d6869ba2ed100e73fcb3c8 StaticDependenciesID=57b1e63789d94eb55268164df90250de 
[Worker0] Start importing Assets/com.hpr.abilities/Demo/README.md using Guid(18ab89e5ed5600c0c9e39cc37be8a1d1) Importer(815301076,1909f56bfc062723c751e8b465ee728b) 
[Worker0] (PreviewImporter)
[Worker0]  -> (Import Result ID: '3e0b528fdc2a79c07586852bcce8738d') in 0.000942723 seconds [static and dynamic dependencies]. Details - ImportResultOutputID=028178e7c4448a88c78f97768e736811 DependenciesID=b799daf688cb4b3009c20cf08769e51e StaticDependenciesID=4f06edcf30749ff7367b96734ddef900 
[Worker0] Start importing Assets/com.hpr.stats/LICENSE.md using Guid(88cfaea86fe7ed6738654c4d6dd5c4f4) Importer(815301076,1909f56bfc062723c751e8b465ee728b) 
[Worker0] (PreviewImporter)
[Worker0]  -> (Import Result ID: 'b8c56176e2913c4cdaf00d746628fec8') in 0.000804566 seconds [static and dynamic dependencies]. Details - ImportResultOutputID=767e261873b458d3c2d67905178f9bf5 DependenciesID=5e166b8863a65827e1eee8e4db3417b7 StaticDependenciesID=02848222ba81b00fe75d7085a318cd43 
[Worker0] Start importing Assets/com.hpr.abilities/Tests/EditMode/HPR.Abilities.Tests.EditMode.asmdef using Guid(206413171cd64ec08ab6f88bbde9ece3) Importer(815301076,1909f56bfc062723c751e8b465ee728b) 
[Worker0] (PreviewImporter)
[Worker0]  -> (Import Result ID: '4292f84d3c6536f478d88e747b7a0c90') in 0.000332188 seconds [static and dynamic dependencies]. Details - ImportResultOutputID=76556f8d24c6abe569ecfa5e1b618bc1 DependenciesID=1d03809b3addd0534bada4c7b23f0d85 StaticDependenciesID=f2c26d9b1b7d0dd1334fc0be76514364 
[Worker0] Start importing Assets/com.hpr.abilities/ThirdPartyNotices.md using Guid(395b428fb042c05718348d85b157e79a) Importer(815301076,1909f56bfc062723c751e8b465ee728b) 
[Worker0] (PreviewImporter)
[Worker0]  -> (Import Result ID: 'a5c6b362377890f7a8a104059e963192') in 0.000540698 seconds [static and dynamic dependencies]. Details - ImportResultOutputID=3c2a2fbf05d1fa165cf6dc9d091c6a93 DependenciesID=f3f83d6960621d1d40a680c5f76e84be StaticDependenciesID=6d314e875c0d8dd9b063a4582acbab16 
[Worker0] Start importing Assets/com.hpr.eventbus/Editor/EventbusEditorMarker.cs using Guid(19cbb516b39466a92a2224532d492f16) Importer(815301076,1909f56bfc062723c751e8b465ee728b) 
[Worker0] (PreviewImporter)
[Worker0]  -> (Import Result ID: 'd5fc6ad5e187a53c87d4f7ef22715899') in 0.000236577 seconds [static and dynamic dependencies]. Details - ImportResultOutputID=176cd3d823c776c61fe64f4fc4ef966a DependenciesID=0f80be6d34df2b88793e43661230e22f StaticDependenciesID=1cb9d9c2128f8e14b8001f95a93bd430 
[Worker0] Start importing Assets/com.hpr.eventbus/CHANGELOG.md using Guid(87d2113e8857b37778c33aa5f1f0a3ce) Importer(815301076,1909f56bfc062723c751e8b465ee728b) 
[Worker0] (PreviewImporter)
[Worker0]  -> (Import Result ID: 'f4ecc2ff67ae23dc68e5d98481d64532') in 0.000624461 seconds [static and dynamic dependencies]. Details - ImportResultOutputID=5cc286f12882edf130d8cd48e9d11cbe DependenciesID=83e85d801acd3e63bda356d9b131ad79 StaticDependenciesID=eb2ba31f2388b203ee5189a2ed4bde8c 
[Worker0] Start importing Assets/com.hpr.abilities/Demo/ShockPulseEffect.asset using Guid(c330203f8e8eb0bdea51b783e71085c3) Importer(815301076,1909f56bfc062723c751e8b465ee728b) 
[Worker0] (PreviewImporter)
[Worker0]  -> (Import Result ID: 'bd55b8a4d5b2175f806ba5b01540436f') in 0.000601913 seconds [static and dynamic dependencies]. Details - ImportResultOutputID=375bdb74634dca7a1222351a8fb47c5d DependenciesID=b500604867a1a95fd3aa52dd0ffcc89d StaticDependenciesID=7b3dabc592fe255c5912592e569c5ea4 
[Worker0] Start importing Assets/com.hpr.abilities/Runtime/AbilityContracts.cs using Guid(f7bfea622b3ac8a0cbee31044ebcade5) Importer(815301076,1909f56bfc062723c751e8b465ee728b) 
[Worker0] (PreviewImporter)
[Worker0]  -> (Import Result ID: '04b8ab34d0cee4891612e362d9d4a995') in 0.000295667 seconds [static and dynamic dependencies]. Details - ImportResultOutputID=c24f2300770038545464dd370371e387 DependenciesID=20e99e99cba3d1df9a2dad047e4bfa07 StaticDependenciesID=0b657de937461dd1b867539680c18fd6 
[Worker0] Start importing Assets/com.hpr.abilities/Runtime/AbilityData.cs using Guid(346beff0d3510006f857dbfb7fc00b73) Importer(815301076,1909f56bfc062723c751e8b465ee728b) 
[Worker0] (PreviewImporter)
[Worker0]  -> (Import Result ID: '0d1a6fad1027adf3851d15f55b970a47') in 0.000244877 seconds [static and dynamic dependencies]. Details - ImportResultOutputID=2423a8adf3a82c789fe23533bde65dd2 DependenciesID=413e08f147a53383887c57578d08a2d7 StaticDependenciesID=59bb766c1c48411d117ec63c152c5931 
[Worker0] Start importing Assets/com.hpr.abilities/Runtime/AbilityEvents.cs using Guid(cf41554bf3426646497f528e92a5150d) Importer(815301076,1909f56bfc062723c751e8b465ee728b) 
[Worker0] (PreviewImporter)
[Worker0]  -> (Import Result ID: '0522b35e4c5c541476d9c2d34a32eb85') in 0.000245561 seconds [static and dynamic dependencies]. Details - ImportResultOutputID=0f22dc036ff914641cd1e21b02c187ba DependenciesID=00d24d68bc4987c251e0dd59a2a38f12 StaticDependenciesID=fcfe0d4b5b93c3d0c269380aa40a33d1 
[Worker0] Start importing Assets/com.hpr.stats/Runtime/HPR.Stats.Runtime.asmdef using Guid(4fa5ad832f8338ccf6b1a08d2629be91) Importer(815301076,1909f56bfc062723c751e8b465ee728b) 
[Worker0] (PreviewImporter)
[Worker0]  -> (Import Result ID: '2fa83e82419c24ff5db9a3d0e6ea4f81') in 0.00024474 seconds [static and dynamic dependencies]. Details - ImportResultOutputID=abf441a2404bf32e8c1fc4d1a1575845 DependenciesID=31fc738e13acccfeaff615858d8a690f StaticDependenciesID=0680c1e4da1414e85fd92748978d1d53 
[Worker0] Start importing Assets/com.hpr.abilities/Runtime/HPR.Abilities.Runtime.asmdef using Guid(426fed1ff12e19977baf994fbc57aff2) Importer(815301076,1909f56bfc062723c751e8b465ee728b) 
[Worker0] (PreviewImporter)
[Worker0]  -> (Import Result ID: '1509ca03ef1ea9f9c31c00eedeba6dac') in 0.000288527 seconds [static and dynamic dependencies]. Details - ImportResultOutputID=7cce73d579482a7c46463e303f99aed6 DependenciesID=6e26e3babdfda2831646f3b16147cf3f StaticDependenciesID=a86c0916dbcc1726aa6b04c944049c68 
[Worker0] Start importing Assets/com.hpr.stats/Tests/EditMode/StatsEditModeTests.cs using Guid(543329ef2e1d4b1f9dc1ea8727f7400f) Importer(815301076,1909f56bfc062723c751e8b465ee728b) 
[Worker0] (PreviewImporter)
[Worker0]  -> (Import Result ID: 'b1be7dec964be02215ab4d30d1acc3e4') in 0.000297361 seconds [static and dynamic dependencies]. Details - ImportResultOutputID=57ac034c3a1abdab63d09229648e3cff DependenciesID=41878c40f54e3c16b1125b96eb7b55ef StaticDependenciesID=c3e1032844e9f213946c25763dd14d7b 
[Worker0] Start importing Assets/com.hpr.abilities/LICENSE.md using Guid(5ed65b397b398394bb84abffb2236c0c) Importer(815301076,1909f56bfc062723c751e8b465ee728b) 
[Worker0] (PreviewImporter)
[Worker0]  -> (Import Result ID: 'ef6c4b8ef91f3070c20023c1ed8accd8') in 0.000739664 seconds [static and dynamic dependencies]. Details - ImportResultOutputID=607e57b5da6cb4c8b9a7809c7bb17bf9 DependenciesID=0cf7b34f63f04057948b535043783c14 StaticDependenciesID=a82a518683b8c96d76fa9d884d589262 
[Worker0] Start importing Assets/com.hpr.stats/Tests/EditMode/HPR.Stats.Tests.EditMode.asmdef using Guid(c01be72ac674460cb47c4eb1af08ceb3) Importer(815301076,1909f56bfc062723c751e8b465ee728b) 
[Worker0] (PreviewImporter)
[Worker0]  -> (Import Result ID: '8987954621e87015321356c5a0b1149d') in 0.000335878 seconds [static and dynamic dependencies]. Details - ImportResultOutputID=f72bb783931a6e3c3c309e0e727c716a DependenciesID=b32d954a8456c9cd9015c2182c73b999 StaticDependenciesID=448bcf2449d78e4aa132627e15d4905d 
[Worker0] Start importing Assets/com.hpr.eventbus/LICENSE.md using Guid(976292fb93af2cc81b551bd61bf3a226) Importer(815301076,1909f56bfc062723c751e8b465ee728b) 
[Worker0] (PreviewImporter)
[Worker0]  -> (Import Result ID: 'e280ef773ede89f6d88827d76b8b8077') in 0.000649454 seconds [static and dynamic dependencies]. Details - ImportResultOutputID=27cbbc982d849769ac2baf582963f1a4 DependenciesID=ddd2b416bd5bf7bb6aeef8feda072e87 StaticDependenciesID=040a8f7749093dc26e0e8da2ff2e6700 
[Worker0] Start importing Assets/com.hpr.abilities/Demo/RepairPulse.asset using Guid(f9dfb60c18fcd4ea88a8562a7f52c464) Importer(815301076,1909f56bfc062723c751e8b465ee728b) 
[Worker0] (PreviewImporter)
[Worker0]  -> (Import Result ID: 'bd14d4dbef711bbada6fc4ea44f7ffdc') in 0.000666314 seconds [static and dynamic dependencies]. Details - ImportResultOutputID=82cb83c55a7db371eca78a83d973b92f DependenciesID=fbb85fcde1d55936ee351cb13b3c7a1a StaticDependenciesID=97436116437b50bd9c6749fc9fa50a61 
[Worker0] Start importing Assets/com.hpr.eventbus/Runtime/HPR.Eventbus.Runtime.asmdef using Guid(8a28177a57a6aa43f0a3be3700c21998) Importer(815301076,1909f56bfc062723c751e8b465ee728b) 
[Worker0] (PreviewImporter)
[Worker0]  -> (Import Result ID: 'e6175bea8ecdf49aeefdf9d0b0cea418') in 0.000281909 seconds [static and dynamic dependencies]. Details - ImportResultOutputID=ed860d8d062cacb4f25b6c80456db378 DependenciesID=33bdeb6dbeeeb1c19fceb693f308ec72 StaticDependenciesID=9ece50b75468925fa2dff9e5e258c5b3 
[Worker0] Start importing Assets/com.hpr.abilities/Runtime/AbilityEffectData.cs using Guid(ce8e60dcc85afcda7b8ae89f544deee4) Importer(815301076,1909f56bfc062723c751e8b465ee728b) 
[Worker0] (PreviewImporter)
[Worker0]  -> (Import Result ID: 'ff4f38bd990fef0a779432547d4cb2df') in 0.000233438 seconds [static and dynamic dependencies]. Details - ImportResultOutputID=885c8cbb69b2eb1aba406025e108168b DependenciesID=e999296ecbd00ba1cda8774955f03afd StaticDependenciesID=a88ddca3958cf74ccb38d56234d5d2c2 
[Worker0] Start importing Assets/com.hpr.abilities using Guid(e426082787cf7000084caaf47147475d) Importer(815301076,1909f56bfc062723c751e8b465ee728b) 
[Worker0] (PreviewImporter)
[Worker0]  -> (Import Result ID: 'f31adab11ed78929e8e287e95b79b93b') in 0.000238443 seconds [static and dynamic dependencies]. Details - ImportResultOutputID=f93d768fd4e7a1a015510adeddeb3c8b DependenciesID=c5fd77e3ff7f38941967fb36fd90d93a StaticDependenciesID=99dad57b7a8908130123371da7ffe9be 
[Worker0] Start importing Assets/com.hpr.stats/Tests/EditMode using Guid(ce60727cfaab410e9ddfc0d45728c0bf) Importer(815301076,1909f56bfc062723c751e8b465ee728b) 
[Worker0] (PreviewImporter)
[Worker0]  -> (Import Result ID: '25374687b47b75cb6122846eebfaf235') in 0.000231748 seconds [static and dynamic dependencies]. Details - ImportResultOutputID=73840aacdebc49c2ba6b071454d392bf DependenciesID=6d130dbcd42f80ad3893ce96b019df08 StaticDependenciesID=49ff95ac22014901fc6ce2a1e9b4e72e 
[Worker0] Start importing Assets/com.hpr.eventbus/Runtime/EventBusSourceAdapter.cs using Guid(06d9220e9f10488f96541c56053938c7) Importer(815301076,1909f56bfc062723c751e8b465ee728b) 
[Worker0] (PreviewImporter)
[Worker0]  -> (Import Result ID: 'c2852aac71306b5d6839ff241c246215') in 0.000221999 seconds [static and dynamic dependencies]. Details - ImportResultOutputID=1262d5a47b5715702fe62c9cf4bf7df8 DependenciesID=d0ab694cc8e4cf3949770803eb0b4dfe StaticDependenciesID=7ccbfaa538c3e55ade70a4b4014aa350 
[Worker0] Start importing Assets/com.hpr.stats/Editor/StatsPackageValidator.cs using Guid(d4c90514ec5b3157fb8a83e7d69cbe0d) Importer(815301076,1909f56bfc062723c751e8b465ee728b) 
[Worker0] (PreviewImporter)
[Worker0]  -> (Import Result ID: '5513be8eaf20c2be0b687251d62d4650') in 0.000235029 seconds [static and dynamic dependencies]. Details - ImportResultOutputID=9bada99425961de3a49c02621a8775a3 DependenciesID=16de0b4dc1c9654c55a61667e71883a6 StaticDependenciesID=fd528de8006353dacac9ccf92f386675 
[Worker0] Start importing Assets/com.hpr.abilities/Demo/RepairPulseEffect.asset using Guid(3a1f1c45944f90d55bffeed03f80a993) Importer(815301076,1909f56bfc062723c751e8b465ee728b) 
[Worker0] (PreviewImporter)
[Worker0]  -> (Import Result ID: '7b8e308dc31d1124a6dd931f0bd9c460') in 0.000523339 seconds [static and dynamic dependencies]. Details - ImportResultOutputID=f6a28ace47627a6ddbc470cc48e09332 DependenciesID=1583a856611ea4a294e77dbbe49f50b0 StaticDependenciesID=d39bfe9eded7b9b26ef7d6967ba2fd5a 
[Worker0] Start importing Assets/com.hpr.eventbus/Tests using Guid(8adf7f7659434195999c260a1ee3141e) Importer(815301076,1909f56bfc062723c751e8b465ee728b) 
[Worker0] (PreviewImporter)
[Worker0]  -> (Import Result ID: '0a362b69f2c9adf23aaeb799c7a5fc81') in 0.000256926 seconds [static and dynamic dependencies]. Details - ImportResultOutputID=8f6dc49388253d7e6a346e099911c57d DependenciesID=4a958dbf07df7b7a6bf14430119008d8 StaticDependenciesID=d4bede9396735c0df0714202a0269436 
[Worker0] Start importing Assets/com.hpr.eventbus/Tests/EditMode/EventbusEditModeTests.cs using Guid(b8c492b2563b464790afb5d7a53a551c) Importer(815301076,1909f56bfc062723c751e8b465ee728b) 
[Worker0] (PreviewImporter)
[Worker0]  -> (Import Result ID: 'eb9f5febbbbc835b17c0f800051fea4b') in 0.000347165 seconds [static and dynamic dependencies]. Details - ImportResultOutputID=4a2860bbf267b8f3d91e188b6948485c DependenciesID=482ffccd7355adb6469b31564e24d205 StaticDependenciesID=c6a8e40b000a3bbe94925dab8076aa6b 
[Worker0] Start importing Assets/com.hpr.abilities/Tests/EditMode/AbilitiesEditModeTests.cs using Guid(c2d7cdf5112245bbb66e8738e99957b9) Importer(815301076,1909f56bfc062723c751e8b465ee728b) 
[Worker0] (PreviewImporter)
[Worker0]  -> (Import Result ID: '106bc875b2788e6e98ffd36f2212e0a2') in 0.000242064 seconds [static and dynamic dependencies]. Details - ImportResultOutputID=1ab8cb1ad9f054123f35f59853cdb68a DependenciesID=906af4f427df9c0f60e65acfc0870f5f StaticDependenciesID=f2d8bc7b526cc4fb37cae88e0bb7cb23 
[Worker0] Start importing Assets/com.hpr.stats/CHANGELOG.md using Guid(a85cb24787b931060be1b4aff8a77c0a) Importer(815301076,1909f56bfc062723c751e8b465ee728b) 
[Worker0] (PreviewImporter)
[Worker0]  -> (Import Result ID: 'bb402c942197caf300009723b324403f') in 0.000537775 seconds [static and dynamic dependencies]. Details - ImportResultOutputID=1e6649dc8a50a56c3404d7e6ed346c53 DependenciesID=a16b471db17f3d407def3bcf44bc6fa0 StaticDependenciesID=ebe28d79a3ce9a42d15c71f1fe7899de 
[Worker0] Start importing Assets/com.hpr.stats/Runtime/ActorStatsComponent.cs using Guid(4179dfc631774073885c7d1ae0589684) Importer(815301076,1909f56bfc062723c751e8b465ee728b) 
[Worker0] (PreviewImporter)
[Worker0]  -> (Import Result ID: 'e97dd630c22872eaad72d2f019892067') in 0.000293259 seconds [static and dynamic dependencies]. Details - ImportResultOutputID=4538d293cba24ad4ac0b6f2ec87b405c DependenciesID=16dbcc0d6bcc0167d2a62fcd1b27b0e0 StaticDependenciesID=47b7f23d4c2c034286dfcf0c191272d9 
[Worker0] Start importing Assets/com.hpr.stats/Runtime/StatsRuntimeMarker.cs using Guid(0af7d298282e5f042370679d9d8b349a) Importer(815301076,1909f56bfc062723c751e8b465ee728b) 
[Worker0] (PreviewImporter)
[Worker0]  -> (Import Result ID: '6967006545033d3ddace7e992b6bafe0') in 0.000391328 seconds [static and dynamic dependencies]. Details - ImportResultOutputID=c3b17dfb7c93b4bf3de3db2651075690 DependenciesID=ed45301ce914525c53ba4d7c4f1070cf StaticDependenciesID=707c41fd7a68aa801ae547f85ae164c0 
[Worker0] Start importing Assets/com.hpr.stats/package.json using Guid(b940ea32091647cea91175f8be73b446) Importer(815301076,1909f56bfc062723c751e8b465ee728b) 
[Worker0] (PreviewImporter)
[Worker0]  -> (Import Result ID: '19a99adeb5371792e30a0166a8d6a085') in 0.000632624 seconds [static and dynamic dependencies]. Details - ImportResultOutputID=ab60c7d43ea5001223b149d9184f2e35 DependenciesID=71225e0b03e3cc4e3c26bb22eb149220 StaticDependenciesID=31ebd8a84e1f94d6b1f864b94bad734a 
Exported package: /data/tmp/hpr_assetstore_sale/artifacts/com.hpr.abilities/com.hpr.abilities.unitypackage
Export size: 39710 bytes
[Physics::Module] Cleanup current backend.
[Physics::Module] Id: 0xf2b8ea05
Input System module state changed to: ShutdownInProgress.
Input Polling Thread exited.
Input System module state changed to: Shutdown.
[Licensing::IpcConnector] LicenseClient-hans-notifications channel disconnected successfully.
[Licensing::IpcConnector] LicenseClient-hans channel disconnected successfully.
AcceleratorClientConnectionCallback - disconnected - :0
info: Microsoft.Hosting.Lifetime[0]
      Application is shutting down...
Cleanup mono
CodeReloadManager destroyed
debugger-agent: Unable to listen on 39
Checking for leaked weakptr:
  Found no leaked weakptrs.
[Package Manager] Server process was shutdown
##utp:{"type":"MemoryLeaks","version":2,"phase":"Immediate","time":1775031366617,"processId":569359,"allocatedMemory":8013987,"memoryLabels":[{"Default":175868},{"Permanent":16000},{"Thread":1084656},{"Manager":24349},{"VertexData":8},{"Geometry":408},{"Texture":24},{"Shader":842835},{"Material":24},{"GfxDevice":36088},{"Animation":456},{"Audio":3008},{"FreeType":8},{"FontEngine":736},{"Physics":2090},{"Physics2D":16},{"Serialization":536},{"Input":27232},{"JobScheduler":33024},{"TextLib":216},{"Mono":32},{"ScriptingNativeRuntime":155088},{"BaseObject":1622976},{"Resource":1008},{"Renderer":3000},{"Transform":4717},{"File":828},{"WebCam":80},{"Culling":32},{"Terrain":11298},{"Wind":24},{"String":16612},{"StaticString":7050},{"Utility":2672848},{"Curl":2511},{"PoolAlloc":1864},{"AI":80},{"TypeTree":5341},{"ScriptManager":448},{"RuntimeInitializeOnLoadManager":64},{"SpriteAtlas":120},{"GI":7384},{"Director":8288},{"CloudService":7936},{"WebRequest":845},{"VR":47810},{"SceneManager":536},{"Video":64},{"LazyScriptCache":32},{"Camera":17},{"Secure":12185},{"SerializationCache":1576},{"APIUpdating":10320},{"Subsystems":336},{"VirtualTexturing":57552},{"StaticSafetyDebugInfo":278528},{"Analytics":464},{"Hierarchy":1416},{"CoreStats":13032},{"Identifiers":12960},{"Gui":160},{"EditorUtility":73271},{"VersionControl":4},{"Undo":963},{"AssetDatabase":670955},{"EditorGi":328},{"UnityConnect":37761},{"Upm":1752},{"AssetCompliance":64},{"DrivenProperties":72},{"LocalIPC":147},{"ProfilerEditor":9746},{"CoreBusinessMetrics":2344},{"Windowing":480},{"Licensing":1096},{"AssetReference":32},{"IPCStream":32}]}
