Unity Editor version:    6000.4.0f1 (8cf496087c8f)
Branch:                  6000.4/staging
Build type:              Release
Batch mode:              YES
System name:             Linux
Distro version:          #202511241048~1764607909~24.04~df6b2b6 SMP PREEMPT_DYNAMIC Mon D
Kernel version:          6.17.9-76061709-generic
Architecture:            x86_64
Available memory:        64131 MB
Date:                    2026-03-31T10:10:57Z
[Licensing::Module] Trying to connect to existing licensing client channel...
[Licensing::IpcConnector] Channel LicenseClient-hans doesn't exist
Initialize udev device monitor.

COMMAND LINE ARGUMENTS:
/data/apps/Unity/Hub/Editor/6000.4.0f1/Editor/Unity
-batchmode
-nographics
-quit
-projectPath
/data/tmp/hpr_assetstore_sale/projects/sale_com_hpr_eventbus
-logFile
/data/src/github/games/doc/logs/package_sale_prep/20260331_121005_com_hpr_eventbus_refresh.log
Successfully changed project path to: /data/tmp/hpr_assetstore_sale/projects/sale_com_hpr_eventbus
/data/tmp/hpr_assetstore_sale/projects/sale_com_hpr_eventbus
[Licensing::Module] Successfully launched the LicensingClient (PId: 207787)
[UnityMemory] Configuration Parameters - Can be set up in boot.config
    "memorysetup-temp-allocator-size-gi-baking-worker=262144"
    "memorysetup-temp-allocator-size-gi-baking-worker=262144"
    "memorysetup-temp-allocator-size-gi-baking-worker=262144"
    "memorysetup-temp-allocator-size-gi-baking-worker=262144"
    "memorysetup-temp-allocator-size-gi-baking-worker=262144"
    "memorysetup-temp-allocator-size-nav-mesh-worker=65536"
    "memorysetup-temp-allocator-size-audio-worker=65536"
    "memorysetup-temp-allocator-size-cloud-worker=32768"
    "memorysetup-allocator-temp-initial-block-size-main=262144"
    "memorysetup-allocator-temp-initial-block-size-worker=262144"
    "memorysetup-temp-allocator-size-background-worker=32768"
    "memorysetup-temp-allocator-size-job-worker=262144"
    "memorysetup-temp-allocator-size-preload-manager=33554432"
    "memorysetup-temp-allocator-size-gfx=262144"
    "memorysetup-bucket-allocator-granularity=16"
    "memorysetup-bucket-allocator-bucket-count=8"
    "memorysetup-bucket-allocator-block-size=33554432"
    "memorysetup-bucket-allocator-block-count=8"
    "memorysetup-main-allocator-block-size=16777216"
    "memorysetup-thread-allocator-block-size=16777216"
    "memorysetup-gfx-main-allocator-block-size=16777216"
    "memorysetup-gfx-thread-allocator-block-size=16777216"
    "memorysetup-cache-allocator-block-size=4194304"
    "memorysetup-typetree-allocator-block-size=2097152"
    "memorysetup-profiler-bucket-allocator-granularity=16"
    "memorysetup-profiler-bucket-allocator-bucket-count=8"
    "memorysetup-profiler-bucket-allocator-block-size=33554432"
    "memorysetup-profiler-bucket-allocator-block-count=8"
    "memorysetup-profiler-allocator-block-size=16777216"
    "memorysetup-profiler-editor-allocator-block-size=1048576"
    "memorysetup-temp-allocator-size-main=16777216"
    "memorysetup-job-temp-allocator-block-size=2097152"
    "memorysetup-job-temp-allocator-block-size-background=1048576"
    "memorysetup-job-temp-allocator-reduction-small-platforms=262144"
Player connection [132131047951168]  Target information:

Player connection [132131047951168]  * "[IP] 192.168.0.132 [Port] 55504 [Flags] 2 [Guid] 308849413 [EditorId] 308849413 [Version] 1048832 [Id] LinuxEditor(16,192.168.0.132) [Debug] 1 [PackageName] LinuxEditor [ProjectName] Editor" 

Player connection [132131047951168]  * "[IP] 172.17.0.1 [Port] 55504 [Flags] 2 [Guid] 308849413 [EditorId] 308849413 [Version] 1048832 [Id] LinuxEditor(16,192.168.0.132) [Debug] 1 [PackageName] LinuxEditor [ProjectName] Editor" 

Player connection [132131047951168]  * "[IP] 10.8.0.2 [Port] 55504 [Flags] 2 [Guid] 308849413 [EditorId] 308849413 [Version] 1048832 [Id] LinuxEditor(16,192.168.0.132) [Debug] 1 [PackageName] LinuxEditor [ProjectName] Editor" 

Player connection [132131047951168] Host joined multi-casting on [225.0.0.222:54997]...
Player connection [132131047951168] Host joined alternative multi-casting on [225.0.0.222:34997]...
Input System module state changed to: Initialized.
[Physics::Module] Initialized fallback backend.
[Physics::Module] Id: 0xdecafbad
[Licensing::IpcConnector] Successfully connected to: "LicenseClient-hans" at "2026-03-31T10:10:59.116136Z"
[SignatureVerifier] Application signature verification not supported on this platform.
[Package Manager] Connected to IPC stream "Upm-207776" after 1.3 seconds.
[Licensing::Module] Licensing is not yet initialized.
[Licensing::Client] Handshaking with LicensingClient:
  Version:                 1.18.1+9fbee8e
  Session Id:              d9fb21cfc4054b0d8dd967c9ed55af52
  Correlation Id:          4a2ccfde7399f2c7e0c6ea3a137dd42a
  External correlation Id: 3867277736518534108
  Machine Id:              l9JneE/oSM2w6bwb29/I//rgSro=
[Licensing::Module] Successfully connected to LicensingClient on channel: "LicenseClient-hans" (connect: 1.29s, validation: 0.40s, handshake: 0.00s)
[Licensing::IpcConnector] Successfully connected to: "LicenseClient-hans-notifications" at "2026-03-31T10:10:59.515058Z"
[Licensing::Module] Connected to LicensingClient (PId: 207787, launch time: 0.01, total connection time: 1.69s)
[Licensing::Module] Error: Access token is unavailable; failed to update
[Licensing::Client] Successfully resolved entitlement details
[Licensing::Module] License group:
  Id: 9072370782505-UnityPersXXXX
  Product: Unity Personal
  Type: Assigned
  Expiration: Unlimited
[Licensing::Client] Successfully updated license, isAsync: True, time: 0.07
[Licensing::Client] Successfully resolved entitlement details
[Licensing::Module] Licensing Background thread has ended after 2.13s
[Licensing::Module] Licensing is initialized (took 0.58s).
[Licensing::Client] Successfully resolved entitlement details
Library Redirect Path: Library/
[Physics::Module] Selected backend.
[Physics::Module] Name: PhysX
[Physics::Module] Id: 0xf2b8ea05
[Physics::Module] SDK Version: 4.1.2
[Physics::Module] Integration Version: 1.0.0
[Physics::Module] Threading Mode: Multi-Threaded
Initialize engine version: 6000.4.0f1 (8cf496087c8f)
[Subsystems] Discovering subsystems at path /data/apps/Unity/Hub/Editor/6000.4.0f1/Editor/Data/Resources/UnitySubsystems
[Subsystems] Discovering subsystems at path /data/tmp/hpr_assetstore_sale/projects/sale_com_hpr_eventbus/Assets
Forcing GfxDevice: Null
GfxDevice: creating device client; kGfxThreadingModeNonThreaded
NullGfxDevice:
    Version:  NULL 1.0 [1.0]
    Renderer: Null Device
    Vendor:   Unity Technologies
Initialize mono
Mono path[0] = '/data/apps/Unity/Hub/Editor/6000.4.0f1/Editor/Data/Managed'
Mono path[1] = '/data/apps/Unity/Hub/Editor/6000.4.0f1/Editor/Data/MonoBleedingEdge/lib/mono/unityjit-linux'
Mono config path = '/data/apps/Unity/Hub/Editor/6000.4.0f1/Editor/Data/MonoBleedingEdge/etc'
Using monoOptions --debugger-agent=transport=dt_socket,embedding=1,server=y,suspend=n,address=127.0.0.1:56776
CodeReloadManager initialized
Using cacheserver namespaces - metadata:defaultmetadata, artifacts:defaultartifacts
Using cacheserver namespaces - metadata:defaultmetadata, artifacts:defaultartifacts
ImportWorker Server TCP listen port: 0
AcceleratorClientConnectionCallback - disconnected - :0
Begin MonoManager ReloadAssembly
Registering precompiled unity dll's ...
Register platform support module: /data/apps/Unity/Hub/Editor/6000.4.0f1/Editor/Data/PlaybackEngines/LinuxStandaloneSupport/UnityEditor.LinuxStandalone.Extensions.dll
Registered in 0.003394 seconds.
Native extension for LinuxStandalone target not found
Package Manager log level set to [2]
[Licensing::Client] Successfully resolved entitlement details
ScheduleIndexationOnStartup MainProcess:False IndexOnStartup:False
Mono: successfully reloaded assembly
- Finished resetting the current domain, in  2.582 seconds
Domain Reload Profiling: 3526ms
	BeginReloadAssembly (165ms)
		CreateAndSetChildDomain (4ms)
	RebuildCommonClasses (97ms)
	RebuildNativeTypeToScriptingClass (21ms)
	initialDomainReloadingComplete (127ms)
	LoadAllAssembliesAndSetupDomain (530ms)
		LoadAssemblies (160ms)
		AnalyzeDomain (505ms)
			TypeCache.Refresh (502ms)
				TypeCache.ScanAssembly (469ms)
	FinalizeReload (2585ms)
		SetupLoadedEditorAssemblies (0ms)
			InitializePlatformSupportModulesInManaged (111ms)
			BeforeProcessingInitializeOnLoad (255ms)
			ProcessInitializeOnLoadAttributes (293ms)
			ProcessInitializeOnLoadMethodAttributes (1748ms)
[Licensing::Client] Successfully resolved entitlement details
Application.AssetDatabase Initial Refresh Start
[Package Manager] Restoring resolved packages state from cache
[Licensing::Client] Successfully resolved entitlement details
[Package Manager] Registered 39 packages:
  Built-in packages:
    com.unity.multiplayer.center@1.0.1 (location: /data/tmp/hpr_assetstore_sale/projects/sale_com_hpr_eventbus/Library/PackageCache/com.unity.multiplayer.center@53ad5a5c2bfb)
    com.unity.modules.accessibility@1.0.0 (location: /data/tmp/hpr_assetstore_sale/projects/sale_com_hpr_eventbus/Library/PackageCache/com.unity.modules.accessibility)
    com.unity.modules.adaptiveperformance@1.0.0 (location: /data/tmp/hpr_assetstore_sale/projects/sale_com_hpr_eventbus/Library/PackageCache/com.unity.modules.adaptiveperformance)
    com.unity.modules.ai@1.0.0 (location: /data/tmp/hpr_assetstore_sale/projects/sale_com_hpr_eventbus/Library/PackageCache/com.unity.modules.ai)
    com.unity.modules.androidjni@1.0.0 (location: /data/tmp/hpr_assetstore_sale/projects/sale_com_hpr_eventbus/Library/PackageCache/com.unity.modules.androidjni)
    com.unity.modules.animation@1.0.0 (location: /data/tmp/hpr_assetstore_sale/projects/sale_com_hpr_eventbus/Library/PackageCache/com.unity.modules.animation)
    com.unity.modules.assetbundle@1.0.0 (location: /data/tmp/hpr_assetstore_sale/projects/sale_com_hpr_eventbus/Library/PackageCache/com.unity.modules.assetbundle)
    com.unity.modules.audio@1.0.0 (location: /data/tmp/hpr_assetstore_sale/projects/sale_com_hpr_eventbus/Library/PackageCache/com.unity.modules.audio)
    com.unity.modules.cloth@1.0.0 (location: /data/tmp/hpr_assetstore_sale/projects/sale_com_hpr_eventbus/Library/PackageCache/com.unity.modules.cloth)
    com.unity.modules.director@1.0.0 (location: /data/tmp/hpr_assetstore_sale/projects/sale_com_hpr_eventbus/Library/PackageCache/com.unity.modules.director)
    com.unity.modules.imageconversion@1.0.0 (location: /data/tmp/hpr_assetstore_sale/projects/sale_com_hpr_eventbus/Library/PackageCache/com.unity.modules.imageconversion)
    com.unity.modules.imgui@1.0.0 (location: /data/tmp/hpr_assetstore_sale/projects/sale_com_hpr_eventbus/Library/PackageCache/com.unity.modules.imgui)
    com.unity.modules.jsonserialize@1.0.0 (location: /data/tmp/hpr_assetstore_sale/projects/sale_com_hpr_eventbus/Library/PackageCache/com.unity.modules.jsonserialize)
    com.unity.modules.particlesystem@1.0.0 (location: /data/tmp/hpr_assetstore_sale/projects/sale_com_hpr_eventbus/Library/PackageCache/com.unity.modules.particlesystem)
    com.unity.modules.physics@1.0.0 (location: /data/tmp/hpr_assetstore_sale/projects/sale_com_hpr_eventbus/Library/PackageCache/com.unity.modules.physics)
    com.unity.modules.physics2d@1.0.0 (location: /data/tmp/hpr_assetstore_sale/projects/sale_com_hpr_eventbus/Library/PackageCache/com.unity.modules.physics2d)
    com.unity.modules.screencapture@1.0.0 (location: /data/tmp/hpr_assetstore_sale/projects/sale_com_hpr_eventbus/Library/PackageCache/com.unity.modules.screencapture)
    com.unity.modules.terrain@1.0.0 (location: /data/tmp/hpr_assetstore_sale/projects/sale_com_hpr_eventbus/Library/PackageCache/com.unity.modules.terrain)
    com.unity.modules.terrainphysics@1.0.0 (location: /data/tmp/hpr_assetstore_sale/projects/sale_com_hpr_eventbus/Library/PackageCache/com.unity.modules.terrainphysics)
    com.unity.modules.tilemap@1.0.0 (location: /data/tmp/hpr_assetstore_sale/projects/sale_com_hpr_eventbus/Library/PackageCache/com.unity.modules.tilemap)
    com.unity.modules.ui@1.0.0 (location: /data/tmp/hpr_assetstore_sale/projects/sale_com_hpr_eventbus/Library/PackageCache/com.unity.modules.ui)
    com.unity.modules.uielements@1.0.0 (location: /data/tmp/hpr_assetstore_sale/projects/sale_com_hpr_eventbus/Library/PackageCache/com.unity.modules.uielements)
    com.unity.modules.umbra@1.0.0 (location: /data/tmp/hpr_assetstore_sale/projects/sale_com_hpr_eventbus/Library/PackageCache/com.unity.modules.umbra)
    com.unity.modules.unityanalytics@1.0.0 (location: /data/tmp/hpr_assetstore_sale/projects/sale_com_hpr_eventbus/Library/PackageCache/com.unity.modules.unityanalytics)
    com.unity.modules.unitywebrequest@1.0.0 (location: /data/tmp/hpr_assetstore_sale/projects/sale_com_hpr_eventbus/Library/PackageCache/com.unity.modules.unitywebrequest)
    com.unity.modules.unitywebrequestassetbundle@1.0.0 (location: /data/tmp/hpr_assetstore_sale/projects/sale_com_hpr_eventbus/Library/PackageCache/com.unity.modules.unitywebrequestassetbundle)
    com.unity.modules.unitywebrequestaudio@1.0.0 (location: /data/tmp/hpr_assetstore_sale/projects/sale_com_hpr_eventbus/Library/PackageCache/com.unity.modules.unitywebrequestaudio)
    com.unity.modules.unitywebrequesttexture@1.0.0 (location: /data/tmp/hpr_assetstore_sale/projects/sale_com_hpr_eventbus/Library/PackageCache/com.unity.modules.unitywebrequesttexture)
    com.unity.modules.unitywebrequestwww@1.0.0 (location: /data/tmp/hpr_assetstore_sale/projects/sale_com_hpr_eventbus/Library/PackageCache/com.unity.modules.unitywebrequestwww)
    com.unity.modules.vectorgraphics@1.0.0 (location: /data/tmp/hpr_assetstore_sale/projects/sale_com_hpr_eventbus/Library/PackageCache/com.unity.modules.vectorgraphics)
    com.unity.modules.vehicles@1.0.0 (location: /data/tmp/hpr_assetstore_sale/projects/sale_com_hpr_eventbus/Library/PackageCache/com.unity.modules.vehicles)
    com.unity.modules.video@1.0.0 (location: /data/tmp/hpr_assetstore_sale/projects/sale_com_hpr_eventbus/Library/PackageCache/com.unity.modules.video)
    com.unity.modules.vr@1.0.0 (location: /data/tmp/hpr_assetstore_sale/projects/sale_com_hpr_eventbus/Library/PackageCache/com.unity.modules.vr)
    com.unity.modules.wind@1.0.0 (location: /data/tmp/hpr_assetstore_sale/projects/sale_com_hpr_eventbus/Library/PackageCache/com.unity.modules.wind)
    com.unity.modules.xr@1.0.0 (location: /data/tmp/hpr_assetstore_sale/projects/sale_com_hpr_eventbus/Library/PackageCache/com.unity.modules.xr)
    com.unity.ugui@2.0.0 (location: /data/tmp/hpr_assetstore_sale/projects/sale_com_hpr_eventbus/Library/PackageCache/com.unity.ugui@288051c775ab)
    com.unity.modules.subsystems@1.0.0 (location: /data/tmp/hpr_assetstore_sale/projects/sale_com_hpr_eventbus/Library/PackageCache/com.unity.modules.subsystems)
    com.unity.modules.hierarchycore@1.0.0 (location: /data/tmp/hpr_assetstore_sale/projects/sale_com_hpr_eventbus/Library/PackageCache/com.unity.modules.hierarchycore)
  Embedded packages:
    com.hpr.eventbus@file:/data/tmp/hpr_assetstore_sale/projects/sale_com_hpr_eventbus/Packages/com.hpr.eventbus (location: /data/tmp/hpr_assetstore_sale/projects/sale_com_hpr_eventbus/Packages/com.hpr.eventbus)
[Subsystems] No new subsystems found in resolved package list.
[Package Manager] Done registering packages in 0.01 seconds
[Package Manager] Done resolving packages in 0.22 seconds
[Licensing::Client] Successfully resolved entitlement details
[Package Manager] Lock file was modified
[Package Manager] Registered 38 packages:
  Built-in packages:
    com.unity.multiplayer.center@1.0.1 (location: /data/tmp/hpr_assetstore_sale/projects/sale_com_hpr_eventbus/Library/PackageCache/com.unity.multiplayer.center@53ad5a5c2bfb)
    com.unity.modules.accessibility@1.0.0 (location: /data/tmp/hpr_assetstore_sale/projects/sale_com_hpr_eventbus/Library/PackageCache/com.unity.modules.accessibility)
    com.unity.modules.adaptiveperformance@1.0.0 (location: /data/tmp/hpr_assetstore_sale/projects/sale_com_hpr_eventbus/Library/PackageCache/com.unity.modules.adaptiveperformance)
    com.unity.modules.ai@1.0.0 (location: /data/tmp/hpr_assetstore_sale/projects/sale_com_hpr_eventbus/Library/PackageCache/com.unity.modules.ai)
    com.unity.modules.androidjni@1.0.0 (location: /data/tmp/hpr_assetstore_sale/projects/sale_com_hpr_eventbus/Library/PackageCache/com.unity.modules.androidjni)
    com.unity.modules.animation@1.0.0 (location: /data/tmp/hpr_assetstore_sale/projects/sale_com_hpr_eventbus/Library/PackageCache/com.unity.modules.animation)
    com.unity.modules.assetbundle@1.0.0 (location: /data/tmp/hpr_assetstore_sale/projects/sale_com_hpr_eventbus/Library/PackageCache/com.unity.modules.assetbundle)
    com.unity.modules.audio@1.0.0 (location: /data/tmp/hpr_assetstore_sale/projects/sale_com_hpr_eventbus/Library/PackageCache/com.unity.modules.audio)
    com.unity.modules.cloth@1.0.0 (location: /data/tmp/hpr_assetstore_sale/projects/sale_com_hpr_eventbus/Library/PackageCache/com.unity.modules.cloth)
    com.unity.modules.director@1.0.0 (location: /data/tmp/hpr_assetstore_sale/projects/sale_com_hpr_eventbus/Library/PackageCache/com.unity.modules.director)
    com.unity.modules.imageconversion@1.0.0 (location: /data/tmp/hpr_assetstore_sale/projects/sale_com_hpr_eventbus/Library/PackageCache/com.unity.modules.imageconversion)
    com.unity.modules.imgui@1.0.0 (location: /data/tmp/hpr_assetstore_sale/projects/sale_com_hpr_eventbus/Library/PackageCache/com.unity.modules.imgui)
    com.unity.modules.jsonserialize@1.0.0 (location: /data/tmp/hpr_assetstore_sale/projects/sale_com_hpr_eventbus/Library/PackageCache/com.unity.modules.jsonserialize)
    com.unity.modules.particlesystem@1.0.0 (location: /data/tmp/hpr_assetstore_sale/projects/sale_com_hpr_eventbus/Library/PackageCache/com.unity.modules.particlesystem)
    com.unity.modules.physics@1.0.0 (location: /data/tmp/hpr_assetstore_sale/projects/sale_com_hpr_eventbus/Library/PackageCache/com.unity.modules.physics)
    com.unity.modules.physics2d@1.0.0 (location: /data/tmp/hpr_assetstore_sale/projects/sale_com_hpr_eventbus/Library/PackageCache/com.unity.modules.physics2d)
    com.unity.modules.screencapture@1.0.0 (location: /data/tmp/hpr_assetstore_sale/projects/sale_com_hpr_eventbus/Library/PackageCache/com.unity.modules.screencapture)
    com.unity.modules.terrain@1.0.0 (location: /data/tmp/hpr_assetstore_sale/projects/sale_com_hpr_eventbus/Library/PackageCache/com.unity.modules.terrain)
    com.unity.modules.terrainphysics@1.0.0 (location: /data/tmp/hpr_assetstore_sale/projects/sale_com_hpr_eventbus/Library/PackageCache/com.unity.modules.terrainphysics)
    com.unity.modules.tilemap@1.0.0 (location: /data/tmp/hpr_assetstore_sale/projects/sale_com_hpr_eventbus/Library/PackageCache/com.unity.modules.tilemap)
    com.unity.modules.ui@1.0.0 (location: /data/tmp/hpr_assetstore_sale/projects/sale_com_hpr_eventbus/Library/PackageCache/com.unity.modules.ui)
    com.unity.modules.uielements@1.0.0 (location: /data/tmp/hpr_assetstore_sale/projects/sale_com_hpr_eventbus/Library/PackageCache/com.unity.modules.uielements)
    com.unity.modules.umbra@1.0.0 (location: /data/tmp/hpr_assetstore_sale/projects/sale_com_hpr_eventbus/Library/PackageCache/com.unity.modules.umbra)
    com.unity.modules.unityanalytics@1.0.0 (location: /data/tmp/hpr_assetstore_sale/projects/sale_com_hpr_eventbus/Library/PackageCache/com.unity.modules.unityanalytics)
    com.unity.modules.unitywebrequest@1.0.0 (location: /data/tmp/hpr_assetstore_sale/projects/sale_com_hpr_eventbus/Library/PackageCache/com.unity.modules.unitywebrequest)
    com.unity.modules.unitywebrequestassetbundle@1.0.0 (location: /data/tmp/hpr_assetstore_sale/projects/sale_com_hpr_eventbus/Library/PackageCache/com.unity.modules.unitywebrequestassetbundle)
    com.unity.modules.unitywebrequestaudio@1.0.0 (location: /data/tmp/hpr_assetstore_sale/projects/sale_com_hpr_eventbus/Library/PackageCache/com.unity.modules.unitywebrequestaudio)
    com.unity.modules.unitywebrequesttexture@1.0.0 (location: /data/tmp/hpr_assetstore_sale/projects/sale_com_hpr_eventbus/Library/PackageCache/com.unity.modules.unitywebrequesttexture)
    com.unity.modules.unitywebrequestwww@1.0.0 (location: /data/tmp/hpr_assetstore_sale/projects/sale_com_hpr_eventbus/Library/PackageCache/com.unity.modules.unitywebrequestwww)
    com.unity.modules.vectorgraphics@1.0.0 (location: /data/tmp/hpr_assetstore_sale/projects/sale_com_hpr_eventbus/Library/PackageCache/com.unity.modules.vectorgraphics)
    com.unity.modules.vehicles@1.0.0 (location: /data/tmp/hpr_assetstore_sale/projects/sale_com_hpr_eventbus/Library/PackageCache/com.unity.modules.vehicles)
    com.unity.modules.video@1.0.0 (location: /data/tmp/hpr_assetstore_sale/projects/sale_com_hpr_eventbus/Library/PackageCache/com.unity.modules.video)
    com.unity.modules.vr@1.0.0 (location: /data/tmp/hpr_assetstore_sale/projects/sale_com_hpr_eventbus/Library/PackageCache/com.unity.modules.vr)
    com.unity.modules.wind@1.0.0 (location: /data/tmp/hpr_assetstore_sale/projects/sale_com_hpr_eventbus/Library/PackageCache/com.unity.modules.wind)
    com.unity.modules.xr@1.0.0 (location: /data/tmp/hpr_assetstore_sale/projects/sale_com_hpr_eventbus/Library/PackageCache/com.unity.modules.xr)
    com.unity.ugui@2.0.0 (location: /data/tmp/hpr_assetstore_sale/projects/sale_com_hpr_eventbus/Library/PackageCache/com.unity.ugui@288051c775ab)
    com.unity.modules.subsystems@1.0.0 (location: /data/tmp/hpr_assetstore_sale/projects/sale_com_hpr_eventbus/Library/PackageCache/com.unity.modules.subsystems)
    com.unity.modules.hierarchycore@1.0.0 (location: /data/tmp/hpr_assetstore_sale/projects/sale_com_hpr_eventbus/Library/PackageCache/com.unity.modules.hierarchycore)
[Subsystems] No new subsystems found in resolved package list.
[Package Manager] Done registering packages in 0.00 seconds
[ScriptCompilation] Requested script compilation because: Assembly Definition File(s) changed
[ScriptCompilation] Requested script compilation because: AssetDatabase observed changes in script compilation related files
info: Microsoft.Hosting.Lifetime[14]
      Now listening on: http://unix:/tmp/ilpp.sock-837713e760d52566c4f66322dd9890b6
info: Microsoft.Hosting.Lifetime[0]
      Application started. Press Ctrl+C to shut down.
info: Microsoft.Hosting.Lifetime[0]
      Hosting environment: Production
info: Microsoft.Hosting.Lifetime[0]
      Content root path: /data/tmp/hpr_assetstore_sale/projects/sale_com_hpr_eventbus
info: Microsoft.AspNetCore.Hosting.Diagnostics[1]
      Request starting HTTP/2 POST http://ilpp/UnityILPP.PostProcessing/Ping - application/grpc -
info: Microsoft.AspNetCore.Routing.EndpointMiddleware[0]
      Executing endpoint 'gRPC - /UnityILPP.PostProcessing/Ping'
info: Microsoft.AspNetCore.Routing.EndpointMiddleware[1]
      Executed endpoint 'gRPC - /UnityILPP.PostProcessing/Ping'
info: Microsoft.AspNetCore.Hosting.Diagnostics[2]
      Request finished HTTP/2 POST http://ilpp/UnityILPP.PostProcessing/Ping - 200 - application/grpc 74.2369ms
Starting: /data/apps/Unity/Hub/Editor/6000.4.0f1/Editor/Data/Tools/BuildPipeline/bee_backend --ipc --defer-dag-verification --dagfile="Library/Bee/2400b0aE.dag" --continue-on-failure --profile="Library/Bee/backend1.traceevents" ScriptAssemblies
WorkingDir: /data/tmp/hpr_assetstore_sale/projects/sale_com_hpr_eventbus
DisplayProgressbar: Compiling Scripts
ExitCode: 4 Duration: 1s453ms
[           0s] Csc Library/Bee/artifacts/2400b0aE.dag/HPR.Eventbus.Runtime.dll (+2 others) [CacheMiss 142ffa7a8b8ba339829ddd80ec82b48400000000000000000000000000000006]
Rebuilding DAG because FileSignature timestamp changed: Library/Bee/2400b0aE-inputdata.json
*** Tundra requires additional run (1.38 seconds), 1 items updated, 225 evaluated
Starting: /data/apps/Unity/Hub/Editor/6000.4.0f1/Editor/Data/netcorerun/netcorerun "/data/apps/Unity/Hub/Editor/6000.4.0f1/Editor/Data/Tools/BuildPipeline/ScriptCompilationBuildProgram.exe" "Library/Bee/2400b0aE.dag.json" "Library/Bee/2400b0aE-inputdata.json" "Library/Bee/buildprogram0.traceevents"
WorkingDir: /data/tmp/hpr_assetstore_sale/projects/sale_com_hpr_eventbus
ExitCode: 0 Duration: 0s987ms
Starting: /data/apps/Unity/Hub/Editor/6000.4.0f1/Editor/Data/Tools/BuildPipeline/bee_backend --ipc --defer-dag-verification --dagfile="Library/Bee/2400b0aE.dag" --continue-on-failure --dagfilejson="Library/Bee/2400b0aE.dag.json" --profile="Library/Bee/backend2.traceevents" ScriptAssemblies
WorkingDir: /data/tmp/hpr_assetstore_sale/projects/sale_com_hpr_eventbus
ExitCode: 0 Duration: 4s691ms
Finished compiling graph: 249 nodes, 2389 flattened edges (2251 ToBuild, 24 ToUse), maximum node priority 118
[178/246    0s] WriteText Library/Bee/artifacts/2400b0aE.dag/HPR.Eventbus.Editor.rsp2
[180/246    0s] WriteText Library/Bee/artifacts/2400b0aE.dag/HPR.Eventbus.Demo.rsp
[181/246    0s] WriteText Library/Bee/artifacts/2400b0aE.dag/Assembly-CSharp-Editor.UnityAdditionalFile.txt
[182/246    0s] WriteText Library/Bee/artifacts/2400b0aE.dag/HPR.Eventbus.Editor.rsp
[183/246    0s] WriteText Library/Bee/artifacts/2400b0aE.dag/Assembly-CSharp-Editor.rsp2
[184/246    0s] WriteText Library/Bee/artifacts/2400b0aE.dag/Assembly-CSharp-Editor.dll.mvfrm.rsp
[191/246    0s] WriteText Library/Bee/artifacts/2400b0aE.dag/Assembly-CSharp-Editor.rsp
[193/246    0s] WriteText Library/Bee/artifacts/2400b0aE.dag/HPR.Eventbus.Runtime.rsp2
[194/246    0s] WriteText Library/Bee/artifacts/2400b0aE.dag/HPR.Eventbus.Runtime.rsp
[196/246    0s] WriteText Library/Bee/artifacts/2400b0aE.dag/HPR.Eventbus.Demo.rsp2
[230/246    0s] MovedFromExtractor Library/Bee/artifacts/mvdfrm/UnityEditor.UI.Analytics.ref.dll_DE700142083182D3.mvfrm
[231/246    0s] MovedFromExtractor Library/Bee/artifacts/mvdfrm/Unity.TextMeshPro.Editor.ref.dll_B8A961BBD8ABE0FC.mvfrm
[232/246    0s] MovedFromExtractor Library/Bee/artifacts/mvdfrm/Unity.Multiplayer.Center.Editor.ref.dll_1262DD9ACDE5E134.mvfrm
[233/246    0s] MovedFromExtractor-Combine Library/Bee/artifacts/2400b0aE.dag/Assembly-CSharp-Editor.dll.mvfrm
[234/246    3s] Csc Library/Bee/artifacts/2400b0aE.dag/HPR.Eventbus.Runtime.dll (+2 others)
Assets/com.hpr.eventbus/Runtime/EventBus.cs(120,25): warning CS8632: The annotation for nullable reference types should only be used in code within a '#nullable' annotations context.
Assets/com.hpr.eventbus/Runtime/EventBus.cs(19,86): warning CS8632: The annotation for nullable reference types should only be used in code within a '#nullable' annotations context.
Assets/com.hpr.eventbus/Runtime/EventBus.cs(89,80): warning CS8632: The annotation for nullable reference types should only be used in code within a '#nullable' annotations context.
[235/246    0s] CopyFiles Library/ScriptAssemblies/HPR.Eventbus.Runtime.pdb
[236/246    0s] CopyFiles Library/ScriptAssemblies/HPR.Eventbus.Runtime.dll
[237/246    0s] Csc Library/Bee/artifacts/2400b0aE.dag/HPR.Eventbus.Demo.dll (+2 others)
[238/246    0s] CopyFiles Library/ScriptAssemblies/HPR.Eventbus.Demo.pdb
[239/246    0s] CopyFiles Library/ScriptAssemblies/HPR.Eventbus.Demo.dll
[240/246    0s] Csc Library/Bee/artifacts/2400b0aE.dag/HPR.Eventbus.Editor.dll (+2 others)
[241/246    0s] CopyFiles Library/ScriptAssemblies/HPR.Eventbus.Editor.pdb
[242/246    0s] CopyFiles Library/ScriptAssemblies/HPR.Eventbus.Editor.dll
[243/246    0s] Csc Library/Bee/artifacts/2400b0aE.dag/Assembly-CSharp-Editor.dll (+2 others)
[244/246    0s] CopyFiles Library/ScriptAssemblies/Assembly-CSharp-Editor.dll
[245/246    0s] CopyFiles Library/ScriptAssemblies/Assembly-CSharp-Editor.pdb
*** Tundra build success (4.65 seconds), 26 items updated, 246 evaluated
Assets/com.hpr.eventbus/Runtime/EventBus.cs(120,25): warning CS8632: The annotation for nullable reference types should only be used in code within a '#nullable' annotations context.
Assets/com.hpr.eventbus/Runtime/EventBus.cs(19,86): warning CS8632: The annotation for nullable reference types should only be used in code within a '#nullable' annotations context.
Assets/com.hpr.eventbus/Runtime/EventBus.cs(89,80): warning CS8632: The annotation for nullable reference types should only be used in code within a '#nullable' annotations context.
AssetDatabase: script compilation time: 8.071682s
Begin MonoManager ReloadAssembly
Assembly Assembly-CSharp-Editor-firstpass.dll at Library/ScriptAssemblies/Assembly-CSharp-Editor-firstpass.dll not valid. Loading of assembly skipped.
Assembly Assembly-CSharp-firstpass.dll at Library/ScriptAssemblies/Assembly-CSharp-firstpass.dll not valid. Loading of assembly skipped.
Assembly Assembly-CSharp.dll at Library/ScriptAssemblies/Assembly-CSharp.dll not valid. Loading of assembly skipped.
Assembly Unity.Multiplayer.Center.Editor.Tests.dll at Library/ScriptAssemblies/Unity.Multiplayer.Center.Editor.Tests.dll not valid. Loading of assembly skipped.
Assembly Unity.Multiplayer.Center.Tests.dll at Library/ScriptAssemblies/Unity.Multiplayer.Center.Tests.dll not valid. Loading of assembly skipped.
Assembly Unity.TextMeshPro.Editor.Tests.dll at Library/ScriptAssemblies/Unity.TextMeshPro.Editor.Tests.dll not valid. Loading of assembly skipped.
Assembly Unity.TextMeshPro.Tests.dll at Library/ScriptAssemblies/Unity.TextMeshPro.Tests.dll not valid. Loading of assembly skipped.
Assembly UnityEditor.UI.Common.Tests.dll at Library/ScriptAssemblies/UnityEditor.UI.Common.Tests.dll not valid. Loading of assembly skipped.
Assembly UnityEditor.UI.EditorTests.dll at Library/ScriptAssemblies/UnityEditor.UI.EditorTests.dll not valid. Loading of assembly skipped.
Assembly UnityEngine.UI.Tests.dll at Library/ScriptAssemblies/UnityEngine.UI.Tests.dll not valid. Loading of assembly skipped.
Start importing Assets/Editor using Guid(4cd4a148398660712969d8d61a95d021) (DefaultImporter) -> (Import Result ID: '3615449188a0a48924451b82f5474b3e') in 0.033626831 seconds [static dependencies only]. Details - ImportResultOutputID=cb59fcd2ce5cfc8cb5e610b08b9adf8f DependenciesID=7dcfa315017f20c59f3cd392af83dd05 StaticDependenciesID=aacb55559ac1df825cf121b325209b70 
Start importing Assets/com.hpr.eventbus using Guid(1d897417e6accd57cad6a99af35c6d9c) (DefaultImporter) -> (Import Result ID: '421c2bc943c5c3fa462f25af3a1933bb') in 0.001329627 seconds [static dependencies only]. Details - ImportResultOutputID=aad4e409173ef992f31d427e33ba2217 DependenciesID=8f6363e40e10bb5f7b4f78398c4131d2 StaticDependenciesID=4ffe1f963925f8e4f92a3f4412fabf08 
Native extension for LinuxStandalone target not found
ScheduleIndexationOnStartup MainProcess:True IndexOnStartup:True
Mono: successfully reloaded assembly
- Finished resetting the current domain, in  1.088 seconds
Domain Reload Profiling: 1822ms
	BeginReloadAssembly (446ms)
		DisableScriptedObjects (26ms)
		CreateAndSetChildDomain (190ms)
	RebuildCommonClasses (108ms)
	RebuildNativeTypeToScriptingClass (28ms)
	initialDomainReloadingComplete (71ms)
	LoadAllAssembliesAndSetupDomain (77ms)
		LoadAssemblies (128ms)
		AnalyzeDomain (53ms)
			TypeCache.Refresh (29ms)
				TypeCache.ScanAssembly (17ms)
			BuildScriptInfoCaches (15ms)
			ResolveRequiredComponents (7ms)
	FinalizeReload (1092ms)
		SetupLoadedEditorAssemblies (0ms)
			InitializePlatformSupportModulesInManaged (49ms)
			BeforeProcessingInitializeOnLoad (321ms)
			ProcessInitializeOnLoadAttributes (237ms)
			ProcessInitializeOnLoadMethodAttributes (138ms)
			AfterProcessingInitializeOnLoad (9ms)
		AwakeInstancesAfterBackupRestoration (13ms)
Start importing Assets/com.hpr.eventbus/Demo/EventBusDemo.unity using Guid(3f644059f4e8d72c8bc9000d23046fa7) (DefaultImporter) -> (Import Result ID: 'b8ca050ea0ba6e23111dff18cdcf6d7f') in 0.000972288 seconds [static dependencies only]. Details - ImportResultOutputID=d3b9e15ace3b67acc22ad5154a053501 DependenciesID=7a1d9d6d9fbf57e216a1c52383cdc412 StaticDependenciesID=b85ae98b7af4a00cd586788db43d8294 
Start importing Assets/com.hpr.eventbus/package.json using Guid(948bc03d0e4b748b9cdc39bad95aba83) (TextScriptImporter) -> (Import Result ID: 'a5b147cb681475288ec5449d77fb0eb0') in 0.001503375 seconds [static dependencies only]. Details - ImportResultOutputID=6cb953d17c09cae046f17a8dd15a1909 DependenciesID=6ae58e830cccd458c69c2e6dcd11e1bf StaticDependenciesID=1d860091c71616d4156fc7e40e0be4ff 
(Values over 0.050ms)
Asset Pipeline Refresh (id=0e1abf4fd678172c38193daa989a2453): Total: 10.854 seconds - Initiated by InitialRefreshV2(ForceSynchronousImport)
	Summary:
		Imports: total=4 (actual=4, local cache=0, cache server=0)
		Asset DB Process Time: managed=8 ms, native=1556 ms
		Asset DB Callback time: managed=194 ms, native=261 ms
		Scripting: domain reloads=1, domain reload time=732 ms, compile time=8080 ms, other=17 ms
		Project Asset Count: scripts=207, non-scripts=130
		Asset File Changes: new=3, changed=8, moved=23, deleted=1
		Scan Filter Count: 1
	InvokePackagesCallback: 247.666ms
	ApplyChangesToAssetFolders: 0.459ms
	Scan: 250.498ms
	OnSourceAssetsModified: 1.348ms
	CategorizeScriptCompilationAssets: 2.534ms
	ProcessAssetsWithTransientArtifactChanges: 18.074ms
	CategorizeAssets: 7.310ms
	CompileScripts: 8080.002ms
	ImportOutOfDateAssets: 1144.285ms (1096.654ms without children)
		ImportManagerImport: 46.699ms (8.255ms without children)
			UpdateCategorizedAssets: 0.054ms
		UnloadImportedAssets: 0.489ms
		EnsureUptoDateAssetsAreRegisteredWithGuidPM: 0.125ms
		PostProcessAllAssetNotificationsAddChangedAssets: 3.044ms
		OnDemandSchedulerStart: 0.302ms
	PostProcessAllAssets: 206.059ms
		AssemblyValidation.PostprocessAllAssets 5.631ms
		VCAutoAddAssetPostprocess 3.809ms
		SpeedTreeImporter.PostprocessAllAssets 1.801ms
		PostProcessCallbackCreateDeferredMaterials 0.054ms
		VersionControlSettings.HiddenFilePostprocess 0.052ms
		MonoPostProcessAllAssets: 192.546ms
			AssetPostprocessor.OnPostprocessAllAssets 60.370ms
			StyleCatalogPostProcessor.OnPostprocessAllAssets 32.836ms
			WindowAssetPostprocessingWatcher.OnPostprocessAllAssets 18.930ms
			BuilderAssetPostprocessor.OnPostprocessAllAssets 16.444ms
			AssetChangedListener.OnPostprocessAllAssets 5.442ms
			TMPro_TexturePostProcessor.OnPostprocessAllAssets 4.667ms
			SyncVS.PostprocessSyncProject 3.147ms
			RetainedModeAssetPostprocessor.OnPostprocessAllAssets 2.823ms
			SpeedTree9Postprocessor.OnPostprocessAllAssets 1.869ms
			TextAssetPostProcessor.OnPostprocessAllAssets 1.349ms
			ArtifactBrowserPostProcessor.OnPostprocessAllAssets 1.302ms
			ReferencedClipsPostProcessor.OnPostprocessAllAssets 0.733ms
			AudioMixerPostprocessor.OnPostprocessAllAssets 0.699ms
			SpeedTreePostProcessor.OnPostprocessAllAssets 0.551ms
			TerrainToolbarOverlayPostProcessor.OnPostprocessAllAssets 0.494ms
			AssetEvents.OnPostprocessAllAssets 0.406ms
			AssetDatabaseCallbacks.OnPostprocessAllAssets 0.401ms
			ConfigAssetsTracker.OnPostprocessAllAssets 0.363ms
			ScenarioDriftAssetsTracker.OnPostprocessAllAssets 0.326ms
			AudioContainerPostProcessor.OnPostprocessAllAssets 0.220ms
			RenderPipelineGlobalSettingsPostprocessor.OnPostprocessAllAssets 0.188ms
	PostAssetChangesProfiler: 1.923ms
	UnloadStreamsBegin: 3.150ms
	PersistCurrentRevisions: 0.131ms
	GenerateScriptTypeHashes: 0.551ms
	GenerateScriptTypeSerializationHashes: 1.270ms
	Untracked: 889.743ms

Application.AssetDatabase Initial Refresh End
Scanning for USB devices : 5.042ms
Initializing Unity extensions:
UpdateMenuTitleForLanguage: 10
[MODES] ModeService[none].Initialize
[MODES] ModeService[none].LoadModes
[MODES] Loading mode Default (0) for mode-current-id-sale_com_hpr_eventbus
Unloading 4 Unused Serialized files (Serialized files now loaded: 0)
Unloading 446 unused Assets / (1.1 MB). Loaded Objects now: 1046.
Memory consumption went from 86.5 MB to 85.4 MB.
Total: 24.124861 ms (FindLiveObjects: 0.187523 ms CreateObjectMapping: 0.073161 ms MarkObjects: 22.589350 ms  DeleteObjects: 1.272916 ms)

Batchmode quit successfully invoked - shutting down!
Curl error 42: Callback aborted
[Physics::Module] Cleanup current backend.
[Physics::Module] Id: 0xf2b8ea05
Input System module state changed to: ShutdownInProgress.
Input Polling Thread exited.
Input System module state changed to: Shutdown.
[Licensing::IpcConnector] LicenseClient-hans-notifications channel disconnected successfully.
[Licensing::IpcConnector] LicenseClient-hans channel disconnected successfully.
AcceleratorClientConnectionCallback - disconnected - :0
info: Microsoft.Hosting.Lifetime[0]
      Application is shutting down...
Cleanup mono
CodeReloadManager destroyed
debugger-agent: Unable to listen on 43
Exiting batchmode successfully now!
