Unity Editor version:    6000.4.0f1 (8cf496087c8f)
Branch:                  6000.4/staging
Build type:              Release
Batch mode:              YES
System name:             Linux
Distro version:          #202511241048~1764607909~24.04~df6b2b6 SMP PREEMPT_DYNAMIC Mon D
Kernel version:          6.17.9-76061709-generic
Architecture:            x86_64
Available memory:        64131 MB
Date:                    2026-04-01T08:49:40Z
[Licensing::Module] Trying to connect to existing licensing client channel...
Initialize udev device monitor.
[Licensing::IpcConnector] Channel LicenseClient-hans doesn't exist
[Licensing::Module] Successfully launched the LicensingClient (PId: 609811)

COMMAND LINE ARGUMENTS:
/data/apps/Unity/Hub/Editor/6000.4.0f1/Editor/Unity
-batchmode
-nographics
-quit
-projectPath
/data/tmp/hpr_assetstore_sale/projects/sale_com_hpr_stats
-logFile
/data/src/github/games/doc/logs/package_sale_prep/20260401_104418_com_hpr_stats_refresh.log
Successfully changed project path to: /data/tmp/hpr_assetstore_sale/projects/sale_com_hpr_stats
/data/tmp/hpr_assetstore_sale/projects/sale_com_hpr_stats
[UnityMemory] Configuration Parameters - Can be set up in boot.config
    "memorysetup-temp-allocator-size-gi-baking-worker=262144"
    "memorysetup-temp-allocator-size-gi-baking-worker=262144"
    "memorysetup-temp-allocator-size-gi-baking-worker=262144"
    "memorysetup-temp-allocator-size-gi-baking-worker=262144"
    "memorysetup-temp-allocator-size-gi-baking-worker=262144"
    "memorysetup-temp-allocator-size-nav-mesh-worker=65536"
    "memorysetup-temp-allocator-size-audio-worker=65536"
    "memorysetup-temp-allocator-size-cloud-worker=32768"
    "memorysetup-allocator-temp-initial-block-size-main=262144"
    "memorysetup-allocator-temp-initial-block-size-worker=262144"
    "memorysetup-temp-allocator-size-background-worker=32768"
    "memorysetup-temp-allocator-size-job-worker=262144"
    "memorysetup-temp-allocator-size-preload-manager=33554432"
    "memorysetup-temp-allocator-size-gfx=262144"
    "memorysetup-bucket-allocator-granularity=16"
    "memorysetup-bucket-allocator-bucket-count=8"
    "memorysetup-bucket-allocator-block-size=33554432"
    "memorysetup-bucket-allocator-block-count=8"
    "memorysetup-main-allocator-block-size=16777216"
    "memorysetup-thread-allocator-block-size=16777216"
    "memorysetup-gfx-main-allocator-block-size=16777216"
    "memorysetup-gfx-thread-allocator-block-size=16777216"
    "memorysetup-cache-allocator-block-size=4194304"
    "memorysetup-typetree-allocator-block-size=2097152"
    "memorysetup-profiler-bucket-allocator-granularity=16"
    "memorysetup-profiler-bucket-allocator-bucket-count=8"
    "memorysetup-profiler-bucket-allocator-block-size=33554432"
    "memorysetup-profiler-bucket-allocator-block-count=8"
    "memorysetup-profiler-allocator-block-size=16777216"
    "memorysetup-profiler-editor-allocator-block-size=1048576"
    "memorysetup-temp-allocator-size-main=16777216"
    "memorysetup-job-temp-allocator-block-size=2097152"
    "memorysetup-job-temp-allocator-block-size-background=1048576"
    "memorysetup-job-temp-allocator-reduction-small-platforms=262144"
Player connection [123786166418240]  Target information:

Player connection [123786166418240]  * "[IP] 192.168.0.132 [Port] 55504 [Flags] 2 [Guid] 793539507 [EditorId] 793539507 [Version] 1048832 [Id] LinuxEditor(16,192.168.0.132) [Debug] 1 [PackageName] LinuxEditor [ProjectName] Editor" 

Player connection [123786166418240]  * "[IP] 172.17.0.1 [Port] 55504 [Flags] 2 [Guid] 793539507 [EditorId] 793539507 [Version] 1048832 [Id] LinuxEditor(16,192.168.0.132) [Debug] 1 [PackageName] LinuxEditor [ProjectName] Editor" 

Player connection [123786166418240]  * "[IP] 10.8.0.2 [Port] 55504 [Flags] 2 [Guid] 793539507 [EditorId] 793539507 [Version] 1048832 [Id] LinuxEditor(16,192.168.0.132) [Debug] 1 [PackageName] LinuxEditor [ProjectName] Editor" 

Player connection [123786166418240] Host joined multi-casting on [225.0.0.222:54997]...
Player connection [123786166418240] Host joined alternative multi-casting on [225.0.0.222:34997]...
Input System module state changed to: Initialized.
[Physics::Module] Initialized fallback backend.
[Physics::Module] Id: 0xdecafbad
[Package Manager] Connected to IPC stream "Upm-609800" after 0.3 seconds.
[Licensing::Module] Licensing is not yet initialized.
[Licensing::IpcConnector] Successfully connected to: "LicenseClient-hans" at "2026-04-01T08:49:41.25922Z"
[SignatureVerifier] Application signature verification not supported on this platform.
[Licensing::Client] Handshaking with LicensingClient:
  Version:                 1.18.1+9fbee8e
  Session Id:              f3fa93a409534365bdc2b9b9aea93219
  Correlation Id:          7e988a4dd5f529063e688d8faa39f47e
  External correlation Id: 2074170242472775137
  Machine Id:              l9JneE/oSM2w6bwb29/I//rgSro=
[Licensing::Module] Successfully connected to LicensingClient on channel: "LicenseClient-hans" (connect: 0.57s, validation: 0.08s, handshake: 0.00s)
[Licensing::IpcConnector] Successfully connected to: "LicenseClient-hans-notifications" at "2026-04-01T08:49:41.340288Z"
[Licensing::Module] Connected to LicensingClient (PId: 609811, launch time: 0.00, total connection time: 0.65s)
[Licensing::Module] Error: Access token is unavailable; failed to update
[Licensing::Client] Successfully resolved entitlement details
[Licensing::Module] License group:
  Id: 9072370782505-UnityPersXXXX
  Product: Unity Personal
  Type: Assigned
  Expiration: Unlimited
[Licensing::Client] Successfully updated license, isAsync: True, time: 0.02
[Licensing::Client] Successfully resolved entitlement details
[Licensing::Module] Licensing Background thread has ended after 0.69s
[Licensing::Module] Licensing is initialized (took 0.27s).
[Licensing::Client] Successfully resolved entitlement details
Library Redirect Path: Library/
FMOD failed to initialize the output device.: "Error initializing output device. " (60)
Forced to initialize FMOD to to the device driver's system output rate 48000, this may impact performance and/or give inconsistent experiences compared to selected sample rate 48000
FMOD failed to initialize the output device.: "Error initializing output device. " (60)
FMOD initialized on nosound output
[Physics::Module] Selected backend.
[Physics::Module] Name: PhysX
[Physics::Module] Id: 0xf2b8ea05
[Physics::Module] SDK Version: 4.1.2
[Physics::Module] Integration Version: 1.0.0
[Physics::Module] Threading Mode: Multi-Threaded
Initialize engine version: 6000.4.0f1 (8cf496087c8f)
[Subsystems] Discovering subsystems at path /data/apps/Unity/Hub/Editor/6000.4.0f1/Editor/Data/Resources/UnitySubsystems
[Subsystems] Discovering subsystems at path /data/tmp/hpr_assetstore_sale/projects/sale_com_hpr_stats/Assets
Forcing GfxDevice: Null
GfxDevice: creating device client; kGfxThreadingModeNonThreaded
NullGfxDevice:
    Version:  NULL 1.0 [1.0]
    Renderer: Null Device
    Vendor:   Unity Technologies
Initialize mono
Mono path[0] = '/data/apps/Unity/Hub/Editor/6000.4.0f1/Editor/Data/Managed'
Mono path[1] = '/data/apps/Unity/Hub/Editor/6000.4.0f1/Editor/Data/MonoBleedingEdge/lib/mono/unityjit-linux'
Mono config path = '/data/apps/Unity/Hub/Editor/6000.4.0f1/Editor/Data/MonoBleedingEdge/etc'
Using monoOptions --debugger-agent=transport=dt_socket,embedding=1,server=y,suspend=n,address=127.0.0.1:56800
CodeReloadManager initialized
Using cacheserver namespaces - metadata:defaultmetadata, artifacts:defaultartifacts
Using cacheserver namespaces - metadata:defaultmetadata, artifacts:defaultartifacts
ImportWorker Server TCP listen port: 0
AcceleratorClientConnectionCallback - disconnected - :0
Begin MonoManager ReloadAssembly
Registering precompiled unity dll's ...
Register platform support module: /data/apps/Unity/Hub/Editor/6000.4.0f1/Editor/Data/PlaybackEngines/LinuxStandaloneSupport/UnityEditor.LinuxStandalone.Extensions.dll
Registered in 0.001661 seconds.
Native extension for LinuxStandalone target not found
Package Manager log level set to [2]
[Licensing::Client] Successfully resolved entitlement details
ScheduleIndexationOnStartup MainProcess:False IndexOnStartup:False
Mono: successfully reloaded assembly
- Finished resetting the current domain, in  1.449 seconds
Domain Reload Profiling: 2120ms
	BeginReloadAssembly (152ms)
	RebuildCommonClasses (81ms)
	RebuildNativeTypeToScriptingClass (25ms)
	initialDomainReloadingComplete (95ms)
	LoadAllAssembliesAndSetupDomain (314ms)
		LoadAssemblies (150ms)
		AnalyzeDomain (301ms)
			TypeCache.Refresh (299ms)
				TypeCache.ScanAssembly (277ms)
	FinalizeReload (1452ms)
		SetupLoadedEditorAssemblies (0ms)
			InitializePlatformSupportModulesInManaged (61ms)
			BeforeProcessingInitializeOnLoad (167ms)
			ProcessInitializeOnLoadAttributes (174ms)
			ProcessInitializeOnLoadMethodAttributes (941ms)
[Licensing::Client] Successfully resolved entitlement details
Application.AssetDatabase Initial Refresh Start
[Package Manager] Restoring resolved packages state from cache
[Licensing::Client] Successfully resolved entitlement details
[Package Manager] Registered 42 packages:
  Built-in packages:
    com.unity.multiplayer.center@1.0.1 (location: /data/tmp/hpr_assetstore_sale/projects/sale_com_hpr_stats/Library/PackageCache/com.unity.multiplayer.center@53ad5a5c2bfb)
    com.unity.modules.accessibility@1.0.0 (location: /data/tmp/hpr_assetstore_sale/projects/sale_com_hpr_stats/Library/PackageCache/com.unity.modules.accessibility)
    com.unity.modules.adaptiveperformance@1.0.0 (location: /data/tmp/hpr_assetstore_sale/projects/sale_com_hpr_stats/Library/PackageCache/com.unity.modules.adaptiveperformance)
    com.unity.modules.ai@1.0.0 (location: /data/tmp/hpr_assetstore_sale/projects/sale_com_hpr_stats/Library/PackageCache/com.unity.modules.ai)
    com.unity.modules.androidjni@1.0.0 (location: /data/tmp/hpr_assetstore_sale/projects/sale_com_hpr_stats/Library/PackageCache/com.unity.modules.androidjni)
    com.unity.modules.animation@1.0.0 (location: /data/tmp/hpr_assetstore_sale/projects/sale_com_hpr_stats/Library/PackageCache/com.unity.modules.animation)
    com.unity.modules.assetbundle@1.0.0 (location: /data/tmp/hpr_assetstore_sale/projects/sale_com_hpr_stats/Library/PackageCache/com.unity.modules.assetbundle)
    com.unity.modules.audio@1.0.0 (location: /data/tmp/hpr_assetstore_sale/projects/sale_com_hpr_stats/Library/PackageCache/com.unity.modules.audio)
    com.unity.modules.cloth@1.0.0 (location: /data/tmp/hpr_assetstore_sale/projects/sale_com_hpr_stats/Library/PackageCache/com.unity.modules.cloth)
    com.unity.modules.director@1.0.0 (location: /data/tmp/hpr_assetstore_sale/projects/sale_com_hpr_stats/Library/PackageCache/com.unity.modules.director)
    com.unity.modules.imageconversion@1.0.0 (location: /data/tmp/hpr_assetstore_sale/projects/sale_com_hpr_stats/Library/PackageCache/com.unity.modules.imageconversion)
    com.unity.modules.imgui@1.0.0 (location: /data/tmp/hpr_assetstore_sale/projects/sale_com_hpr_stats/Library/PackageCache/com.unity.modules.imgui)
    com.unity.modules.jsonserialize@1.0.0 (location: /data/tmp/hpr_assetstore_sale/projects/sale_com_hpr_stats/Library/PackageCache/com.unity.modules.jsonserialize)
    com.unity.modules.particlesystem@1.0.0 (location: /data/tmp/hpr_assetstore_sale/projects/sale_com_hpr_stats/Library/PackageCache/com.unity.modules.particlesystem)
    com.unity.modules.physics@1.0.0 (location: /data/tmp/hpr_assetstore_sale/projects/sale_com_hpr_stats/Library/PackageCache/com.unity.modules.physics)
    com.unity.modules.physics2d@1.0.0 (location: /data/tmp/hpr_assetstore_sale/projects/sale_com_hpr_stats/Library/PackageCache/com.unity.modules.physics2d)
    com.unity.modules.screencapture@1.0.0 (location: /data/tmp/hpr_assetstore_sale/projects/sale_com_hpr_stats/Library/PackageCache/com.unity.modules.screencapture)
    com.unity.modules.terrain@1.0.0 (location: /data/tmp/hpr_assetstore_sale/projects/sale_com_hpr_stats/Library/PackageCache/com.unity.modules.terrain)
    com.unity.modules.terrainphysics@1.0.0 (location: /data/tmp/hpr_assetstore_sale/projects/sale_com_hpr_stats/Library/PackageCache/com.unity.modules.terrainphysics)
    com.unity.modules.tilemap@1.0.0 (location: /data/tmp/hpr_assetstore_sale/projects/sale_com_hpr_stats/Library/PackageCache/com.unity.modules.tilemap)
    com.unity.modules.ui@1.0.0 (location: /data/tmp/hpr_assetstore_sale/projects/sale_com_hpr_stats/Library/PackageCache/com.unity.modules.ui)
    com.unity.modules.uielements@1.0.0 (location: /data/tmp/hpr_assetstore_sale/projects/sale_com_hpr_stats/Library/PackageCache/com.unity.modules.uielements)
    com.unity.modules.umbra@1.0.0 (location: /data/tmp/hpr_assetstore_sale/projects/sale_com_hpr_stats/Library/PackageCache/com.unity.modules.umbra)
    com.unity.modules.unityanalytics@1.0.0 (location: /data/tmp/hpr_assetstore_sale/projects/sale_com_hpr_stats/Library/PackageCache/com.unity.modules.unityanalytics)
    com.unity.modules.unitywebrequest@1.0.0 (location: /data/tmp/hpr_assetstore_sale/projects/sale_com_hpr_stats/Library/PackageCache/com.unity.modules.unitywebrequest)
    com.unity.modules.unitywebrequestassetbundle@1.0.0 (location: /data/tmp/hpr_assetstore_sale/projects/sale_com_hpr_stats/Library/PackageCache/com.unity.modules.unitywebrequestassetbundle)
    com.unity.modules.unitywebrequestaudio@1.0.0 (location: /data/tmp/hpr_assetstore_sale/projects/sale_com_hpr_stats/Library/PackageCache/com.unity.modules.unitywebrequestaudio)
    com.unity.modules.unitywebrequesttexture@1.0.0 (location: /data/tmp/hpr_assetstore_sale/projects/sale_com_hpr_stats/Library/PackageCache/com.unity.modules.unitywebrequesttexture)
    com.unity.modules.unitywebrequestwww@1.0.0 (location: /data/tmp/hpr_assetstore_sale/projects/sale_com_hpr_stats/Library/PackageCache/com.unity.modules.unitywebrequestwww)
    com.unity.modules.vectorgraphics@1.0.0 (location: /data/tmp/hpr_assetstore_sale/projects/sale_com_hpr_stats/Library/PackageCache/com.unity.modules.vectorgraphics)
    com.unity.modules.vehicles@1.0.0 (location: /data/tmp/hpr_assetstore_sale/projects/sale_com_hpr_stats/Library/PackageCache/com.unity.modules.vehicles)
    com.unity.modules.video@1.0.0 (location: /data/tmp/hpr_assetstore_sale/projects/sale_com_hpr_stats/Library/PackageCache/com.unity.modules.video)
    com.unity.modules.vr@1.0.0 (location: /data/tmp/hpr_assetstore_sale/projects/sale_com_hpr_stats/Library/PackageCache/com.unity.modules.vr)
    com.unity.modules.wind@1.0.0 (location: /data/tmp/hpr_assetstore_sale/projects/sale_com_hpr_stats/Library/PackageCache/com.unity.modules.wind)
    com.unity.modules.xr@1.0.0 (location: /data/tmp/hpr_assetstore_sale/projects/sale_com_hpr_stats/Library/PackageCache/com.unity.modules.xr)
    com.unity.ugui@2.0.0 (location: /data/tmp/hpr_assetstore_sale/projects/sale_com_hpr_stats/Library/PackageCache/com.unity.ugui@288051c775ab)
    com.unity.test-framework@1.6.0 (location: /data/tmp/hpr_assetstore_sale/projects/sale_com_hpr_stats/Library/PackageCache/com.unity.test-framework@f63be82e0d2e)
    com.unity.ext.nunit@2.0.5 (location: /data/tmp/hpr_assetstore_sale/projects/sale_com_hpr_stats/Library/PackageCache/com.unity.ext.nunit@ec2d0043d6fc)
    com.unity.modules.subsystems@1.0.0 (location: /data/tmp/hpr_assetstore_sale/projects/sale_com_hpr_stats/Library/PackageCache/com.unity.modules.subsystems)
    com.unity.modules.hierarchycore@1.0.0 (location: /data/tmp/hpr_assetstore_sale/projects/sale_com_hpr_stats/Library/PackageCache/com.unity.modules.hierarchycore)
  Embedded packages:
    com.hpr.eventbus@file:/data/tmp/hpr_assetstore_sale/projects/sale_com_hpr_stats/Packages/com.hpr.eventbus (location: /data/tmp/hpr_assetstore_sale/projects/sale_com_hpr_stats/Packages/com.hpr.eventbus)
    com.hpr.stats@file:/data/tmp/hpr_assetstore_sale/projects/sale_com_hpr_stats/Packages/com.hpr.stats (location: /data/tmp/hpr_assetstore_sale/projects/sale_com_hpr_stats/Packages/com.hpr.stats)
[Subsystems] No new subsystems found in resolved package list.
[Package Manager] Done registering packages in 0.01 seconds
[Package Manager] Done resolving packages in 0.16 seconds
[Licensing::Client] Successfully resolved entitlement details
[Package Manager] Lock file was modified
[Package Manager] Registered 40 packages:
  Built-in packages:
    com.unity.multiplayer.center@1.0.1 (location: /data/tmp/hpr_assetstore_sale/projects/sale_com_hpr_stats/Library/PackageCache/com.unity.multiplayer.center@53ad5a5c2bfb)
    com.unity.modules.accessibility@1.0.0 (location: /data/tmp/hpr_assetstore_sale/projects/sale_com_hpr_stats/Library/PackageCache/com.unity.modules.accessibility)
    com.unity.modules.adaptiveperformance@1.0.0 (location: /data/tmp/hpr_assetstore_sale/projects/sale_com_hpr_stats/Library/PackageCache/com.unity.modules.adaptiveperformance)
    com.unity.modules.ai@1.0.0 (location: /data/tmp/hpr_assetstore_sale/projects/sale_com_hpr_stats/Library/PackageCache/com.unity.modules.ai)
    com.unity.modules.androidjni@1.0.0 (location: /data/tmp/hpr_assetstore_sale/projects/sale_com_hpr_stats/Library/PackageCache/com.unity.modules.androidjni)
    com.unity.modules.animation@1.0.0 (location: /data/tmp/hpr_assetstore_sale/projects/sale_com_hpr_stats/Library/PackageCache/com.unity.modules.animation)
    com.unity.modules.assetbundle@1.0.0 (location: /data/tmp/hpr_assetstore_sale/projects/sale_com_hpr_stats/Library/PackageCache/com.unity.modules.assetbundle)
    com.unity.modules.audio@1.0.0 (location: /data/tmp/hpr_assetstore_sale/projects/sale_com_hpr_stats/Library/PackageCache/com.unity.modules.audio)
    com.unity.modules.cloth@1.0.0 (location: /data/tmp/hpr_assetstore_sale/projects/sale_com_hpr_stats/Library/PackageCache/com.unity.modules.cloth)
    com.unity.modules.director@1.0.0 (location: /data/tmp/hpr_assetstore_sale/projects/sale_com_hpr_stats/Library/PackageCache/com.unity.modules.director)
    com.unity.modules.imageconversion@1.0.0 (location: /data/tmp/hpr_assetstore_sale/projects/sale_com_hpr_stats/Library/PackageCache/com.unity.modules.imageconversion)
    com.unity.modules.imgui@1.0.0 (location: /data/tmp/hpr_assetstore_sale/projects/sale_com_hpr_stats/Library/PackageCache/com.unity.modules.imgui)
    com.unity.modules.jsonserialize@1.0.0 (location: /data/tmp/hpr_assetstore_sale/projects/sale_com_hpr_stats/Library/PackageCache/com.unity.modules.jsonserialize)
    com.unity.modules.particlesystem@1.0.0 (location: /data/tmp/hpr_assetstore_sale/projects/sale_com_hpr_stats/Library/PackageCache/com.unity.modules.particlesystem)
    com.unity.modules.physics@1.0.0 (location: /data/tmp/hpr_assetstore_sale/projects/sale_com_hpr_stats/Library/PackageCache/com.unity.modules.physics)
    com.unity.modules.physics2d@1.0.0 (location: /data/tmp/hpr_assetstore_sale/projects/sale_com_hpr_stats/Library/PackageCache/com.unity.modules.physics2d)
    com.unity.modules.screencapture@1.0.0 (location: /data/tmp/hpr_assetstore_sale/projects/sale_com_hpr_stats/Library/PackageCache/com.unity.modules.screencapture)
    com.unity.modules.terrain@1.0.0 (location: /data/tmp/hpr_assetstore_sale/projects/sale_com_hpr_stats/Library/PackageCache/com.unity.modules.terrain)
    com.unity.modules.terrainphysics@1.0.0 (location: /data/tmp/hpr_assetstore_sale/projects/sale_com_hpr_stats/Library/PackageCache/com.unity.modules.terrainphysics)
    com.unity.modules.tilemap@1.0.0 (location: /data/tmp/hpr_assetstore_sale/projects/sale_com_hpr_stats/Library/PackageCache/com.unity.modules.tilemap)
    com.unity.modules.ui@1.0.0 (location: /data/tmp/hpr_assetstore_sale/projects/sale_com_hpr_stats/Library/PackageCache/com.unity.modules.ui)
    com.unity.modules.uielements@1.0.0 (location: /data/tmp/hpr_assetstore_sale/projects/sale_com_hpr_stats/Library/PackageCache/com.unity.modules.uielements)
    com.unity.modules.umbra@1.0.0 (location: /data/tmp/hpr_assetstore_sale/projects/sale_com_hpr_stats/Library/PackageCache/com.unity.modules.umbra)
    com.unity.modules.unityanalytics@1.0.0 (location: /data/tmp/hpr_assetstore_sale/projects/sale_com_hpr_stats/Library/PackageCache/com.unity.modules.unityanalytics)
    com.unity.modules.unitywebrequest@1.0.0 (location: /data/tmp/hpr_assetstore_sale/projects/sale_com_hpr_stats/Library/PackageCache/com.unity.modules.unitywebrequest)
    com.unity.modules.unitywebrequestassetbundle@1.0.0 (location: /data/tmp/hpr_assetstore_sale/projects/sale_com_hpr_stats/Library/PackageCache/com.unity.modules.unitywebrequestassetbundle)
    com.unity.modules.unitywebrequestaudio@1.0.0 (location: /data/tmp/hpr_assetstore_sale/projects/sale_com_hpr_stats/Library/PackageCache/com.unity.modules.unitywebrequestaudio)
    com.unity.modules.unitywebrequesttexture@1.0.0 (location: /data/tmp/hpr_assetstore_sale/projects/sale_com_hpr_stats/Library/PackageCache/com.unity.modules.unitywebrequesttexture)
    com.unity.modules.unitywebrequestwww@1.0.0 (location: /data/tmp/hpr_assetstore_sale/projects/sale_com_hpr_stats/Library/PackageCache/com.unity.modules.unitywebrequestwww)
    com.unity.modules.vectorgraphics@1.0.0 (location: /data/tmp/hpr_assetstore_sale/projects/sale_com_hpr_stats/Library/PackageCache/com.unity.modules.vectorgraphics)
    com.unity.modules.vehicles@1.0.0 (location: /data/tmp/hpr_assetstore_sale/projects/sale_com_hpr_stats/Library/PackageCache/com.unity.modules.vehicles)
    com.unity.modules.video@1.0.0 (location: /data/tmp/hpr_assetstore_sale/projects/sale_com_hpr_stats/Library/PackageCache/com.unity.modules.video)
    com.unity.modules.vr@1.0.0 (location: /data/tmp/hpr_assetstore_sale/projects/sale_com_hpr_stats/Library/PackageCache/com.unity.modules.vr)
    com.unity.modules.wind@1.0.0 (location: /data/tmp/hpr_assetstore_sale/projects/sale_com_hpr_stats/Library/PackageCache/com.unity.modules.wind)
    com.unity.modules.xr@1.0.0 (location: /data/tmp/hpr_assetstore_sale/projects/sale_com_hpr_stats/Library/PackageCache/com.unity.modules.xr)
    com.unity.ugui@2.0.0 (location: /data/tmp/hpr_assetstore_sale/projects/sale_com_hpr_stats/Library/PackageCache/com.unity.ugui@288051c775ab)
    com.unity.test-framework@1.6.0 (location: /data/tmp/hpr_assetstore_sale/projects/sale_com_hpr_stats/Library/PackageCache/com.unity.test-framework@f63be82e0d2e)
    com.unity.ext.nunit@2.0.5 (location: /data/tmp/hpr_assetstore_sale/projects/sale_com_hpr_stats/Library/PackageCache/com.unity.ext.nunit@ec2d0043d6fc)
    com.unity.modules.subsystems@1.0.0 (location: /data/tmp/hpr_assetstore_sale/projects/sale_com_hpr_stats/Library/PackageCache/com.unity.modules.subsystems)
    com.unity.modules.hierarchycore@1.0.0 (location: /data/tmp/hpr_assetstore_sale/projects/sale_com_hpr_stats/Library/PackageCache/com.unity.modules.hierarchycore)
[Subsystems] No new subsystems found in resolved package list.
[Package Manager] Done registering packages in 0.00 seconds
[ScriptCompilation] Requested script compilation because: Assembly Definition File(s) changed
[ScriptCompilation] Requested script compilation because: AssetDatabase observed changes in script compilation related files
info: Microsoft.Hosting.Lifetime[14]
      Now listening on: http://unix:/tmp/ilpp.sock-6b10fa6aa498cb4e3a79dbb1eeae31dd
info: Microsoft.Hosting.Lifetime[0]
      Application started. Press Ctrl+C to shut down.
info: Microsoft.Hosting.Lifetime[0]
      Hosting environment: Production
info: Microsoft.Hosting.Lifetime[0]
      Content root path: /data/tmp/hpr_assetstore_sale/projects/sale_com_hpr_stats
info: Microsoft.AspNetCore.Hosting.Diagnostics[1]
      Request starting HTTP/2 POST http://ilpp/UnityILPP.PostProcessing/Ping - application/grpc -
info: Microsoft.AspNetCore.Routing.EndpointMiddleware[0]
      Executing endpoint 'gRPC - /UnityILPP.PostProcessing/Ping'
info: Microsoft.AspNetCore.Routing.EndpointMiddleware[1]
      Executed endpoint 'gRPC - /UnityILPP.PostProcessing/Ping'
info: Microsoft.AspNetCore.Hosting.Diagnostics[2]
      Request finished HTTP/2 POST http://ilpp/UnityILPP.PostProcessing/Ping - 200 - application/grpc 52.8525ms
Starting: /data/apps/Unity/Hub/Editor/6000.4.0f1/Editor/Data/Tools/BuildPipeline/bee_backend --ipc --defer-dag-verification --dagfile="Library/Bee/2400b0aE.dag" --continue-on-failure --profile="Library/Bee/backend1.traceevents" ScriptAssemblies
WorkingDir: /data/tmp/hpr_assetstore_sale/projects/sale_com_hpr_stats
DisplayProgressbar: Compiling Scripts
ExitCode: 4 Duration: 1s425ms
[           0s] Csc Library/Bee/artifacts/2400b0aE.dag/HPR.Eventbus.Runtime.dll (+2 others) [CacheMiss 73011c49f142d69209a9cc89ffb948c200000000000000000000000000000006]
Rebuilding DAG because FileSignature timestamp changed: Library/Bee/2400b0aE-inputdata.json
*** Tundra requires additional run (1.39 seconds), 1 items updated, 276 evaluated
Starting: /data/apps/Unity/Hub/Editor/6000.4.0f1/Editor/Data/netcorerun/netcorerun "/data/apps/Unity/Hub/Editor/6000.4.0f1/Editor/Data/Tools/BuildPipeline/ScriptCompilationBuildProgram.exe" "Library/Bee/2400b0aE.dag.json" "Library/Bee/2400b0aE-inputdata.json" "Library/Bee/buildprogram0.traceevents"
WorkingDir: /data/tmp/hpr_assetstore_sale/projects/sale_com_hpr_stats
ExitCode: 0 Duration: 0s726ms
Starting: /data/apps/Unity/Hub/Editor/6000.4.0f1/Editor/Data/Tools/BuildPipeline/bee_backend --ipc --defer-dag-verification --dagfile="Library/Bee/2400b0aE.dag" --continue-on-failure --dagfilejson="Library/Bee/2400b0aE.dag.json" --profile="Library/Bee/backend2.traceevents" ScriptAssemblies
WorkingDir: /data/tmp/hpr_assetstore_sale/projects/sale_com_hpr_stats
ExitCode: 0 Duration: 3s446ms
Finished compiling graph: 307 nodes, 3671 flattened edges (3419 ToBuild, 38 ToUse), maximum node priority 159
[163/304    0s] WriteText Library/Bee/artifacts/2400b0aE.dag/HPR.Eventbus.Runtime.rsp2
[177/304    0s] WriteText Library/Bee/artifacts/2400b0aE.dag/HPR.Eventbus.Runtime.rsp
[188/304    0s] WriteText Library/Bee/artifacts/2400b0aE.dag/HPR.Stats.Demo.rsp2
[189/304    0s] WriteText Library/Bee/artifacts/2400b0aE.dag/HPR.Stats.Runtime.rsp2
[197/304    0s] WriteText Library/Bee/artifacts/2400b0aE.dag/HPR.Stats.Runtime.rsp
[198/304    0s] WriteText Library/Bee/artifacts/2400b0aE.dag/HPR.Eventbus.Editor.rsp2
[201/304    0s] WriteText Library/Bee/artifacts/2400b0aE.dag/HPR.Eventbus.Demo.rsp2
[206/304    0s] WriteText Library/Bee/artifacts/2400b0aE.dag/HPR.Stats.Tests.EditMode.rsp2
[207/304    0s] WriteText Library/Bee/artifacts/2400b0aE.dag/HPR.Eventbus.Demo.rsp
[208/304    0s] WriteText Library/Bee/artifacts/2400b0aE.dag/HPR.Stats.Editor.rsp2
[209/304    0s] WriteText Library/Bee/artifacts/2400b0aE.dag/HPR.Stats.Demo.rsp
[212/304    0s] WriteText Library/Bee/artifacts/2400b0aE.dag/HPR.Eventbus.Editor.rsp
[213/304    0s] WriteText Library/Bee/artifacts/2400b0aE.dag/HPR.Eventbus.Tests.EditMode.rsp2
[220/304    0s] WriteText Library/Bee/artifacts/2400b0aE.dag/HPR.Stats.Editor.rsp
[221/304    0s] WriteText Library/Bee/artifacts/2400b0aE.dag/HPR.Eventbus.Tests.EditMode.rsp
[222/304    0s] WriteText Library/Bee/artifacts/2400b0aE.dag/HPR.Stats.Tests.EditMode.rsp
[223/304    0s] WriteText Library/Bee/artifacts/2400b0aE.dag/Assembly-CSharp-Editor.rsp
[277/304    2s] Csc Library/Bee/artifacts/2400b0aE.dag/HPR.Eventbus.Runtime.dll (+2 others)
[278/304    0s] CopyFiles Library/ScriptAssemblies/HPR.Eventbus.Runtime.pdb
[279/304    0s] CopyFiles Library/ScriptAssemblies/HPR.Eventbus.Runtime.dll
[280/304    0s] Csc Library/Bee/artifacts/2400b0aE.dag/HPR.Eventbus.Tests.EditMode.dll (+2 others)
[281/304    0s] CopyFiles Library/ScriptAssemblies/HPR.Eventbus.Tests.EditMode.pdb
[282/304    0s] CopyFiles Library/ScriptAssemblies/HPR.Eventbus.Tests.EditMode.dll
[283/304    0s] Csc Library/Bee/artifacts/2400b0aE.dag/HPR.Stats.Runtime.dll (+2 others)
[284/304    0s] Csc Library/Bee/artifacts/2400b0aE.dag/HPR.Eventbus.Demo.dll (+2 others)
[285/304    0s] CopyFiles Library/ScriptAssemblies/HPR.Eventbus.Demo.dll
[286/304    0s] CopyFiles Library/ScriptAssemblies/HPR.Stats.Runtime.pdb
[287/304    0s] CopyFiles Library/ScriptAssemblies/HPR.Stats.Runtime.dll
[288/304    0s] CopyFiles Library/ScriptAssemblies/HPR.Eventbus.Demo.pdb
[289/304    0s] Csc Library/Bee/artifacts/2400b0aE.dag/HPR.Stats.Demo.dll (+2 others)
[290/304    0s] Csc Library/Bee/artifacts/2400b0aE.dag/HPR.Stats.Tests.EditMode.dll (+2 others)
[291/304    0s] CopyFiles Library/ScriptAssemblies/HPR.Stats.Tests.EditMode.dll
[292/304    0s] CopyFiles Library/ScriptAssemblies/HPR.Stats.Tests.EditMode.pdb
[293/304    0s] CopyFiles Library/ScriptAssemblies/HPR.Stats.Demo.pdb
[294/304    0s] CopyFiles Library/ScriptAssemblies/HPR.Stats.Demo.dll
[295/304    0s] Csc Library/Bee/artifacts/2400b0aE.dag/HPR.Eventbus.Editor.dll (+2 others)
[296/304    0s] CopyFiles Library/ScriptAssemblies/HPR.Eventbus.Editor.dll
[297/304    0s] CopyFiles Library/ScriptAssemblies/HPR.Eventbus.Editor.pdb
[298/304    0s] Csc Library/Bee/artifacts/2400b0aE.dag/HPR.Stats.Editor.dll (+2 others)
[299/304    0s] CopyFiles Library/ScriptAssemblies/HPR.Stats.Editor.pdb
[300/304    0s] CopyFiles Library/ScriptAssemblies/HPR.Stats.Editor.dll
[301/304    0s] Csc Library/Bee/artifacts/2400b0aE.dag/Assembly-CSharp-Editor.dll (+2 others)
Assets/Editor/HprPackageScreenshotRunner.cs(54,49): warning CS8632: The annotation for nullable reference types should only be used in code within a '#nullable' annotations context.
Assets/Editor/HprPackageScreenshotRunner.cs(15,19): warning CS8632: The annotation for nullable reference types should only be used in code within a '#nullable' annotations context.
Assets/Editor/HprPackageScreenshotRunner.cs(16,19): warning CS8632: The annotation for nullable reference types should only be used in code within a '#nullable' annotations context.
Assets/Editor/HprPackageScreenshotRunner.cs(17,19): warning CS8632: The annotation for nullable reference types should only be used in code within a '#nullable' annotations context.
Assets/Editor/HprPackageScreenshotRunner.cs(18,19): warning CS8632: The annotation for nullable reference types should only be used in code within a '#nullable' annotations context.
Assets/Editor/HprPackageScreenshotRunner.cs(36,23): warning CS8632: The annotation for nullable reference types should only be used in code within a '#nullable' annotations context.
Assets/Editor/HprPackageScreenshotRunner.cs(61,19): warning CS8632: The annotation for nullable reference types should only be used in code within a '#nullable' annotations context.
[302/304    0s] CopyFiles Library/ScriptAssemblies/Assembly-CSharp-Editor.dll
[303/304    0s] CopyFiles Library/ScriptAssemblies/Assembly-CSharp-Editor.pdb
*** Tundra build success (3.41 seconds), 44 items updated, 304 evaluated
Assets/Editor/HprPackageScreenshotRunner.cs(54,49): warning CS8632: The annotation for nullable reference types should only be used in code within a '#nullable' annotations context.
Assets/Editor/HprPackageScreenshotRunner.cs(15,19): warning CS8632: The annotation for nullable reference types should only be used in code within a '#nullable' annotations context.
Assets/Editor/HprPackageScreenshotRunner.cs(16,19): warning CS8632: The annotation for nullable reference types should only be used in code within a '#nullable' annotations context.
Assets/Editor/HprPackageScreenshotRunner.cs(17,19): warning CS8632: The annotation for nullable reference types should only be used in code within a '#nullable' annotations context.
Assets/Editor/HprPackageScreenshotRunner.cs(18,19): warning CS8632: The annotation for nullable reference types should only be used in code within a '#nullable' annotations context.
Assets/Editor/HprPackageScreenshotRunner.cs(36,23): warning CS8632: The annotation for nullable reference types should only be used in code within a '#nullable' annotations context.
Assets/Editor/HprPackageScreenshotRunner.cs(61,19): warning CS8632: The annotation for nullable reference types should only be used in code within a '#nullable' annotations context.
AssetDatabase: script compilation time: 6.206599s
Begin MonoManager ReloadAssembly
Assembly Assembly-CSharp-Editor-firstpass.dll at Library/ScriptAssemblies/Assembly-CSharp-Editor-firstpass.dll not valid. Loading of assembly skipped.
Assembly Assembly-CSharp-firstpass.dll at Library/ScriptAssemblies/Assembly-CSharp-firstpass.dll not valid. Loading of assembly skipped.
Assembly Assembly-CSharp.dll at Library/ScriptAssemblies/Assembly-CSharp.dll not valid. Loading of assembly skipped.
Assembly TestNewCustomAssembly.dll at Library/ScriptAssemblies/TestNewCustomAssembly.dll not valid. Loading of assembly skipped.
Assembly Unity.Multiplayer.Center.Editor.Tests.dll at Library/ScriptAssemblies/Unity.Multiplayer.Center.Editor.Tests.dll not valid. Loading of assembly skipped.
Assembly Unity.Multiplayer.Center.Tests.dll at Library/ScriptAssemblies/Unity.Multiplayer.Center.Tests.dll not valid. Loading of assembly skipped.
Assembly Unity.TextMeshPro.Editor.Tests.dll at Library/ScriptAssemblies/Unity.TextMeshPro.Editor.Tests.dll not valid. Loading of assembly skipped.
Assembly Unity.TextMeshPro.Tests.dll at Library/ScriptAssemblies/Unity.TextMeshPro.Tests.dll not valid. Loading of assembly skipped.
Assembly UnityEditor.UI.Common.Tests.dll at Library/ScriptAssemblies/UnityEditor.UI.Common.Tests.dll not valid. Loading of assembly skipped.
Assembly UnityEditor.UI.EditorTests.dll at Library/ScriptAssemblies/UnityEditor.UI.EditorTests.dll not valid. Loading of assembly skipped.
Assembly UnityEngine.UI.Tests.dll at Library/ScriptAssemblies/UnityEngine.UI.Tests.dll not valid. Loading of assembly skipped.
Start importing Assets/com.hpr.stats using Guid(576fff693de2a59aca174d023611f7bd) (DefaultImporter) -> (Import Result ID: 'c171d12e5c70f5bf0d7b3ebfc7f61054') in 0.023250126 seconds [static dependencies only]. Details - ImportResultOutputID=678b43ee3aa82d343ccbfb24c9075956 DependenciesID=785e8d8bbf414ab3d1d92b3ecd54d09c StaticDependenciesID=acfaa1d777417486d3a63cabbe382434 
Start importing Assets/com.hpr.eventbus using Guid(cce28f509281b57e9958d25e1ac35b25) (DefaultImporter) -> (Import Result ID: '6335339b245e3dc5c63c6d46943b68d3') in 0.000776134 seconds [static dependencies only]. Details - ImportResultOutputID=4004ec351cc0596dd9a56de684fa16d4 DependenciesID=6c15a7a85a0c1fabe52bac7863dfa256 StaticDependenciesID=c1dcc310c2a716ca6c74def380e6999a 
Native extension for LinuxStandalone target not found
ScheduleIndexationOnStartup MainProcess:True IndexOnStartup:True
Mono: successfully reloaded assembly
- Finished resetting the current domain, in  0.751 seconds
Domain Reload Profiling: 1491ms
	BeginReloadAssembly (359ms)
		DisableScriptedObjects (16ms)
		CreateAndSetChildDomain (171ms)
	RebuildCommonClasses (67ms)
	RebuildNativeTypeToScriptingClass (22ms)
	initialDomainReloadingComplete (53ms)
	LoadAllAssembliesAndSetupDomain (235ms)
		LoadAssemblies (261ms)
		AnalyzeDomain (55ms)
			TypeCache.Refresh (32ms)
				TypeCache.ScanAssembly (24ms)
			BuildScriptInfoCaches (16ms)
			ResolveRequiredComponents (5ms)
	FinalizeReload (755ms)
		SetupLoadedEditorAssemblies (0ms)
			InitializePlatformSupportModulesInManaged (32ms)
			BeforeProcessingInitializeOnLoad (221ms)
			ProcessInitializeOnLoadAttributes (141ms)
			ProcessInitializeOnLoadMethodAttributes (114ms)
			AfterProcessingInitializeOnLoad (5ms)
		AwakeInstancesAfterBackupRestoration (10ms)
Start importing Assets/com.hpr.stats/Demo/StatsDemo.unity using Guid(46ea958bef227ad6c8463e4a2230e224) (DefaultImporter) -> (Import Result ID: '8ade4f1d0d322e1078a1e3d5fb8009db') in 0.000640755 seconds [static dependencies only]. Details - ImportResultOutputID=c4f6f19af505fcf19336af2f49bbabcd DependenciesID=8536931d6d3edc012a5a09ee3d1238e9 StaticDependenciesID=9dc8acdba58c4bda91e05474a1a12ffe 
Start importing Assets/com.hpr.eventbus/package.json using Guid(948bc03d0e4b748b9cdc39bad95aba83) (TextScriptImporter) -> (Import Result ID: '5d4ebbbcd619f040e3a021cbb7fa2c90') in 0.001065227 seconds [static dependencies only]. Details - ImportResultOutputID=153a9053fe97e69c5e1583c417f358cd DependenciesID=9c276ae822f9e1de6da6e32f3c72edd6 StaticDependenciesID=e814c7fbee1384120c883b84edcdcedd 
Start importing Assets/com.hpr.stats/package.json using Guid(b940ea32091647cea91175f8be73b446) (TextScriptImporter) -> (Import Result ID: '45301098eed699f451be9ff84551dc45') in 0.000708024 seconds [static dependencies only]. Details - ImportResultOutputID=e5b09e7d385cafbfb8f7766cc4dc6ae6 DependenciesID=d928a1a2f0244b3d2643a3f61810986a StaticDependenciesID=2bd113f09a10cf7bcb1dd4e294a645bf 
(Values over 0.050ms)
Asset Pipeline Refresh (id=3c183750e568481878ffcdda89ffdcb1): Total: 8.402 seconds - Initiated by InitialRefreshV2(ForceSynchronousImport)
	Summary:
		Imports: total=5 (actual=5, local cache=0, cache server=0)
		Asset DB Process Time: managed=6 ms, native=1088 ms
		Asset DB Callback time: managed=160 ms, native=184 ms
		Scripting: domain reloads=1, domain reload time=737 ms, compile time=6210 ms, other=12 ms
		Project Asset Count: scripts=276, non-scripts=145
		Asset File Changes: new=4, changed=16, moved=54, deleted=2
		Scan Filter Count: 1
	InvokePackagesCallback: 176.813ms
	ApplyChangesToAssetFolders: 0.404ms
	Scan: 196.709ms
	OnSourceAssetsModified: 1.379ms
	CategorizeScriptCompilationAssets: 9.421ms
	ProcessAssetsWithTransientArtifactChanges: 16.686ms
	CategorizeAssets: 3.291ms
	CompileScripts: 6209.761ms
	ImportOutOfDateAssets: 791.048ms (756.222ms without children)
		ImportManagerImport: 34.157ms (7.005ms without children)
		UnloadImportedAssets: 0.326ms
		EnsureUptoDateAssetsAreRegisteredWithGuidPM: 0.102ms
		OnDemandSchedulerStart: 0.235ms
	PostProcessAllAssets: 166.332ms
		AssemblyValidation.PostprocessAllAssets 3.539ms
		VCAutoAddAssetPostprocess 2.259ms
		PostProcessCallbackCreateDeferredMaterials 0.058ms
		LocalizationDatabase.AssetDatabasePostprocessCallback 0.056ms
		MonoPostProcessAllAssets: 158.760ms
			AssetPostprocessor.OnPostprocessAllAssets 61.545ms
			StyleCatalogPostProcessor.OnPostprocessAllAssets 26.333ms
			WindowAssetPostprocessingWatcher.OnPostprocessAllAssets 16.343ms
			BuilderAssetPostprocessor.OnPostprocessAllAssets 14.049ms
			AssetChangedListener.OnPostprocessAllAssets 5.140ms
			SyncVS.PostprocessSyncProject 2.704ms
			RetainedModeAssetPostprocessor.OnPostprocessAllAssets 2.522ms
			SpeedTree9Postprocessor.OnPostprocessAllAssets 1.644ms
			TMPro_TexturePostProcessor.OnPostprocessAllAssets 1.425ms
			TextAssetPostProcessor.OnPostprocessAllAssets 1.171ms
			ArtifactBrowserPostProcessor.OnPostprocessAllAssets 1.130ms
			ReferencedClipsPostProcessor.OnPostprocessAllAssets 0.802ms
			AudioMixerPostprocessor.OnPostprocessAllAssets 0.671ms
			AssetEvents.OnPostprocessAllAssets 0.456ms
			TerrainToolbarOverlayPostProcessor.OnPostprocessAllAssets 0.417ms
			SpeedTreePostProcessor.OnPostprocessAllAssets 0.356ms
			AssetDatabaseCallbacks.OnPostprocessAllAssets 0.340ms
			ConfigAssetsTracker.OnPostprocessAllAssets 0.319ms
			ScenarioDriftAssetsTracker.OnPostprocessAllAssets 0.289ms
			RenderPipelineGlobalSettingsPostprocessor.OnPostprocessAllAssets 0.195ms
			AudioContainerPostProcessor.OnPostprocessAllAssets 0.170ms
	PostAssetChangesProfiler: 1.769ms
	UnloadStreamsBegin: 1.781ms
	PersistCurrentRevisions: 0.068ms
	GenerateScriptTypeHashes: 0.357ms
	GenerateScriptTypeSerializationHashes: 0.762ms
	Untracked: 825.664ms

Application.AssetDatabase Initial Refresh End
Scanning for USB devices : 4.405ms
Initializing Unity extensions:
UpdateMenuTitleForLanguage: 10
[MODES] ModeService[none].Initialize
[MODES] ModeService[none].LoadModes
[MODES] Loading mode Default (0) for mode-current-id-sale_com_hpr_stats
Unloading 4 Unused Serialized files (Serialized files now loaded: 0)
Unloading 848 unused Assets / (1.4 MB). Loaded Objects now: 1450.
Memory consumption went from 90.1 MB to 88.7 MB.
Total: 10.298854 ms (FindLiveObjects: 0.107272 ms CreateObjectMapping: 0.065592 ms MarkObjects: 9.051605 ms  DeleteObjects: 1.072938 ms)

Batchmode quit successfully invoked - shutting down!
Curl error 42: Callback aborted
[Physics::Module] Cleanup current backend.
[Physics::Module] Id: 0xf2b8ea05
Input System module state changed to: ShutdownInProgress.
Input Polling Thread exited.
Input System module state changed to: Shutdown.
[Licensing::IpcConnector] LicenseClient-hans-notifications channel disconnected successfully.
[Licensing::IpcConnector] LicenseClient-hans channel disconnected successfully.
AcceleratorClientConnectionCallback - disconnected - :0
info: Microsoft.Hosting.Lifetime[0]
      Application is shutting down...
Cleanup mono
CodeReloadManager destroyed
debugger-agent: Unable to listen on 39
Exiting batchmode successfully now!
