Unity Editor version:    6000.4.0f1 (8cf496087c8f)
Branch:                  6000.4/staging
Build type:              Release
Batch mode:              YES
System name:             Linux
Distro version:          #202511241048~1764607909~24.04~df6b2b6 SMP PREEMPT_DYNAMIC Mon D
Kernel version:          6.17.9-76061709-generic
Architecture:            x86_64
Available memory:        64131 MB
Date:                    2026-03-31T10:20:04Z
Initialize udev device monitor.
[Licensing::Module] Trying to connect to existing licensing client channel...
[Licensing::IpcConnector] Channel LicenseClient-hans doesn't exist

COMMAND LINE ARGUMENTS:
/data/apps/Unity/Hub/Editor/6000.4.0f1/Editor/Unity
-batchmode
-nographics
-quit
-projectPath
/data/tmp/hpr_assetstore_sale/projects/sale_com_hpr_interaction
-executeMethod
HprPackageExportRunner.ExportFromEnvironment
-logFile
/data/src/github/games/doc/logs/package_sale_prep/20260331_121005_com_hpr_interaction_export.log
Successfully changed project path to: /data/tmp/hpr_assetstore_sale/projects/sale_com_hpr_interaction
/data/tmp/hpr_assetstore_sale/projects/sale_com_hpr_interaction
[UnityMemory] Configuration Parameters - Can be set up in boot.config
    "memorysetup-temp-allocator-size-gi-baking-worker=262144"
    "memorysetup-temp-allocator-size-gi-baking-worker=262144"
    "memorysetup-temp-allocator-size-gi-baking-worker=262144"
    "memorysetup-temp-allocator-size-gi-baking-worker=262144"
    "memorysetup-temp-allocator-size-gi-baking-worker=262144"
    "memorysetup-temp-allocator-size-nav-mesh-worker=65536"
    "memorysetup-temp-allocator-size-audio-worker=65536"
    "memorysetup-temp-allocator-size-cloud-worker=32768"
    "memorysetup-allocator-temp-initial-block-size-main=262144"
    "memorysetup-allocator-temp-initial-block-size-worker=262144"
    "memorysetup-temp-allocator-size-background-worker=32768"
    "memorysetup-temp-allocator-size-job-worker=262144"
    "memorysetup-temp-allocator-size-preload-manager=33554432"
    "memorysetup-temp-allocator-size-gfx=262144"
    "memorysetup-bucket-allocator-granularity=16"
    "memorysetup-bucket-allocator-bucket-count=8"
    "memorysetup-bucket-allocator-block-size=33554432"
    "memorysetup-bucket-allocator-block-count=8"
    "memorysetup-main-allocator-block-size=16777216"
    "memorysetup-thread-allocator-block-size=16777216"
    "memorysetup-gfx-main-allocator-block-size=16777216"
    "memorysetup-gfx-thread-allocator-block-size=16777216"
    "memorysetup-cache-allocator-block-size=4194304"
    "memorysetup-typetree-allocator-block-size=2097152"
    "memorysetup-profiler-bucket-allocator-granularity=16"
    "memorysetup-profiler-bucket-allocator-bucket-count=8"
    "memorysetup-profiler-bucket-allocator-block-size=33554432"
    "memorysetup-profiler-bucket-allocator-block-count=8"
    "memorysetup-profiler-allocator-block-size=16777216"
    "memorysetup-profiler-editor-allocator-block-size=1048576"
    "memorysetup-temp-allocator-size-main=16777216"
    "memorysetup-job-temp-allocator-block-size=2097152"
    "memorysetup-job-temp-allocator-block-size-background=1048576"
    "memorysetup-job-temp-allocator-reduction-small-platforms=262144"
[Licensing::Module] Successfully launched the LicensingClient (PId: 223108)
Player connection [136505034451776]  Target information:

Player connection [136505034451776]  * "[IP] 192.168.0.132 [Port] 55504 [Flags] 2 [Guid] 1137032793 [EditorId] 1137032793 [Version] 1048832 [Id] LinuxEditor(16,192.168.0.132) [Debug] 1 [PackageName] LinuxEditor [ProjectName] Editor" 

Player connection [136505034451776]  * "[IP] 172.17.0.1 [Port] 55504 [Flags] 2 [Guid] 1137032793 [EditorId] 1137032793 [Version] 1048832 [Id] LinuxEditor(16,192.168.0.132) [Debug] 1 [PackageName] LinuxEditor [ProjectName] Editor" 

Player connection [136505034451776]  * "[IP] 10.8.0.2 [Port] 55504 [Flags] 2 [Guid] 1137032793 [EditorId] 1137032793 [Version] 1048832 [Id] LinuxEditor(16,192.168.0.132) [Debug] 1 [PackageName] LinuxEditor [ProjectName] Editor" 

Player connection [136505034451776] Host joined multi-casting on [225.0.0.222:54997]...
Player connection [136505034451776] Host joined alternative multi-casting on [225.0.0.222:34997]...
Input System module state changed to: Initialized.
[Physics::Module] Initialized fallback backend.
[Physics::Module] Id: 0xdecafbad
[Package Manager] Connected to IPC stream "Upm-223096" after 1.6 seconds.
[Licensing::Module] Licensing is not yet initialized.
[Licensing::IpcConnector] Successfully connected to: "LicenseClient-hans" at "2026-03-31T10:20:06.87345Z"
[SignatureVerifier] Application signature verification not supported on this platform.
[Licensing::Client] Handshaking with LicensingClient:
  Version:                 1.18.1+9fbee8e
  Session Id:              b87997ef1d634ba1bcfae188cd7ea516
  Correlation Id:          4447b2e536d4a8dbaa3097ef1c76b4bf
  External correlation Id: 8196987884877400854
  Machine Id:              l9JneE/oSM2w6bwb29/I//rgSro=
[Licensing::Module] Successfully connected to LicensingClient on channel: "LicenseClient-hans" (connect: 1.95s, validation: 0.50s, handshake: 0.00s)
[Licensing::IpcConnector] Successfully connected to: "LicenseClient-hans-notifications" at "2026-03-31T10:20:07.369961Z"
[Licensing::Module] Connected to LicensingClient (PId: 223108, launch time: 0.00, total connection time: 2.44s)
[Licensing::Module] Error: Access token is unavailable; failed to update
[Licensing::Client] Successfully resolved entitlement details
[Licensing::Module] License group:
  Id: 9072370782505-UnityPersXXXX
  Product: Unity Personal
  Type: Assigned
  Expiration: Unlimited
[Licensing::Client] Successfully updated license, isAsync: True, time: 0.15
[Licensing::Client] Successfully resolved entitlement details
[Licensing::Module] Licensing Background thread has ended after 2.98s
[Licensing::Module] Licensing is initialized (took 1.07s).
[Licensing::Client] Successfully resolved entitlement details
Library Redirect Path: Library/
[Physics::Module] Selected backend.
[Physics::Module] Name: PhysX
[Physics::Module] Id: 0xf2b8ea05
[Physics::Module] SDK Version: 4.1.2
[Physics::Module] Integration Version: 1.0.0
[Physics::Module] Threading Mode: Multi-Threaded
Initialize engine version: 6000.4.0f1 (8cf496087c8f)
[Subsystems] Discovering subsystems at path /data/apps/Unity/Hub/Editor/6000.4.0f1/Editor/Data/Resources/UnitySubsystems
[Subsystems] Discovering subsystems at path /data/tmp/hpr_assetstore_sale/projects/sale_com_hpr_interaction/Assets
Forcing GfxDevice: Null
GfxDevice: creating device client; kGfxThreadingModeNonThreaded
NullGfxDevice:
    Version:  NULL 1.0 [1.0]
    Renderer: Null Device
    Vendor:   Unity Technologies
Initialize mono
Mono path[0] = '/data/apps/Unity/Hub/Editor/6000.4.0f1/Editor/Data/Managed'
Mono path[1] = '/data/apps/Unity/Hub/Editor/6000.4.0f1/Editor/Data/MonoBleedingEdge/lib/mono/unityjit-linux'
Mono config path = '/data/apps/Unity/Hub/Editor/6000.4.0f1/Editor/Data/MonoBleedingEdge/etc'
Using monoOptions --debugger-agent=transport=dt_socket,embedding=1,server=y,suspend=n,address=127.0.0.1:56096
CodeReloadManager initialized
Using cacheserver namespaces - metadata:defaultmetadata, artifacts:defaultartifacts
Using cacheserver namespaces - metadata:defaultmetadata, artifacts:defaultartifacts
ImportWorker Server TCP listen port: 0
AcceleratorClientConnectionCallback - disconnected - :0
Begin MonoManager ReloadAssembly
Registering precompiled unity dll's ...
Register platform support module: /data/apps/Unity/Hub/Editor/6000.4.0f1/Editor/Data/PlaybackEngines/LinuxStandaloneSupport/UnityEditor.LinuxStandalone.Extensions.dll
Registered in 0.002361 seconds.
Native extension for LinuxStandalone target not found
Package Manager log level set to [2]
[Licensing::Client] Successfully resolved entitlement details
ScheduleIndexationOnStartup MainProcess:False IndexOnStartup:False
Mono: successfully reloaded assembly
- Finished resetting the current domain, in  2.035 seconds
Domain Reload Profiling: 2987ms
	BeginReloadAssembly (197ms)
		CreateAndSetChildDomain (20ms)
	RebuildCommonClasses (111ms)
	RebuildNativeTypeToScriptingClass (24ms)
	initialDomainReloadingComplete (125ms)
	LoadAllAssembliesAndSetupDomain (491ms)
		LoadAssemblies (176ms)
		AnalyzeDomain (466ms)
			TypeCache.Refresh (463ms)
				TypeCache.ScanAssembly (433ms)
	FinalizeReload (2039ms)
		SetupLoadedEditorAssemblies (0ms)
			InitializePlatformSupportModulesInManaged (101ms)
			BeforeProcessingInitializeOnLoad (298ms)
			ProcessInitializeOnLoadAttributes (268ms)
			ProcessInitializeOnLoadMethodAttributes (1193ms)
[Licensing::Client] Successfully resolved entitlement details
Application.AssetDatabase Initial Refresh Start
[Package Manager] Restoring resolved packages state from cache
[Licensing::Client] Successfully resolved entitlement details
[Package Manager] Registered 38 packages:
  Built-in packages:
    com.unity.multiplayer.center@1.0.1 (location: /data/tmp/hpr_assetstore_sale/projects/sale_com_hpr_interaction/Library/PackageCache/com.unity.multiplayer.center@53ad5a5c2bfb)
    com.unity.modules.accessibility@1.0.0 (location: /data/tmp/hpr_assetstore_sale/projects/sale_com_hpr_interaction/Library/PackageCache/com.unity.modules.accessibility)
    com.unity.modules.adaptiveperformance@1.0.0 (location: /data/tmp/hpr_assetstore_sale/projects/sale_com_hpr_interaction/Library/PackageCache/com.unity.modules.adaptiveperformance)
    com.unity.modules.ai@1.0.0 (location: /data/tmp/hpr_assetstore_sale/projects/sale_com_hpr_interaction/Library/PackageCache/com.unity.modules.ai)
    com.unity.modules.androidjni@1.0.0 (location: /data/tmp/hpr_assetstore_sale/projects/sale_com_hpr_interaction/Library/PackageCache/com.unity.modules.androidjni)
    com.unity.modules.animation@1.0.0 (location: /data/tmp/hpr_assetstore_sale/projects/sale_com_hpr_interaction/Library/PackageCache/com.unity.modules.animation)
    com.unity.modules.assetbundle@1.0.0 (location: /data/tmp/hpr_assetstore_sale/projects/sale_com_hpr_interaction/Library/PackageCache/com.unity.modules.assetbundle)
    com.unity.modules.audio@1.0.0 (location: /data/tmp/hpr_assetstore_sale/projects/sale_com_hpr_interaction/Library/PackageCache/com.unity.modules.audio)
    com.unity.modules.cloth@1.0.0 (location: /data/tmp/hpr_assetstore_sale/projects/sale_com_hpr_interaction/Library/PackageCache/com.unity.modules.cloth)
    com.unity.modules.director@1.0.0 (location: /data/tmp/hpr_assetstore_sale/projects/sale_com_hpr_interaction/Library/PackageCache/com.unity.modules.director)
    com.unity.modules.imageconversion@1.0.0 (location: /data/tmp/hpr_assetstore_sale/projects/sale_com_hpr_interaction/Library/PackageCache/com.unity.modules.imageconversion)
    com.unity.modules.imgui@1.0.0 (location: /data/tmp/hpr_assetstore_sale/projects/sale_com_hpr_interaction/Library/PackageCache/com.unity.modules.imgui)
    com.unity.modules.jsonserialize@1.0.0 (location: /data/tmp/hpr_assetstore_sale/projects/sale_com_hpr_interaction/Library/PackageCache/com.unity.modules.jsonserialize)
    com.unity.modules.particlesystem@1.0.0 (location: /data/tmp/hpr_assetstore_sale/projects/sale_com_hpr_interaction/Library/PackageCache/com.unity.modules.particlesystem)
    com.unity.modules.physics@1.0.0 (location: /data/tmp/hpr_assetstore_sale/projects/sale_com_hpr_interaction/Library/PackageCache/com.unity.modules.physics)
    com.unity.modules.physics2d@1.0.0 (location: /data/tmp/hpr_assetstore_sale/projects/sale_com_hpr_interaction/Library/PackageCache/com.unity.modules.physics2d)
    com.unity.modules.screencapture@1.0.0 (location: /data/tmp/hpr_assetstore_sale/projects/sale_com_hpr_interaction/Library/PackageCache/com.unity.modules.screencapture)
    com.unity.modules.terrain@1.0.0 (location: /data/tmp/hpr_assetstore_sale/projects/sale_com_hpr_interaction/Library/PackageCache/com.unity.modules.terrain)
    com.unity.modules.terrainphysics@1.0.0 (location: /data/tmp/hpr_assetstore_sale/projects/sale_com_hpr_interaction/Library/PackageCache/com.unity.modules.terrainphysics)
    com.unity.modules.tilemap@1.0.0 (location: /data/tmp/hpr_assetstore_sale/projects/sale_com_hpr_interaction/Library/PackageCache/com.unity.modules.tilemap)
    com.unity.modules.ui@1.0.0 (location: /data/tmp/hpr_assetstore_sale/projects/sale_com_hpr_interaction/Library/PackageCache/com.unity.modules.ui)
    com.unity.modules.uielements@1.0.0 (location: /data/tmp/hpr_assetstore_sale/projects/sale_com_hpr_interaction/Library/PackageCache/com.unity.modules.uielements)
    com.unity.modules.umbra@1.0.0 (location: /data/tmp/hpr_assetstore_sale/projects/sale_com_hpr_interaction/Library/PackageCache/com.unity.modules.umbra)
    com.unity.modules.unityanalytics@1.0.0 (location: /data/tmp/hpr_assetstore_sale/projects/sale_com_hpr_interaction/Library/PackageCache/com.unity.modules.unityanalytics)
    com.unity.modules.unitywebrequest@1.0.0 (location: /data/tmp/hpr_assetstore_sale/projects/sale_com_hpr_interaction/Library/PackageCache/com.unity.modules.unitywebrequest)
    com.unity.modules.unitywebrequestassetbundle@1.0.0 (location: /data/tmp/hpr_assetstore_sale/projects/sale_com_hpr_interaction/Library/PackageCache/com.unity.modules.unitywebrequestassetbundle)
    com.unity.modules.unitywebrequestaudio@1.0.0 (location: /data/tmp/hpr_assetstore_sale/projects/sale_com_hpr_interaction/Library/PackageCache/com.unity.modules.unitywebrequestaudio)
    com.unity.modules.unitywebrequesttexture@1.0.0 (location: /data/tmp/hpr_assetstore_sale/projects/sale_com_hpr_interaction/Library/PackageCache/com.unity.modules.unitywebrequesttexture)
    com.unity.modules.unitywebrequestwww@1.0.0 (location: /data/tmp/hpr_assetstore_sale/projects/sale_com_hpr_interaction/Library/PackageCache/com.unity.modules.unitywebrequestwww)
    com.unity.modules.vectorgraphics@1.0.0 (location: /data/tmp/hpr_assetstore_sale/projects/sale_com_hpr_interaction/Library/PackageCache/com.unity.modules.vectorgraphics)
    com.unity.modules.vehicles@1.0.0 (location: /data/tmp/hpr_assetstore_sale/projects/sale_com_hpr_interaction/Library/PackageCache/com.unity.modules.vehicles)
    com.unity.modules.video@1.0.0 (location: /data/tmp/hpr_assetstore_sale/projects/sale_com_hpr_interaction/Library/PackageCache/com.unity.modules.video)
    com.unity.modules.vr@1.0.0 (location: /data/tmp/hpr_assetstore_sale/projects/sale_com_hpr_interaction/Library/PackageCache/com.unity.modules.vr)
    com.unity.modules.wind@1.0.0 (location: /data/tmp/hpr_assetstore_sale/projects/sale_com_hpr_interaction/Library/PackageCache/com.unity.modules.wind)
    com.unity.modules.xr@1.0.0 (location: /data/tmp/hpr_assetstore_sale/projects/sale_com_hpr_interaction/Library/PackageCache/com.unity.modules.xr)
    com.unity.ugui@2.0.0 (location: /data/tmp/hpr_assetstore_sale/projects/sale_com_hpr_interaction/Library/PackageCache/com.unity.ugui@288051c775ab)
    com.unity.modules.subsystems@1.0.0 (location: /data/tmp/hpr_assetstore_sale/projects/sale_com_hpr_interaction/Library/PackageCache/com.unity.modules.subsystems)
    com.unity.modules.hierarchycore@1.0.0 (location: /data/tmp/hpr_assetstore_sale/projects/sale_com_hpr_interaction/Library/PackageCache/com.unity.modules.hierarchycore)
[Subsystems] No new subsystems found in resolved package list.
[Package Manager] Done registering packages in 0.01 seconds
info: Microsoft.Hosting.Lifetime[14]
      Now listening on: http://unix:/tmp/ilpp.sock-5fe82762977980888d086d100c090663
info: Microsoft.Hosting.Lifetime[0]
      Application started. Press Ctrl+C to shut down.
info: Microsoft.Hosting.Lifetime[0]
      Hosting environment: Production
info: Microsoft.Hosting.Lifetime[0]
      Content root path: /data/tmp/hpr_assetstore_sale/projects/sale_com_hpr_interaction
info: Microsoft.AspNetCore.Hosting.Diagnostics[1]
      Request starting HTTP/2 POST http://ilpp/UnityILPP.PostProcessing/Ping - application/grpc -
info: Microsoft.AspNetCore.Routing.EndpointMiddleware[0]
      Executing endpoint 'gRPC - /UnityILPP.PostProcessing/Ping'
info: Microsoft.AspNetCore.Routing.EndpointMiddleware[1]
      Executed endpoint 'gRPC - /UnityILPP.PostProcessing/Ping'
info: Microsoft.AspNetCore.Hosting.Diagnostics[2]
      Request finished HTTP/2 POST http://ilpp/UnityILPP.PostProcessing/Ping - 200 - application/grpc 106.3767ms
Starting: /data/apps/Unity/Hub/Editor/6000.4.0f1/Editor/Data/Tools/BuildPipeline/bee_backend --ipc --defer-dag-verification --dagfile="Library/Bee/2400b0aE.dag" --continue-on-failure --profile="Library/Bee/backend1.traceevents" ScriptAssemblies
WorkingDir: /data/tmp/hpr_assetstore_sale/projects/sale_com_hpr_interaction
DisplayProgressbar: Compiling Scripts
ExitCode: 0 Duration: 0s380ms
*** Tundra build success (0.28 seconds), 0 items updated, 294 evaluated
AssetDatabase: script compilation time: 1.479826s
Begin MonoManager ReloadAssembly
Assembly Assembly-CSharp-Editor-firstpass.dll at Library/ScriptAssemblies/Assembly-CSharp-Editor-firstpass.dll not valid. Loading of assembly skipped.
Assembly Assembly-CSharp-firstpass.dll at Library/ScriptAssemblies/Assembly-CSharp-firstpass.dll not valid. Loading of assembly skipped.
Assembly Assembly-CSharp.dll at Library/ScriptAssemblies/Assembly-CSharp.dll not valid. Loading of assembly skipped.
Assembly Unity.Multiplayer.Center.Editor.Tests.dll at Library/ScriptAssemblies/Unity.Multiplayer.Center.Editor.Tests.dll not valid. Loading of assembly skipped.
Assembly Unity.Multiplayer.Center.Tests.dll at Library/ScriptAssemblies/Unity.Multiplayer.Center.Tests.dll not valid. Loading of assembly skipped.
Assembly Unity.TextMeshPro.Editor.Tests.dll at Library/ScriptAssemblies/Unity.TextMeshPro.Editor.Tests.dll not valid. Loading of assembly skipped.
Assembly Unity.TextMeshPro.Tests.dll at Library/ScriptAssemblies/Unity.TextMeshPro.Tests.dll not valid. Loading of assembly skipped.
Assembly UnityEditor.UI.Common.Tests.dll at Library/ScriptAssemblies/UnityEditor.UI.Common.Tests.dll not valid. Loading of assembly skipped.
Assembly UnityEditor.UI.EditorTests.dll at Library/ScriptAssemblies/UnityEditor.UI.EditorTests.dll not valid. Loading of assembly skipped.
Assembly UnityEngine.UI.Tests.dll at Library/ScriptAssemblies/UnityEngine.UI.Tests.dll not valid. Loading of assembly skipped.
Native extension for LinuxStandalone target not found
ScheduleIndexationOnStartup MainProcess:True IndexOnStartup:True
Mono: successfully reloaded assembly
- Finished resetting the current domain, in  1.207 seconds
Domain Reload Profiling: 1965ms
	BeginReloadAssembly (498ms)
		DisableScriptedObjects (46ms)
		CreateAndSetChildDomain (254ms)
	RebuildCommonClasses (88ms)
	RebuildNativeTypeToScriptingClass (31ms)
	initialDomainReloadingComplete (68ms)
	LoadAllAssembliesAndSetupDomain (70ms)
		LoadAssemblies (119ms)
		AnalyzeDomain (43ms)
			TypeCache.Refresh (24ms)
				TypeCache.ScanAssembly (15ms)
			BuildScriptInfoCaches (10ms)
			ResolveRequiredComponents (6ms)
	FinalizeReload (1211ms)
		SetupLoadedEditorAssemblies (0ms)
			InitializePlatformSupportModulesInManaged (63ms)
			BeforeProcessingInitializeOnLoad (330ms)
			ProcessInitializeOnLoadAttributes (233ms)
			ProcessInitializeOnLoadMethodAttributes (132ms)
			AfterProcessingInitializeOnLoad (9ms)
		AwakeInstancesAfterBackupRestoration (13ms)
(Values over 0.050ms)
Asset Pipeline Refresh (id=4e9823ab843239bbcbd1d827afb6282c): Total: 4.049 seconds - Initiated by InitialRefreshV2(ForceSynchronousImport)
	Summary:
		Imports: total=0 (actual=0, local cache=0, cache server=0)
		Asset DB Process Time: managed=0 ms, native=1712 ms
		Asset DB Callback time: managed=58 ms, native=9 ms
		Scripting: domain reloads=1, domain reload time=761 ms, compile time=1484 ms, other=19 ms
		Project Asset Count: scripts=221, non-scripts=149
		Asset File Changes: new=0, changed=0, moved=0, deleted=0
		Scan Filter Count: 1
	InvokePackagesCallback: 10.266ms
	ApplyChangesToAssetFolders: 0.500ms
	Scan: 246.251ms
	CategorizeScriptCompilationAssets: 3.236ms
	ProcessAssetsWithTransientArtifactChanges: 17.697ms
	CategorizeAssets: 7.352ms
	CompileScripts: 1484.066ms
	ImportOutOfDateAssets: 1219.266ms (1215.374ms without children)
		UnloadImportedAssets: 0.578ms
		EnsureUptoDateAssetsAreRegisteredWithGuidPM: 0.150ms
		OnDemandSchedulerStart: 3.161ms
	PostProcessAllAssets: 59.091ms
		MonoPostProcessAllAssets: 58.991ms
			WindowAssetPostprocessingWatcher.OnPostprocessAllAssets 22.176ms
			SyncVS.PostprocessSyncProject 4.052ms
			SpeedTree9Postprocessor.OnPostprocessAllAssets 2.252ms
			ReferencedClipsPostProcessor.OnPostprocessAllAssets 1.004ms
			TerrainToolbarOverlayPostProcessor.OnPostprocessAllAssets 0.517ms
			AssetDatabaseCallbacks.OnPostprocessAllAssets 0.418ms
			RenderPipelineGlobalSettingsPostprocessor.OnPostprocessAllAssets 0.194ms
	UnloadStreamsBegin: 2.911ms
	PersistCurrentRevisions: 0.059ms
	GenerateScriptTypeHashes: 0.547ms
	GenerateScriptTypeSerializationHashes: 1.224ms
	Untracked: 996.551ms

Application.AssetDatabase Initial Refresh End
Scanning for USB devices : 5.059ms
Initializing Unity extensions:
UpdateMenuTitleForLanguage: 10
[MODES] ModeService[none].Initialize
[MODES] ModeService[none].LoadModes
[MODES] Loading mode Default (0) for mode-current-id-sale_com_hpr_interaction
Unloading 4 Unused Serialized files (Serialized files now loaded: 0)
Unloading 467 unused Assets / (1.1 MB). Loaded Objects now: 1065.
Memory consumption went from 88.0 MB to 86.9 MB.
Total: 29.450115 ms (FindLiveObjects: 0.166436 ms CreateObjectMapping: 0.106649 ms MarkObjects: 27.407335 ms  DeleteObjects: 1.767875 ms)

Asset Pipeline Refresh (id=fde5928467a42ec41a567f7f46e11da0): Total: 0.137 seconds - Initiated by RefreshV2(NoUpdateAssetOptions)
Starting new worker id: 0 with log in /data/tmp/hpr_assetstore_sale/projects/sale_com_hpr_interaction/Logs/AssetImportWorker0.log
Starting new worker id: 1 with log in /data/tmp/hpr_assetstore_sale/projects/sale_com_hpr_interaction/Logs/AssetImportWorker1.log
Worker ready: AssetImportWorker0 0
Worker ready: AssetImportWorker1 1
[Worker0] Start importing Assets/com.hpr.inventory/README.md using Guid(9e42e1d446e1315a09fd8f3f46f0d3bd) Importer(815301076,1909f56bfc062723c751e8b465ee728b) 
[Worker0] (PreviewImporter)
[Worker0]  -> (Import Result ID: '240407741e5a6458bacd68bad1d0d9ee') in 0.053387474 seconds [static and dynamic dependencies]. Details - ImportResultOutputID=d7cc24698367cd7c4444c01533193e86 DependenciesID=879cd1f1a90951bbdb7e770e6f983e55 StaticDependenciesID=f1bfb11f7b6a5b015936cc4e792f2b5b 
[Worker0] Start importing Assets/com.hpr.interaction/package.json using Guid(487fca4da50abb1b828893cafade5d5c) Importer(815301076,1909f56bfc062723c751e8b465ee728b) 
[Worker0] (PreviewImporter)
[Worker0]  -> (Import Result ID: '2ec5458530140c7ee9c2d096a1a7ae81') in 0.001785694 seconds [static and dynamic dependencies]. Details - ImportResultOutputID=723d78dea8be4b0bd904270fac2a0f83 DependenciesID=165f08c420502ab4f9d6bc76eb1021b0 StaticDependenciesID=ac60851e0c353d5b448246455dbed565 
[Worker0] Start importing Assets/com.hpr.eventbus/Demo/HPR.Eventbus.Demo.asmdef using Guid(ed9d2a9eb4ff26471853a7399b3c0cab) Importer(815301076,1909f56bfc062723c751e8b465ee728b) 
[Worker0] (PreviewImporter)
[Worker0]  -> (Import Result ID: '20484d267c90c7a16be97f11459ff58a') in 0.000784038 seconds [static and dynamic dependencies]. Details - ImportResultOutputID=215bc038353fd73762354d739abdf774 DependenciesID=303aa0b0e69689a52073fa7aabb045c8 StaticDependenciesID=48de033549f5603e64b3435630b82623 
[Worker0] Start importing Assets/com.hpr.eventbus/Runtime/EventBus.cs using Guid(6281971743ee4906c9c6ab7a8fba22b2) Importer(815301076,1909f56bfc062723c751e8b465ee728b) 
[Worker0] (PreviewImporter)
[Worker0]  -> (Import Result ID: 'dcee1f6476f5d9be1a4be480eff225b3') in 0.001029932 seconds [static and dynamic dependencies]. Details - ImportResultOutputID=9ecefcd9266b5d741c2999d6020b24b8 DependenciesID=ed8a4566ba878f9ceb5534f34bd14871 StaticDependenciesID=e85dac8f412e7e82d58cb52fc2e23bb5 
[Worker0] Start importing Assets/com.hpr.inventory/Demo/SilverKey.asset using Guid(fb73fc940785b949383cff87ed4d7581) Importer(815301076,1909f56bfc062723c751e8b465ee728b) 
[Worker0] (PreviewImporter)
[Worker0]  -> (Import Result ID: 'e392cbc949a815c2493f96bee330872e') in 0.00504404 seconds [static and dynamic dependencies]. Details - ImportResultOutputID=b48ee77fff6d24c59f3a53ed5787e9bb DependenciesID=0883d6948212ddb3524bb5f283433ac0 StaticDependenciesID=5f997653af381ace35fbaf51f36a046c 
[Worker0] Start importing Assets/com.hpr.interaction/Runtime/InteractionContracts.cs using Guid(304426a85441332adabcfe685e1529b0) Importer(815301076,1909f56bfc062723c751e8b465ee728b) 
[Worker0] (PreviewImporter)
[Worker0]  -> (Import Result ID: 'c9441b210a4b016b50d393316bba481b') in 0.000543223 seconds [static and dynamic dependencies]. Details - ImportResultOutputID=9b7cef932c8ff5f408d5e57c33654847 DependenciesID=f95abad7ed74a6a474a267596d0936eb StaticDependenciesID=790f31a519c4e6dcd42c81f0b70d601d 
[Worker0] Start importing Assets/com.hpr.interaction/Demo/HPR.Interaction.Demo.asmdef using Guid(c8db4b1198e4821a3bc64e0c4211866b) Importer(815301076,1909f56bfc062723c751e8b465ee728b) 
[Worker0] (PreviewImporter)
[Worker0]  -> (Import Result ID: '1076f3a7c5c983f415baef0b8740889e') in 0.00058368 seconds [static and dynamic dependencies]. Details - ImportResultOutputID=576a81302d924f9fd382f4e477f04b89 DependenciesID=8617ec2c63d62a0c9da3a190ece3fff8 StaticDependenciesID=f6699d4e30abb43981a4b3388e055c37 
[Worker0] Start importing Assets/com.hpr.inventory/Editor/HPR.Inventory.Editor.asmdef using Guid(a7ef89c7b53b15927a11ae37cb739de2) Importer(815301076,1909f56bfc062723c751e8b465ee728b) 
[Worker0] (PreviewImporter)
[Worker0]  -> (Import Result ID: '550eb3361410eb9e789f6815d7ab35ef') in 0.000669638 seconds [static and dynamic dependencies]. Details - ImportResultOutputID=608a525a89af7ae02cd278d44e999072 DependenciesID=df791558c9b4d85e576f559a4ffb82d8 StaticDependenciesID=f01ab7674f4037ae2be07fbfc31915d9 
[Worker0] Start importing Assets/com.hpr.eventbus/Demo using Guid(d9f15e5aa687a3860aaeb7cea6c8ad11) Importer(815301076,1909f56bfc062723c751e8b465ee728b) 
[Worker0] (PreviewImporter)
[Worker0]  -> (Import Result ID: '1641795c8de2f4d1df152fab63fe30e0') in 0.000573691 seconds [static and dynamic dependencies]. Details - ImportResultOutputID=fc052ae103ce1a840d2ef708dc9e2421 DependenciesID=e60cdc9461a07326626d93605f4f8a98 StaticDependenciesID=44755609100d58ee0058ad5847c00a88 
[Worker0] Start importing Assets/com.hpr.inventory/LICENSE.md using Guid(6ef4710662ee3b4b6acd90555e52499b) Importer(815301076,1909f56bfc062723c751e8b465ee728b) 
[Worker0] (PreviewImporter)
[Worker0]  -> (Import Result ID: '06a4119d36fa1d06d88880405c0a69a4') in 0.001175178 seconds [static and dynamic dependencies]. Details - ImportResultOutputID=4b2a09120a92cb0a9b33fd2bd8738deb DependenciesID=caff81441ab8878765f1bdef89a875ff StaticDependenciesID=07937b1f6519dba27211749e9d45437d 
[Worker0] Start importing Assets/com.hpr.inventory/Runtime/ItemData.cs using Guid(5336d2857dd642379c26746c83dfc55e) Importer(815301076,1909f56bfc062723c751e8b465ee728b) 
[Worker0] (PreviewImporter)
[Worker0]  -> (Import Result ID: '625c63320d55c9502ae5f7cad48751df') in 0.000724843 seconds [static and dynamic dependencies]. Details - ImportResultOutputID=ef8122945f49eb11040bba9f7cbec09e DependenciesID=dce4f80f5868472c0695922fe6c3501f StaticDependenciesID=a8ff12e94e1bb8cf1281350ea679df04 
[Worker0] Start importing Assets/com.hpr.eventbus/Runtime/Services using Guid(3bf6a4ae8368126b1a965082be93127c) Importer(815301076,1909f56bfc062723c751e8b465ee728b) 
[Worker0] (PreviewImporter)
[Worker0]  -> (Import Result ID: 'b7640720f95ba3b2c13d200279476755') in 0.000603335 seconds [static and dynamic dependencies]. Details - ImportResultOutputID=95a313307f40b1b87b3d7b99903bce34 DependenciesID=5a5a37c8af1e9d55c6c329f1e008c460 StaticDependenciesID=91300388e7cb5310146587f6f1f4dd79 
[Worker0] Start importing Assets/com.hpr.eventbus/Demo/EventBusDemo.unity using Guid(3f644059f4e8d72c8bc9000d23046fa7) Importer(815301076,1909f56bfc062723c751e8b465ee728b) 
[Worker0] (PreviewImporter)
[Worker0]  -> (Import Result ID: '9144dd5f135fc1b567b05829024b26d8') in 0.000753799 seconds [static and dynamic dependencies]. Details - ImportResultOutputID=d6d1995a19f2f136181b3cdf68c88b7d DependenciesID=fed45e018d99ba545bf8be092cd5da37 StaticDependenciesID=bee3ec4b58c1e8ce26523c5bb94165e1 
[Worker0] Start importing Assets/com.hpr.interaction/Runtime/SimpleInteractionActor.cs using Guid(0c2e9c90164f12eba8889ad8809a7585) Importer(815301076,1909f56bfc062723c751e8b465ee728b) 
[Worker0] (PreviewImporter)
[Worker0]  -> (Import Result ID: '5e634e27b60851cf9f67313d85f1682b') in 0.00058891 seconds [static and dynamic dependencies]. Details - ImportResultOutputID=6b8cddf2539a1b797048e1eca5e9a6a7 DependenciesID=18ace3f3bae12ff3c7d5009df8c70358 StaticDependenciesID=907ebf8e7081b0f09249e7d4c16c7208 
[Worker0] Start importing Assets/com.hpr.eventbus/Runtime/EventManager.cs using Guid(635af4f91019f924aab7baa518823983) Importer(815301076,1909f56bfc062723c751e8b465ee728b) 
[Worker0] (PreviewImporter)
[Worker0]  -> (Import Result ID: '514f309486ed2c73be61663052397e66') in 0.000590979 seconds [static and dynamic dependencies]. Details - ImportResultOutputID=e6f5bbc3b0dce6b93d05d4563215034f DependenciesID=4dc1869212a42b49ca0beed676ddd925 StaticDependenciesID=f76696c884cfc7a06684fbc1c0744139 
[Worker0] Start importing Assets/com.hpr.eventbus/Demo/README.md using Guid(5ef8a8a431775c7359bd068d1e70d552) Importer(815301076,1909f56bfc062723c751e8b465ee728b) 
[Worker0] (PreviewImporter)
[Worker0]  -> (Import Result ID: '6cb6ff03cd45d254890b88b03b0c5225') in 0.00141326 seconds [static and dynamic dependencies]. Details - ImportResultOutputID=ff5fd75bdaf3d324dc8de2a3cd2b8ae6 DependenciesID=203f9f557c64b047612de0f289edba66 StaticDependenciesID=e10a42eeb648491c4ceea3d3a8ee6bbe 
[Worker0] Start importing Assets/com.hpr.inventory/package.json using Guid(bd7db5db0ffbdc846abdac7870eb0b21) Importer(815301076,1909f56bfc062723c751e8b465ee728b) 
[Worker0] (PreviewImporter)
[Worker0]  -> (Import Result ID: '109533984aa059f1ce84fea2631df5f3') in 0.001360902 seconds [static and dynamic dependencies]. Details - ImportResultOutputID=73b15c318f921b40b1a612cad39e93ae DependenciesID=e301745b4cd37b94a3fdcb937d57bf59 StaticDependenciesID=8a79317630b306d941f4e176f47a2cd5 
[Worker0] Start importing Assets/com.hpr.inventory/Demo/HealthPotion.asset using Guid(0174a67eca5470dc383226ce493d8610) Importer(815301076,1909f56bfc062723c751e8b465ee728b) 
[Worker0] (PreviewImporter)
[Worker0]  -> (Import Result ID: 'b91f58b05002877e90b38005acc2a786') in 0.001444067 seconds [static and dynamic dependencies]. Details - ImportResultOutputID=7af0f79c03b073e65cfcd4876b0f8397 DependenciesID=b2b29087d237ef631d1c26debaf0beed StaticDependenciesID=5437e3461e9c4eed9afaa5aa1cf247b2 
[Worker0] Start importing Assets/com.hpr.eventbus/Runtime/Services/IEventBusSource.cs using Guid(82025b4ad8da939aef1771d3e37fca72) Importer(815301076,1909f56bfc062723c751e8b465ee728b) 
[Worker0] (PreviewImporter)
[Worker0]  -> (Import Result ID: '167314d469b87967153f91ba7aacf83c') in 0.000657273 seconds [static and dynamic dependencies]. Details - ImportResultOutputID=f594bb2302b5d68d4d8dd8cb504e8bfa DependenciesID=8e6ffc93ec0d0452bb78758a10f9c699 StaticDependenciesID=9b3b80805dc77136234844805585d828 
[Worker0] Start importing Assets/com.hpr.inventory/Demo/README.md using Guid(43108ff3f1abfc3af24dc88ce2e44435) Importer(815301076,1909f56bfc062723c751e8b465ee728b) 
[Worker0] (PreviewImporter)
[Worker0]  -> (Import Result ID: 'a6d8b4d34bf87ea478a64b3a394fbdfe') in 0.001261502 seconds [static and dynamic dependencies]. Details - ImportResultOutputID=d018da84cfd62354f086b5a0286ed9e7 DependenciesID=cab2da20059f293dc9c43ca7a2be46b3 StaticDependenciesID=e11e1e5d3a050ead8959666614a2af75 
[Worker0] Start importing Assets/com.hpr.inventory using Guid(2921e024889e43f73be89fe86f178c5d) Importer(815301076,1909f56bfc062723c751e8b465ee728b) 
[Worker0] (PreviewImporter)
[Worker0]  -> (Import Result ID: '921f65167aa3c28d8c1b8dfea1b9d816') in 0.000514951 seconds [static and dynamic dependencies]. Details - ImportResultOutputID=3ecd1de1487ad4985e9b8e438acf07d4 DependenciesID=3c83f714196ae2e87d8a63ac65499eed StaticDependenciesID=5a03571ce441c16c940d8c28cfbcb5d8 
[Worker0] Start importing Assets/com.hpr.interaction/Demo using Guid(5506323ffcddf9e8eacdabe39752f902) Importer(815301076,1909f56bfc062723c751e8b465ee728b) 
[Worker0] (PreviewImporter)
[Worker0]  -> (Import Result ID: '05d4564bab93f2522f235aa9e7a99480') in 0.000625088 seconds [static and dynamic dependencies]. Details - ImportResultOutputID=9cd115a603809e2b035d64c7ae7d7ebf DependenciesID=22f72841f45807a0de2c68d406be0bcf StaticDependenciesID=cb0d50c1b411eda06be7334fe4e2ffa7 
[Worker0] Start importing Assets/com.hpr.inventory/Runtime/IInventoryService.cs using Guid(605469dc95294b228f8983f1079825f1) Importer(815301076,1909f56bfc062723c751e8b465ee728b) 
[Worker0] (PreviewImporter)
[Worker0]  -> (Import Result ID: '9b7d42ceec29871451fd734f60d58f5a') in 0.000545714 seconds [static and dynamic dependencies]. Details - ImportResultOutputID=3558db098250a26b82724c9fcee3ef09 DependenciesID=9c4be6d80d33eb30a01a66cbbb54d76e StaticDependenciesID=13fc554a51155947514685078d51ecc0 
[Worker0] Start importing Assets/com.hpr.eventbus/Runtime/IEventBus.cs using Guid(29e33229ca781055c9fdba12abdc8ef1) Importer(815301076,1909f56bfc062723c751e8b465ee728b) 
[Worker0] (PreviewImporter)
[Worker0]  -> (Import Result ID: 'e9ebe9c39e11f149a42750c4822c5384') in 0.000532032 seconds [static and dynamic dependencies]. Details - ImportResultOutputID=91e4e9e0276a6ec83c1a1a6072cf4da3 DependenciesID=d15eb381ee7308fe98901268162e5759 StaticDependenciesID=3a6a220977a1ea401c359fe350615292 
[Worker0] Start importing Assets/com.hpr.interaction/Runtime/InteractionSensor.cs using Guid(8ce484398d1f3e9aaa7fba153099f28c) Importer(815301076,1909f56bfc062723c751e8b465ee728b) 
[Worker0] (PreviewImporter)
[Worker0]  -> (Import Result ID: '1cdb9edec7bee9b79d717d4064307699') in 0.000618887 seconds [static and dynamic dependencies]. Details - ImportResultOutputID=bdd275ad84e70bf0f6c463cb164bd861 DependenciesID=3b314bee7ba159120553712c75e0a0e2 StaticDependenciesID=2cbc95509505ea0d78647c8e9b440e6d 
[Worker0] Start importing Assets/com.hpr.eventbus/README.md using Guid(16bcddae5f84fe26b5bbd642bd540a6b) Importer(815301076,1909f56bfc062723c751e8b465ee728b) 
[Worker0] (PreviewImporter)
[Worker0]  -> (Import Result ID: '3f6b4f01ee71e47c11f1d7266497d387') in 0.001097117 seconds [static and dynamic dependencies]. Details - ImportResultOutputID=176b991e76c3484dbeea584a389e0a4c DependenciesID=ba488b863c74b4aedcce80b239ddc601 StaticDependenciesID=f2f28066c4a4b0e374d2fb26cb1a774d 
[Worker0] Start importing Assets/com.hpr.eventbus/Editor/EventBusDemoSceneBuilder.cs using Guid(61193554056a8a629bf4a346cc59b58d) Importer(815301076,1909f56bfc062723c751e8b465ee728b) 
[Worker0] (PreviewImporter)
[Worker0]  -> (Import Result ID: '21fdbdb7d4c3a6dfb5ab05c280db09eb') in 0.00056307 seconds [static and dynamic dependencies]. Details - ImportResultOutputID=ef02bb5f90581a96fc9da1ad978eeacd DependenciesID=bb36d15672708a9406cd543ad70e9198 StaticDependenciesID=37a676123d0ee56a2b82403cdb4d76eb 
[Worker0] Start importing Assets/com.hpr.interaction/Demo/DemoBronzeKey.asset using Guid(a14529c313b785a5394b37b29a98788c) Importer(815301076,1909f56bfc062723c751e8b465ee728b) 
[Worker0] (PreviewImporter)
[Worker0]  -> (Import Result ID: '5d749ffd0442d1d0ddc2aa3be5a499a4') in 0.001255666 seconds [static and dynamic dependencies]. Details - ImportResultOutputID=1839c2a6caf5242b046e0f1a3be0da48 DependenciesID=9894eed572dfea119b3bbb0c37a8b492 StaticDependenciesID=9efac93ee62e37b5ef33eb715c38927a 
[Worker0] Start importing Assets/com.hpr.inventory/Runtime/ItemType.cs using Guid(e2d62a5b08024e099aac1855f371e5f5) Importer(815301076,1909f56bfc062723c751e8b465ee728b) 
[Worker0] (PreviewImporter)
[Worker0]  -> (Import Result ID: '5fc5d558a214e5e1384b827bd0669dec') in 0.000594296 seconds [static and dynamic dependencies]. Details - ImportResultOutputID=8ad5b1bbb61782fdadf8176bd716bdce DependenciesID=e40e7cd90b4d282718dcd421696b4f4a StaticDependenciesID=d4960d8a2834a7ca7a696bf56bb9120b 
[Worker0] Start importing Assets/com.hpr.eventbus/Runtime using Guid(1c8edce3ac6d49c79b06803eac747fa5) Importer(815301076,1909f56bfc062723c751e8b465ee728b) 
[Worker0] (PreviewImporter)
[Worker0]  -> (Import Result ID: '2d965fa0237eeff66099428f7c9bfb17') in 0.000649332 seconds [static and dynamic dependencies]. Details - ImportResultOutputID=f2ffc86cde2bd2a738e1619ae3a97f30 DependenciesID=ece9f3691749b1f7dc4a0c3cf0229dea StaticDependenciesID=dee2f59498802bbb9ed9e3251e7a4901 
[Worker0] Start importing Assets/com.hpr.inventory/Runtime/HPR.Inventory.Runtime.asmdef using Guid(3cad601b8101bae82f84e463b237cea4) Importer(815301076,1909f56bfc062723c751e8b465ee728b) 
[Worker0] (PreviewImporter)
[Worker0]  -> (Import Result ID: 'fccba28480e859acb89349416da8ccb6') in 0.000573463 seconds [static and dynamic dependencies]. Details - ImportResultOutputID=655dab1d5863bea9ce5cc40fc0596142 DependenciesID=1220f2beb82c6c5fb95df95914aa0f6a StaticDependenciesID=6fefc35e7a204c5064aa6f130144ba49 
[Worker0] Start importing Assets/com.hpr.eventbus using Guid(b2e06b7f306d0507b895a5affeb34f89) Importer(815301076,1909f56bfc062723c751e8b465ee728b) 
[Worker0] (PreviewImporter)
[Worker0]  -> (Import Result ID: '90da9c2fe77e2cb67f83163cee350c00') in 0.000579356 seconds [static and dynamic dependencies]. Details - ImportResultOutputID=41eb518fd3a5380bf682e9f7a3dab51f DependenciesID=302baf1ae844148319ab2d8974a69dcd StaticDependenciesID=e55e15010532d8edf934c0a02cf1ba98 
[Worker0] Start importing Assets/com.hpr.interaction/Runtime/InteractionRuntimeMarker.cs using Guid(ca814d09d769fc161089bf2585317f18) Importer(815301076,1909f56bfc062723c751e8b465ee728b) 
[Worker0] (PreviewImporter)
[Worker0]  -> (Import Result ID: 'e789799a1c505e97ba29cb1b82fe978d') in 0.000546511 seconds [static and dynamic dependencies]. Details - ImportResultOutputID=1b6126d7d1280e898140a7b14fcd1d60 DependenciesID=14adccffb62fef24e9a8f816f30b28db StaticDependenciesID=a23e3df8deae27d7d090b833e716a77d 
[Worker0] Start importing Assets/com.hpr.inventory/CHANGELOG.md using Guid(517b1753f15285519a734e0c0e28668d) Importer(815301076,1909f56bfc062723c751e8b465ee728b) 
[Worker0] (PreviewImporter)
[Worker0]  -> (Import Result ID: '742be75f23c05ae24402f544a7906957') in 0.001331251 seconds [static and dynamic dependencies]. Details - ImportResultOutputID=7bf52f7d1e6b6afd1b007489f0bcc478 DependenciesID=dcfc9a46309318a96ce681d628a27acd StaticDependenciesID=2ab135cb68d068663b5a996ac8219b09 
[Worker0] Start importing Assets/com.hpr.interaction/README.md using Guid(759bcb530a6e820aa529c1c8f714ec0f) Importer(815301076,1909f56bfc062723c751e8b465ee728b) 
[Worker0] (PreviewImporter)
[Worker0]  -> (Import Result ID: 'be4f1e9064c7e9ac1698374248706cfd') in 0.00112835 seconds [static and dynamic dependencies]. Details - ImportResultOutputID=1ada0dae518a61b288331f1ffc652498 DependenciesID=0eda543de0f2bc22ec17951c60288d7d StaticDependenciesID=43c4ee0be6376d6227a6ea2807b9e0ae 
[Worker0] Start importing Assets/com.hpr.interaction/Runtime/HPR.Interaction.Runtime.asmdef using Guid(7cc686202877d2277d737ad81cb979e1) Importer(815301076,1909f56bfc062723c751e8b465ee728b) 
[Worker0] (PreviewImporter)
[Worker0]  -> (Import Result ID: 'ef1d38165328aae14cda2ddc746abe0a') in 0.000583423 seconds [static and dynamic dependencies]. Details - ImportResultOutputID=943023765e06e57fba86e99fd99871ec DependenciesID=797e2c384059110dce48578600f7eff1 StaticDependenciesID=a06209313d6507b70e04ec26a297e26e 
[Worker0] Start importing Assets/com.hpr.inventory/Demo/InventoryDemoController.cs using Guid(42c069a1b7a471e708c1c323fc5efb2f) Importer(815301076,1909f56bfc062723c751e8b465ee728b) 
[Worker0] (PreviewImporter)
[Worker0]  -> (Import Result ID: '3c77dd9cca22179cacb72ef1790e6907') in 0.000614828 seconds [static and dynamic dependencies]. Details - ImportResultOutputID=a355f4691fa4e3e3fbfe4ee54d113c6a DependenciesID=01f8474e84e6b16f5ff5c3ac739887b2 StaticDependenciesID=8a265bb106116478da00ef0be6fbcd57 
[Worker0] Start importing Assets/com.hpr.inventory/Editor/InventoryPackageValidator.cs using Guid(6cf51bf7771f2de0ba0d13a69ce937a6) Importer(815301076,1909f56bfc062723c751e8b465ee728b) 
[Worker0] (PreviewImporter)
[Worker0]  -> (Import Result ID: '524dc8af625e71bec8ac41db35f5c0a1') in 0.000687959 seconds [static and dynamic dependencies]. Details - ImportResultOutputID=f7e9a9ca9899c41647f5b3adbb0a1be0 DependenciesID=3fce9e5ec3aa64d5bfeef6417c8bdc06 StaticDependenciesID=64bbd71fd51310165a9e70cdbc45aa53 
[Worker0] Start importing Assets/com.hpr.eventbus/Editor/HPR.Eventbus.Editor.asmdef using Guid(5494e6c5dd6ef4a799fc19d541a114dc) Importer(815301076,1909f56bfc062723c751e8b465ee728b) 
[Worker0] (PreviewImporter)
[Worker0]  -> (Import Result ID: '9dc52f769798a677f28fe2058ca2aaf7') in 0.000595657 seconds [static and dynamic dependencies]. Details - ImportResultOutputID=4e9f826c1c2acdadb097f4a156c4429a DependenciesID=5324f81f708d90f7e75a94cfeab7e793 StaticDependenciesID=c98e30c68ca62134234619d35fda6eb9 
[Worker0] Start importing Assets/com.hpr.eventbus/Editor using Guid(b306e4c90f2ac072b9261141f650d61d) Importer(815301076,1909f56bfc062723c751e8b465ee728b) 
[Worker0] (PreviewImporter)
[Worker0]  -> (Import Result ID: 'be78cf65b5a2a8174cd5fe7c48c7faba') in 0.000558382 seconds [static and dynamic dependencies]. Details - ImportResultOutputID=1db5084b34f582c238f8a727bd2d4d76 DependenciesID=47ebb730f9cda8408687cce8a79c3f0e StaticDependenciesID=26d7b895ee4b830ff3d9d0f1c501cd64 
[Worker0] Start importing Assets/com.hpr.eventbus/Editor/EventBusPackageValidator.cs using Guid(d058a268577311a24b571196efdcf655) Importer(815301076,1909f56bfc062723c751e8b465ee728b) 
[Worker0] (PreviewImporter)
[Worker0]  -> (Import Result ID: '38c0efb77881d0780872db5595042d46') in 0.000570031 seconds [static and dynamic dependencies]. Details - ImportResultOutputID=fa584dde00dc077769e5d69cd2b5c9c8 DependenciesID=144c85937293f48ead94671cf1713b5b StaticDependenciesID=755ad9d9a332304a8b0ce18ca048a36d 
[Worker0] Start importing Assets/com.hpr.inventory/Demo/HPR.Inventory.Demo.asmdef using Guid(0f479510da8c0a267860354d43c12a0d) Importer(815301076,1909f56bfc062723c751e8b465ee728b) 
[Worker0] (PreviewImporter)
[Worker0]  -> (Import Result ID: '8a5bfd99fa03c4cfcb69ad480abf71b6') in 0.000714422 seconds [static and dynamic dependencies]. Details - ImportResultOutputID=5d4ec929bed4009e8adc9ac990a25ed7 DependenciesID=1697b4df5d39e398b4043706da0dc598 StaticDependenciesID=cb114bca13d5253004fe8d37fab426b4 
[Worker0] Start importing Assets/com.hpr.interaction/Editor using Guid(7f8c658c7950758bf95e4e05796b9898) Importer(815301076,1909f56bfc062723c751e8b465ee728b) 
[Worker0] (PreviewImporter)
[Worker0]  -> (Import Result ID: '288994b10a88147aa1ef3ac6e2e2b0c0') in 0.000644832 seconds [static and dynamic dependencies]. Details - ImportResultOutputID=a7ae19561d5f604ee848b226ad41037e DependenciesID=b85790c92c47c8525a215d4a19fd087c StaticDependenciesID=a9b5e2d76adad7d9a52657d7327a519b 
[Worker0] Start importing Assets/com.hpr.interaction/Runtime using Guid(126c6e7f7fe1d97f681d6208b92ffd44) Importer(815301076,1909f56bfc062723c751e8b465ee728b) 
[Worker0] (PreviewImporter)
[Worker0]  -> (Import Result ID: '69c0705702f3a1f146ee045fce72e5e3') in 0.000636008 seconds [static and dynamic dependencies]. Details - ImportResultOutputID=46ea8a7b6844645c3fe02cc3edaf45d1 DependenciesID=03b70890583a8e2747f487878276b923 StaticDependenciesID=0d0bb852b2f8a84b0cfb15d87358bf47 
[Worker0] Start importing Assets/com.hpr.interaction/Runtime/KeyDoorInteractable.cs using Guid(78dca0900d8c9197fb82ef2cc6b70f65) Importer(815301076,1909f56bfc062723c751e8b465ee728b) 
[Worker0] (PreviewImporter)
[Worker0]  -> (Import Result ID: '4eb42a73490abba39bbe6e945d100b3c') in 0.000524856 seconds [static and dynamic dependencies]. Details - ImportResultOutputID=2b50d9dfef79146fec432edbdcf7759a DependenciesID=9c550eed4bdf5fa5fad86431bdb83192 StaticDependenciesID=ffab5f939c0b0d15b94bf4ccdaa89d13 
[Worker0] Start importing Assets/com.hpr.interaction/Editor/HPR.Interaction.Editor.asmdef using Guid(26b1943c7e8d6d85482a9f1b94a99e2f) Importer(815301076,1909f56bfc062723c751e8b465ee728b) 
[Worker0] (PreviewImporter)
[Worker0]  -> (Import Result ID: '72ec0b76bbe6ea3973322f740eda51a8') in 0.000594092 seconds [static and dynamic dependencies]. Details - ImportResultOutputID=6a1a28d953e153c8e6ee99d036a2d4c3 DependenciesID=021c1628f909b247b929bec9ba83e1b3 StaticDependenciesID=d5268f00505c190320410bf452c3b7f4 
[Worker0] Start importing Assets/com.hpr.interaction/Runtime/InventoryPickupInteractable.cs using Guid(0c0b0c9111feb1fafbb4301ad5930551) Importer(815301076,1909f56bfc062723c751e8b465ee728b) 
[Worker0] (PreviewImporter)
[Worker0]  -> (Import Result ID: 'cdb4205de2bb07c35a0bf1bbf0d47562') in 0.000667907 seconds [static and dynamic dependencies]. Details - ImportResultOutputID=71ccccd43559d3a2ddd471937c8de1dc DependenciesID=bb79082f30c98dc74a8311dddb711d14 StaticDependenciesID=087eb564566e82a64a4286961c71933e 
[Worker0] Start importing Assets/com.hpr.inventory/Demo/RifleAmmo.asset using Guid(edb22b7593e79ed86a2934cebbf3b51e) Importer(815301076,1909f56bfc062723c751e8b465ee728b) 
[Worker0] (PreviewImporter)
[Worker0]  -> (Import Result ID: '6c6155422e5a294161c5f3dfc6dfc687') in 0.001349827 seconds [static and dynamic dependencies]. Details - ImportResultOutputID=ea0b2d129b2641879542256dda97f6c5 DependenciesID=d2e3a03f821b167c826e67593b39efb4 StaticDependenciesID=09c2eb5e62dd4e73a2d6c60bd108d682 
[Worker0] Start importing Assets/com.hpr.eventbus/CHANGELOG.md using Guid(87d2113e8857b37778c33aa5f1f0a3ce) Importer(815301076,1909f56bfc062723c751e8b465ee728b) 
[Worker0] (PreviewImporter)
[Worker0]  -> (Import Result ID: 'f4ecc2ff67ae23dc68e5d98481d64532') in 0.001341385 seconds [static and dynamic dependencies]. Details - ImportResultOutputID=5cc286f12882edf130d8cd48e9d11cbe DependenciesID=83e85d801acd3e63bda356d9b131ad79 StaticDependenciesID=eb2ba31f2388b203ee5189a2ed4bde8c 
[Worker0] Start importing Assets/com.hpr.eventbus/ThirdPartyNotices.md using Guid(367c6c490f4fe4f05b233b8e5af475bd) Importer(815301076,1909f56bfc062723c751e8b465ee728b) 
[Worker0] (PreviewImporter)
[Worker0]  -> (Import Result ID: '88cae84cd028cdef3d95adaa1c5d696c') in 0.001317455 seconds [static and dynamic dependencies]. Details - ImportResultOutputID=94b6dcf7552d141dad459e1d7929dad5 DependenciesID=d6a6ac4b3f27160e2df45c39daf1ba6f StaticDependenciesID=1acbd035a599d6d97e5cf6bf19983a30 
[Worker0] Start importing Assets/com.hpr.interaction/CHANGELOG.md using Guid(b80b7dd007963c189923864cd7180989) Importer(815301076,1909f56bfc062723c751e8b465ee728b) 
[Worker0] (PreviewImporter)
[Worker0]  -> (Import Result ID: 'c3e65f5119cba019e0b1a32c3ac917f1') in 0.001287327 seconds [static and dynamic dependencies]. Details - ImportResultOutputID=fe5c6ea5ad07ee111dc20743cf8a8742 DependenciesID=7655f416612fc95a347e1ce911c5b523 StaticDependenciesID=4cd3ffd8b3a14b01827ef38563c71d1d 
[Worker0] Start importing Assets/com.hpr.eventbus/Editor/EventbusEditorMarker.cs using Guid(19cbb516b39466a92a2224532d492f16) Importer(815301076,1909f56bfc062723c751e8b465ee728b) 
[Worker0] (PreviewImporter)
[Worker0]  -> (Import Result ID: 'd49b1e0f460b1d26b4ea0ae80b3f8655') in 0.003423719 seconds [static and dynamic dependencies]. Details - ImportResultOutputID=176cd3d823c776c61fe64f4fc4ef966a DependenciesID=80911bb4b74f7183b964f60558b00f58 StaticDependenciesID=030495883449748f6de7c652016b0d05 
[Worker0] Start importing Assets/com.hpr.interaction/Demo/DemoMedkit.asset using Guid(7007cc12924391ef3baec3f4438e5c85) Importer(815301076,1909f56bfc062723c751e8b465ee728b) 
[Worker0] (PreviewImporter)
[Worker0]  -> (Import Result ID: '64e09ec174aa54135baf5b49421c458c') in 0.001374999 seconds [static and dynamic dependencies]. Details - ImportResultOutputID=d60ae5d038521a275375f050946076b1 DependenciesID=ec572007267a1375d6cf4366599a141a StaticDependenciesID=a194674f0d23b13bfd16ee9f8f2a5cc8 
[Worker0] Start importing Assets/com.hpr.inventory/Demo using Guid(fe3e9c5870f3cba97b364ac229704579) Importer(815301076,1909f56bfc062723c751e8b465ee728b) 
[Worker0] (PreviewImporter)
[Worker0]  -> (Import Result ID: 'b3f6a174a6a3aeecb19416b8d659584d') in 0.000616044 seconds [static and dynamic dependencies]. Details - ImportResultOutputID=cd99fddd352930bd2866a1e5877ef0ea DependenciesID=7ae73f5c8753d782091cda97fbd88fc0 StaticDependenciesID=b095d3be0d1f9f60bea2c187071579d2 
[Worker0] Start importing Assets/com.hpr.interaction/Runtime/InteractionTargetProxy.cs using Guid(add7297665c1cf29ba3d138bc4c54274) Importer(815301076,1909f56bfc062723c751e8b465ee728b) 
[Worker0] (PreviewImporter)
[Worker0]  -> (Import Result ID: 'cf1fb94c527dc807b0bf2dfcd5099c9b') in 0.004286087 seconds [static and dynamic dependencies]. Details - ImportResultOutputID=ec28730b25b0b65ecc3c55e8e5217750 DependenciesID=c6207a954abf2fda9ad58009949b43d4 StaticDependenciesID=345c6001919df7ba4a6171d35f3f0495 
[Worker0] Start importing Assets/com.hpr.interaction/Demo/InteractionDemoController.cs using Guid(8b284820768db31e787bf5209976844f) Importer(815301076,1909f56bfc062723c751e8b465ee728b) 
[Worker0] (PreviewImporter)
[Worker0]  -> (Import Result ID: '05c3f3101a9ce7c5a5908119a5ac07af') in 0.000658783 seconds [static and dynamic dependencies]. Details - ImportResultOutputID=1c574fd88d36e8821d75319c5d55ea1a DependenciesID=e3dcfca79406d10c27a40ac6ed1207f7 StaticDependenciesID=9b5f07cf36f385cc9b26c4a4184c06d1 
[Worker0] Start importing Assets/com.hpr.inventory/Editor using Guid(2e0a13754aefc3d948a9eb5a4bd6de27) Importer(815301076,1909f56bfc062723c751e8b465ee728b) 
[Worker0] (PreviewImporter)
[Worker0]  -> (Import Result ID: '93a886a0027dc4cfde457f25e3046338') in 0.000690336 seconds [static and dynamic dependencies]. Details - ImportResultOutputID=69b49085749cb2b65b09a287e460e238 DependenciesID=d7ca49b694737924a11154e8762478e3 StaticDependenciesID=cffaa7b1d5b571ac2cc4f589e20d0669 
[Worker0] Start importing Assets/com.hpr.eventbus/LICENSE.md using Guid(976292fb93af2cc81b551bd61bf3a226) Importer(815301076,1909f56bfc062723c751e8b465ee728b) 
[Worker0] (PreviewImporter)
[Worker0]  -> (Import Result ID: 'e280ef773ede89f6d88827d76b8b8077') in 0.001300191 seconds [static and dynamic dependencies]. Details - ImportResultOutputID=27cbbc982d849769ac2baf582963f1a4 DependenciesID=ddd2b416bd5bf7bb6aeef8feda072e87 StaticDependenciesID=040a8f7749093dc26e0e8da2ff2e6700 
[Worker0] Start importing Assets/com.hpr.inventory/Runtime/InventoryRuntimeMarker.cs using Guid(260ca8e6427f36c9dcd1bcfdd3a58c46) Importer(815301076,1909f56bfc062723c751e8b465ee728b) 
[Worker0] (PreviewImporter)
[Worker0]  -> (Import Result ID: 'c78bb5c328f86ef226a430182f14f762') in 0.00063781 seconds [static and dynamic dependencies]. Details - ImportResultOutputID=57be7f65279cead4972ce737d34a1976 DependenciesID=d133e0f144c65715c211b5bc4702254a StaticDependenciesID=e1638659c900283b845c683aaad377a5 
[Worker0] Start importing Assets/com.hpr.inventory/Demo/InventoryDemo.unity using Guid(438dd347e4ad5aba5b2b2ecb621917d4) Importer(815301076,1909f56bfc062723c751e8b465ee728b) 
[Worker0] (PreviewImporter)
[Worker0]  -> (Import Result ID: '9f2a5ee86945af5f307a6023a0f510f9') in 0.000717921 seconds [static and dynamic dependencies]. Details - ImportResultOutputID=86ecb6edf4ee88ebc5de142becdd8026 DependenciesID=71caf0a9e2d91d61cdeb3e150a604be1 StaticDependenciesID=5e7a4f63dbb70f12b04da5b1fa0d7537 
[Worker0] Start importing Assets/com.hpr.eventbus/Runtime/HPR.Eventbus.Runtime.asmdef using Guid(8a28177a57a6aa43f0a3be3700c21998) Importer(815301076,1909f56bfc062723c751e8b465ee728b) 
[Worker0] (PreviewImporter)
[Worker0]  -> (Import Result ID: '40e3a6d8554130bcb865572d8b93d464') in 0.000721667 seconds [static and dynamic dependencies]. Details - ImportResultOutputID=ed860d8d062cacb4f25b6c80456db378 DependenciesID=9fba5a1d33015b90faba6f9fee147dcc StaticDependenciesID=0a54f5a360e85db4504e729399c89fc1 
[Worker0] Start importing Assets/com.hpr.eventbus/package.json using Guid(948bc03d0e4b748b9cdc39bad95aba83) Importer(815301076,1909f56bfc062723c751e8b465ee728b) 
[Worker0] (PreviewImporter)
[Worker0]  -> (Import Result ID: '57704a0815f97d9386fec6f76c8d512f') in 0.001354407 seconds [static and dynamic dependencies]. Details - ImportResultOutputID=3bc71053d81187da28c1509043f46fa1 DependenciesID=0daab8f0052624979ae0e29774d6eed8 StaticDependenciesID=0d89f2f6c321dd1eb27eb6fc6aaeff07 
[Worker0] Start importing Assets/com.hpr.eventbus/Demo/EventBusDemoController.cs using Guid(1f20a3377ce5ba7cdb3d261f0e77c2a4) Importer(815301076,1909f56bfc062723c751e8b465ee728b) 
[Worker0] (PreviewImporter)
[Worker0]  -> (Import Result ID: '336fec080544bbe7768ab3c62c1f3a94') in 0.000717302 seconds [static and dynamic dependencies]. Details - ImportResultOutputID=d18a10a670d717ced2d72520e1a57b55 DependenciesID=32c78809fae14a6e191313f5a5ec9b57 StaticDependenciesID=9e97cd1cf3e6f78848300cd48ba5a4ea 
[Worker0] Start importing Assets/com.hpr.inventory/Runtime/InventoryComponent.cs using Guid(3862978a151c4f0cb6684cc3e9c884ff) Importer(815301076,1909f56bfc062723c751e8b465ee728b) 
[Worker0] (PreviewImporter)
[Worker0]  -> (Import Result ID: 'd62f1549e22cf92c23bb023ffd768691') in 0.00064965 seconds [static and dynamic dependencies]. Details - ImportResultOutputID=c2e3a8fa75a7f95b5e57e4dc8ded40b6 DependenciesID=4dc37fb017556ad654e89d5b406c1e50 StaticDependenciesID=35f67099fd5735483a21933b8ef290e1 
[Worker0] Start importing Assets/com.hpr.inventory/Editor/InventoryEditorMarker.cs using Guid(694d5bde2135fa5f44c080deb67d275c) Importer(815301076,1909f56bfc062723c751e8b465ee728b) 
[Worker0] (PreviewImporter)
[Worker0]  -> (Import Result ID: '931772137a2708cf30e3246395f19e00') in 0.000633843 seconds [static and dynamic dependencies]. Details - ImportResultOutputID=6f330d295579d3dc9f230a6cac1e8297 DependenciesID=25756274309de3ef1a2155959f9c5d77 StaticDependenciesID=f3062d36704a45e08ee1d52aa4cba6d3 
[Worker0] Start importing Assets/com.hpr.inventory/Editor/InventoryDemoSceneBuilder.cs using Guid(09022e8556df26c95be2c6e4a6b20f34) Importer(815301076,1909f56bfc062723c751e8b465ee728b) 
[Worker0] (PreviewImporter)
[Worker0]  -> (Import Result ID: '8d0ee08694dc18a99dce3c69a9b2ba32') in 0.000662417 seconds [static and dynamic dependencies]. Details - ImportResultOutputID=b693458f459092debff0a5934fddcff7 DependenciesID=8f266e4878af17ef9a898132736e327b StaticDependenciesID=07bb7e77144821b7fcf344e34a1cba09 
[Worker0] Start importing Assets/com.hpr.interaction using Guid(c89b47fdfac8269298c1ed10ed47cc83) Importer(815301076,1909f56bfc062723c751e8b465ee728b) 
[Worker0] (PreviewImporter)
[Worker0]  -> (Import Result ID: '8bf5fa2674fda5330b9840f93ce6b3e5') in 0.000606417 seconds [static and dynamic dependencies]. Details - ImportResultOutputID=4f4663bf91a287f4d2e132247b213f41 DependenciesID=3323344a7c853b32d026b9306da916bc StaticDependenciesID=b7352b1a9267d67e96ef16693f2dc990 
[Worker0] Start importing Assets/com.hpr.inventory/ThirdPartyNotices.md using Guid(e45262362d53fc841883c335e848f9b4) Importer(815301076,1909f56bfc062723c751e8b465ee728b) 
[Worker0] (PreviewImporter)
[Worker0]  -> (Import Result ID: '558f8f9ff4fa3ae95f8a462b9a5121e3') in 0.00110427 seconds [static and dynamic dependencies]. Details - ImportResultOutputID=7efd39fdaf75087609b572f51f0cdcac DependenciesID=8314509da56121713390a621118d5014 StaticDependenciesID=78723773ce184cad2d9462e338cb49b7 
[Worker0] Start importing Assets/com.hpr.eventbus/Runtime/EventBusSourceAdapter.cs using Guid(06d9220e9f10488f96541c56053938c7) Importer(815301076,1909f56bfc062723c751e8b465ee728b) 
[Worker0] (PreviewImporter)
[Worker0]  -> (Import Result ID: '22d72ddc64088386b159a2223e3001c4') in 0.000555205 seconds [static and dynamic dependencies]. Details - ImportResultOutputID=1262d5a47b5715702fe62c9cf4bf7df8 DependenciesID=7a9e606c0fe91675e08ee8d50a171b8e StaticDependenciesID=908458955cafce9ca0803a67b335cc1a 
[Worker0] Start importing Assets/com.hpr.interaction/Editor/InteractionPackageValidator.cs using Guid(83b2f4218345a0d4b91d06d18c6ed9d8) Importer(815301076,1909f56bfc062723c751e8b465ee728b) 
[Worker0] (PreviewImporter)
[Worker0]  -> (Import Result ID: '5f00fc482c2ceccd6d3b19b23b17193a') in 0.000664157 seconds [static and dynamic dependencies]. Details - ImportResultOutputID=17ab118f5a99cdadd0dede0027edbfdc DependenciesID=c5ecfc54b28dc4ae85c16cb4a22fd869 StaticDependenciesID=4b1529929ae87dc74921735f29a043fa 
[Worker0] Start importing Assets/com.hpr.interaction/Editor/InteractionDemoSceneBuilder.cs using Guid(aeaaff2d238a83ded9bd6221fa205e5a) Importer(815301076,1909f56bfc062723c751e8b465ee728b) 
[Worker0] (PreviewImporter)
[Worker0]  -> (Import Result ID: '08eea03c725fd1e3e8031f81c4aa584b') in 0.000696058 seconds [static and dynamic dependencies]. Details - ImportResultOutputID=29e0022f9b87d9e93ba3297b3e8eaec6 DependenciesID=713c5149d993f291ce12b33c00c875ed StaticDependenciesID=72e5082c9594b441d61d08261972081c 
[Worker0] Start importing Assets/com.hpr.interaction/Demo/README.md using Guid(ba0847efeb5005825a4c7196fdd8dd2c) Importer(815301076,1909f56bfc062723c751e8b465ee728b) 
[Worker0] (PreviewImporter)
[Worker0]  -> (Import Result ID: 'bd6fa1874cdd9adbafa9646bc9a648e2') in 0.001347853 seconds [static and dynamic dependencies]. Details - ImportResultOutputID=188de88408a60e872e55215b8ab5695b DependenciesID=d834d2b068bd544d2531a2234ad24b3e StaticDependenciesID=a3df8da4a29398ca0f63b80bd10e165c 
[Worker0] Start importing Assets/com.hpr.interaction/ThirdPartyNotices.md using Guid(57ed51a993550a224a950a7d22723a10) Importer(815301076,1909f56bfc062723c751e8b465ee728b) 
[Worker0] (PreviewImporter)
[Worker0]  -> (Import Result ID: 'ec61c5108d902e96d8e091e9988aa0cc') in 0.001352318 seconds [static and dynamic dependencies]. Details - ImportResultOutputID=b92b9ee15c8b07df17bbaad2f88da4de DependenciesID=35fd285484626dcf3eef44ccf9c6bc06 StaticDependenciesID=ea40a1f314e032332e902eb97829156a 
[Worker0] Start importing Assets/com.hpr.interaction/Demo/InteractionDemo.unity using Guid(4bc8ec3709c055751989b239dbaf7642) Importer(815301076,1909f56bfc062723c751e8b465ee728b) 
[Worker0] (PreviewImporter)
[Worker0]  -> (Import Result ID: 'da33fd508f5f51ec6c13a5f714dbb748') in 0.000735904 seconds [static and dynamic dependencies]. Details - ImportResultOutputID=50aa11defa6a0aa6bdc59a29a9f69c2b DependenciesID=f75c7895d0649feddfc0f1460704e91e StaticDependenciesID=ab303b5daf8e41d7b4d56e20cea0179e 
[Worker0] Start importing Assets/com.hpr.interaction/LICENSE.md using Guid(c0923782b9d4162b4bd58173349af9b2) Importer(815301076,1909f56bfc062723c751e8b465ee728b) 
[Worker0] (PreviewImporter)
[Worker0]  -> (Import Result ID: 'b251451bb82c573506fc1bd3838a2938') in 0.00420732 seconds [static and dynamic dependencies]. Details - ImportResultOutputID=8e3187f009c7b135c1416a3db6f53e87 DependenciesID=66583d42f52bde198c034a3d4d2d9d95 StaticDependenciesID=50eda8f39eb717638586a88d5e1791d9 
[Worker0] Start importing Assets/com.hpr.interaction/Editor/InteractionEditorMarker.cs using Guid(a11b2a87c14c61af4f73e998dabbc9a6) Importer(815301076,1909f56bfc062723c751e8b465ee728b) 
[Worker0] (PreviewImporter)
[Worker0]  -> (Import Result ID: '2502f30c3392853abbfe9a43da1479a3') in 0.000836765 seconds [static and dynamic dependencies]. Details - ImportResultOutputID=d981a39029e101a1faf5ce8b53923ee5 DependenciesID=6f486070119a167f6dd95238c55df8bd StaticDependenciesID=6535444241cfd52236238a410f615c1a 
[Worker0] Start importing Assets/com.hpr.inventory/Runtime using Guid(2fd7875aa3cbce396b7a05b947d6f649) Importer(815301076,1909f56bfc062723c751e8b465ee728b) 
[Worker0] (PreviewImporter)
[Worker0]  -> (Import Result ID: 'b2e5b8d2ae9b48a52f61d20049a5608f') in 0.000648957 seconds [static and dynamic dependencies]. Details - ImportResultOutputID=0266c6962e46a634f9fe2a1c078bd8af DependenciesID=26e5f330c630eedc2d5af1c8165de1d7 StaticDependenciesID=091d0fa4bde37349c98362b88d9238de 
[Worker0] Start importing Assets/com.hpr.inventory/Runtime/InventoryEvents.cs using Guid(e23b9cf99e0b9060b8a8f52ef95cc241) Importer(815301076,1909f56bfc062723c751e8b465ee728b) 
[Worker0] (PreviewImporter)
[Worker0]  -> (Import Result ID: 'bb3a6a10473f88817a142bd7fb223950') in 0.000731873 seconds [static and dynamic dependencies]. Details - ImportResultOutputID=0e9634d1855e90864ecf1eb1760eebd5 DependenciesID=14cfdc7f9e811063d037444e48744690 StaticDependenciesID=07b06b89fbde23d140d517c8058b0772 
Exported package: /data/tmp/hpr_assetstore_sale/artifacts/com.hpr.interaction/com.hpr.interaction.unitypackage
Export size: 36429 bytes
[Physics::Module] Cleanup current backend.
[Physics::Module] Id: 0xf2b8ea05
Input System module state changed to: ShutdownInProgress.
Input Polling Thread exited.
Input System module state changed to: Shutdown.
[Licensing::IpcConnector] LicenseClient-hans-notifications channel disconnected successfully.
[Licensing::IpcConnector] LicenseClient-hans channel disconnected successfully.
AcceleratorClientConnectionCallback - disconnected - :0
info: Microsoft.Hosting.Lifetime[0]
      Application is shutting down...
Cleanup mono
CodeReloadManager destroyed
debugger-agent: Unable to listen on 43
Checking for leaked weakptr:
  Found no leaked weakptrs.
[Package Manager] Server process was shutdown
##utp:{"type":"MemoryLeaks","version":2,"phase":"Immediate","time":1774952432092,"processId":223096,"allocatedMemory":7989003,"memoryLabels":[{"Default":161950},{"Permanent":16000},{"Thread":1084656},{"Manager":24353},{"VertexData":8},{"Geometry":408},{"Texture":24},{"Shader":842640},{"Material":24},{"GfxDevice":36088},{"Animation":456},{"Audio":3008},{"FreeType":8},{"FontEngine":736},{"Physics":2090},{"Physics2D":16},{"Serialization":536},{"Input":27232},{"JobScheduler":33024},{"TextLib":216},{"Mono":32},{"ScriptingNativeRuntime":155088},{"BaseObject":1622976},{"Resource":1008},{"Renderer":3000},{"Transform":4717},{"File":828},{"WebCam":80},{"Culling":32},{"Terrain":11298},{"Wind":24},{"String":16626},{"StaticString":7050},{"Utility":2672848},{"Curl":2511},{"PoolAlloc":1864},{"AI":80},{"TypeTree":5341},{"ScriptManager":448},{"RuntimeInitializeOnLoadManager":64},{"SpriteAtlas":120},{"GI":7384},{"Director":8288},{"CloudService":7936},{"WebRequest":845},{"VR":47810},{"SceneManager":536},{"Video":64},{"LazyScriptCache":32},{"Camera":17},{"Secure":12185},{"SerializationCache":1576},{"APIUpdating":10320},{"Subsystems":336},{"VirtualTexturing":57552},{"StaticSafetyDebugInfo":278528},{"Analytics":464},{"Hierarchy":1416},{"CoreStats":13032},{"Identifiers":12960},{"Gui":160},{"EditorUtility":62897},{"VersionControl":4},{"Undo":963},{"AssetDatabase":670440},{"EditorGi":328},{"UnityConnect":37761},{"Upm":1752},{"AssetCompliance":64},{"DrivenProperties":72},{"LocalIPC":147},{"ProfilerEditor":9746},{"CoreBusinessMetrics":2344},{"Windowing":480},{"Licensing":1096},{"AssetReference":32},{"IPCStream":32}]}
