Unity Editor version:    6000.4.0f1 (8cf496087c8f)
Branch:                  6000.4/staging
Build type:              Release
Batch mode:              YES
System name:             Linux
Distro version:          #202511241048~1764607909~24.04~df6b2b6 SMP PREEMPT_DYNAMIC Mon D
Kernel version:          6.17.9-76061709-generic
Architecture:            x86_64
Available memory:        64131 MB
Date:                    2026-03-31T10:12:59Z
[Licensing::Module] Trying to connect to existing licensing client channel...
[Licensing::IpcConnector] Channel LicenseClient-hans doesn't exist
[Licensing::Module] Successfully launched the LicensingClient (PId: 210996)
Initialize udev device monitor.

COMMAND LINE ARGUMENTS:
/data/apps/Unity/Hub/Editor/6000.4.0f1/Editor/Unity
-batchmode
-nographics
-quit
-projectPath
/data/tmp/hpr_assetstore_sale/projects/sale_com_hpr_composition
-executeMethod
HprPackageExportRunner.ExportFromEnvironment
-logFile
/data/src/github/games/doc/logs/package_sale_prep/20260331_121005_com_hpr_composition_export.log
Successfully changed project path to: /data/tmp/hpr_assetstore_sale/projects/sale_com_hpr_composition
/data/tmp/hpr_assetstore_sale/projects/sale_com_hpr_composition
[UnityMemory] Configuration Parameters - Can be set up in boot.config
    "memorysetup-temp-allocator-size-gi-baking-worker=262144"
    "memorysetup-temp-allocator-size-gi-baking-worker=262144"
    "memorysetup-temp-allocator-size-gi-baking-worker=262144"
    "memorysetup-temp-allocator-size-gi-baking-worker=262144"
    "memorysetup-temp-allocator-size-gi-baking-worker=262144"
    "memorysetup-temp-allocator-size-nav-mesh-worker=65536"
    "memorysetup-temp-allocator-size-audio-worker=65536"
    "memorysetup-temp-allocator-size-cloud-worker=32768"
    "memorysetup-allocator-temp-initial-block-size-main=262144"
    "memorysetup-allocator-temp-initial-block-size-worker=262144"
    "memorysetup-temp-allocator-size-background-worker=32768"
    "memorysetup-temp-allocator-size-job-worker=262144"
    "memorysetup-temp-allocator-size-preload-manager=33554432"
    "memorysetup-temp-allocator-size-gfx=262144"
    "memorysetup-bucket-allocator-granularity=16"
    "memorysetup-bucket-allocator-bucket-count=8"
    "memorysetup-bucket-allocator-block-size=33554432"
    "memorysetup-bucket-allocator-block-count=8"
    "memorysetup-main-allocator-block-size=16777216"
    "memorysetup-thread-allocator-block-size=16777216"
    "memorysetup-gfx-main-allocator-block-size=16777216"
    "memorysetup-gfx-thread-allocator-block-size=16777216"
    "memorysetup-cache-allocator-block-size=4194304"
    "memorysetup-typetree-allocator-block-size=2097152"
    "memorysetup-profiler-bucket-allocator-granularity=16"
    "memorysetup-profiler-bucket-allocator-bucket-count=8"
    "memorysetup-profiler-bucket-allocator-block-size=33554432"
    "memorysetup-profiler-bucket-allocator-block-count=8"
    "memorysetup-profiler-allocator-block-size=16777216"
    "memorysetup-profiler-editor-allocator-block-size=1048576"
    "memorysetup-temp-allocator-size-main=16777216"
    "memorysetup-job-temp-allocator-block-size=2097152"
    "memorysetup-job-temp-allocator-block-size-background=1048576"
    "memorysetup-job-temp-allocator-reduction-small-platforms=262144"
Player connection [124301781986112]  Target information:

Player connection [124301781986112]  * "[IP] 192.168.0.132 [Port] 55504 [Flags] 2 [Guid] 3117935938 [EditorId] 3117935938 [Version] 1048832 [Id] LinuxEditor(16,192.168.0.132) [Debug] 1 [PackageName] LinuxEditor [ProjectName] Editor" 

Player connection [124301781986112]  * "[IP] 172.17.0.1 [Port] 55504 [Flags] 2 [Guid] 3117935938 [EditorId] 3117935938 [Version] 1048832 [Id] LinuxEditor(16,192.168.0.132) [Debug] 1 [PackageName] LinuxEditor [ProjectName] Editor" 

Player connection [124301781986112]  * "[IP] 10.8.0.2 [Port] 55504 [Flags] 2 [Guid] 3117935938 [EditorId] 3117935938 [Version] 1048832 [Id] LinuxEditor(16,192.168.0.132) [Debug] 1 [PackageName] LinuxEditor [ProjectName] Editor" 

Player connection [124301781986112] Host joined multi-casting on [225.0.0.222:54997]...
Player connection [124301781986112] Host joined alternative multi-casting on [225.0.0.222:34997]...
Input System module state changed to: Initialized.
[Physics::Module] Initialized fallback backend.
[Physics::Module] Id: 0xdecafbad
[Package Manager] Connected to IPC stream "Upm-210985" after 1.3 seconds.
[Licensing::Module] Licensing is not yet initialized.
[Licensing::IpcConnector] Successfully connected to: "LicenseClient-hans" at "2026-03-31T10:13:01.681782Z"
[SignatureVerifier] Application signature verification not supported on this platform.
[Licensing::Client] Handshaking with LicensingClient:
  Version:                 1.18.1+9fbee8e
  Session Id:              6125c97473d748c6b38eea8fa28613f8
  Correlation Id:          dce05e40976f48ad85b16eaf8e8bb4d4
  External correlation Id: 3586793741429461832
  Machine Id:              l9JneE/oSM2w6bwb29/I//rgSro=
[Licensing::Module] Successfully connected to LicensingClient on channel: "LicenseClient-hans" (connect: 1.94s, validation: 0.47s, handshake: 0.00s)
[Licensing::IpcConnector] Successfully connected to: "LicenseClient-hans-notifications" at "2026-03-31T10:13:02.150347Z"
[Licensing::Module] Connected to LicensingClient (PId: 210996, launch time: 0.00, total connection time: 2.41s)
[Licensing::Module] Error: Access token is unavailable; failed to update
[Licensing::Client] Successfully resolved entitlement details
[Licensing::Module] License group:
  Id: 9072370782505-UnityPersXXXX
  Product: Unity Personal
  Type: Assigned
  Expiration: Unlimited
[Licensing::Client] Successfully updated license, isAsync: True, time: 0.04
[Licensing::Client] Successfully resolved entitlement details
[Licensing::Module] Licensing Background thread has ended after 2.62s
[Licensing::Module] Licensing is initialized (took 0.93s).
[Licensing::Client] Successfully resolved entitlement details
Library Redirect Path: Library/
[Physics::Module] Selected backend.
[Physics::Module] Name: PhysX
[Physics::Module] Id: 0xf2b8ea05
[Physics::Module] SDK Version: 4.1.2
[Physics::Module] Integration Version: 1.0.0
[Physics::Module] Threading Mode: Multi-Threaded
Initialize engine version: 6000.4.0f1 (8cf496087c8f)
[Subsystems] Discovering subsystems at path /data/apps/Unity/Hub/Editor/6000.4.0f1/Editor/Data/Resources/UnitySubsystems
[Subsystems] Discovering subsystems at path /data/tmp/hpr_assetstore_sale/projects/sale_com_hpr_composition/Assets
Forcing GfxDevice: Null
GfxDevice: creating device client; kGfxThreadingModeNonThreaded
NullGfxDevice:
    Version:  NULL 1.0 [1.0]
    Renderer: Null Device
    Vendor:   Unity Technologies
Initialize mono
Mono path[0] = '/data/apps/Unity/Hub/Editor/6000.4.0f1/Editor/Data/Managed'
Mono path[1] = '/data/apps/Unity/Hub/Editor/6000.4.0f1/Editor/Data/MonoBleedingEdge/lib/mono/unityjit-linux'
Mono config path = '/data/apps/Unity/Hub/Editor/6000.4.0f1/Editor/Data/MonoBleedingEdge/etc'
Using monoOptions --debugger-agent=transport=dt_socket,embedding=1,server=y,suspend=n,address=127.0.0.1:56985
CodeReloadManager initialized
Using cacheserver namespaces - metadata:defaultmetadata, artifacts:defaultartifacts
Using cacheserver namespaces - metadata:defaultmetadata, artifacts:defaultartifacts
ImportWorker Server TCP listen port: 0
AcceleratorClientConnectionCallback - disconnected - :0
Begin MonoManager ReloadAssembly
Registering precompiled unity dll's ...
Register platform support module: /data/apps/Unity/Hub/Editor/6000.4.0f1/Editor/Data/PlaybackEngines/LinuxStandaloneSupport/UnityEditor.LinuxStandalone.Extensions.dll
Registered in 0.002279 seconds.
Native extension for LinuxStandalone target not found
Package Manager log level set to [2]
[Licensing::Client] Successfully resolved entitlement details
ScheduleIndexationOnStartup MainProcess:False IndexOnStartup:False
Mono: successfully reloaded assembly
- Finished resetting the current domain, in  2.001 seconds
Domain Reload Profiling: 2975ms
	BeginReloadAssembly (207ms)
		CreateAndSetChildDomain (16ms)
	RebuildCommonClasses (101ms)
	RebuildNativeTypeToScriptingClass (26ms)
	initialDomainReloadingComplete (132ms)
	LoadAllAssembliesAndSetupDomain (505ms)
		LoadAssemblies (191ms)
		AnalyzeDomain (479ms)
			TypeCache.Refresh (477ms)
				TypeCache.ScanAssembly (447ms)
	FinalizeReload (2004ms)
		SetupLoadedEditorAssemblies (0ms)
			InitializePlatformSupportModulesInManaged (127ms)
			BeforeProcessingInitializeOnLoad (272ms)
			ProcessInitializeOnLoadAttributes (280ms)
			ProcessInitializeOnLoadMethodAttributes (1108ms)
[Licensing::Client] Successfully resolved entitlement details
Application.AssetDatabase Initial Refresh Start
[Package Manager] Restoring resolved packages state from cache
[Licensing::Client] Successfully resolved entitlement details
[Package Manager] Registered 38 packages:
  Built-in packages:
    com.unity.multiplayer.center@1.0.1 (location: /data/tmp/hpr_assetstore_sale/projects/sale_com_hpr_composition/Library/PackageCache/com.unity.multiplayer.center@53ad5a5c2bfb)
    com.unity.modules.accessibility@1.0.0 (location: /data/tmp/hpr_assetstore_sale/projects/sale_com_hpr_composition/Library/PackageCache/com.unity.modules.accessibility)
    com.unity.modules.adaptiveperformance@1.0.0 (location: /data/tmp/hpr_assetstore_sale/projects/sale_com_hpr_composition/Library/PackageCache/com.unity.modules.adaptiveperformance)
    com.unity.modules.ai@1.0.0 (location: /data/tmp/hpr_assetstore_sale/projects/sale_com_hpr_composition/Library/PackageCache/com.unity.modules.ai)
    com.unity.modules.androidjni@1.0.0 (location: /data/tmp/hpr_assetstore_sale/projects/sale_com_hpr_composition/Library/PackageCache/com.unity.modules.androidjni)
    com.unity.modules.animation@1.0.0 (location: /data/tmp/hpr_assetstore_sale/projects/sale_com_hpr_composition/Library/PackageCache/com.unity.modules.animation)
    com.unity.modules.assetbundle@1.0.0 (location: /data/tmp/hpr_assetstore_sale/projects/sale_com_hpr_composition/Library/PackageCache/com.unity.modules.assetbundle)
    com.unity.modules.audio@1.0.0 (location: /data/tmp/hpr_assetstore_sale/projects/sale_com_hpr_composition/Library/PackageCache/com.unity.modules.audio)
    com.unity.modules.cloth@1.0.0 (location: /data/tmp/hpr_assetstore_sale/projects/sale_com_hpr_composition/Library/PackageCache/com.unity.modules.cloth)
    com.unity.modules.director@1.0.0 (location: /data/tmp/hpr_assetstore_sale/projects/sale_com_hpr_composition/Library/PackageCache/com.unity.modules.director)
    com.unity.modules.imageconversion@1.0.0 (location: /data/tmp/hpr_assetstore_sale/projects/sale_com_hpr_composition/Library/PackageCache/com.unity.modules.imageconversion)
    com.unity.modules.imgui@1.0.0 (location: /data/tmp/hpr_assetstore_sale/projects/sale_com_hpr_composition/Library/PackageCache/com.unity.modules.imgui)
    com.unity.modules.jsonserialize@1.0.0 (location: /data/tmp/hpr_assetstore_sale/projects/sale_com_hpr_composition/Library/PackageCache/com.unity.modules.jsonserialize)
    com.unity.modules.particlesystem@1.0.0 (location: /data/tmp/hpr_assetstore_sale/projects/sale_com_hpr_composition/Library/PackageCache/com.unity.modules.particlesystem)
    com.unity.modules.physics@1.0.0 (location: /data/tmp/hpr_assetstore_sale/projects/sale_com_hpr_composition/Library/PackageCache/com.unity.modules.physics)
    com.unity.modules.physics2d@1.0.0 (location: /data/tmp/hpr_assetstore_sale/projects/sale_com_hpr_composition/Library/PackageCache/com.unity.modules.physics2d)
    com.unity.modules.screencapture@1.0.0 (location: /data/tmp/hpr_assetstore_sale/projects/sale_com_hpr_composition/Library/PackageCache/com.unity.modules.screencapture)
    com.unity.modules.terrain@1.0.0 (location: /data/tmp/hpr_assetstore_sale/projects/sale_com_hpr_composition/Library/PackageCache/com.unity.modules.terrain)
    com.unity.modules.terrainphysics@1.0.0 (location: /data/tmp/hpr_assetstore_sale/projects/sale_com_hpr_composition/Library/PackageCache/com.unity.modules.terrainphysics)
    com.unity.modules.tilemap@1.0.0 (location: /data/tmp/hpr_assetstore_sale/projects/sale_com_hpr_composition/Library/PackageCache/com.unity.modules.tilemap)
    com.unity.modules.ui@1.0.0 (location: /data/tmp/hpr_assetstore_sale/projects/sale_com_hpr_composition/Library/PackageCache/com.unity.modules.ui)
    com.unity.modules.uielements@1.0.0 (location: /data/tmp/hpr_assetstore_sale/projects/sale_com_hpr_composition/Library/PackageCache/com.unity.modules.uielements)
    com.unity.modules.umbra@1.0.0 (location: /data/tmp/hpr_assetstore_sale/projects/sale_com_hpr_composition/Library/PackageCache/com.unity.modules.umbra)
    com.unity.modules.unityanalytics@1.0.0 (location: /data/tmp/hpr_assetstore_sale/projects/sale_com_hpr_composition/Library/PackageCache/com.unity.modules.unityanalytics)
    com.unity.modules.unitywebrequest@1.0.0 (location: /data/tmp/hpr_assetstore_sale/projects/sale_com_hpr_composition/Library/PackageCache/com.unity.modules.unitywebrequest)
    com.unity.modules.unitywebrequestassetbundle@1.0.0 (location: /data/tmp/hpr_assetstore_sale/projects/sale_com_hpr_composition/Library/PackageCache/com.unity.modules.unitywebrequestassetbundle)
    com.unity.modules.unitywebrequestaudio@1.0.0 (location: /data/tmp/hpr_assetstore_sale/projects/sale_com_hpr_composition/Library/PackageCache/com.unity.modules.unitywebrequestaudio)
    com.unity.modules.unitywebrequesttexture@1.0.0 (location: /data/tmp/hpr_assetstore_sale/projects/sale_com_hpr_composition/Library/PackageCache/com.unity.modules.unitywebrequesttexture)
    com.unity.modules.unitywebrequestwww@1.0.0 (location: /data/tmp/hpr_assetstore_sale/projects/sale_com_hpr_composition/Library/PackageCache/com.unity.modules.unitywebrequestwww)
    com.unity.modules.vectorgraphics@1.0.0 (location: /data/tmp/hpr_assetstore_sale/projects/sale_com_hpr_composition/Library/PackageCache/com.unity.modules.vectorgraphics)
    com.unity.modules.vehicles@1.0.0 (location: /data/tmp/hpr_assetstore_sale/projects/sale_com_hpr_composition/Library/PackageCache/com.unity.modules.vehicles)
    com.unity.modules.video@1.0.0 (location: /data/tmp/hpr_assetstore_sale/projects/sale_com_hpr_composition/Library/PackageCache/com.unity.modules.video)
    com.unity.modules.vr@1.0.0 (location: /data/tmp/hpr_assetstore_sale/projects/sale_com_hpr_composition/Library/PackageCache/com.unity.modules.vr)
    com.unity.modules.wind@1.0.0 (location: /data/tmp/hpr_assetstore_sale/projects/sale_com_hpr_composition/Library/PackageCache/com.unity.modules.wind)
    com.unity.modules.xr@1.0.0 (location: /data/tmp/hpr_assetstore_sale/projects/sale_com_hpr_composition/Library/PackageCache/com.unity.modules.xr)
    com.unity.ugui@2.0.0 (location: /data/tmp/hpr_assetstore_sale/projects/sale_com_hpr_composition/Library/PackageCache/com.unity.ugui@288051c775ab)
    com.unity.modules.subsystems@1.0.0 (location: /data/tmp/hpr_assetstore_sale/projects/sale_com_hpr_composition/Library/PackageCache/com.unity.modules.subsystems)
    com.unity.modules.hierarchycore@1.0.0 (location: /data/tmp/hpr_assetstore_sale/projects/sale_com_hpr_composition/Library/PackageCache/com.unity.modules.hierarchycore)
[Subsystems] No new subsystems found in resolved package list.
[Package Manager] Done registering packages in 0.01 seconds
info: Microsoft.Hosting.Lifetime[14]
      Now listening on: http://unix:/tmp/ilpp.sock-bf7ec27b4dce4e10bfcfa7924ca0daa0
info: Microsoft.Hosting.Lifetime[0]
      Application started. Press Ctrl+C to shut down.
info: Microsoft.Hosting.Lifetime[0]
      Hosting environment: Production
info: Microsoft.Hosting.Lifetime[0]
      Content root path: /data/tmp/hpr_assetstore_sale/projects/sale_com_hpr_composition
info: Microsoft.AspNetCore.Hosting.Diagnostics[1]
      Request starting HTTP/2 POST http://ilpp/UnityILPP.PostProcessing/Ping - application/grpc -
info: Microsoft.AspNetCore.Routing.EndpointMiddleware[0]
      Executing endpoint 'gRPC - /UnityILPP.PostProcessing/Ping'
info: Microsoft.AspNetCore.Routing.EndpointMiddleware[1]
      Executed endpoint 'gRPC - /UnityILPP.PostProcessing/Ping'
info: Microsoft.AspNetCore.Hosting.Diagnostics[2]
      Request finished HTTP/2 POST http://ilpp/UnityILPP.PostProcessing/Ping - 200 - application/grpc 87.8779ms
Starting: /data/apps/Unity/Hub/Editor/6000.4.0f1/Editor/Data/Tools/BuildPipeline/bee_backend --ipc --defer-dag-verification --dagfile="Library/Bee/2400b0aE.dag" --continue-on-failure --profile="Library/Bee/backend1.traceevents" ScriptAssemblies
WorkingDir: /data/tmp/hpr_assetstore_sale/projects/sale_com_hpr_composition
DisplayProgressbar: Compiling Scripts
ExitCode: 0 Duration: 0s213ms
*** Tundra build success (0.15 seconds), 0 items updated, 246 evaluated
AssetDatabase: script compilation time: 1.138287s
Begin MonoManager ReloadAssembly
Assembly Assembly-CSharp-Editor-firstpass.dll at Library/ScriptAssemblies/Assembly-CSharp-Editor-firstpass.dll not valid. Loading of assembly skipped.
Assembly Assembly-CSharp-firstpass.dll at Library/ScriptAssemblies/Assembly-CSharp-firstpass.dll not valid. Loading of assembly skipped.
Assembly Assembly-CSharp.dll at Library/ScriptAssemblies/Assembly-CSharp.dll not valid. Loading of assembly skipped.
Assembly Unity.Multiplayer.Center.Editor.Tests.dll at Library/ScriptAssemblies/Unity.Multiplayer.Center.Editor.Tests.dll not valid. Loading of assembly skipped.
Assembly Unity.Multiplayer.Center.Tests.dll at Library/ScriptAssemblies/Unity.Multiplayer.Center.Tests.dll not valid. Loading of assembly skipped.
Assembly Unity.TextMeshPro.Editor.Tests.dll at Library/ScriptAssemblies/Unity.TextMeshPro.Editor.Tests.dll not valid. Loading of assembly skipped.
Assembly Unity.TextMeshPro.Tests.dll at Library/ScriptAssemblies/Unity.TextMeshPro.Tests.dll not valid. Loading of assembly skipped.
Assembly UnityEditor.UI.Common.Tests.dll at Library/ScriptAssemblies/UnityEditor.UI.Common.Tests.dll not valid. Loading of assembly skipped.
Assembly UnityEditor.UI.EditorTests.dll at Library/ScriptAssemblies/UnityEditor.UI.EditorTests.dll not valid. Loading of assembly skipped.
Assembly UnityEngine.UI.Tests.dll at Library/ScriptAssemblies/UnityEngine.UI.Tests.dll not valid. Loading of assembly skipped.
Native extension for LinuxStandalone target not found
ScheduleIndexationOnStartup MainProcess:True IndexOnStartup:True
Mono: successfully reloaded assembly
- Finished resetting the current domain, in  1.176 seconds
Domain Reload Profiling: 1941ms
	BeginReloadAssembly (494ms)
		DisableScriptedObjects (39ms)
		CreateAndSetChildDomain (217ms)
	RebuildCommonClasses (95ms)
	RebuildNativeTypeToScriptingClass (29ms)
	initialDomainReloadingComplete (65ms)
	LoadAllAssembliesAndSetupDomain (79ms)
		LoadAssemblies (139ms)
		AnalyzeDomain (54ms)
			TypeCache.Refresh (28ms)
				TypeCache.ScanAssembly (17ms)
			BuildScriptInfoCaches (14ms)
			ResolveRequiredComponents (8ms)
	FinalizeReload (1179ms)
		SetupLoadedEditorAssemblies (0ms)
			InitializePlatformSupportModulesInManaged (64ms)
			BeforeProcessingInitializeOnLoad (327ms)
			ProcessInitializeOnLoadAttributes (232ms)
			ProcessInitializeOnLoadMethodAttributes (128ms)
			AfterProcessingInitializeOnLoad (9ms)
		AwakeInstancesAfterBackupRestoration (15ms)
(Values over 0.050ms)
Asset Pipeline Refresh (id=2476ab9f3392b438897d3dc7b2b5fba8): Total: 3.672 seconds - Initiated by InitialRefreshV2(ForceSynchronousImport)
	Summary:
		Imports: total=0 (actual=0, local cache=0, cache server=0)
		Asset DB Process Time: managed=0 ms, native=1678 ms
		Asset DB Callback time: managed=50 ms, native=16 ms
		Scripting: domain reloads=1, domain reload time=763 ms, compile time=1142 ms, other=15 ms
		Project Asset Count: scripts=206, non-scripts=130
		Asset File Changes: new=0, changed=0, moved=0, deleted=0
		Scan Filter Count: 1
	InvokePackagesCallback: 17.161ms
	ApplyChangesToAssetFolders: 0.523ms
	Scan: 321.505ms
	CategorizeScriptCompilationAssets: 2.705ms
	ProcessAssetsWithTransientArtifactChanges: 17.379ms
	CategorizeAssets: 3.657ms
	CompileScripts: 1142.064ms
	ImportOutOfDateAssets: 1181.374ms (1180.626ms without children)
		UnloadImportedAssets: 0.428ms
		EnsureUptoDateAssetsAreRegisteredWithGuidPM: 0.105ms
		OnDemandSchedulerStart: 0.214ms
	PostProcessAllAssets: 50.815ms
		MonoPostProcessAllAssets: 50.717ms
			WindowAssetPostprocessingWatcher.OnPostprocessAllAssets 17.589ms
			SyncVS.PostprocessSyncProject 9.153ms
			SpeedTree9Postprocessor.OnPostprocessAllAssets 2.134ms
			ReferencedClipsPostProcessor.OnPostprocessAllAssets 0.930ms
			TerrainToolbarOverlayPostProcessor.OnPostprocessAllAssets 0.531ms
			AssetDatabaseCallbacks.OnPostprocessAllAssets 0.366ms
			RenderPipelineGlobalSettingsPostprocessor.OnPostprocessAllAssets 0.186ms
	UnloadStreamsBegin: 5.655ms
	GenerateScriptTypeHashes: 0.475ms
	GenerateScriptTypeSerializationHashes: 1.148ms
	Untracked: 926.768ms

Application.AssetDatabase Initial Refresh End
Scanning for USB devices : 5.395ms
Initializing Unity extensions:
UpdateMenuTitleForLanguage: 10
[MODES] ModeService[none].Initialize
[MODES] ModeService[none].LoadModes
[MODES] Loading mode Default (0) for mode-current-id-sale_com_hpr_composition
Unloading 4 Unused Serialized files (Serialized files now loaded: 0)
Unloading 444 unused Assets / (1.1 MB). Loaded Objects now: 1042.
Memory consumption went from 89.2 MB to 88.1 MB.
Total: 22.023463 ms (FindLiveObjects: 0.207434 ms CreateObjectMapping: 0.086698 ms MarkObjects: 20.022783 ms  DeleteObjects: 1.704478 ms)

Asset Pipeline Refresh (id=e613b03427da0db98926584b8a317f0f): Total: 0.092 seconds - Initiated by RefreshV2(NoUpdateAssetOptions)
Starting new worker id: 0 with log in /data/tmp/hpr_assetstore_sale/projects/sale_com_hpr_composition/Logs/AssetImportWorker0.log
Starting new worker id: 1 with log in /data/tmp/hpr_assetstore_sale/projects/sale_com_hpr_composition/Logs/AssetImportWorker1.log
Worker ready: AssetImportWorker0 0
Worker ready: AssetImportWorker1 1
[Worker0] Start importing Assets/com.hpr.composition/CHANGELOG.md using Guid(60199218568602868bc7f5d27cc34580) Importer(815301076,1909f56bfc062723c751e8b465ee728b) 
[Worker0] (PreviewImporter)
[Worker0]  -> (Import Result ID: '3fb8aefca98c2cb64ee6dc46810ffcc1') in 0.070803155 seconds [static and dynamic dependencies]. Details - ImportResultOutputID=138386f5a9e314b4835cf4ff0f3c5bcc DependenciesID=07fbe9c2fcf3593a8cde9a9d89036376 StaticDependenciesID=e8b4140a303726548a9f451cbc2daada 
[Worker0] Start importing Assets/com.hpr.composition/Demo/CompositionDemo.unity using Guid(bb45394ed5490e1479bcb18fcc01b8cf) Importer(815301076,1909f56bfc062723c751e8b465ee728b) 
[Worker0] (PreviewImporter)
[Worker0]  -> (Import Result ID: '4b9ecb2a791b9afe011fb03ff37299f9') in 0.000572942 seconds [static and dynamic dependencies]. Details - ImportResultOutputID=6b715ce7445cf6c01688a27f511d9dea DependenciesID=a91350c8f43e1bea3bd827fd05141391 StaticDependenciesID=36f75b9133be7fc8f143627e4bedc983 
[Worker0] Start importing Assets/com.hpr.composition/Runtime using Guid(67a830fcd2c6a2ed0a65b459f70f0ed9) Importer(815301076,1909f56bfc062723c751e8b465ee728b) 
[Worker0] (PreviewImporter)
[Worker0]  -> (Import Result ID: 'c909920db40754f3b53bb7061122e623') in 0.000636279 seconds [static and dynamic dependencies]. Details - ImportResultOutputID=83cfa5c99b417e3d9108f746242f85f3 DependenciesID=81cd8339a8feeb473bb351eb1ba4a679 StaticDependenciesID=cbd20d62b597b3db3eca78c6f6d6715c 
[Worker0] Start importing Assets/com.hpr.composition/Editor using Guid(670fb7940ee64c05b75c86ddd79909b5) Importer(815301076,1909f56bfc062723c751e8b465ee728b) 
[Worker0] (PreviewImporter)
[Worker0]  -> (Import Result ID: 'b3f22168fa4be85bc2dbe0b412d99c66') in 0.000721715 seconds [static and dynamic dependencies]. Details - ImportResultOutputID=b24bb21a8157dbb6dd2b08b3c6431e1d DependenciesID=699e57169b428eb6cc983595b55bc20e StaticDependenciesID=651ee450cf67ab5b8d962956cd7e7e4a 
[Worker0] Start importing Assets/com.hpr.composition/README.md using Guid(cc0bad2dc772308038310bbc16f1858c) Importer(815301076,1909f56bfc062723c751e8b465ee728b) 
[Worker0] (PreviewImporter)
[Worker0]  -> (Import Result ID: 'fd51a36ac0525d7198bbad3603f5f688') in 0.001178625 seconds [static and dynamic dependencies]. Details - ImportResultOutputID=55a105b3f50fe3c97b3ceb898b9ad867 DependenciesID=42be23ef97c98f851e7720c9e3577c12 StaticDependenciesID=ff15588812aa27928ec3fdfd370249ee 
[Worker0] Start importing Assets/com.hpr.composition using Guid(4cd25a08e1b72f78a97326efc4cdaf02) Importer(815301076,1909f56bfc062723c751e8b465ee728b) 
[Worker0] (PreviewImporter)
[Worker0]  -> (Import Result ID: '5e9713c1a39188de8c003520e47670ed') in 0.000463378 seconds [static and dynamic dependencies]. Details - ImportResultOutputID=e01593d52fdbd0e86ed0a8aa59d76646 DependenciesID=a2187db414277854c1f5d49fc9d803a9 StaticDependenciesID=3ccb14f703d24051c0306caecb1b905e 
[Worker0] Start importing Assets/com.hpr.composition/Runtime/ServiceRegistry.cs using Guid(4edcb7a080d2efe938990d105ff7dcb5) Importer(815301076,1909f56bfc062723c751e8b465ee728b) 
[Worker0] (PreviewImporter)
[Worker0]  -> (Import Result ID: 'faef8be008c72b5e3a936dec043e2bfe') in 0.000446303 seconds [static and dynamic dependencies]. Details - ImportResultOutputID=172c8dfaf59a97b5c6e5a206845a872a DependenciesID=6ad2903b19d36e74589b1ff36e743c58 StaticDependenciesID=5fca0a72d44bcfc2da4cf8ee2c0ff059 
[Worker0] Start importing Assets/com.hpr.composition/LICENSE.md using Guid(b662d2e1f44c409c9c1b74725a0969f6) Importer(815301076,1909f56bfc062723c751e8b465ee728b) 
[Worker0] (PreviewImporter)
[Worker0]  -> (Import Result ID: 'a397b5d16cc9fcc0ae670c78982675d0') in 0.001138671 seconds [static and dynamic dependencies]. Details - ImportResultOutputID=a88768c86743615be91df7fcb5999af2 DependenciesID=875810473a1642ffd9ef34f42c8b8bf0 StaticDependenciesID=f1daeef600200151591ede62e9af9de4 
[Worker0] Start importing Assets/com.hpr.composition/Demo/HPR.Composition.Demo.asmdef using Guid(6da7986d6d01417a88c86e026eecba22) Importer(815301076,1909f56bfc062723c751e8b465ee728b) 
[Worker0] (PreviewImporter)
[Worker0]  -> (Import Result ID: '16d85a904052ad88c448b7b930027d67') in 0.000614799 seconds [static and dynamic dependencies]. Details - ImportResultOutputID=50507b59628a8b71f7517c94f04b41b0 DependenciesID=ea8d832b12a5b3daa9529a77e2829e1d StaticDependenciesID=caeb8668d0b6c2d4af0c2d500d8bf5af 
[Worker0] Start importing Assets/com.hpr.composition/Runtime/CompositionContracts.cs using Guid(f89836e4a6fc5a3c8af749c0d051d669) Importer(815301076,1909f56bfc062723c751e8b465ee728b) 
[Worker0] (PreviewImporter)
[Worker0]  -> (Import Result ID: '2b2a68e5d26e9cd341bde211e69683a4') in 0.000556576 seconds [static and dynamic dependencies]. Details - ImportResultOutputID=9a2c6dac952d4fdeb80a33e82c5c9d81 DependenciesID=a35ae8f3c8ef43690b800b52fef05c76 StaticDependenciesID=990799658b4381be4bff5f295d88a6ae 
[Worker0] Start importing Assets/com.hpr.composition/Editor/CompositionDemoSceneBuilder.cs using Guid(28e8e78c6cf64268a47a949e8892975a) Importer(815301076,1909f56bfc062723c751e8b465ee728b) 
[Worker0] (PreviewImporter)
[Worker0]  -> (Import Result ID: '9009725427fb56f01bbbbf80538a85ca') in 0.000600866 seconds [static and dynamic dependencies]. Details - ImportResultOutputID=2ff9984e003ae28a9263f2a768c5265d DependenciesID=b1c27d832cb0480d05bce61fd44cee80 StaticDependenciesID=d98f50a4a9ec8bca506f5740533197ac 
[Worker0] Start importing Assets/com.hpr.composition/Editor/HPR.Composition.Editor.asmdef using Guid(cade77e5df7744aba0ddb97606e7fb45) Importer(815301076,1909f56bfc062723c751e8b465ee728b) 
[Worker0] (PreviewImporter)
[Worker0]  -> (Import Result ID: '49154bb81090ec7b9fe94cec6292f808') in 0.000615113 seconds [static and dynamic dependencies]. Details - ImportResultOutputID=06f8ba5df739ed1af060f8a8ee29012e DependenciesID=8be2b6059e7af0c9d3f4acf2d04c9e3d StaticDependenciesID=8c85ca817879d56db705c0a30458d37e 
[Worker0] Start importing Assets/com.hpr.composition/Editor/CompositionEditorMarker.cs using Guid(0e582e7b33b64155ac9c3dc4423dab71) Importer(815301076,1909f56bfc062723c751e8b465ee728b) 
[Worker0] (PreviewImporter)
[Worker0]  -> (Import Result ID: '436f41ea1c1a9b594ef6884474b233db') in 0.000587058 seconds [static and dynamic dependencies]. Details - ImportResultOutputID=09844c5dae78556cd1a9c40730514e2f DependenciesID=14324128bca0220e4c0aafc375abe072 StaticDependenciesID=31de2c55a8f19307bd52bc08a4f25197 
[Worker0] Start importing Assets/com.hpr.composition/Demo/README.md using Guid(0f2e06af9e124167b57d39b3d13934ab) Importer(815301076,1909f56bfc062723c751e8b465ee728b) 
[Worker0] (PreviewImporter)
[Worker0]  -> (Import Result ID: '19c6459e25273e59bb6c560b49eed0c4') in 0.001525251 seconds [static and dynamic dependencies]. Details - ImportResultOutputID=109159e9d87019a62d87aa284b20d65e DependenciesID=4e8eb07bb61aff64a472d6bbad5e439b StaticDependenciesID=011a0edeb371aaba006d3e4bf505eeae 
[Worker0] Start importing Assets/com.hpr.composition/Demo using Guid(ab22b952be2b4f4b9cf44a1db8059d72) Importer(815301076,1909f56bfc062723c751e8b465ee728b) 
[Worker0] (PreviewImporter)
[Worker0]  -> (Import Result ID: '2ac13fed20566471b69a279a84c916a2') in 0.000674409 seconds [static and dynamic dependencies]. Details - ImportResultOutputID=159a1c1048b82be6dca3e2ff8bb0585f DependenciesID=a0394eb382247ebc7e47beba85e34730 StaticDependenciesID=e28a2a073c7fc698ef1860d2ec5a2bc6 
[Worker0] Start importing Assets/com.hpr.composition/Demo/CompositionDemoController.cs using Guid(52d16209aa3340138048ea298072e64e) Importer(815301076,1909f56bfc062723c751e8b465ee728b) 
[Worker0] (PreviewImporter)
[Worker0]  -> (Import Result ID: 'f60e01a2f8b30d43e14b3124241e6d4a') in 0.00058731 seconds [static and dynamic dependencies]. Details - ImportResultOutputID=1420ac5efb7f2fee9691f78604b47b4c DependenciesID=feded8f6eaae4d75f32063b87e641bf1 StaticDependenciesID=adfa04abc7a1610525de7cc2e177a993 
[Worker0] Start importing Assets/com.hpr.composition/package.json using Guid(5d8c6221566a03f5ab59bdf1aaeae96f) Importer(815301076,1909f56bfc062723c751e8b465ee728b) 
[Worker0] (PreviewImporter)
[Worker0]  -> (Import Result ID: '3d472c8df6d790ec59bdb70a1c22ca21') in 0.001747033 seconds [static and dynamic dependencies]. Details - ImportResultOutputID=8832f7118abca5fb6810dbab7e840c24 DependenciesID=023a957166ebfd323133d77903f2a289 StaticDependenciesID=f5553fba73652ad0e7082a02337ca93f 
[Worker0] Start importing Assets/com.hpr.composition/ThirdPartyNotices.md using Guid(8da4b6a8f1b14614979e839d2dbc442b) Importer(815301076,1909f56bfc062723c751e8b465ee728b) 
[Worker0] (PreviewImporter)
[Worker0]  -> (Import Result ID: '95aff4b4ca81be08dab6c90dee74ac95') in 0.001496233 seconds [static and dynamic dependencies]. Details - ImportResultOutputID=419a8237e03935a8d8deb0e84b93b1b6 DependenciesID=d26af7c54f7aa46473c0ce61adeb6180 StaticDependenciesID=6c363057a0795be7eee8815884e30ac1 
[Worker0] Start importing Assets/com.hpr.composition/Editor/CompositionPackageValidator.cs using Guid(29bfa8cb22314a0085729d19b8dc1b1b) Importer(815301076,1909f56bfc062723c751e8b465ee728b) 
[Worker0] (PreviewImporter)
[Worker0]  -> (Import Result ID: '0db4d2eb396382c806bd76f5f7491d11') in 0.000638841 seconds [static and dynamic dependencies]. Details - ImportResultOutputID=961ae26c99c8096f8155c66937830ac8 DependenciesID=db55355551ce557118aef7ac1633d7b8 StaticDependenciesID=54ee26d7ef8772c1edc61e7fdedd9357 
[Worker0] Start importing Assets/com.hpr.composition/Runtime/CompositionRoot.cs using Guid(eb9d014c9c083292ab1d7e686997cd87) Importer(815301076,1909f56bfc062723c751e8b465ee728b) 
[Worker0] (PreviewImporter)
[Worker0]  -> (Import Result ID: '6893c2a83b1cfc38d827f0a593c4a79e') in 0.000590692 seconds [static and dynamic dependencies]. Details - ImportResultOutputID=70e341555dc2f2fc5f0e66223a7b27e3 DependenciesID=1768fe3890ffe6b0c27851f717d12fa2 StaticDependenciesID=b270a624c72f2a83e7224390a16249d9 
[Worker0] Start importing Assets/com.hpr.composition/Runtime/HPR.Composition.Runtime.asmdef using Guid(a12834a3358635f02860587bd29ce0c2) Importer(815301076,1909f56bfc062723c751e8b465ee728b) 
[Worker0] (PreviewImporter)
[Worker0]  -> (Import Result ID: 'b93fdb80148a4496babfa329f55f7da9') in 0.000616521 seconds [static and dynamic dependencies]. Details - ImportResultOutputID=a0f45b1fcffa37f8826a52d18f418e63 DependenciesID=9d27b726e12c18618ade828e238eca66 StaticDependenciesID=66eefff305c971406662cfbab84a3b33 
Exported package: /data/tmp/hpr_assetstore_sale/artifacts/com.hpr.composition/com.hpr.composition.unitypackage
Export size: 9378 bytes
Request timed out while processing request "https://public-cdn.cloud.unity3d.com/config/production", HTTP error code 0
.[UnityConnect] Request timed out.
[Physics::Module] Cleanup current backend.
[Physics::Module] Id: 0xf2b8ea05
Input System module state changed to: ShutdownInProgress.
Input Polling Thread exited.
Input System module state changed to: Shutdown.
[Licensing::IpcConnector] LicenseClient-hans-notifications channel disconnected successfully.
[Licensing::IpcConnector] LicenseClient-hans channel disconnected successfully.
AcceleratorClientConnectionCallback - disconnected - :0
info: Microsoft.Hosting.Lifetime[0]
      Application is shutting down...
Cleanup mono
CodeReloadManager destroyed
debugger-agent: Unable to listen on 43
Checking for leaked weakptr:
  Found no leaked weakptrs.
[Package Manager] Server process was shutdown
##utp:{"type":"MemoryLeaks","version":2,"phase":"Immediate","time":1774952006489,"processId":210985,"allocatedMemory":7738212,"memoryLabels":[{"Default":161706},{"Permanent":16000},{"Thread":1084656},{"Manager":24353},{"VertexData":8},{"Geometry":408},{"Texture":24},{"Shader":842640},{"Material":24},{"GfxDevice":36088},{"Animation":456},{"Audio":3008},{"FreeType":8},{"FontEngine":736},{"Physics":2090},{"Physics2D":16},{"Serialization":536},{"Input":27232},{"JobScheduler":33024},{"TextLib":216},{"Mono":32},{"ScriptingNativeRuntime":155088},{"BaseObject":1622976},{"Resource":1008},{"Renderer":3000},{"Transform":4717},{"File":828},{"WebCam":80},{"Culling":32},{"Terrain":11298},{"Wind":24},{"String":12852},{"StaticString":7050},{"Utility":2672848},{"Curl":1664},{"PoolAlloc":1864},{"AI":80},{"TypeTree":5341},{"ScriptManager":448},{"RuntimeInitializeOnLoadManager":64},{"SpriteAtlas":120},{"GI":7384},{"Director":8288},{"CloudService":7936},{"WebRequest":845},{"VR":47810},{"SceneManager":536},{"Video":64},{"LazyScriptCache":32},{"Camera":17},{"Secure":12185},{"SerializationCache":1576},{"APIUpdating":10320},{"Subsystems":336},{"VirtualTexturing":57552},{"StaticSafetyDebugInfo":278528},{"Analytics":464},{"Hierarchy":1416},{"CoreStats":13032},{"Identifiers":12960},{"Gui":160},{"EditorUtility":62768},{"VersionControl":4},{"Undo":963},{"AssetDatabase":424680},{"EditorGi":328},{"UnityConnect":37724},{"Upm":1752},{"AssetCompliance":64},{"DrivenProperties":72},{"LocalIPC":147},{"ProfilerEditor":9746},{"CoreBusinessMetrics":2344},{"Windowing":480},{"Licensing":1096},{"AssetReference":32},{"IPCStream":32}]}
