Unity Editor version:    6000.4.0f1 (8cf496087c8f)
Branch:                  6000.4/staging
Build type:              Release
Batch mode:              YES
System name:             Linux
Distro version:          #202511241048~1764607909~24.04~df6b2b6 SMP PREEMPT_DYNAMIC Mon D
Kernel version:          6.17.9-76061709-generic
Architecture:            x86_64
Available memory:        64131 MB
Date:                    2026-04-01T07:17:02Z
[Licensing::Module] Trying to connect to existing licensing client channel...
Initialize udev device monitor.
[Licensing::IpcConnector] Channel LicenseClient-hans doesn't exist
[Licensing::Module] Successfully launched the LicensingClient (PId: 456075)

COMMAND LINE ARGUMENTS:
/data/apps/Unity/Hub/Editor/6000.4.0f1/Editor/Unity
-batchmode
-nographics
-quit
-projectPath
/data/tmp/hpr_assetstore_sale/projects/sale_com_hpr_world
-logFile
/data/src/github/games/doc/logs/package_sale_prep/20260401_090335_com_hpr_world_refresh.log
Successfully changed project path to: /data/tmp/hpr_assetstore_sale/projects/sale_com_hpr_world
/data/tmp/hpr_assetstore_sale/projects/sale_com_hpr_world
[UnityMemory] Configuration Parameters - Can be set up in boot.config
    "memorysetup-temp-allocator-size-gi-baking-worker=262144"
    "memorysetup-temp-allocator-size-gi-baking-worker=262144"
    "memorysetup-temp-allocator-size-gi-baking-worker=262144"
    "memorysetup-temp-allocator-size-gi-baking-worker=262144"
    "memorysetup-temp-allocator-size-gi-baking-worker=262144"
    "memorysetup-temp-allocator-size-nav-mesh-worker=65536"
    "memorysetup-temp-allocator-size-audio-worker=65536"
    "memorysetup-temp-allocator-size-cloud-worker=32768"
    "memorysetup-allocator-temp-initial-block-size-main=262144"
    "memorysetup-allocator-temp-initial-block-size-worker=262144"
    "memorysetup-temp-allocator-size-background-worker=32768"
    "memorysetup-temp-allocator-size-job-worker=262144"
    "memorysetup-temp-allocator-size-preload-manager=33554432"
    "memorysetup-temp-allocator-size-gfx=262144"
    "memorysetup-bucket-allocator-granularity=16"
    "memorysetup-bucket-allocator-bucket-count=8"
    "memorysetup-bucket-allocator-block-size=33554432"
    "memorysetup-bucket-allocator-block-count=8"
    "memorysetup-main-allocator-block-size=16777216"
    "memorysetup-thread-allocator-block-size=16777216"
    "memorysetup-gfx-main-allocator-block-size=16777216"
    "memorysetup-gfx-thread-allocator-block-size=16777216"
    "memorysetup-cache-allocator-block-size=4194304"
    "memorysetup-typetree-allocator-block-size=2097152"
    "memorysetup-profiler-bucket-allocator-granularity=16"
    "memorysetup-profiler-bucket-allocator-bucket-count=8"
    "memorysetup-profiler-bucket-allocator-block-size=33554432"
    "memorysetup-profiler-bucket-allocator-block-count=8"
    "memorysetup-profiler-allocator-block-size=16777216"
    "memorysetup-profiler-editor-allocator-block-size=1048576"
    "memorysetup-temp-allocator-size-main=16777216"
    "memorysetup-job-temp-allocator-block-size=2097152"
    "memorysetup-job-temp-allocator-block-size-background=1048576"
    "memorysetup-job-temp-allocator-reduction-small-platforms=262144"
Player connection [124895963523904]  Target information:

Player connection [124895963523904]  * "[IP] 192.168.0.132 [Port] 55504 [Flags] 2 [Guid] 2247820343 [EditorId] 2247820343 [Version] 1048832 [Id] LinuxEditor(16,192.168.0.132) [Debug] 1 [PackageName] LinuxEditor [ProjectName] Editor" 

Player connection [124895963523904]  * "[IP] 172.17.0.1 [Port] 55504 [Flags] 2 [Guid] 2247820343 [EditorId] 2247820343 [Version] 1048832 [Id] LinuxEditor(16,192.168.0.132) [Debug] 1 [PackageName] LinuxEditor [ProjectName] Editor" 

Player connection [124895963523904]  * "[IP] 10.8.0.2 [Port] 55504 [Flags] 2 [Guid] 2247820343 [EditorId] 2247820343 [Version] 1048832 [Id] LinuxEditor(16,192.168.0.132) [Debug] 1 [PackageName] LinuxEditor [ProjectName] Editor" 

Player connection [124895963523904] Host joined multi-casting on [225.0.0.222:54997]...
Player connection [124895963523904] Host joined alternative multi-casting on [225.0.0.222:34997]...
Input System module state changed to: Initialized.
[Physics::Module] Initialized fallback backend.
[Physics::Module] Id: 0xdecafbad
[Package Manager] Connected to IPC stream "Upm-456064" after 0.3 seconds.
[Licensing::Module] Licensing is not yet initialized.
[Licensing::IpcConnector] Successfully connected to: "LicenseClient-hans" at "2026-04-01T07:17:03.513283Z"
[SignatureVerifier] Application signature verification not supported on this platform.
[Licensing::Client] Handshaking with LicensingClient:
  Version:                 1.18.1+9fbee8e
  Session Id:              904030194b084d43aa0cd126741fcb52
  Correlation Id:          e643d46473d8ff9e8225ab8c49d91371
  External correlation Id: 1486196441684096471
  Machine Id:              l9JneE/oSM2w6bwb29/I//rgSro=
[Licensing::Module] Successfully connected to LicensingClient on channel: "LicenseClient-hans" (connect: 0.57s, validation: 0.09s, handshake: 0.00s)
[Licensing::IpcConnector] Successfully connected to: "LicenseClient-hans-notifications" at "2026-04-01T07:17:03.602507Z"
[Licensing::Module] Connected to LicensingClient (PId: 456075, launch time: 0.00, total connection time: 0.66s)
[Licensing::Module] Error: Access token is unavailable; failed to update
[Licensing::Client] Successfully resolved entitlement details
[Licensing::Module] License group:
  Id: 9072370782505-UnityPersXXXX
  Product: Unity Personal
  Type: Assigned
  Expiration: Unlimited
[Licensing::Client] Successfully updated license, isAsync: True, time: 0.02
[Licensing::Client] Successfully resolved entitlement details
[Licensing::Module] Licensing Background thread has ended after 0.70s
[Licensing::Module] Licensing is initialized (took 0.28s).
[Licensing::Client] Successfully resolved entitlement details
Library Redirect Path: Library/
FMOD failed to initialize the output device.: "Error initializing output device. " (60)
Forced to initialize FMOD to to the device driver's system output rate 48000, this may impact performance and/or give inconsistent experiences compared to selected sample rate 48000
FMOD failed to initialize the output device.: "Error initializing output device. " (60)
FMOD initialized on nosound output
[Physics::Module] Selected backend.
[Physics::Module] Name: PhysX
[Physics::Module] Id: 0xf2b8ea05
[Physics::Module] SDK Version: 4.1.2
[Physics::Module] Integration Version: 1.0.0
[Physics::Module] Threading Mode: Multi-Threaded
Initialize engine version: 6000.4.0f1 (8cf496087c8f)
[Subsystems] Discovering subsystems at path /data/apps/Unity/Hub/Editor/6000.4.0f1/Editor/Data/Resources/UnitySubsystems
[Subsystems] Discovering subsystems at path /data/tmp/hpr_assetstore_sale/projects/sale_com_hpr_world/Assets
Forcing GfxDevice: Null
GfxDevice: creating device client; kGfxThreadingModeNonThreaded
NullGfxDevice:
    Version:  NULL 1.0 [1.0]
    Renderer: Null Device
    Vendor:   Unity Technologies
Initialize mono
Mono path[0] = '/data/apps/Unity/Hub/Editor/6000.4.0f1/Editor/Data/Managed'
Mono path[1] = '/data/apps/Unity/Hub/Editor/6000.4.0f1/Editor/Data/MonoBleedingEdge/lib/mono/unityjit-linux'
Mono config path = '/data/apps/Unity/Hub/Editor/6000.4.0f1/Editor/Data/MonoBleedingEdge/etc'
Using monoOptions --debugger-agent=transport=dt_socket,embedding=1,server=y,suspend=n,address=127.0.0.1:56064
CodeReloadManager initialized
Using cacheserver namespaces - metadata:defaultmetadata, artifacts:defaultartifacts
Using cacheserver namespaces - metadata:defaultmetadata, artifacts:defaultartifacts
ImportWorker Server TCP listen port: 0
AcceleratorClientConnectionCallback - disconnected - :0
Begin MonoManager ReloadAssembly
Registering precompiled unity dll's ...
Register platform support module: /data/apps/Unity/Hub/Editor/6000.4.0f1/Editor/Data/PlaybackEngines/LinuxStandaloneSupport/UnityEditor.LinuxStandalone.Extensions.dll
Registered in 0.001741 seconds.
Native extension for LinuxStandalone target not found
Package Manager log level set to [2]
[Licensing::Client] Successfully resolved entitlement details
ScheduleIndexationOnStartup MainProcess:False IndexOnStartup:False
Mono: successfully reloaded assembly
- Finished resetting the current domain, in  1.253 seconds
Domain Reload Profiling: 1893ms
	BeginReloadAssembly (125ms)
		CreateAndSetChildDomain (5ms)
	RebuildCommonClasses (75ms)
	RebuildNativeTypeToScriptingClass (17ms)
	initialDomainReloadingComplete (94ms)
	LoadAllAssembliesAndSetupDomain (326ms)
		LoadAssemblies (119ms)
		AnalyzeDomain (311ms)
			TypeCache.Refresh (309ms)
				TypeCache.ScanAssembly (289ms)
	FinalizeReload (1256ms)
		SetupLoadedEditorAssemblies (0ms)
			InitializePlatformSupportModulesInManaged (61ms)
			BeforeProcessingInitializeOnLoad (154ms)
			ProcessInitializeOnLoadAttributes (183ms)
			ProcessInitializeOnLoadMethodAttributes (751ms)
[Licensing::Client] Successfully resolved entitlement details
Application.AssetDatabase Initial Refresh Start
[Package Manager] Restoring resolved packages state from cache
[Licensing::Client] Successfully resolved entitlement details
[Package Manager] Registered 41 packages:
  Built-in packages:
    com.unity.multiplayer.center@1.0.1 (location: /data/tmp/hpr_assetstore_sale/projects/sale_com_hpr_world/Library/PackageCache/com.unity.multiplayer.center@53ad5a5c2bfb)
    com.unity.modules.accessibility@1.0.0 (location: /data/tmp/hpr_assetstore_sale/projects/sale_com_hpr_world/Library/PackageCache/com.unity.modules.accessibility)
    com.unity.modules.adaptiveperformance@1.0.0 (location: /data/tmp/hpr_assetstore_sale/projects/sale_com_hpr_world/Library/PackageCache/com.unity.modules.adaptiveperformance)
    com.unity.modules.ai@1.0.0 (location: /data/tmp/hpr_assetstore_sale/projects/sale_com_hpr_world/Library/PackageCache/com.unity.modules.ai)
    com.unity.modules.androidjni@1.0.0 (location: /data/tmp/hpr_assetstore_sale/projects/sale_com_hpr_world/Library/PackageCache/com.unity.modules.androidjni)
    com.unity.modules.animation@1.0.0 (location: /data/tmp/hpr_assetstore_sale/projects/sale_com_hpr_world/Library/PackageCache/com.unity.modules.animation)
    com.unity.modules.assetbundle@1.0.0 (location: /data/tmp/hpr_assetstore_sale/projects/sale_com_hpr_world/Library/PackageCache/com.unity.modules.assetbundle)
    com.unity.modules.audio@1.0.0 (location: /data/tmp/hpr_assetstore_sale/projects/sale_com_hpr_world/Library/PackageCache/com.unity.modules.audio)
    com.unity.modules.cloth@1.0.0 (location: /data/tmp/hpr_assetstore_sale/projects/sale_com_hpr_world/Library/PackageCache/com.unity.modules.cloth)
    com.unity.modules.director@1.0.0 (location: /data/tmp/hpr_assetstore_sale/projects/sale_com_hpr_world/Library/PackageCache/com.unity.modules.director)
    com.unity.modules.imageconversion@1.0.0 (location: /data/tmp/hpr_assetstore_sale/projects/sale_com_hpr_world/Library/PackageCache/com.unity.modules.imageconversion)
    com.unity.modules.imgui@1.0.0 (location: /data/tmp/hpr_assetstore_sale/projects/sale_com_hpr_world/Library/PackageCache/com.unity.modules.imgui)
    com.unity.modules.jsonserialize@1.0.0 (location: /data/tmp/hpr_assetstore_sale/projects/sale_com_hpr_world/Library/PackageCache/com.unity.modules.jsonserialize)
    com.unity.modules.particlesystem@1.0.0 (location: /data/tmp/hpr_assetstore_sale/projects/sale_com_hpr_world/Library/PackageCache/com.unity.modules.particlesystem)
    com.unity.modules.physics@1.0.0 (location: /data/tmp/hpr_assetstore_sale/projects/sale_com_hpr_world/Library/PackageCache/com.unity.modules.physics)
    com.unity.modules.physics2d@1.0.0 (location: /data/tmp/hpr_assetstore_sale/projects/sale_com_hpr_world/Library/PackageCache/com.unity.modules.physics2d)
    com.unity.modules.screencapture@1.0.0 (location: /data/tmp/hpr_assetstore_sale/projects/sale_com_hpr_world/Library/PackageCache/com.unity.modules.screencapture)
    com.unity.modules.terrain@1.0.0 (location: /data/tmp/hpr_assetstore_sale/projects/sale_com_hpr_world/Library/PackageCache/com.unity.modules.terrain)
    com.unity.modules.terrainphysics@1.0.0 (location: /data/tmp/hpr_assetstore_sale/projects/sale_com_hpr_world/Library/PackageCache/com.unity.modules.terrainphysics)
    com.unity.modules.tilemap@1.0.0 (location: /data/tmp/hpr_assetstore_sale/projects/sale_com_hpr_world/Library/PackageCache/com.unity.modules.tilemap)
    com.unity.modules.ui@1.0.0 (location: /data/tmp/hpr_assetstore_sale/projects/sale_com_hpr_world/Library/PackageCache/com.unity.modules.ui)
    com.unity.modules.uielements@1.0.0 (location: /data/tmp/hpr_assetstore_sale/projects/sale_com_hpr_world/Library/PackageCache/com.unity.modules.uielements)
    com.unity.modules.umbra@1.0.0 (location: /data/tmp/hpr_assetstore_sale/projects/sale_com_hpr_world/Library/PackageCache/com.unity.modules.umbra)
    com.unity.modules.unityanalytics@1.0.0 (location: /data/tmp/hpr_assetstore_sale/projects/sale_com_hpr_world/Library/PackageCache/com.unity.modules.unityanalytics)
    com.unity.modules.unitywebrequest@1.0.0 (location: /data/tmp/hpr_assetstore_sale/projects/sale_com_hpr_world/Library/PackageCache/com.unity.modules.unitywebrequest)
    com.unity.modules.unitywebrequestassetbundle@1.0.0 (location: /data/tmp/hpr_assetstore_sale/projects/sale_com_hpr_world/Library/PackageCache/com.unity.modules.unitywebrequestassetbundle)
    com.unity.modules.unitywebrequestaudio@1.0.0 (location: /data/tmp/hpr_assetstore_sale/projects/sale_com_hpr_world/Library/PackageCache/com.unity.modules.unitywebrequestaudio)
    com.unity.modules.unitywebrequesttexture@1.0.0 (location: /data/tmp/hpr_assetstore_sale/projects/sale_com_hpr_world/Library/PackageCache/com.unity.modules.unitywebrequesttexture)
    com.unity.modules.unitywebrequestwww@1.0.0 (location: /data/tmp/hpr_assetstore_sale/projects/sale_com_hpr_world/Library/PackageCache/com.unity.modules.unitywebrequestwww)
    com.unity.modules.vectorgraphics@1.0.0 (location: /data/tmp/hpr_assetstore_sale/projects/sale_com_hpr_world/Library/PackageCache/com.unity.modules.vectorgraphics)
    com.unity.modules.vehicles@1.0.0 (location: /data/tmp/hpr_assetstore_sale/projects/sale_com_hpr_world/Library/PackageCache/com.unity.modules.vehicles)
    com.unity.modules.video@1.0.0 (location: /data/tmp/hpr_assetstore_sale/projects/sale_com_hpr_world/Library/PackageCache/com.unity.modules.video)
    com.unity.modules.vr@1.0.0 (location: /data/tmp/hpr_assetstore_sale/projects/sale_com_hpr_world/Library/PackageCache/com.unity.modules.vr)
    com.unity.modules.wind@1.0.0 (location: /data/tmp/hpr_assetstore_sale/projects/sale_com_hpr_world/Library/PackageCache/com.unity.modules.wind)
    com.unity.modules.xr@1.0.0 (location: /data/tmp/hpr_assetstore_sale/projects/sale_com_hpr_world/Library/PackageCache/com.unity.modules.xr)
    com.unity.ugui@2.0.0 (location: /data/tmp/hpr_assetstore_sale/projects/sale_com_hpr_world/Library/PackageCache/com.unity.ugui@288051c775ab)
    com.unity.test-framework@1.6.0 (location: /data/tmp/hpr_assetstore_sale/projects/sale_com_hpr_world/Library/PackageCache/com.unity.test-framework@f63be82e0d2e)
    com.unity.ext.nunit@2.0.5 (location: /data/tmp/hpr_assetstore_sale/projects/sale_com_hpr_world/Library/PackageCache/com.unity.ext.nunit@ec2d0043d6fc)
    com.unity.modules.subsystems@1.0.0 (location: /data/tmp/hpr_assetstore_sale/projects/sale_com_hpr_world/Library/PackageCache/com.unity.modules.subsystems)
    com.unity.modules.hierarchycore@1.0.0 (location: /data/tmp/hpr_assetstore_sale/projects/sale_com_hpr_world/Library/PackageCache/com.unity.modules.hierarchycore)
  Embedded packages:
    com.hpr.world@file:/data/tmp/hpr_assetstore_sale/projects/sale_com_hpr_world/Packages/com.hpr.world (location: /data/tmp/hpr_assetstore_sale/projects/sale_com_hpr_world/Packages/com.hpr.world)
[Subsystems] No new subsystems found in resolved package list.
[Package Manager] Done registering packages in 0.01 seconds
[Package Manager] Done resolving packages in 0.18 seconds
[Licensing::Client] Successfully resolved entitlement details
[Package Manager] Lock file was modified
[Package Manager] Registered 40 packages:
  Built-in packages:
    com.unity.multiplayer.center@1.0.1 (location: /data/tmp/hpr_assetstore_sale/projects/sale_com_hpr_world/Library/PackageCache/com.unity.multiplayer.center@53ad5a5c2bfb)
    com.unity.modules.accessibility@1.0.0 (location: /data/tmp/hpr_assetstore_sale/projects/sale_com_hpr_world/Library/PackageCache/com.unity.modules.accessibility)
    com.unity.modules.adaptiveperformance@1.0.0 (location: /data/tmp/hpr_assetstore_sale/projects/sale_com_hpr_world/Library/PackageCache/com.unity.modules.adaptiveperformance)
    com.unity.modules.ai@1.0.0 (location: /data/tmp/hpr_assetstore_sale/projects/sale_com_hpr_world/Library/PackageCache/com.unity.modules.ai)
    com.unity.modules.androidjni@1.0.0 (location: /data/tmp/hpr_assetstore_sale/projects/sale_com_hpr_world/Library/PackageCache/com.unity.modules.androidjni)
    com.unity.modules.animation@1.0.0 (location: /data/tmp/hpr_assetstore_sale/projects/sale_com_hpr_world/Library/PackageCache/com.unity.modules.animation)
    com.unity.modules.assetbundle@1.0.0 (location: /data/tmp/hpr_assetstore_sale/projects/sale_com_hpr_world/Library/PackageCache/com.unity.modules.assetbundle)
    com.unity.modules.audio@1.0.0 (location: /data/tmp/hpr_assetstore_sale/projects/sale_com_hpr_world/Library/PackageCache/com.unity.modules.audio)
    com.unity.modules.cloth@1.0.0 (location: /data/tmp/hpr_assetstore_sale/projects/sale_com_hpr_world/Library/PackageCache/com.unity.modules.cloth)
    com.unity.modules.director@1.0.0 (location: /data/tmp/hpr_assetstore_sale/projects/sale_com_hpr_world/Library/PackageCache/com.unity.modules.director)
    com.unity.modules.imageconversion@1.0.0 (location: /data/tmp/hpr_assetstore_sale/projects/sale_com_hpr_world/Library/PackageCache/com.unity.modules.imageconversion)
    com.unity.modules.imgui@1.0.0 (location: /data/tmp/hpr_assetstore_sale/projects/sale_com_hpr_world/Library/PackageCache/com.unity.modules.imgui)
    com.unity.modules.jsonserialize@1.0.0 (location: /data/tmp/hpr_assetstore_sale/projects/sale_com_hpr_world/Library/PackageCache/com.unity.modules.jsonserialize)
    com.unity.modules.particlesystem@1.0.0 (location: /data/tmp/hpr_assetstore_sale/projects/sale_com_hpr_world/Library/PackageCache/com.unity.modules.particlesystem)
    com.unity.modules.physics@1.0.0 (location: /data/tmp/hpr_assetstore_sale/projects/sale_com_hpr_world/Library/PackageCache/com.unity.modules.physics)
    com.unity.modules.physics2d@1.0.0 (location: /data/tmp/hpr_assetstore_sale/projects/sale_com_hpr_world/Library/PackageCache/com.unity.modules.physics2d)
    com.unity.modules.screencapture@1.0.0 (location: /data/tmp/hpr_assetstore_sale/projects/sale_com_hpr_world/Library/PackageCache/com.unity.modules.screencapture)
    com.unity.modules.terrain@1.0.0 (location: /data/tmp/hpr_assetstore_sale/projects/sale_com_hpr_world/Library/PackageCache/com.unity.modules.terrain)
    com.unity.modules.terrainphysics@1.0.0 (location: /data/tmp/hpr_assetstore_sale/projects/sale_com_hpr_world/Library/PackageCache/com.unity.modules.terrainphysics)
    com.unity.modules.tilemap@1.0.0 (location: /data/tmp/hpr_assetstore_sale/projects/sale_com_hpr_world/Library/PackageCache/com.unity.modules.tilemap)
    com.unity.modules.ui@1.0.0 (location: /data/tmp/hpr_assetstore_sale/projects/sale_com_hpr_world/Library/PackageCache/com.unity.modules.ui)
    com.unity.modules.uielements@1.0.0 (location: /data/tmp/hpr_assetstore_sale/projects/sale_com_hpr_world/Library/PackageCache/com.unity.modules.uielements)
    com.unity.modules.umbra@1.0.0 (location: /data/tmp/hpr_assetstore_sale/projects/sale_com_hpr_world/Library/PackageCache/com.unity.modules.umbra)
    com.unity.modules.unityanalytics@1.0.0 (location: /data/tmp/hpr_assetstore_sale/projects/sale_com_hpr_world/Library/PackageCache/com.unity.modules.unityanalytics)
    com.unity.modules.unitywebrequest@1.0.0 (location: /data/tmp/hpr_assetstore_sale/projects/sale_com_hpr_world/Library/PackageCache/com.unity.modules.unitywebrequest)
    com.unity.modules.unitywebrequestassetbundle@1.0.0 (location: /data/tmp/hpr_assetstore_sale/projects/sale_com_hpr_world/Library/PackageCache/com.unity.modules.unitywebrequestassetbundle)
    com.unity.modules.unitywebrequestaudio@1.0.0 (location: /data/tmp/hpr_assetstore_sale/projects/sale_com_hpr_world/Library/PackageCache/com.unity.modules.unitywebrequestaudio)
    com.unity.modules.unitywebrequesttexture@1.0.0 (location: /data/tmp/hpr_assetstore_sale/projects/sale_com_hpr_world/Library/PackageCache/com.unity.modules.unitywebrequesttexture)
    com.unity.modules.unitywebrequestwww@1.0.0 (location: /data/tmp/hpr_assetstore_sale/projects/sale_com_hpr_world/Library/PackageCache/com.unity.modules.unitywebrequestwww)
    com.unity.modules.vectorgraphics@1.0.0 (location: /data/tmp/hpr_assetstore_sale/projects/sale_com_hpr_world/Library/PackageCache/com.unity.modules.vectorgraphics)
    com.unity.modules.vehicles@1.0.0 (location: /data/tmp/hpr_assetstore_sale/projects/sale_com_hpr_world/Library/PackageCache/com.unity.modules.vehicles)
    com.unity.modules.video@1.0.0 (location: /data/tmp/hpr_assetstore_sale/projects/sale_com_hpr_world/Library/PackageCache/com.unity.modules.video)
    com.unity.modules.vr@1.0.0 (location: /data/tmp/hpr_assetstore_sale/projects/sale_com_hpr_world/Library/PackageCache/com.unity.modules.vr)
    com.unity.modules.wind@1.0.0 (location: /data/tmp/hpr_assetstore_sale/projects/sale_com_hpr_world/Library/PackageCache/com.unity.modules.wind)
    com.unity.modules.xr@1.0.0 (location: /data/tmp/hpr_assetstore_sale/projects/sale_com_hpr_world/Library/PackageCache/com.unity.modules.xr)
    com.unity.ugui@2.0.0 (location: /data/tmp/hpr_assetstore_sale/projects/sale_com_hpr_world/Library/PackageCache/com.unity.ugui@288051c775ab)
    com.unity.test-framework@1.6.0 (location: /data/tmp/hpr_assetstore_sale/projects/sale_com_hpr_world/Library/PackageCache/com.unity.test-framework@f63be82e0d2e)
    com.unity.ext.nunit@2.0.5 (location: /data/tmp/hpr_assetstore_sale/projects/sale_com_hpr_world/Library/PackageCache/com.unity.ext.nunit@ec2d0043d6fc)
    com.unity.modules.subsystems@1.0.0 (location: /data/tmp/hpr_assetstore_sale/projects/sale_com_hpr_world/Library/PackageCache/com.unity.modules.subsystems)
    com.unity.modules.hierarchycore@1.0.0 (location: /data/tmp/hpr_assetstore_sale/projects/sale_com_hpr_world/Library/PackageCache/com.unity.modules.hierarchycore)
[Subsystems] No new subsystems found in resolved package list.
[Package Manager] Done registering packages in 0.00 seconds
[ScriptCompilation] Requested script compilation because: Assembly Definition File(s) changed
[ScriptCompilation] Requested script compilation because: AssetDatabase observed changes in script compilation related files
info: Microsoft.Hosting.Lifetime[14]
      Now listening on: http://unix:/tmp/ilpp.sock-6528486383fb75e28e6a8cb4381bbd84
info: Microsoft.Hosting.Lifetime[0]
      Application started. Press Ctrl+C to shut down.
info: Microsoft.Hosting.Lifetime[0]
      Hosting environment: Production
info: Microsoft.Hosting.Lifetime[0]
      Content root path: /data/tmp/hpr_assetstore_sale/projects/sale_com_hpr_world
info: Microsoft.AspNetCore.Hosting.Diagnostics[1]
      Request starting HTTP/2 POST http://ilpp/UnityILPP.PostProcessing/Ping - application/grpc -
info: Microsoft.AspNetCore.Routing.EndpointMiddleware[0]
      Executing endpoint 'gRPC - /UnityILPP.PostProcessing/Ping'
info: Microsoft.AspNetCore.Routing.EndpointMiddleware[1]
      Executed endpoint 'gRPC - /UnityILPP.PostProcessing/Ping'
info: Microsoft.AspNetCore.Hosting.Diagnostics[2]
      Request finished HTTP/2 POST http://ilpp/UnityILPP.PostProcessing/Ping - 200 - application/grpc 49.9504ms
Starting: /data/apps/Unity/Hub/Editor/6000.4.0f1/Editor/Data/Tools/BuildPipeline/bee_backend --ipc --defer-dag-verification --dagfile="Library/Bee/2400b0aE.dag" --continue-on-failure --profile="Library/Bee/backend1.traceevents" ScriptAssemblies
WorkingDir: /data/tmp/hpr_assetstore_sale/projects/sale_com_hpr_world
DisplayProgressbar: Compiling Scripts
ExitCode: 4 Duration: 1s508ms
[           0s] Csc Library/Bee/artifacts/2400b0aE.dag/HPR.World.Runtime.dll (+2 others) [CacheMiss e5237d0ba369754edb6204ff8eb451fc00000000000000000000000000000006]
Rebuilding DAG because FileSignature timestamp changed: Library/Bee/2400b0aE-inputdata.json
*** Tundra requires additional run (1.48 seconds), 1 items updated, 256 evaluated
Starting: /data/apps/Unity/Hub/Editor/6000.4.0f1/Editor/Data/netcorerun/netcorerun "/data/apps/Unity/Hub/Editor/6000.4.0f1/Editor/Data/Tools/BuildPipeline/ScriptCompilationBuildProgram.exe" "Library/Bee/2400b0aE.dag.json" "Library/Bee/2400b0aE-inputdata.json" "Library/Bee/buildprogram0.traceevents"
WorkingDir: /data/tmp/hpr_assetstore_sale/projects/sale_com_hpr_world
ExitCode: 0 Duration: 0s691ms
Starting: /data/apps/Unity/Hub/Editor/6000.4.0f1/Editor/Data/Tools/BuildPipeline/bee_backend --ipc --defer-dag-verification --dagfile="Library/Bee/2400b0aE.dag" --continue-on-failure --dagfilejson="Library/Bee/2400b0aE.dag.json" --profile="Library/Bee/backend2.traceevents" ScriptAssemblies
WorkingDir: /data/tmp/hpr_assetstore_sale/projects/sale_com_hpr_world
ExitCode: 0 Duration: 3s15ms
Finished compiling graph: 275 nodes, 2950 flattened edges (2760 ToBuild, 30 ToUse), maximum node priority 139
[187/272    0s] WriteText Library/Bee/artifacts/2400b0aE.dag/HPR.World.Editor.rsp2
[193/272    0s] WriteText Library/Bee/artifacts/2400b0aE.dag/HPR.World.Tests.EditMode.rsp2
[194/272    0s] WriteText Library/Bee/artifacts/2400b0aE.dag/HPR.World.Runtime.rsp2
[195/272    0s] WriteText Library/Bee/artifacts/2400b0aE.dag/HPR.World.Runtime.rsp
[198/272    0s] WriteText Library/Bee/artifacts/2400b0aE.dag/HPR.World.Demo.rsp
[200/272    0s] WriteText Library/Bee/artifacts/2400b0aE.dag/HPR.World.Editor.rsp
[201/272    0s] WriteText Library/Bee/artifacts/2400b0aE.dag/HPR.World.Tests.EditMode.rsp
[202/272    0s] WriteText Library/Bee/artifacts/2400b0aE.dag/Assembly-CSharp-Editor.rsp
[203/272    0s] WriteText Library/Bee/artifacts/2400b0aE.dag/HPR.World.Demo.rsp2
[257/272    1s] Csc Library/Bee/artifacts/2400b0aE.dag/HPR.World.Runtime.dll (+2 others)
[258/272    0s] CopyFiles Library/ScriptAssemblies/HPR.World.Runtime.dll
[259/272    0s] CopyFiles Library/ScriptAssemblies/HPR.World.Runtime.pdb
[260/272    0s] Csc Library/Bee/artifacts/2400b0aE.dag/HPR.World.Tests.EditMode.dll (+2 others)
[261/272    0s] CopyFiles Library/ScriptAssemblies/HPR.World.Tests.EditMode.dll
[262/272    0s] CopyFiles Library/ScriptAssemblies/HPR.World.Tests.EditMode.pdb
[263/272    0s] Csc Library/Bee/artifacts/2400b0aE.dag/HPR.World.Demo.dll (+2 others)
[264/272    0s] CopyFiles Library/ScriptAssemblies/HPR.World.Demo.dll
[265/272    0s] CopyFiles Library/ScriptAssemblies/HPR.World.Demo.pdb
[266/272    0s] Csc Library/Bee/artifacts/2400b0aE.dag/HPR.World.Editor.dll (+2 others)
[267/272    0s] CopyFiles Library/ScriptAssemblies/HPR.World.Editor.pdb
[268/272    0s] CopyFiles Library/ScriptAssemblies/HPR.World.Editor.dll
[269/272    0s] Csc Library/Bee/artifacts/2400b0aE.dag/Assembly-CSharp-Editor.dll (+2 others)
[270/272    0s] CopyFiles Library/ScriptAssemblies/Assembly-CSharp-Editor.dll
[271/272    0s] CopyFiles Library/ScriptAssemblies/Assembly-CSharp-Editor.pdb
*** Tundra build success (2.98 seconds), 24 items updated, 272 evaluated
AssetDatabase: script compilation time: 5.798852s
Begin MonoManager ReloadAssembly
Assembly Assembly-CSharp-Editor-firstpass.dll at Library/ScriptAssemblies/Assembly-CSharp-Editor-firstpass.dll not valid. Loading of assembly skipped.
Assembly Assembly-CSharp-firstpass.dll at Library/ScriptAssemblies/Assembly-CSharp-firstpass.dll not valid. Loading of assembly skipped.
Assembly Assembly-CSharp.dll at Library/ScriptAssemblies/Assembly-CSharp.dll not valid. Loading of assembly skipped.
Assembly TestNewCustomAssembly.dll at Library/ScriptAssemblies/TestNewCustomAssembly.dll not valid. Loading of assembly skipped.
Assembly Unity.Multiplayer.Center.Editor.Tests.dll at Library/ScriptAssemblies/Unity.Multiplayer.Center.Editor.Tests.dll not valid. Loading of assembly skipped.
Assembly Unity.Multiplayer.Center.Tests.dll at Library/ScriptAssemblies/Unity.Multiplayer.Center.Tests.dll not valid. Loading of assembly skipped.
Assembly Unity.TextMeshPro.Editor.Tests.dll at Library/ScriptAssemblies/Unity.TextMeshPro.Editor.Tests.dll not valid. Loading of assembly skipped.
Assembly Unity.TextMeshPro.Tests.dll at Library/ScriptAssemblies/Unity.TextMeshPro.Tests.dll not valid. Loading of assembly skipped.
Assembly UnityEditor.UI.Common.Tests.dll at Library/ScriptAssemblies/UnityEditor.UI.Common.Tests.dll not valid. Loading of assembly skipped.
Assembly UnityEditor.UI.EditorTests.dll at Library/ScriptAssemblies/UnityEditor.UI.EditorTests.dll not valid. Loading of assembly skipped.
Assembly UnityEngine.UI.Tests.dll at Library/ScriptAssemblies/UnityEngine.UI.Tests.dll not valid. Loading of assembly skipped.
Start importing Assets/com.hpr.world using Guid(9bdfeead47fe829778bf5e97fb09e943) (DefaultImporter) -> (Import Result ID: '248182efa93f39bf448a73ec43aae332') in 0.026604592 seconds [static dependencies only]. Details - ImportResultOutputID=cffeb6e31039e851cc504f8cf02640e8 DependenciesID=e14acbb305174c9e34f4062d37c833d9 StaticDependenciesID=b0cb76d772ae1594ab6fcc07f9e3a5f1 
Native extension for LinuxStandalone target not found
ScheduleIndexationOnStartup MainProcess:True IndexOnStartup:True
Mono: successfully reloaded assembly
- Finished resetting the current domain, in  0.791 seconds
Domain Reload Profiling: 1525ms
	BeginReloadAssembly (363ms)
		DisableScriptedObjects (18ms)
		CreateAndSetChildDomain (175ms)
	RebuildCommonClasses (64ms)
	RebuildNativeTypeToScriptingClass (16ms)
	initialDomainReloadingComplete (50ms)
	LoadAllAssembliesAndSetupDomain (238ms)
		LoadAssemblies (269ms)
		AnalyzeDomain (53ms)
			TypeCache.Refresh (33ms)
				TypeCache.ScanAssembly (25ms)
			BuildScriptInfoCaches (14ms)
			ResolveRequiredComponents (4ms)
	FinalizeReload (793ms)
		SetupLoadedEditorAssemblies (0ms)
			InitializePlatformSupportModulesInManaged (31ms)
			BeforeProcessingInitializeOnLoad (262ms)
			ProcessInitializeOnLoadAttributes (139ms)
			ProcessInitializeOnLoadMethodAttributes (97ms)
			AfterProcessingInitializeOnLoad (6ms)
		AwakeInstancesAfterBackupRestoration (9ms)
Start importing Assets/com.hpr.world/Demo/WorldDemo.unity using Guid(9fef59406813ebb9e8ab2a54ef767558) (DefaultImporter) -> (Import Result ID: 'e1fc2760d6d0037ef8b4a64d425efd46') in 0.000640298 seconds [static dependencies only]. Details - ImportResultOutputID=13490183903db665472c23e6ad3728cb DependenciesID=de14450d2836f2c56ba0bd84aae44267 StaticDependenciesID=69790176bf20c8db9e3444521b4c7b9f 
Start importing Assets/com.hpr.world/package.json using Guid(43ca8d4b0ead2c6c90d0c4cf0237997f) (TextScriptImporter) -> (Import Result ID: '6720785d6edcf4a3120edc341fb7df24') in 0.000885735 seconds [static dependencies only]. Details - ImportResultOutputID=d9b21e91d98e5ac7851c66336224bf8f DependenciesID=7f96c21995add01abd1e4fc75ab74016 StaticDependenciesID=e4044da1d943e0c771b48cce66fa30d1 
(Values over 0.050ms)
Asset Pipeline Refresh (id=731a4cf343db33445a812aff1fc9babd): Total: 7.969 seconds - Initiated by InitialRefreshV2(ForceSynchronousImport)
	Summary:
		Imports: total=3 (actual=3, local cache=0, cache server=0)
		Asset DB Process Time: managed=7 ms, native=1088 ms
		Asset DB Callback time: managed=123 ms, native=199 ms
		Scripting: domain reloads=1, domain reload time=732 ms, compile time=5802 ms, other=13 ms
		Project Asset Count: scripts=265, non-scripts=141
		Asset File Changes: new=2, changed=8, moved=28, deleted=1
		Scan Filter Count: 1
	InvokePackagesCallback: 192.621ms
	ApplyChangesToAssetFolders: 0.499ms
	Scan: 141.792ms
	OnSourceAssetsModified: 1.517ms
	CategorizeScriptCompilationAssets: 10.421ms
	ProcessAssetsWithTransientArtifactChanges: 21.803ms
	CategorizeAssets: 3.694ms
	CompileScripts: 5802.151ms
	ImportOutOfDateAssets: 831.504ms (795.131ms without children)
		ImportManagerImport: 35.600ms (6.985ms without children)
		UnloadImportedAssets: 0.404ms
		EnsureUptoDateAssetsAreRegisteredWithGuidPM: 0.117ms
		OnDemandSchedulerStart: 0.238ms
	PostProcessAllAssets: 128.253ms
		AssemblyValidation.PostprocessAllAssets 3.042ms
		VCAutoAddAssetPostprocess 2.032ms
		MonoPostProcessAllAssets: 122.048ms
			AssetPostprocessor.OnPostprocessAllAssets 45.128ms
			StyleCatalogPostProcessor.OnPostprocessAllAssets 19.379ms
			WindowAssetPostprocessingWatcher.OnPostprocessAllAssets 17.420ms
			BuilderAssetPostprocessor.OnPostprocessAllAssets 8.239ms
			AssetChangedListener.OnPostprocessAllAssets 3.800ms
			RetainedModeAssetPostprocessor.OnPostprocessAllAssets 2.355ms
			SyncVS.PostprocessSyncProject 1.732ms
			SpeedTree9Postprocessor.OnPostprocessAllAssets 1.140ms
			TMPro_TexturePostProcessor.OnPostprocessAllAssets 0.902ms
			TextAssetPostProcessor.OnPostprocessAllAssets 0.769ms
			ReferencedClipsPostProcessor.OnPostprocessAllAssets 0.750ms
			ArtifactBrowserPostProcessor.OnPostprocessAllAssets 0.689ms
			AssetEvents.OnPostprocessAllAssets 0.439ms
			AudioMixerPostprocessor.OnPostprocessAllAssets 0.369ms
			TerrainToolbarOverlayPostProcessor.OnPostprocessAllAssets 0.293ms
			SpeedTreePostProcessor.OnPostprocessAllAssets 0.251ms
			AssetDatabaseCallbacks.OnPostprocessAllAssets 0.246ms
			ConfigAssetsTracker.OnPostprocessAllAssets 0.216ms
			ScenarioDriftAssetsTracker.OnPostprocessAllAssets 0.172ms
			RenderPipelineGlobalSettingsPostprocessor.OnPostprocessAllAssets 0.150ms
			AudioContainerPostProcessor.OnPostprocessAllAssets 0.093ms
	PostAssetChangesProfiler: 1.009ms
	UnloadStreamsBegin: 1.858ms
	PersistCurrentRevisions: 0.057ms
	GenerateScriptTypeHashes: 0.359ms
	GenerateScriptTypeSerializationHashes: 0.811ms
	Untracked: 830.652ms

Application.AssetDatabase Initial Refresh End
Scanning for USB devices : 2.664ms
Initializing Unity extensions:
UpdateMenuTitleForLanguage: 10
[MODES] ModeService[none].Initialize
[MODES] ModeService[none].LoadModes
[MODES] Loading mode Default (0) for mode-current-id-sale_com_hpr_world
Unloading 4 Unused Serialized files (Serialized files now loaded: 0)
Unloading 835 unused Assets / (1.4 MB). Loaded Objects now: 1437.
Memory consumption went from 91.5 MB to 90.1 MB.
Total: 11.843808 ms (FindLiveObjects: 0.164287 ms CreateObjectMapping: 0.114086 ms MarkObjects: 9.869059 ms  DeleteObjects: 1.694954 ms)

Batchmode quit successfully invoked - shutting down!
Curl error 42: Callback aborted
[Physics::Module] Cleanup current backend.
[Physics::Module] Id: 0xf2b8ea05
Input System module state changed to: ShutdownInProgress.
Input Polling Thread exited.
Input System module state changed to: Shutdown.
[Licensing::IpcConnector] LicenseClient-hans-notifications channel disconnected successfully.
[Licensing::IpcConnector] LicenseClient-hans channel disconnected successfully.
AcceleratorClientConnectionCallback - disconnected - :0
info: Microsoft.Hosting.Lifetime[0]
      Application is shutting down...
Cleanup mono
CodeReloadManager destroyed
debugger-agent: Unable to listen on 39
Exiting batchmode successfully now!
