Unity Editor version:    6000.4.0f1 (8cf496087c8f)
Branch:                  6000.4/staging
Build type:              Release
Batch mode:              YES
System name:             Linux
Distro version:          #202511241048~1764607909~24.04~df6b2b6 SMP PREEMPT_DYNAMIC Mon D
Kernel version:          6.17.9-76061709-generic
Architecture:            x86_64
Available memory:        64131 MB
Date:                    2026-03-31T10:22:07Z
[Licensing::Module] Trying to connect to existing licensing client channel...
[Licensing::IpcConnector] Channel LicenseClient-hans doesn't exist
Initialize udev device monitor.
[Licensing::Module] Successfully launched the LicensingClient (PId: 226247)

COMMAND LINE ARGUMENTS:
/data/apps/Unity/Hub/Editor/6000.4.0f1/Editor/Unity
-batchmode
-nographics
-quit
-projectPath
/data/tmp/hpr_assetstore_sale/projects/sale_com_hpr_abilities
-executeMethod
HprPackageExportRunner.ExportFromEnvironment
-logFile
/data/src/github/games/doc/logs/package_sale_prep/20260331_121005_com_hpr_abilities_export.log
Successfully changed project path to: /data/tmp/hpr_assetstore_sale/projects/sale_com_hpr_abilities
/data/tmp/hpr_assetstore_sale/projects/sale_com_hpr_abilities
[UnityMemory] Configuration Parameters - Can be set up in boot.config
    "memorysetup-temp-allocator-size-gi-baking-worker=262144"
    "memorysetup-temp-allocator-size-gi-baking-worker=262144"
    "memorysetup-temp-allocator-size-gi-baking-worker=262144"
    "memorysetup-temp-allocator-size-gi-baking-worker=262144"
    "memorysetup-temp-allocator-size-gi-baking-worker=262144"
    "memorysetup-temp-allocator-size-nav-mesh-worker=65536"
    "memorysetup-temp-allocator-size-audio-worker=65536"
    "memorysetup-temp-allocator-size-cloud-worker=32768"
    "memorysetup-allocator-temp-initial-block-size-main=262144"
    "memorysetup-allocator-temp-initial-block-size-worker=262144"
    "memorysetup-temp-allocator-size-background-worker=32768"
    "memorysetup-temp-allocator-size-job-worker=262144"
    "memorysetup-temp-allocator-size-preload-manager=33554432"
    "memorysetup-temp-allocator-size-gfx=262144"
    "memorysetup-bucket-allocator-granularity=16"
    "memorysetup-bucket-allocator-bucket-count=8"
    "memorysetup-bucket-allocator-block-size=33554432"
    "memorysetup-bucket-allocator-block-count=8"
    "memorysetup-main-allocator-block-size=16777216"
    "memorysetup-thread-allocator-block-size=16777216"
    "memorysetup-gfx-main-allocator-block-size=16777216"
    "memorysetup-gfx-thread-allocator-block-size=16777216"
    "memorysetup-cache-allocator-block-size=4194304"
    "memorysetup-typetree-allocator-block-size=2097152"
    "memorysetup-profiler-bucket-allocator-granularity=16"
    "memorysetup-profiler-bucket-allocator-bucket-count=8"
    "memorysetup-profiler-bucket-allocator-block-size=33554432"
    "memorysetup-profiler-bucket-allocator-block-count=8"
    "memorysetup-profiler-allocator-block-size=16777216"
    "memorysetup-profiler-editor-allocator-block-size=1048576"
    "memorysetup-temp-allocator-size-main=16777216"
    "memorysetup-job-temp-allocator-block-size=2097152"
    "memorysetup-job-temp-allocator-block-size-background=1048576"
    "memorysetup-job-temp-allocator-reduction-small-platforms=262144"
Player connection [137981374999360]  Target information:

Player connection [137981374999360]  * "[IP] 192.168.0.132 [Port] 55504 [Flags] 2 [Guid] 166958016 [EditorId] 166958016 [Version] 1048832 [Id] LinuxEditor(16,192.168.0.132) [Debug] 1 [PackageName] LinuxEditor [ProjectName] Editor" 

Player connection [137981374999360]  * "[IP] 172.17.0.1 [Port] 55504 [Flags] 2 [Guid] 166958016 [EditorId] 166958016 [Version] 1048832 [Id] LinuxEditor(16,192.168.0.132) [Debug] 1 [PackageName] LinuxEditor [ProjectName] Editor" 

Player connection [137981374999360]  * "[IP] 10.8.0.2 [Port] 55504 [Flags] 2 [Guid] 166958016 [EditorId] 166958016 [Version] 1048832 [Id] LinuxEditor(16,192.168.0.132) [Debug] 1 [PackageName] LinuxEditor [ProjectName] Editor" 

Player connection [137981374999360] Host joined multi-casting on [225.0.0.222:54997]...
Player connection [137981374999360] Host joined alternative multi-casting on [225.0.0.222:34997]...
Input System module state changed to: Initialized.
[Physics::Module] Initialized fallback backend.
[Physics::Module] Id: 0xdecafbad
[Licensing::IpcConnector] Successfully connected to: "LicenseClient-hans" at "2026-03-31T10:22:09.166599Z"
[SignatureVerifier] Application signature verification not supported on this platform.
[Licensing::Client] Handshaking with LicensingClient:
  Version:                 1.18.1+9fbee8e
  Session Id:              684e802aaf8745f4a646fd6aff137f6c
  Correlation Id:          04388a7b72dc09286cb8b2988362e50a
  External correlation Id: 6740457611404607063
  Machine Id:              l9JneE/oSM2w6bwb29/I//rgSro=
[Licensing::Module] Successfully connected to LicensingClient on channel: "LicenseClient-hans" (connect: 1.35s, validation: 0.55s, handshake: 0.00s)
[Licensing::IpcConnector] Successfully connected to: "LicenseClient-hans-notifications" at "2026-03-31T10:22:09.71409Z"
[Licensing::Module] Connected to LicensingClient (PId: 226247, launch time: 0.00, total connection time: 1.89s)
[Licensing::Module] Error: Access token is unavailable; failed to update
[Licensing::Client] Successfully resolved entitlement details
[Licensing::Module] License group:
  Id: 9072370782505-UnityPersXXXX
  Product: Unity Personal
  Type: Assigned
  Expiration: Unlimited
[Licensing::Client] Successfully updated license, isAsync: True, time: 0.05
[Licensing::Client] Successfully resolved entitlement details
[Licensing::Module] Licensing Background thread has ended after 2.36s
[Package Manager] Connected to IPC stream "Upm-226236" after 1.9 seconds.
[Licensing::Client] Successfully resolved entitlement details
Library Redirect Path: Library/
[Physics::Module] Selected backend.
[Physics::Module] Name: PhysX
[Physics::Module] Id: 0xf2b8ea05
[Physics::Module] SDK Version: 4.1.2
[Physics::Module] Integration Version: 1.0.0
[Physics::Module] Threading Mode: Multi-Threaded
Initialize engine version: 6000.4.0f1 (8cf496087c8f)
[Subsystems] Discovering subsystems at path /data/apps/Unity/Hub/Editor/6000.4.0f1/Editor/Data/Resources/UnitySubsystems
[Subsystems] Discovering subsystems at path /data/tmp/hpr_assetstore_sale/projects/sale_com_hpr_abilities/Assets
Forcing GfxDevice: Null
GfxDevice: creating device client; kGfxThreadingModeNonThreaded
NullGfxDevice:
    Version:  NULL 1.0 [1.0]
    Renderer: Null Device
    Vendor:   Unity Technologies
Initialize mono
Mono path[0] = '/data/apps/Unity/Hub/Editor/6000.4.0f1/Editor/Data/Managed'
Mono path[1] = '/data/apps/Unity/Hub/Editor/6000.4.0f1/Editor/Data/MonoBleedingEdge/lib/mono/unityjit-linux'
Mono config path = '/data/apps/Unity/Hub/Editor/6000.4.0f1/Editor/Data/MonoBleedingEdge/etc'
Using monoOptions --debugger-agent=transport=dt_socket,embedding=1,server=y,suspend=n,address=127.0.0.1:56236
CodeReloadManager initialized
Using cacheserver namespaces - metadata:defaultmetadata, artifacts:defaultartifacts
Using cacheserver namespaces - metadata:defaultmetadata, artifacts:defaultartifacts
ImportWorker Server TCP listen port: 0
AcceleratorClientConnectionCallback - disconnected - :0
Begin MonoManager ReloadAssembly
Registering precompiled unity dll's ...
Register platform support module: /data/apps/Unity/Hub/Editor/6000.4.0f1/Editor/Data/PlaybackEngines/LinuxStandaloneSupport/UnityEditor.LinuxStandalone.Extensions.dll
Registered in 0.003077 seconds.
Native extension for LinuxStandalone target not found
Package Manager log level set to [2]
[Licensing::Client] Successfully resolved entitlement details
ScheduleIndexationOnStartup MainProcess:False IndexOnStartup:False
Mono: successfully reloaded assembly
- Finished resetting the current domain, in  1.782 seconds
Domain Reload Profiling: 2786ms
	BeginReloadAssembly (198ms)
		CreateAndSetChildDomain (20ms)
	RebuildCommonClasses (94ms)
	RebuildNativeTypeToScriptingClass (23ms)
	initialDomainReloadingComplete (133ms)
	LoadAllAssembliesAndSetupDomain (552ms)
		LoadAssemblies (177ms)
		AnalyzeDomain (523ms)
			TypeCache.Refresh (519ms)
				TypeCache.ScanAssembly (483ms)
	FinalizeReload (1786ms)
		SetupLoadedEditorAssemblies (0ms)
			InitializePlatformSupportModulesInManaged (113ms)
			BeforeProcessingInitializeOnLoad (253ms)
			ProcessInitializeOnLoadAttributes (273ms)
			ProcessInitializeOnLoadMethodAttributes (987ms)
[Licensing::Client] Successfully resolved entitlement details
Application.AssetDatabase Initial Refresh Start
[Package Manager] Restoring resolved packages state from cache
[Licensing::Client] Successfully resolved entitlement details
[Package Manager] Registered 38 packages:
  Built-in packages:
    com.unity.multiplayer.center@1.0.1 (location: /data/tmp/hpr_assetstore_sale/projects/sale_com_hpr_abilities/Library/PackageCache/com.unity.multiplayer.center@53ad5a5c2bfb)
    com.unity.modules.accessibility@1.0.0 (location: /data/tmp/hpr_assetstore_sale/projects/sale_com_hpr_abilities/Library/PackageCache/com.unity.modules.accessibility)
    com.unity.modules.adaptiveperformance@1.0.0 (location: /data/tmp/hpr_assetstore_sale/projects/sale_com_hpr_abilities/Library/PackageCache/com.unity.modules.adaptiveperformance)
    com.unity.modules.ai@1.0.0 (location: /data/tmp/hpr_assetstore_sale/projects/sale_com_hpr_abilities/Library/PackageCache/com.unity.modules.ai)
    com.unity.modules.androidjni@1.0.0 (location: /data/tmp/hpr_assetstore_sale/projects/sale_com_hpr_abilities/Library/PackageCache/com.unity.modules.androidjni)
    com.unity.modules.animation@1.0.0 (location: /data/tmp/hpr_assetstore_sale/projects/sale_com_hpr_abilities/Library/PackageCache/com.unity.modules.animation)
    com.unity.modules.assetbundle@1.0.0 (location: /data/tmp/hpr_assetstore_sale/projects/sale_com_hpr_abilities/Library/PackageCache/com.unity.modules.assetbundle)
    com.unity.modules.audio@1.0.0 (location: /data/tmp/hpr_assetstore_sale/projects/sale_com_hpr_abilities/Library/PackageCache/com.unity.modules.audio)
    com.unity.modules.cloth@1.0.0 (location: /data/tmp/hpr_assetstore_sale/projects/sale_com_hpr_abilities/Library/PackageCache/com.unity.modules.cloth)
    com.unity.modules.director@1.0.0 (location: /data/tmp/hpr_assetstore_sale/projects/sale_com_hpr_abilities/Library/PackageCache/com.unity.modules.director)
    com.unity.modules.imageconversion@1.0.0 (location: /data/tmp/hpr_assetstore_sale/projects/sale_com_hpr_abilities/Library/PackageCache/com.unity.modules.imageconversion)
    com.unity.modules.imgui@1.0.0 (location: /data/tmp/hpr_assetstore_sale/projects/sale_com_hpr_abilities/Library/PackageCache/com.unity.modules.imgui)
    com.unity.modules.jsonserialize@1.0.0 (location: /data/tmp/hpr_assetstore_sale/projects/sale_com_hpr_abilities/Library/PackageCache/com.unity.modules.jsonserialize)
    com.unity.modules.particlesystem@1.0.0 (location: /data/tmp/hpr_assetstore_sale/projects/sale_com_hpr_abilities/Library/PackageCache/com.unity.modules.particlesystem)
    com.unity.modules.physics@1.0.0 (location: /data/tmp/hpr_assetstore_sale/projects/sale_com_hpr_abilities/Library/PackageCache/com.unity.modules.physics)
    com.unity.modules.physics2d@1.0.0 (location: /data/tmp/hpr_assetstore_sale/projects/sale_com_hpr_abilities/Library/PackageCache/com.unity.modules.physics2d)
    com.unity.modules.screencapture@1.0.0 (location: /data/tmp/hpr_assetstore_sale/projects/sale_com_hpr_abilities/Library/PackageCache/com.unity.modules.screencapture)
    com.unity.modules.terrain@1.0.0 (location: /data/tmp/hpr_assetstore_sale/projects/sale_com_hpr_abilities/Library/PackageCache/com.unity.modules.terrain)
    com.unity.modules.terrainphysics@1.0.0 (location: /data/tmp/hpr_assetstore_sale/projects/sale_com_hpr_abilities/Library/PackageCache/com.unity.modules.terrainphysics)
    com.unity.modules.tilemap@1.0.0 (location: /data/tmp/hpr_assetstore_sale/projects/sale_com_hpr_abilities/Library/PackageCache/com.unity.modules.tilemap)
    com.unity.modules.ui@1.0.0 (location: /data/tmp/hpr_assetstore_sale/projects/sale_com_hpr_abilities/Library/PackageCache/com.unity.modules.ui)
    com.unity.modules.uielements@1.0.0 (location: /data/tmp/hpr_assetstore_sale/projects/sale_com_hpr_abilities/Library/PackageCache/com.unity.modules.uielements)
    com.unity.modules.umbra@1.0.0 (location: /data/tmp/hpr_assetstore_sale/projects/sale_com_hpr_abilities/Library/PackageCache/com.unity.modules.umbra)
    com.unity.modules.unityanalytics@1.0.0 (location: /data/tmp/hpr_assetstore_sale/projects/sale_com_hpr_abilities/Library/PackageCache/com.unity.modules.unityanalytics)
    com.unity.modules.unitywebrequest@1.0.0 (location: /data/tmp/hpr_assetstore_sale/projects/sale_com_hpr_abilities/Library/PackageCache/com.unity.modules.unitywebrequest)
    com.unity.modules.unitywebrequestassetbundle@1.0.0 (location: /data/tmp/hpr_assetstore_sale/projects/sale_com_hpr_abilities/Library/PackageCache/com.unity.modules.unitywebrequestassetbundle)
    com.unity.modules.unitywebrequestaudio@1.0.0 (location: /data/tmp/hpr_assetstore_sale/projects/sale_com_hpr_abilities/Library/PackageCache/com.unity.modules.unitywebrequestaudio)
    com.unity.modules.unitywebrequesttexture@1.0.0 (location: /data/tmp/hpr_assetstore_sale/projects/sale_com_hpr_abilities/Library/PackageCache/com.unity.modules.unitywebrequesttexture)
    com.unity.modules.unitywebrequestwww@1.0.0 (location: /data/tmp/hpr_assetstore_sale/projects/sale_com_hpr_abilities/Library/PackageCache/com.unity.modules.unitywebrequestwww)
    com.unity.modules.vectorgraphics@1.0.0 (location: /data/tmp/hpr_assetstore_sale/projects/sale_com_hpr_abilities/Library/PackageCache/com.unity.modules.vectorgraphics)
    com.unity.modules.vehicles@1.0.0 (location: /data/tmp/hpr_assetstore_sale/projects/sale_com_hpr_abilities/Library/PackageCache/com.unity.modules.vehicles)
    com.unity.modules.video@1.0.0 (location: /data/tmp/hpr_assetstore_sale/projects/sale_com_hpr_abilities/Library/PackageCache/com.unity.modules.video)
    com.unity.modules.vr@1.0.0 (location: /data/tmp/hpr_assetstore_sale/projects/sale_com_hpr_abilities/Library/PackageCache/com.unity.modules.vr)
    com.unity.modules.wind@1.0.0 (location: /data/tmp/hpr_assetstore_sale/projects/sale_com_hpr_abilities/Library/PackageCache/com.unity.modules.wind)
    com.unity.modules.xr@1.0.0 (location: /data/tmp/hpr_assetstore_sale/projects/sale_com_hpr_abilities/Library/PackageCache/com.unity.modules.xr)
    com.unity.ugui@2.0.0 (location: /data/tmp/hpr_assetstore_sale/projects/sale_com_hpr_abilities/Library/PackageCache/com.unity.ugui@288051c775ab)
    com.unity.modules.subsystems@1.0.0 (location: /data/tmp/hpr_assetstore_sale/projects/sale_com_hpr_abilities/Library/PackageCache/com.unity.modules.subsystems)
    com.unity.modules.hierarchycore@1.0.0 (location: /data/tmp/hpr_assetstore_sale/projects/sale_com_hpr_abilities/Library/PackageCache/com.unity.modules.hierarchycore)
[Subsystems] No new subsystems found in resolved package list.
[Package Manager] Done registering packages in 0.01 seconds
info: Microsoft.Hosting.Lifetime[14]
      Now listening on: http://unix:/tmp/ilpp.sock-e6adeec390d7770d14023a7f7337f9f4
info: Microsoft.Hosting.Lifetime[0]
      Application started. Press Ctrl+C to shut down.
info: Microsoft.Hosting.Lifetime[0]
      Hosting environment: Production
info: Microsoft.Hosting.Lifetime[0]
      Content root path: /data/tmp/hpr_assetstore_sale/projects/sale_com_hpr_abilities
info: Microsoft.AspNetCore.Hosting.Diagnostics[1]
      Request starting HTTP/2 POST http://ilpp/UnityILPP.PostProcessing/Ping - application/grpc -
info: Microsoft.AspNetCore.Routing.EndpointMiddleware[0]
      Executing endpoint 'gRPC - /UnityILPP.PostProcessing/Ping'
info: Microsoft.AspNetCore.Routing.EndpointMiddleware[1]
      Executed endpoint 'gRPC - /UnityILPP.PostProcessing/Ping'
info: Microsoft.AspNetCore.Hosting.Diagnostics[2]
      Request finished HTTP/2 POST http://ilpp/UnityILPP.PostProcessing/Ping - 200 - application/grpc 104.4359ms
Starting: /data/apps/Unity/Hub/Editor/6000.4.0f1/Editor/Data/Tools/BuildPipeline/bee_backend --ipc --defer-dag-verification --dagfile="Library/Bee/2400b0aE.dag" --continue-on-failure --profile="Library/Bee/backend1.traceevents" ScriptAssemblies
WorkingDir: /data/tmp/hpr_assetstore_sale/projects/sale_com_hpr_abilities
DisplayProgressbar: Compiling Scripts
ExitCode: 0 Duration: 0s506ms
*** Tundra build success (0.34 seconds), 0 items updated, 294 evaluated
AssetDatabase: script compilation time: 1.642628s
Begin MonoManager ReloadAssembly
Assembly Assembly-CSharp-Editor-firstpass.dll at Library/ScriptAssemblies/Assembly-CSharp-Editor-firstpass.dll not valid. Loading of assembly skipped.
Assembly Assembly-CSharp-firstpass.dll at Library/ScriptAssemblies/Assembly-CSharp-firstpass.dll not valid. Loading of assembly skipped.
Assembly Assembly-CSharp.dll at Library/ScriptAssemblies/Assembly-CSharp.dll not valid. Loading of assembly skipped.
Assembly Unity.Multiplayer.Center.Editor.Tests.dll at Library/ScriptAssemblies/Unity.Multiplayer.Center.Editor.Tests.dll not valid. Loading of assembly skipped.
Assembly Unity.Multiplayer.Center.Tests.dll at Library/ScriptAssemblies/Unity.Multiplayer.Center.Tests.dll not valid. Loading of assembly skipped.
Assembly Unity.TextMeshPro.Editor.Tests.dll at Library/ScriptAssemblies/Unity.TextMeshPro.Editor.Tests.dll not valid. Loading of assembly skipped.
Assembly Unity.TextMeshPro.Tests.dll at Library/ScriptAssemblies/Unity.TextMeshPro.Tests.dll not valid. Loading of assembly skipped.
Assembly UnityEditor.UI.Common.Tests.dll at Library/ScriptAssemblies/UnityEditor.UI.Common.Tests.dll not valid. Loading of assembly skipped.
Assembly UnityEditor.UI.EditorTests.dll at Library/ScriptAssemblies/UnityEditor.UI.EditorTests.dll not valid. Loading of assembly skipped.
Assembly UnityEngine.UI.Tests.dll at Library/ScriptAssemblies/UnityEngine.UI.Tests.dll not valid. Loading of assembly skipped.
Native extension for LinuxStandalone target not found
ScheduleIndexationOnStartup MainProcess:True IndexOnStartup:True
Mono: successfully reloaded assembly
- Finished resetting the current domain, in  1.010 seconds
Domain Reload Profiling: 1813ms
	BeginReloadAssembly (506ms)
		DisableScriptedObjects (30ms)
		CreateAndSetChildDomain (209ms)
	RebuildCommonClasses (100ms)
	RebuildNativeTypeToScriptingClass (29ms)
	initialDomainReloadingComplete (73ms)
	LoadAllAssembliesAndSetupDomain (90ms)
		LoadAssemblies (184ms)
		AnalyzeDomain (63ms)
			TypeCache.Refresh (32ms)
				TypeCache.ScanAssembly (20ms)
			BuildScriptInfoCaches (19ms)
			ResolveRequiredComponents (8ms)
	FinalizeReload (1014ms)
		SetupLoadedEditorAssemblies (0ms)
			InitializePlatformSupportModulesInManaged (48ms)
			BeforeProcessingInitializeOnLoad (293ms)
			ProcessInitializeOnLoadAttributes (171ms)
			ProcessInitializeOnLoadMethodAttributes (96ms)
			AfterProcessingInitializeOnLoad (13ms)
		AwakeInstancesAfterBackupRestoration (19ms)
(Values over 0.050ms)
Asset Pipeline Refresh (id=a7dc32ff306ac5c55bef446fb3f9d28d): Total: 4.021 seconds - Initiated by InitialRefreshV2(ForceSynchronousImport)
	Summary:
		Imports: total=0 (actual=0, local cache=0, cache server=0)
		Asset DB Process Time: managed=0 ms, native=1435 ms
		Asset DB Callback time: managed=100 ms, native=14 ms
		Scripting: domain reloads=1, domain reload time=800 ms, compile time=1647 ms, other=20 ms
		Project Asset Count: scripts=221, non-scripts=148
		Asset File Changes: new=0, changed=0, moved=0, deleted=0
		Scan Filter Count: 1
	InvokePackagesCallback: 14.808ms
	ApplyChangesToAssetFolders: 0.473ms
	Scan: 250.125ms
	CategorizeScriptCompilationAssets: 3.825ms
	ProcessAssetsWithTransientArtifactChanges: 16.788ms
	CategorizeAssets: 4.529ms
	CompileScripts: 1646.722ms
	ImportOutOfDateAssets: 1018.514ms (1017.460ms without children)
		UnloadImportedAssets: 0.445ms
		EnsureUptoDateAssetsAreRegisteredWithGuidPM: 0.151ms
		OnDemandSchedulerStart: 0.455ms
	PostProcessAllAssets: 100.316ms
		MonoPostProcessAllAssets: 100.206ms
			WindowAssetPostprocessingWatcher.OnPostprocessAllAssets 47.650ms
			SpeedTree9Postprocessor.OnPostprocessAllAssets 3.908ms
			AssetDatabaseCallbacks.OnPostprocessAllAssets 3.553ms
			SyncVS.PostprocessSyncProject 3.159ms
			RenderPipelineGlobalSettingsPostprocessor.OnPostprocessAllAssets 1.277ms
			ReferencedClipsPostProcessor.OnPostprocessAllAssets 1.058ms
			TerrainToolbarOverlayPostProcessor.OnPostprocessAllAssets 0.445ms
	UnloadStreamsBegin: 3.212ms
	GenerateScriptTypeHashes: 0.650ms
	GenerateScriptTypeSerializationHashes: 1.453ms
	Untracked: 961.034ms

Application.AssetDatabase Initial Refresh End
Scanning for USB devices : 4.237ms
Initializing Unity extensions:
UpdateMenuTitleForLanguage: 10
[MODES] ModeService[none].Initialize
[MODES] ModeService[none].LoadModes
[MODES] Loading mode Default (0) for mode-current-id-sale_com_hpr_abilities
Unloading 4 Unused Serialized files (Serialized files now loaded: 0)
Unloading 467 unused Assets / (0.9 MB). Loaded Objects now: 1065.
Memory consumption went from 85.9 MB to 85.0 MB.
Total: 38.858749 ms (FindLiveObjects: 0.151876 ms CreateObjectMapping: 0.060419 ms MarkObjects: 37.250409 ms  DeleteObjects: 1.394384 ms)

Asset Pipeline Refresh (id=beee17c142173669abfa9afd60998de1): Total: 0.177 seconds - Initiated by RefreshV2(NoUpdateAssetOptions)
Starting new worker id: 0 with log in /data/tmp/hpr_assetstore_sale/projects/sale_com_hpr_abilities/Logs/AssetImportWorker0.log
Starting new worker id: 1 with log in /data/tmp/hpr_assetstore_sale/projects/sale_com_hpr_abilities/Logs/AssetImportWorker1.log
Worker ready: AssetImportWorker0 0
Worker ready: AssetImportWorker1 1
[Worker1] Start importing Assets/com.hpr.eventbus/Demo/HPR.Eventbus.Demo.asmdef using Guid(ed9d2a9eb4ff26471853a7399b3c0cab) Importer(815301076,1909f56bfc062723c751e8b465ee728b) 
[Worker1] (PreviewImporter)
[Worker1]  -> (Import Result ID: '20484d267c90c7a16be97f11459ff58a') in 0.010158819 seconds [static and dynamic dependencies]. Details - ImportResultOutputID=215bc038353fd73762354d739abdf774 DependenciesID=303aa0b0e69689a52073fa7aabb045c8 StaticDependenciesID=48de033549f5603e64b3435630b82623 
[Worker1] Start importing Assets/com.hpr.stats/ThirdPartyNotices.md using Guid(b06ef92906313371b8d27b1e60e783cc) Importer(815301076,1909f56bfc062723c751e8b465ee728b) 
[Worker1] (PreviewImporter)
[Worker1]  -> (Import Result ID: '906ed1b22f7838a68dbae148bb8508c3') in 0.053848604 seconds [static and dynamic dependencies]. Details - ImportResultOutputID=1b831bcb9fc1d0673a8aad093d6a3702 DependenciesID=ea87219d74b29d409f7e11e685d026d6 StaticDependenciesID=8e40bdca4964e192f6d0ba287f6e162a 
[Worker1] Start importing Assets/com.hpr.eventbus/Runtime/EventBus.cs using Guid(6281971743ee4906c9c6ab7a8fba22b2) Importer(815301076,1909f56bfc062723c751e8b465ee728b) 
[Worker1] (PreviewImporter)
[Worker1]  -> (Import Result ID: 'dcee1f6476f5d9be1a4be480eff225b3') in 0.001699967 seconds [static and dynamic dependencies]. Details - ImportResultOutputID=9ecefcd9266b5d741c2999d6020b24b8 DependenciesID=ed8a4566ba878f9ceb5534f34bd14871 StaticDependenciesID=e85dac8f412e7e82d58cb52fc2e23bb5 
[Worker0] Start importing Assets/com.hpr.stats/Editor/StatsDemoSceneBuilder.cs using Guid(310229b8d94b48c8967813efed916010) Importer(815301076,1909f56bfc062723c751e8b465ee728b) 
[Worker0] (PreviewImporter)
[Worker0]  -> (Import Result ID: '3411e722ddb049537eb28845fb3a8c1d') in 0.00559003 seconds [static and dynamic dependencies]. Details - ImportResultOutputID=7df14f9c4ae3d3e87cd44a052283d51c DependenciesID=becd8a0e25736bfb38b41157e1993bee StaticDependenciesID=9bf759bd5b2ed1051067a62eb2d6ce7d 
[Worker0] Start importing Assets/com.hpr.abilities/Demo/AbilitiesDemoController.cs using Guid(bb5f5082fe240016a8efb6cd4262562c) Importer(815301076,1909f56bfc062723c751e8b465ee728b) 
[Worker0] (PreviewImporter)
[Worker0]  -> (Import Result ID: 'bb47f0d94ed4f8ed1ab891c22dbb7d30') in 0.000814347 seconds [static and dynamic dependencies]. Details - ImportResultOutputID=fcae0ee60febe295b97b27ceca37ec56 DependenciesID=5227eaa1108588d2a7a22d12f48c2730 StaticDependenciesID=61b740ddee7fe88bf3f1d68aefab2454 
[Worker0] Start importing Assets/com.hpr.eventbus/Demo using Guid(d9f15e5aa687a3860aaeb7cea6c8ad11) Importer(815301076,1909f56bfc062723c751e8b465ee728b) 
[Worker0] (PreviewImporter)
[Worker0]  -> (Import Result ID: '1641795c8de2f4d1df152fab63fe30e0') in 0.000708779 seconds [static and dynamic dependencies]. Details - ImportResultOutputID=fc052ae103ce1a840d2ef708dc9e2421 DependenciesID=e60cdc9461a07326626d93605f4f8a98 StaticDependenciesID=44755609100d58ee0058ad5847c00a88 
[Worker0] Start importing Assets/com.hpr.eventbus/Runtime/Services using Guid(3bf6a4ae8368126b1a965082be93127c) Importer(815301076,1909f56bfc062723c751e8b465ee728b) 
[Worker0] (PreviewImporter)
[Worker0]  -> (Import Result ID: 'b7640720f95ba3b2c13d200279476755') in 0.003503427 seconds [static and dynamic dependencies]. Details - ImportResultOutputID=95a313307f40b1b87b3d7b99903bce34 DependenciesID=5a5a37c8af1e9d55c6c329f1e008c460 StaticDependenciesID=91300388e7cb5310146587f6f1f4dd79 
[Worker0] Start importing Assets/com.hpr.eventbus/Demo/EventBusDemo.unity using Guid(3f644059f4e8d72c8bc9000d23046fa7) Importer(815301076,1909f56bfc062723c751e8b465ee728b) 
[Worker0] (PreviewImporter)
[Worker0]  -> (Import Result ID: '9144dd5f135fc1b567b05829024b26d8') in 0.000500177 seconds [static and dynamic dependencies]. Details - ImportResultOutputID=d6d1995a19f2f136181b3cdf68c88b7d DependenciesID=fed45e018d99ba545bf8be092cd5da37 StaticDependenciesID=bee3ec4b58c1e8ce26523c5bb94165e1 
[Worker0] Start importing Assets/com.hpr.eventbus/Demo/README.md using Guid(5ef8a8a431775c7359bd068d1e70d552) Importer(815301076,1909f56bfc062723c751e8b465ee728b) 
[Worker0] (PreviewImporter)
[Worker0]  -> (Import Result ID: '6cb6ff03cd45d254890b88b03b0c5225') in 0.039546562 seconds [static and dynamic dependencies]. Details - ImportResultOutputID=ff5fd75bdaf3d324dc8de2a3cd2b8ae6 DependenciesID=203f9f557c64b047612de0f289edba66 StaticDependenciesID=e10a42eeb648491c4ceea3d3a8ee6bbe 
[Worker0] Start importing Assets/com.hpr.abilities/Editor/HPR.Abilities.Editor.asmdef using Guid(da6a35ae4afa20116828c6b907e99cf8) Importer(815301076,1909f56bfc062723c751e8b465ee728b) 
[Worker0] (PreviewImporter)
[Worker0]  -> (Import Result ID: 'dbccd9407b573936a294394ddbc01dcc') in 0.000632851 seconds [static and dynamic dependencies]. Details - ImportResultOutputID=9aa90e55097fd8628e6f405758dd2f1d DependenciesID=a4ddd030c9c1160ada316f6b186c7dd3 StaticDependenciesID=ee633d3d0dfe73dc2a9cd1fac044447a 
[Worker0] Start importing Assets/com.hpr.abilities/Runtime/AbilityRuntimeMarker.cs using Guid(cf011923dc5a9e5c882d1130649127b4) Importer(815301076,1909f56bfc062723c751e8b465ee728b) 
[Worker0] (PreviewImporter)
[Worker0]  -> (Import Result ID: 'a8937282b466568e2195ab581d5e15d5') in 0.000694397 seconds [static and dynamic dependencies]. Details - ImportResultOutputID=1b9572a4bd800a79b5bf726cbe53c7ad DependenciesID=1b4b5980104d309cb209397dd574c728 StaticDependenciesID=15589a8f8a9eee2607552da70cd4bc68 
[Worker0] Start importing Assets/com.hpr.eventbus/Runtime/EventManager.cs using Guid(635af4f91019f924aab7baa518823983) Importer(815301076,1909f56bfc062723c751e8b465ee728b) 
[Worker0] (PreviewImporter)
[Worker0]  -> (Import Result ID: '514f309486ed2c73be61663052397e66') in 0.000460283 seconds [static and dynamic dependencies]. Details - ImportResultOutputID=e6f5bbc3b0dce6b93d05d4563215034f DependenciesID=4dc1869212a42b49ca0beed676ddd925 StaticDependenciesID=f76696c884cfc7a06684fbc1c0744139 
[Worker0] Start importing Assets/com.hpr.stats/Editor/StatsEditorMarker.cs using Guid(e425e39ab645b11478dd5b26aee1c129) Importer(815301076,1909f56bfc062723c751e8b465ee728b) 
[Worker0] (PreviewImporter)
[Worker0]  -> (Import Result ID: '1f0ee92914dfd86286cebe0f33a118be') in 0.000787952 seconds [static and dynamic dependencies]. Details - ImportResultOutputID=c7656b400defa0486a64bb80ee3667d3 DependenciesID=bb909f764c42de07c92b0d0b1654fa8c StaticDependenciesID=eb71472cf299b51cd979427078ea40cc 
[Worker0] Start importing Assets/com.hpr.eventbus/Runtime/Services/IEventBusSource.cs using Guid(82025b4ad8da939aef1771d3e37fca72) Importer(815301076,1909f56bfc062723c751e8b465ee728b) 
[Worker0] (PreviewImporter)
[Worker0]  -> (Import Result ID: '167314d469b87967153f91ba7aacf83c') in 0.000596672 seconds [static and dynamic dependencies]. Details - ImportResultOutputID=f594bb2302b5d68d4d8dd8cb504e8bfa DependenciesID=8e6ffc93ec0d0452bb78758a10f9c699 StaticDependenciesID=9b3b80805dc77136234844805585d828 
[Worker0] Start importing Assets/com.hpr.abilities/Demo/AbilityDemoStats.cs using Guid(4ae22c67ff615a42396331bfa2f9de4c) Importer(815301076,1909f56bfc062723c751e8b465ee728b) 
[Worker0] (PreviewImporter)
[Worker0]  -> (Import Result ID: 'bca1a907246bfb1984c0f800cfcc8dd2') in 0.000998567 seconds [static and dynamic dependencies]. Details - ImportResultOutputID=7f6f372c4b6f7a5be51cb667ed2f6793 DependenciesID=1a545635d1fbdb1df171fca5cf3c32b9 StaticDependenciesID=a6c312f1ffc0533ae2136d9b938affc5 
[Worker0] Start importing Assets/com.hpr.abilities/Demo/AbilitiesDemo.unity using Guid(0fd7db02c6302de6a892bc47c20bd557) Importer(815301076,1909f56bfc062723c751e8b465ee728b) 
[Worker0] (PreviewImporter)
[Worker0]  -> (Import Result ID: '40830d31c6b06e81262bfbb10b649718') in 0.000775528 seconds [static and dynamic dependencies]. Details - ImportResultOutputID=2d425b87285a370ac2b0b5df85059278 DependenciesID=13daf40f52039381e66cec97ad068d23 StaticDependenciesID=52b2f457f8c23c2d0df5278baf637c86 
[Worker0] Start importing Assets/com.hpr.eventbus/Runtime/IEventBus.cs using Guid(29e33229ca781055c9fdba12abdc8ef1) Importer(815301076,1909f56bfc062723c751e8b465ee728b) 
[Worker0] (PreviewImporter)
[Worker0]  -> (Import Result ID: 'e9ebe9c39e11f149a42750c4822c5384') in 0.00038282 seconds [static and dynamic dependencies]. Details - ImportResultOutputID=91e4e9e0276a6ec83c1a1a6072cf4da3 DependenciesID=d15eb381ee7308fe98901268162e5759 StaticDependenciesID=3a6a220977a1ea401c359fe350615292 
[Worker0] Start importing Assets/com.hpr.stats/Runtime/StatsEvents.cs using Guid(9c59c95117fe9cdf7abd9064ae2d728c) Importer(815301076,1909f56bfc062723c751e8b465ee728b) 
[Worker0] (PreviewImporter)
[Worker0]  -> (Import Result ID: '0fdc582caf97ded0fad7043fcb0f7049') in 0.000574807 seconds [static and dynamic dependencies]. Details - ImportResultOutputID=f59354e8ff6cbec9e717ee5414965a10 DependenciesID=f8bcfdde6991f4e6a7a014de23a58033 StaticDependenciesID=39ea1ca46269fcfa4373fa9e4caad95e 
[Worker0] Start importing Assets/com.hpr.eventbus/README.md using Guid(16bcddae5f84fe26b5bbd642bd540a6b) Importer(815301076,1909f56bfc062723c751e8b465ee728b) 
[Worker0] (PreviewImporter)
[Worker0]  -> (Import Result ID: '3f6b4f01ee71e47c11f1d7266497d387') in 0.000881229 seconds [static and dynamic dependencies]. Details - ImportResultOutputID=176b991e76c3484dbeea584a389e0a4c DependenciesID=ba488b863c74b4aedcce80b239ddc601 StaticDependenciesID=f2f28066c4a4b0e374d2fb26cb1a774d 
[Worker0] Start importing Assets/com.hpr.eventbus/Editor/EventBusDemoSceneBuilder.cs using Guid(61193554056a8a629bf4a346cc59b58d) Importer(815301076,1909f56bfc062723c751e8b465ee728b) 
[Worker0] (PreviewImporter)
[Worker0]  -> (Import Result ID: '21fdbdb7d4c3a6dfb5ab05c280db09eb') in 0.000364172 seconds [static and dynamic dependencies]. Details - ImportResultOutputID=ef02bb5f90581a96fc9da1ad978eeacd DependenciesID=bb36d15672708a9406cd543ad70e9198 StaticDependenciesID=37a676123d0ee56a2b82403cdb4d76eb 
[Worker0] Start importing Assets/com.hpr.stats/Runtime/DamageableTargetProxy.cs using Guid(fd58ca3b05120c1c88a1e57f35efdf29) Importer(815301076,1909f56bfc062723c751e8b465ee728b) 
[Worker0] (PreviewImporter)
[Worker0]  -> (Import Result ID: 'cfe95bc6345b1b348de433fed9deeae3') in 0.000501868 seconds [static and dynamic dependencies]. Details - ImportResultOutputID=58966469bec683213c080e7779cdc5f1 DependenciesID=001c000b126858ba4dbc2a92ad59d721 StaticDependenciesID=bb335689babf3442196bb227d21e08fd 
[Worker0] Start importing Assets/com.hpr.eventbus/Runtime using Guid(1c8edce3ac6d49c79b06803eac747fa5) Importer(815301076,1909f56bfc062723c751e8b465ee728b) 
[Worker0] (PreviewImporter)
[Worker0]  -> (Import Result ID: '2d965fa0237eeff66099428f7c9bfb17') in 0.00047915 seconds [static and dynamic dependencies]. Details - ImportResultOutputID=f2ffc86cde2bd2a738e1619ae3a97f30 DependenciesID=ece9f3691749b1f7dc4a0c3cf0229dea StaticDependenciesID=dee2f59498802bbb9ed9e3251e7a4901 
[Worker0] Start importing Assets/com.hpr.abilities/CHANGELOG.md using Guid(56bec3b33547fe94b981fdae11d5f8e6) Importer(815301076,1909f56bfc062723c751e8b465ee728b) 
[Worker0] (PreviewImporter)
[Worker0]  -> (Import Result ID: 'b756017095a862a2d99db02f5e25a25f') in 0.000957635 seconds [static and dynamic dependencies]. Details - ImportResultOutputID=6fe46c07bb463c525c8697814d6bc0a9 DependenciesID=106a961d91bcded2cd15181486f9a210 StaticDependenciesID=fe3102be5ac9404ad384a64a4d9503bd 
[Worker0] Start importing Assets/com.hpr.stats/Demo/StatsDemo.unity using Guid(46ea958bef227ad6c8463e4a2230e224) Importer(815301076,1909f56bfc062723c751e8b465ee728b) 
[Worker0] (PreviewImporter)
[Worker0]  -> (Import Result ID: '389550eb7096530066ed3701c406a472') in 0.000356109 seconds [static and dynamic dependencies]. Details - ImportResultOutputID=f7594064fd07fcf46c936daba0d7093d DependenciesID=99c30b6c152eca29ff22084c499a8097 StaticDependenciesID=f36f3f61066b0e483e0a0e86a547c0e5 
[Worker0] Start importing Assets/com.hpr.stats/Demo using Guid(c08584d55a01776278671c92a3c8e9e1) Importer(815301076,1909f56bfc062723c751e8b465ee728b) 
[Worker0] (PreviewImporter)
[Worker0]  -> (Import Result ID: 'cc2b43ddaa6e0205f83f76452b613c62') in 0.000536064 seconds [static and dynamic dependencies]. Details - ImportResultOutputID=70500b0c7a270c3383a1491f34fc53f1 DependenciesID=cab645237f04d345089de1548580ded3 StaticDependenciesID=f65a8d7801950aa5b0315f7c081724b4 
[Worker0] Start importing Assets/com.hpr.stats/Editor/HPR.Stats.Editor.asmdef using Guid(bb9e83ef57d27ec23f04e39fa90dfc3d) Importer(815301076,1909f56bfc062723c751e8b465ee728b) 
[Worker0] (PreviewImporter)
[Worker0]  -> (Import Result ID: '72de100244b79ba2eae4a26968fe1e4b') in 0.000513461 seconds [static and dynamic dependencies]. Details - ImportResultOutputID=b34f9212065eeb36c9e595dced44b159 DependenciesID=31405ddb7ccc3d15c6096e63f9fb7e08 StaticDependenciesID=2774edbcff9de5f0116052cf55e36b70 
[Worker0] Start importing Assets/com.hpr.stats/README.md using Guid(16bf734416fb614c80d871b4a660fffe) Importer(815301076,1909f56bfc062723c751e8b465ee728b) 
[Worker0] (PreviewImporter)
[Worker0]  -> (Import Result ID: '02a9acce7d748d6e96e56e01fab8a0e7') in 0.001268003 seconds [static and dynamic dependencies]. Details - ImportResultOutputID=e0c926aaa2539ecab34240c8926ce29f DependenciesID=ec28a92bd4b002dc75e8774cf16825ca StaticDependenciesID=ef225d6f364b1f74ddfd4ffa36e1ea45 
[Worker0] Start importing Assets/com.hpr.abilities/Demo/ShockPulse.asset using Guid(9c96f492f964876dbbe47a1463f76bae) Importer(815301076,1909f56bfc062723c751e8b465ee728b) 
[Worker0] (PreviewImporter)
[Worker0]  -> (Import Result ID: '8a1a3b9f6643b019a4cf1f46957cc516') in 0.002670652 seconds [static and dynamic dependencies]. Details - ImportResultOutputID=12fe4dd08fed467ac8e4c594c09168ab DependenciesID=615111aac3a6d6fbb2c105b5947423ad StaticDependenciesID=2a6295e1639fa2042d712813b2485c22 
[Worker0] Start importing Assets/com.hpr.abilities/Editor/AbilitiesEditorMarker.cs using Guid(3e3b00fcdf65d1119838cfe65e696002) Importer(815301076,1909f56bfc062723c751e8b465ee728b) 
[Worker0] (PreviewImporter)
[Worker0]  -> (Import Result ID: '95a39b3ba431a2b5e5870fb2434e45fa') in 0.000602389 seconds [static and dynamic dependencies]. Details - ImportResultOutputID=f8d01e2d4360e3d593bbb326c6a35bd0 DependenciesID=bd3734639e1ac7c243a4ef95e3e543ab StaticDependenciesID=f7dd58d9a8ab815ed17d9439580e6e46 
[Worker0] Start importing Assets/com.hpr.abilities/Runtime using Guid(cd349b5ca420c1cc689af97b02af6092) Importer(815301076,1909f56bfc062723c751e8b465ee728b) 
[Worker0] (PreviewImporter)
[Worker0]  -> (Import Result ID: 'd79d69b1adc11a4505832348ac8723d9') in 0.000618588 seconds [static and dynamic dependencies]. Details - ImportResultOutputID=0de8ae6c7fdd99f962465fcbe71b9e4a DependenciesID=ac40f5b71a161c56d2e1e2c72cd7e4a4 StaticDependenciesID=3f7fa20517ca3fead530aeaa84dc92a5 
[Worker0] Start importing Assets/com.hpr.eventbus/Editor/HPR.Eventbus.Editor.asmdef using Guid(5494e6c5dd6ef4a799fc19d541a114dc) Importer(815301076,1909f56bfc062723c751e8b465ee728b) 
[Worker0] (PreviewImporter)
[Worker0]  -> (Import Result ID: '9dc52f769798a677f28fe2058ca2aaf7') in 0.000897987 seconds [static and dynamic dependencies]. Details - ImportResultOutputID=4e9f826c1c2acdadb097f4a156c4429a DependenciesID=5324f81f708d90f7e75a94cfeab7e793 StaticDependenciesID=c98e30c68ca62134234619d35fda6eb9 
[Worker0] Start importing Assets/com.hpr.eventbus/Editor using Guid(b306e4c90f2ac072b9261141f650d61d) Importer(815301076,1909f56bfc062723c751e8b465ee728b) 
[Worker0] (PreviewImporter)
[Worker0]  -> (Import Result ID: 'be78cf65b5a2a8174cd5fe7c48c7faba') in 0.000573725 seconds [static and dynamic dependencies]. Details - ImportResultOutputID=1db5084b34f582c238f8a727bd2d4d76 DependenciesID=47ebb730f9cda8408687cce8a79c3f0e StaticDependenciesID=26d7b895ee4b830ff3d9d0f1c501cd64 
[Worker0] Start importing Assets/com.hpr.eventbus/Editor/EventBusPackageValidator.cs using Guid(d058a268577311a24b571196efdcf655) Importer(815301076,1909f56bfc062723c751e8b465ee728b) 
[Worker0] (PreviewImporter)
[Worker0]  -> (Import Result ID: '38c0efb77881d0780872db5595042d46') in 0.00058194 seconds [static and dynamic dependencies]. Details - ImportResultOutputID=fa584dde00dc077769e5d69cd2b5c9c8 DependenciesID=144c85937293f48ead94671cf1713b5b StaticDependenciesID=755ad9d9a332304a8b0ce18ca048a36d 
[Worker0] Start importing Assets/com.hpr.stats/Editor using Guid(ddf39010165f56f9489d63db40d63275) Importer(815301076,1909f56bfc062723c751e8b465ee728b) 
[Worker0] (PreviewImporter)
[Worker0]  -> (Import Result ID: '7d9b0bb993a300c6f67f8396df003108') in 0.000515075 seconds [static and dynamic dependencies]. Details - ImportResultOutputID=79deaa41cbc5854b24f744bdd15b1cb4 DependenciesID=ce40fa34036ab5e8a8405e8da7409cfa StaticDependenciesID=01817c24c97d626e5cf8f50d4dfa4e31 
[Worker0] Start importing Assets/com.hpr.stats/Runtime/IDamageable.cs using Guid(3101e409c4894876b8ee3db64ac3b265) Importer(815301076,1909f56bfc062723c751e8b465ee728b) 
[Worker0] (PreviewImporter)
[Worker0]  -> (Import Result ID: '5769a7b91bcd1aa901efeaf36cbe4301') in 0.000519508 seconds [static and dynamic dependencies]. Details - ImportResultOutputID=f13f1cf2f1ff2dc371581cbbae05428c DependenciesID=ea75ae9996b42726c6fee6cd3df8725e StaticDependenciesID=796e863bc15e48d8e68a44ef35fe5e10 
[Worker0] Start importing Assets/com.hpr.abilities/Editor/AbilitiesPackageValidator.cs using Guid(664f432bf934b408d8e8442918e27368) Importer(815301076,1909f56bfc062723c751e8b465ee728b) 
[Worker0] (PreviewImporter)
[Worker0]  -> (Import Result ID: '1a4100d012cce39c48c9e0861b9ffde4') in 0.000361875 seconds [static and dynamic dependencies]. Details - ImportResultOutputID=1b1e2fc139a4c3ba22fe382759dc2556 DependenciesID=00f86a59aad5c752dafcea77e6ae247a StaticDependenciesID=d5ce2be63db39e9db259b37b80ad3261 
[Worker0] Start importing Assets/com.hpr.abilities/Runtime/AbilityRunnerComponent.cs using Guid(b264fbccf54cda999a913fe5c4089240) Importer(815301076,1909f56bfc062723c751e8b465ee728b) 
[Worker0] (PreviewImporter)
[Worker0]  -> (Import Result ID: '320c0e6aa436fbb081f0428a5fa10ab4') in 0.000362874 seconds [static and dynamic dependencies]. Details - ImportResultOutputID=7e87ca5822c873edbd5f2b875fe45731 DependenciesID=a78248f108fc3bec59960082e63c03a2 StaticDependenciesID=cd5099c145465aa355e36479e2a9e5e1 
[Worker0] Start importing Assets/com.hpr.abilities/Demo/README.md using Guid(18ab89e5ed5600c0c9e39cc37be8a1d1) Importer(815301076,1909f56bfc062723c751e8b465ee728b) 
[Worker0] (PreviewImporter)
[Worker0]  -> (Import Result ID: '3e0b528fdc2a79c07586852bcce8738d') in 0.000912443 seconds [static and dynamic dependencies]. Details - ImportResultOutputID=028178e7c4448a88c78f97768e736811 DependenciesID=b799daf688cb4b3009c20cf08769e51e StaticDependenciesID=4f06edcf30749ff7367b96734ddef900 
[Worker0] Start importing Assets/com.hpr.stats/LICENSE.md using Guid(88cfaea86fe7ed6738654c4d6dd5c4f4) Importer(815301076,1909f56bfc062723c751e8b465ee728b) 
[Worker0] (PreviewImporter)
[Worker0]  -> (Import Result ID: 'b8c56176e2913c4cdaf00d746628fec8') in 0.002861307 seconds [static and dynamic dependencies]. Details - ImportResultOutputID=767e261873b458d3c2d67905178f9bf5 DependenciesID=5e166b8863a65827e1eee8e4db3417b7 StaticDependenciesID=02848222ba81b00fe75d7085a318cd43 
[Worker0] Start importing Assets/com.hpr.abilities/ThirdPartyNotices.md using Guid(395b428fb042c05718348d85b157e79a) Importer(815301076,1909f56bfc062723c751e8b465ee728b) 
[Worker0] (PreviewImporter)
[Worker0]  -> (Import Result ID: 'a5c6b362377890f7a8a104059e963192') in 0.001089296 seconds [static and dynamic dependencies]. Details - ImportResultOutputID=3c2a2fbf05d1fa165cf6dc9d091c6a93 DependenciesID=f3f83d6960621d1d40a680c5f76e84be StaticDependenciesID=6d314e875c0d8dd9b063a4582acbab16 
[Worker0] Start importing Assets/com.hpr.eventbus using Guid(b53dbcc866c22ab33b0426a985a63469) Importer(815301076,1909f56bfc062723c751e8b465ee728b) 
[Worker0] (PreviewImporter)
[Worker0]  -> (Import Result ID: 'd395da17796b92bf2bbc2a1ac4eb8115') in 0.000693879 seconds [static and dynamic dependencies]. Details - ImportResultOutputID=4852315face61b3c7b8dac09975f76c9 DependenciesID=c9abfbb5ae77f448a5dd30106bbe66ad StaticDependenciesID=2146989eace50a676848b261419aee03 
[Worker0] Start importing Assets/com.hpr.eventbus/ThirdPartyNotices.md using Guid(367c6c490f4fe4f05b233b8e5af475bd) Importer(815301076,1909f56bfc062723c751e8b465ee728b) 
[Worker0] (PreviewImporter)
[Worker0]  -> (Import Result ID: '88cae84cd028cdef3d95adaa1c5d696c') in 0.001065892 seconds [static and dynamic dependencies]. Details - ImportResultOutputID=94b6dcf7552d141dad459e1d7929dad5 DependenciesID=d6a6ac4b3f27160e2df45c39daf1ba6f StaticDependenciesID=1acbd035a599d6d97e5cf6bf19983a30 
[Worker0] Start importing Assets/com.hpr.eventbus/CHANGELOG.md using Guid(87d2113e8857b37778c33aa5f1f0a3ce) Importer(815301076,1909f56bfc062723c751e8b465ee728b) 
[Worker0] (PreviewImporter)
[Worker0]  -> (Import Result ID: 'f4ecc2ff67ae23dc68e5d98481d64532') in 0.00113128 seconds [static and dynamic dependencies]. Details - ImportResultOutputID=5cc286f12882edf130d8cd48e9d11cbe DependenciesID=83e85d801acd3e63bda356d9b131ad79 StaticDependenciesID=eb2ba31f2388b203ee5189a2ed4bde8c 
[Worker0] Start importing Assets/com.hpr.eventbus/Editor/EventbusEditorMarker.cs using Guid(19cbb516b39466a92a2224532d492f16) Importer(815301076,1909f56bfc062723c751e8b465ee728b) 
[Worker0] (PreviewImporter)
[Worker0]  -> (Import Result ID: 'd49b1e0f460b1d26b4ea0ae80b3f8655') in 0.000450502 seconds [static and dynamic dependencies]. Details - ImportResultOutputID=176cd3d823c776c61fe64f4fc4ef966a DependenciesID=80911bb4b74f7183b964f60558b00f58 StaticDependenciesID=030495883449748f6de7c652016b0d05 
[Worker0] Start importing Assets/com.hpr.abilities/Demo/ShockPulseEffect.asset using Guid(c330203f8e8eb0bdea51b783e71085c3) Importer(815301076,1909f56bfc062723c751e8b465ee728b) 
[Worker0] (PreviewImporter)
[Worker0]  -> (Import Result ID: 'bd55b8a4d5b2175f806ba5b01540436f') in 0.004402145 seconds [static and dynamic dependencies]. Details - ImportResultOutputID=375bdb74634dca7a1222351a8fb47c5d DependenciesID=b500604867a1a95fd3aa52dd0ffcc89d StaticDependenciesID=7b3dabc592fe255c5912592e569c5ea4 
[Worker0] Start importing Assets/com.hpr.abilities/Runtime/AbilityContracts.cs using Guid(f7bfea622b3ac8a0cbee31044ebcade5) Importer(815301076,1909f56bfc062723c751e8b465ee728b) 
[Worker0] (PreviewImporter)
[Worker0]  -> (Import Result ID: '841388ff353e70b389438e8eda19588e') in 0.000717594 seconds [static and dynamic dependencies]. Details - ImportResultOutputID=c24f2300770038545464dd370371e387 DependenciesID=04f6a905f7958fe232f83a4016faf370 StaticDependenciesID=d2b14b0c04adb8bd975d6128175a6118 
[Worker0] Start importing Assets/com.hpr.abilities/README.md using Guid(637b509f4d5520b15826ee807daf1d11) Importer(815301076,1909f56bfc062723c751e8b465ee728b) 
[Worker0] (PreviewImporter)
[Worker0]  -> (Import Result ID: '4d1d94e1b50c729174660a16fc40db71') in 0.00166394 seconds [static and dynamic dependencies]. Details - ImportResultOutputID=2009b47d49d3866d5cb1d262f389f493 DependenciesID=5efa3aee736fa16c4e12cf5e6010dce3 StaticDependenciesID=02a19cb1647111c0219b7419ea02464b 
[Worker0] Start importing Assets/com.hpr.abilities/Runtime/AbilityData.cs using Guid(346beff0d3510006f857dbfb7fc00b73) Importer(815301076,1909f56bfc062723c751e8b465ee728b) 
[Worker0] (PreviewImporter)
[Worker0]  -> (Import Result ID: 'd4f6b8835956920a8ed24d0432ed880f') in 0.000455607 seconds [static and dynamic dependencies]. Details - ImportResultOutputID=2423a8adf3a82c789fe23533bde65dd2 DependenciesID=db8f0ae0fcd20d852d68786dba453c46 StaticDependenciesID=a011e948528fef3ffef5924afa483d26 
[Worker0] Start importing Assets/com.hpr.stats/Runtime/ICharacterStats.cs using Guid(6a6b5a11c3e6441ab8b184501f6cabf3) Importer(815301076,1909f56bfc062723c751e8b465ee728b) 
[Worker0] (PreviewImporter)
[Worker0]  -> (Import Result ID: '633d181e17f4172c641bf249edf6e953') in 0.000573352 seconds [static and dynamic dependencies]. Details - ImportResultOutputID=1ae7895f1c98b6143e0e9018b1a8ea34 DependenciesID=732c938838c939dd1263facca8646505 StaticDependenciesID=0518c103980446856de3277480c4da74 
[Worker0] Start importing Assets/com.hpr.abilities/Runtime/AbilityEvents.cs using Guid(cf41554bf3426646497f528e92a5150d) Importer(815301076,1909f56bfc062723c751e8b465ee728b) 
[Worker0] (PreviewImporter)
[Worker0]  -> (Import Result ID: '493a14030db76fc527cfa6045ea4036e') in 0.000510307 seconds [static and dynamic dependencies]. Details - ImportResultOutputID=0f22dc036ff914641cd1e21b02c187ba DependenciesID=3db3523f837a73f3149827aaea979ad8 StaticDependenciesID=8051a61e55f15fa54e2420c858425c39 
[Worker0] Start importing Assets/com.hpr.stats/Demo/StatsDemoController.cs using Guid(2157604c90474cd492bdecaa36827579) Importer(815301076,1909f56bfc062723c751e8b465ee728b) 
[Worker0] (PreviewImporter)
[Worker0]  -> (Import Result ID: '8e32b9440b8fd54eb446211c42288c38') in 0.000410886 seconds [static and dynamic dependencies]. Details - ImportResultOutputID=fbecfc7489280f6696728066fa6b6ff1 DependenciesID=6167b90e7a6f7043ff2b44d4569a247a StaticDependenciesID=dee098d3add890d976ecbf34f9fda202 
[Worker0] Start importing Assets/com.hpr.stats/Runtime/HPR.Stats.Runtime.asmdef using Guid(4fa5ad832f8338ccf6b1a08d2629be91) Importer(815301076,1909f56bfc062723c751e8b465ee728b) 
[Worker0] (PreviewImporter)
[Worker0]  -> (Import Result ID: 'a9a2b9d051ae3fb1716a0b17b2ed8c55') in 0.000793673 seconds [static and dynamic dependencies]. Details - ImportResultOutputID=abf441a2404bf32e8c1fc4d1a1575845 DependenciesID=4b3928828b10834ea369308d112b5082 StaticDependenciesID=f4c163b5112faa0290f46102b1c3714f 
[Worker0] Start importing Assets/com.hpr.abilities/Demo using Guid(6bcd3225aaea93483ae772680f35f846) Importer(815301076,1909f56bfc062723c751e8b465ee728b) 
[Worker0] (PreviewImporter)
[Worker0]  -> (Import Result ID: '6ca96a4427e7e056daccdfa05ae0fa8a') in 0.000700904 seconds [static and dynamic dependencies]. Details - ImportResultOutputID=e170705970e1d074729c275dc8bdf1c7 DependenciesID=bbe2f3c4895f1d10789fabf3d5c8797f StaticDependenciesID=5392eac7ad9c619aaf66e921a4f21033 
[Worker0] Start importing Assets/com.hpr.abilities/Runtime/HPR.Abilities.Runtime.asmdef using Guid(426fed1ff12e19977baf994fbc57aff2) Importer(815301076,1909f56bfc062723c751e8b465ee728b) 
[Worker0] (PreviewImporter)
[Worker0]  -> (Import Result ID: '9853b2e159b74c5ba70aa1c5e2d84ee9') in 0.00068581 seconds [static and dynamic dependencies]. Details - ImportResultOutputID=7cce73d579482a7c46463e303f99aed6 DependenciesID=8fc68b68226a9f628f6427a477974691 StaticDependenciesID=e211762042bebccb1ab0a7e699357cda 
[Worker0] Start importing Assets/com.hpr.abilities/package.json using Guid(ae728d8fad8c3acfabb122300bf3bd0c) Importer(815301076,1909f56bfc062723c751e8b465ee728b) 
[Worker0] (PreviewImporter)
[Worker0]  -> (Import Result ID: '0c4c89db4e72f6e7dfc39e7a40957ac0') in 0.00137193 seconds [static and dynamic dependencies]. Details - ImportResultOutputID=e2c0638e48f204c2c8534481eee6370d DependenciesID=32966487213570197981a90c0b583316 StaticDependenciesID=3a514663273a96c0d01d583a34404c79 
[Worker0] Start importing Assets/com.hpr.abilities/LICENSE.md using Guid(5ed65b397b398394bb84abffb2236c0c) Importer(815301076,1909f56bfc062723c751e8b465ee728b) 
[Worker0] (PreviewImporter)
[Worker0]  -> (Import Result ID: 'ef6c4b8ef91f3070c20023c1ed8accd8') in 0.001350051 seconds [static and dynamic dependencies]. Details - ImportResultOutputID=607e57b5da6cb4c8b9a7809c7bb17bf9 DependenciesID=0cf7b34f63f04057948b535043783c14 StaticDependenciesID=a82a518683b8c96d76fa9d884d589262 
[Worker0] Start importing Assets/com.hpr.eventbus/LICENSE.md using Guid(976292fb93af2cc81b551bd61bf3a226) Importer(815301076,1909f56bfc062723c751e8b465ee728b) 
[Worker0] (PreviewImporter)
[Worker0]  -> (Import Result ID: 'e280ef773ede89f6d88827d76b8b8077') in 0.001021412 seconds [static and dynamic dependencies]. Details - ImportResultOutputID=27cbbc982d849769ac2baf582963f1a4 DependenciesID=ddd2b416bd5bf7bb6aeef8feda072e87 StaticDependenciesID=040a8f7749093dc26e0e8da2ff2e6700 
[Worker0] Start importing Assets/com.hpr.stats/Demo/README.md using Guid(fd7c03ac82c35b54a147b759cf0baa2a) Importer(815301076,1909f56bfc062723c751e8b465ee728b) 
[Worker0] (PreviewImporter)
[Worker0]  -> (Import Result ID: 'f147f4bd05521403626cb324aa1867af') in 0.001718251 seconds [static and dynamic dependencies]. Details - ImportResultOutputID=9792cad2767f6bc4b7e9693cd88d0d53 DependenciesID=8fffaf464fafdc3e3d1e0043fd731723 StaticDependenciesID=7cda59cbba9773cce640bd2c14b9b6b1 
[Worker0] Start importing Assets/com.hpr.abilities/Editor/AbilitiesDemoSceneBuilder.cs using Guid(3157bb8d1c73d773e99b25aef94501cc) Importer(815301076,1909f56bfc062723c751e8b465ee728b) 
[Worker0] (PreviewImporter)
[Worker0]  -> (Import Result ID: 'f6aa506fb0c8fb76f51200b47b40c5f2') in 0.001757107 seconds [static and dynamic dependencies]. Details - ImportResultOutputID=eb7f23fcda54692046df3155e3f6faab DependenciesID=7d93aeec1dc1d6e61c740d6d9ff8e12a StaticDependenciesID=33c2446164c50fbf70d10bfd2855a668 
[Worker0] Start importing Assets/com.hpr.abilities/Demo/RepairPulse.asset using Guid(f9dfb60c18fcd4ea88a8562a7f52c464) Importer(815301076,1909f56bfc062723c751e8b465ee728b) 
[Worker0] (PreviewImporter)
[Worker0]  -> (Import Result ID: 'bd14d4dbef711bbada6fc4ea44f7ffdc') in 0.002405281 seconds [static and dynamic dependencies]. Details - ImportResultOutputID=82cb83c55a7db371eca78a83d973b92f DependenciesID=fbb85fcde1d55936ee351cb13b3c7a1a StaticDependenciesID=97436116437b50bd9c6749fc9fa50a61 
[Worker0] Start importing Assets/com.hpr.eventbus/Runtime/HPR.Eventbus.Runtime.asmdef using Guid(8a28177a57a6aa43f0a3be3700c21998) Importer(815301076,1909f56bfc062723c751e8b465ee728b) 
[Worker0] (PreviewImporter)
[Worker0]  -> (Import Result ID: '40e3a6d8554130bcb865572d8b93d464') in 0.000845141 seconds [static and dynamic dependencies]. Details - ImportResultOutputID=ed860d8d062cacb4f25b6c80456db378 DependenciesID=9fba5a1d33015b90faba6f9fee147dcc StaticDependenciesID=0a54f5a360e85db4504e729399c89fc1 
[Worker0] Start importing Assets/com.hpr.eventbus/package.json using Guid(948bc03d0e4b748b9cdc39bad95aba83) Importer(815301076,1909f56bfc062723c751e8b465ee728b) 
[Worker0] (PreviewImporter)
[Worker0]  -> (Import Result ID: '57704a0815f97d9386fec6f76c8d512f') in 0.001107823 seconds [static and dynamic dependencies]. Details - ImportResultOutputID=3bc71053d81187da28c1509043f46fa1 DependenciesID=0daab8f0052624979ae0e29774d6eed8 StaticDependenciesID=0d89f2f6c321dd1eb27eb6fc6aaeff07 
[Worker0] Start importing Assets/com.hpr.stats/Demo/HPR.Stats.Demo.asmdef using Guid(6202a36eaec5482b912fe0c88d6d3fe9) Importer(815301076,1909f56bfc062723c751e8b465ee728b) 
[Worker0] (PreviewImporter)
[Worker0]  -> (Import Result ID: 'ee9579bcd4d5ea420c25ec4814982637') in 0.000526043 seconds [static and dynamic dependencies]. Details - ImportResultOutputID=e42e7b267dcc5f56f32b390f77e5e143 DependenciesID=0ed08fa94996bd129a7df151b0953a7e StaticDependenciesID=54c5914271ed5142c73cb3ab59f578f8 
[Worker0] Start importing Assets/com.hpr.eventbus/Demo/EventBusDemoController.cs using Guid(1f20a3377ce5ba7cdb3d261f0e77c2a4) Importer(815301076,1909f56bfc062723c751e8b465ee728b) 
[Worker0] (PreviewImporter)
[Worker0]  -> (Import Result ID: '336fec080544bbe7768ab3c62c1f3a94') in 0.000717425 seconds [static and dynamic dependencies]. Details - ImportResultOutputID=d18a10a670d717ced2d72520e1a57b55 DependenciesID=32c78809fae14a6e191313f5a5ec9b57 StaticDependenciesID=9e97cd1cf3e6f78848300cd48ba5a4ea 
[Worker0] Start importing Assets/com.hpr.abilities/Runtime/AbilityEffectData.cs using Guid(ce8e60dcc85afcda7b8ae89f544deee4) Importer(815301076,1909f56bfc062723c751e8b465ee728b) 
[Worker0] (PreviewImporter)
[Worker0]  -> (Import Result ID: 'ada0c41f58659a5e542a78f250f92647') in 0.00083082 seconds [static and dynamic dependencies]. Details - ImportResultOutputID=885c8cbb69b2eb1aba406025e108168b DependenciesID=4681c729fb3a52841ad71ddd446c8605 StaticDependenciesID=f662959e3f4d9f25f4a5b7ffc88d9d88 
[Worker0] Start importing Assets/com.hpr.eventbus/Runtime/EventBusSourceAdapter.cs using Guid(06d9220e9f10488f96541c56053938c7) Importer(815301076,1909f56bfc062723c751e8b465ee728b) 
[Worker0] (PreviewImporter)
[Worker0]  -> (Import Result ID: '22d72ddc64088386b159a2223e3001c4') in 0.000518868 seconds [static and dynamic dependencies]. Details - ImportResultOutputID=1262d5a47b5715702fe62c9cf4bf7df8 DependenciesID=7a9e606c0fe91675e08ee8d50a171b8e StaticDependenciesID=908458955cafce9ca0803a67b335cc1a 
[Worker0] Start importing Assets/com.hpr.stats/Editor/StatsPackageValidator.cs using Guid(d4c90514ec5b3157fb8a83e7d69cbe0d) Importer(815301076,1909f56bfc062723c751e8b465ee728b) 
[Worker0] (PreviewImporter)
[Worker0]  -> (Import Result ID: 'af458d585d9f73253057ecc2bbfc18b4') in 0.001152069 seconds [static and dynamic dependencies]. Details - ImportResultOutputID=9bada99425961de3a49c02621a8775a3 DependenciesID=23e83478c687f984a3df58926593e589 StaticDependenciesID=4f86c0d6f6a56f8ccd97c88d3523d736 
[Worker0] Start importing Assets/com.hpr.stats using Guid(0c220c44227fb2e6c8746c6e6e0ea5b6) Importer(815301076,1909f56bfc062723c751e8b465ee728b) 
[Worker0] (PreviewImporter)
[Worker0]  -> (Import Result ID: 'c0ff95ba8510229949102ba257418771') in 0.000676869 seconds [static and dynamic dependencies]. Details - ImportResultOutputID=1d34e0c6e8f0d4d83d45d2aed13f3978 DependenciesID=4bac54b612c449cb708a2a43625231ea StaticDependenciesID=7944b403ae476519ec272bc621ebe8a9 
[Worker0] Start importing Assets/com.hpr.abilities/Demo/RepairPulseEffect.asset using Guid(3a1f1c45944f90d55bffeed03f80a993) Importer(815301076,1909f56bfc062723c751e8b465ee728b) 
[Worker0] (PreviewImporter)
[Worker0]  -> (Import Result ID: '7b8e308dc31d1124a6dd931f0bd9c460') in 0.002662327 seconds [static and dynamic dependencies]. Details - ImportResultOutputID=f6a28ace47627a6ddbc470cc48e09332 DependenciesID=1583a856611ea4a294e77dbbe49f50b0 StaticDependenciesID=d39bfe9eded7b9b26ef7d6967ba2fd5a 
[Worker0] Start importing Assets/com.hpr.abilities using Guid(0a1085414909a536ba256f313fc8a485) Importer(815301076,1909f56bfc062723c751e8b465ee728b) 
[Worker0] (PreviewImporter)
[Worker0]  -> (Import Result ID: 'b70dc54149d66baa2eb2a213bd25e63a') in 0.000975916 seconds [static and dynamic dependencies]. Details - ImportResultOutputID=e61fa94218a6fbfbc88ec53c9bb9d0c3 DependenciesID=3deec9a659ede6478d19c3ab9589911e StaticDependenciesID=c5e1663b5bc980cbeda6bccea70a9794 
[Worker0] Start importing Assets/com.hpr.abilities/Editor using Guid(7237dc685b8dce98a8a24acffdc62053) Importer(815301076,1909f56bfc062723c751e8b465ee728b) 
[Worker0] (PreviewImporter)
[Worker0]  -> (Import Result ID: '3f262d321357a0b16d216f7fb82ae93a') in 0.000810705 seconds [static and dynamic dependencies]. Details - ImportResultOutputID=241f55f254025397ac3f48c21e4374d9 DependenciesID=8d975db839a0b6893c261f72f91f811e StaticDependenciesID=a0bb65381fd3bf669221486f149ef3f0 
[Worker0] Start importing Assets/com.hpr.stats/Runtime using Guid(ae74c9f158772efa4836114af817618e) Importer(815301076,1909f56bfc062723c751e8b465ee728b) 
[Worker0] (PreviewImporter)
[Worker0]  -> (Import Result ID: 'b45e2d832722ad17e5d75b812879ed7f') in 0.000529379 seconds [static and dynamic dependencies]. Details - ImportResultOutputID=7f093428703288b1670245aae6b8dea6 DependenciesID=4bec97c360cfc93949c159793c962f76 StaticDependenciesID=7adca918e0714dedf386f8e723ce8788 
[Worker0] Start importing Assets/com.hpr.stats/CHANGELOG.md using Guid(a85cb24787b931060be1b4aff8a77c0a) Importer(815301076,1909f56bfc062723c751e8b465ee728b) 
[Worker0] (PreviewImporter)
[Worker0]  -> (Import Result ID: 'bb402c942197caf300009723b324403f') in 0.001370939 seconds [static and dynamic dependencies]. Details - ImportResultOutputID=1e6649dc8a50a56c3404d7e6ed346c53 DependenciesID=a16b471db17f3d407def3bcf44bc6fa0 StaticDependenciesID=ebe28d79a3ce9a42d15c71f1fe7899de 
[Worker0] Start importing Assets/com.hpr.stats/Runtime/ActorStatsComponent.cs using Guid(4179dfc631774073885c7d1ae0589684) Importer(815301076,1909f56bfc062723c751e8b465ee728b) 
[Worker0] (PreviewImporter)
[Worker0]  -> (Import Result ID: 'bce17d8fecca55c04c0480331ac73bc2') in 0.000562002 seconds [static and dynamic dependencies]. Details - ImportResultOutputID=4538d293cba24ad4ac0b6f2ec87b405c DependenciesID=fbf76adb9d6b37f5a0b35844e48f2214 StaticDependenciesID=ebcf08d5bf6e9d83f97fd55b8869d19b 
[Worker0] Start importing Assets/com.hpr.stats/Runtime/StatsRuntimeMarker.cs using Guid(0af7d298282e5f042370679d9d8b349a) Importer(815301076,1909f56bfc062723c751e8b465ee728b) 
[Worker0] (PreviewImporter)
[Worker0]  -> (Import Result ID: '4be297b98dea01f13062837f8b659267') in 0.000708125 seconds [static and dynamic dependencies]. Details - ImportResultOutputID=c3b17dfb7c93b4bf3de3db2651075690 DependenciesID=2b59cdb94ef4ce1a8682b04688c6edb9 StaticDependenciesID=3e5bfa8daf94fef32b1784dcbc34e319 
[Worker0] Start importing Assets/com.hpr.abilities/Demo/HPR.Abilities.Demo.asmdef using Guid(efbbac5c29e8eb6a1aba2a527fdfd1ec) Importer(815301076,1909f56bfc062723c751e8b465ee728b) 
[Worker0] (PreviewImporter)
[Worker0]  -> (Import Result ID: '349cf587d203ce81cc77668a65b4d3c9') in 0.001323733 seconds [static and dynamic dependencies]. Details - ImportResultOutputID=7d2f6f9b931a2d730d5e247ae7011ce1 DependenciesID=3f92e543398063060817c4b1a2138851 StaticDependenciesID=b216a70408d262495cdca850d5eaa9b6 
[Worker0] Start importing Assets/com.hpr.stats/package.json using Guid(b940ea32091647cea91175f8be73b446) Importer(815301076,1909f56bfc062723c751e8b465ee728b) 
[Worker0] (PreviewImporter)
[Worker0]  -> (Import Result ID: '566c86c03de644e7065b2cbe0a435411') in 0.001610142 seconds [static and dynamic dependencies]. Details - ImportResultOutputID=ab60c7d43ea5001223b149d9184f2e35 DependenciesID=a65d67acc60055818ea944856eea2150 StaticDependenciesID=0e3f821c5524c4a84ae5842374ccb9f9 
Exported package: /data/tmp/hpr_assetstore_sale/artifacts/com.hpr.abilities/com.hpr.abilities.unitypackage
Export size: 34867 bytes
[Physics::Module] Cleanup current backend.
[Physics::Module] Id: 0xf2b8ea05
Input System module state changed to: ShutdownInProgress.
Input Polling Thread exited.
Input System module state changed to: Shutdown.
[Licensing::IpcConnector] LicenseClient-hans-notifications channel disconnected successfully.
[Licensing::IpcConnector] LicenseClient-hans channel disconnected successfully.
AcceleratorClientConnectionCallback - disconnected - :0
info: Microsoft.Hosting.Lifetime[0]
      Application is shutting down...
Cleanup mono
CodeReloadManager destroyed
debugger-agent: Unable to listen on 43
Checking for leaked weakptr:
  Found no leaked weakptrs.
[Package Manager] Server process was shutdown
##utp:{"type":"MemoryLeaks","version":2,"phase":"Immediate","time":1774952554228,"processId":226236,"allocatedMemory":7988920,"memoryLabels":[{"Default":161898},{"Permanent":16000},{"Thread":1084656},{"Manager":24353},{"VertexData":8},{"Geometry":408},{"Texture":24},{"Shader":842564},{"Material":24},{"GfxDevice":36088},{"Animation":456},{"Audio":3008},{"FreeType":8},{"FontEngine":736},{"Physics":2090},{"Physics2D":16},{"Serialization":536},{"Input":27232},{"JobScheduler":33024},{"TextLib":216},{"Mono":32},{"ScriptingNativeRuntime":155088},{"BaseObject":1622976},{"Resource":1008},{"Renderer":3000},{"Transform":4717},{"File":828},{"WebCam":80},{"Culling":32},{"Terrain":11298},{"Wind":24},{"String":16613},{"StaticString":7050},{"Utility":2672848},{"Curl":2511},{"PoolAlloc":1864},{"AI":80},{"TypeTree":5341},{"ScriptManager":448},{"RuntimeInitializeOnLoadManager":64},{"SpriteAtlas":120},{"GI":7384},{"Director":8288},{"CloudService":7936},{"WebRequest":845},{"VR":47810},{"SceneManager":536},{"Video":64},{"LazyScriptCache":32},{"Camera":17},{"Secure":12185},{"SerializationCache":1576},{"APIUpdating":10320},{"Subsystems":336},{"VirtualTexturing":57552},{"StaticSafetyDebugInfo":278528},{"Analytics":464},{"Hierarchy":1416},{"CoreStats":13032},{"Identifiers":12960},{"Gui":160},{"EditorUtility":63031},{"VersionControl":4},{"Undo":963},{"AssetDatabase":670364},{"EditorGi":328},{"UnityConnect":37761},{"Upm":1752},{"AssetCompliance":64},{"DrivenProperties":72},{"LocalIPC":147},{"ProfilerEditor":9746},{"CoreBusinessMetrics":2344},{"Windowing":480},{"Licensing":1096},{"AssetReference":32},{"IPCStream":32}]}
