Unity Editor version:    6000.4.0f1 (8cf496087c8f)
Branch:                  6000.4/staging
Build type:              Release
Batch mode:              YES
System name:             Linux
Distro version:          #202511241048~1764607909~24.04~df6b2b6 SMP PREEMPT_DYNAMIC Mon D
Kernel version:          6.17.9-76061709-generic
Architecture:            x86_64
Available memory:        64131 MB
Date:                    2026-04-02T09:24:04Z
[Licensing::Module] Trying to connect to existing licensing client channel...
Initialize udev device monitor.
[Licensing::IpcConnector] Channel LicenseClient-hans doesn't exist
[Licensing::Module] Successfully launched the LicensingClient (PId: 1005111)

COMMAND LINE ARGUMENTS:
/data/apps/Unity/Hub/Editor/6000.4.0f1/Editor/Unity
-batchmode
-nographics
-quit
-projectPath
/data/tmp/hpr_assetstore_sale/projects/sale_com_hpr_abilities
-logFile
/data/src/github/games/doc/logs/package_sale_prep/20260402_111427_com_hpr_abilities_refresh.log
Successfully changed project path to: /data/tmp/hpr_assetstore_sale/projects/sale_com_hpr_abilities
/data/tmp/hpr_assetstore_sale/projects/sale_com_hpr_abilities
[UnityMemory] Configuration Parameters - Can be set up in boot.config
    "memorysetup-temp-allocator-size-gi-baking-worker=262144"
    "memorysetup-temp-allocator-size-gi-baking-worker=262144"
    "memorysetup-temp-allocator-size-gi-baking-worker=262144"
    "memorysetup-temp-allocator-size-gi-baking-worker=262144"
    "memorysetup-temp-allocator-size-gi-baking-worker=262144"
    "memorysetup-temp-allocator-size-nav-mesh-worker=65536"
    "memorysetup-temp-allocator-size-audio-worker=65536"
    "memorysetup-temp-allocator-size-cloud-worker=32768"
    "memorysetup-allocator-temp-initial-block-size-main=262144"
    "memorysetup-allocator-temp-initial-block-size-worker=262144"
    "memorysetup-temp-allocator-size-background-worker=32768"
    "memorysetup-temp-allocator-size-job-worker=262144"
    "memorysetup-temp-allocator-size-preload-manager=33554432"
    "memorysetup-temp-allocator-size-gfx=262144"
    "memorysetup-bucket-allocator-granularity=16"
    "memorysetup-bucket-allocator-bucket-count=8"
    "memorysetup-bucket-allocator-block-size=33554432"
    "memorysetup-bucket-allocator-block-count=8"
    "memorysetup-main-allocator-block-size=16777216"
    "memorysetup-thread-allocator-block-size=16777216"
    "memorysetup-gfx-main-allocator-block-size=16777216"
    "memorysetup-gfx-thread-allocator-block-size=16777216"
    "memorysetup-cache-allocator-block-size=4194304"
    "memorysetup-typetree-allocator-block-size=2097152"
    "memorysetup-profiler-bucket-allocator-granularity=16"
    "memorysetup-profiler-bucket-allocator-bucket-count=8"
    "memorysetup-profiler-bucket-allocator-block-size=33554432"
    "memorysetup-profiler-bucket-allocator-block-count=8"
    "memorysetup-profiler-allocator-block-size=16777216"
    "memorysetup-profiler-editor-allocator-block-size=1048576"
    "memorysetup-temp-allocator-size-main=16777216"
    "memorysetup-job-temp-allocator-block-size=2097152"
    "memorysetup-job-temp-allocator-block-size-background=1048576"
    "memorysetup-job-temp-allocator-reduction-small-platforms=262144"
Player connection [128637980142400]  Target information:

Player connection [128637980142400]  * "[IP] 192.168.0.131 [Port] 55504 [Flags] 2 [Guid] 1876283503 [EditorId] 1876283503 [Version] 1048832 [Id] LinuxEditor(16,192.168.0.131) [Debug] 1 [PackageName] LinuxEditor [ProjectName] Editor" 

Player connection [128637980142400]  * "[IP] 172.17.0.1 [Port] 55504 [Flags] 2 [Guid] 1876283503 [EditorId] 1876283503 [Version] 1048832 [Id] LinuxEditor(16,192.168.0.131) [Debug] 1 [PackageName] LinuxEditor [ProjectName] Editor" 

Player connection [128637980142400]  * "[IP] 10.8.0.2 [Port] 55504 [Flags] 2 [Guid] 1876283503 [EditorId] 1876283503 [Version] 1048832 [Id] LinuxEditor(16,192.168.0.131) [Debug] 1 [PackageName] LinuxEditor [ProjectName] Editor" 

Player connection [128637980142400] Host joined multi-casting on [225.0.0.222:54997]...
Player connection [128637980142400] Host joined alternative multi-casting on [225.0.0.222:34997]...
Input System module state changed to: Initialized.
[Physics::Module] Initialized fallback backend.
[Physics::Module] Id: 0xdecafbad
[Package Manager] Connected to IPC stream "Upm-1005100" after 0.3 seconds.
[Licensing::Module] Licensing is not yet initialized.
[Licensing::IpcConnector] Successfully connected to: "LicenseClient-hans" at "2026-04-02T09:24:04.556883Z"
[SignatureVerifier] Application signature verification not supported on this platform.
[Licensing::Client] Handshaking with LicensingClient:
  Version:                 1.18.1+9fbee8e
  Session Id:              47ec0917038a4a388632e7edc50395c4
  Correlation Id:          2477eab588585f688ba8d3b66a7ea746
  External correlation Id: 391556432106781839
  Machine Id:              l9JneE/oSM2w6bwb29/I//rgSro=
[Licensing::Module] Successfully connected to LicensingClient on channel: "LicenseClient-hans" (connect: 0.38s, validation: 0.06s, handshake: 0.00s)
[Licensing::IpcConnector] Successfully connected to: "LicenseClient-hans-notifications" at "2026-04-02T09:24:04.617506Z"
[Licensing::Module] Connected to LicensingClient (PId: 1005111, launch time: 0.00, total connection time: 0.44s)
[Licensing::Module] Error: Access token is unavailable; failed to update
[Licensing::Client] Successfully resolved entitlement details
[Licensing::Module] License group:
  Id: 9072370782505-UnityPersXXXX
  Product: Unity Personal
  Type: Assigned
  Expiration: Unlimited
[Licensing::Client] Successfully updated license, isAsync: True, time: 0.01
[Licensing::Client] Successfully resolved entitlement details
[Licensing::Module] Licensing Background thread has ended after 0.48s
[Licensing::Module] Licensing is initialized (took 0.16s).
[Licensing::Client] Successfully resolved entitlement details
Library Redirect Path: Library/
FMOD failed to initialize the output device.: "Error initializing output device. " (60)
Forced to initialize FMOD to to the device driver's system output rate 48000, this may impact performance and/or give inconsistent experiences compared to selected sample rate 48000
FMOD failed to initialize the output device.: "Error initializing output device. " (60)
FMOD initialized on nosound output
[Physics::Module] Selected backend.
[Physics::Module] Name: PhysX
[Physics::Module] Id: 0xf2b8ea05
[Physics::Module] SDK Version: 4.1.2
[Physics::Module] Integration Version: 1.0.0
[Physics::Module] Threading Mode: Multi-Threaded
Initialize engine version: 6000.4.0f1 (8cf496087c8f)
[Subsystems] Discovering subsystems at path /data/apps/Unity/Hub/Editor/6000.4.0f1/Editor/Data/Resources/UnitySubsystems
[Subsystems] Discovering subsystems at path /data/tmp/hpr_assetstore_sale/projects/sale_com_hpr_abilities/Assets
Forcing GfxDevice: Null
GfxDevice: creating device client; kGfxThreadingModeNonThreaded
NullGfxDevice:
    Version:  NULL 1.0 [1.0]
    Renderer: Null Device
    Vendor:   Unity Technologies
Initialize mono
Mono path[0] = '/data/apps/Unity/Hub/Editor/6000.4.0f1/Editor/Data/Managed'
Mono path[1] = '/data/apps/Unity/Hub/Editor/6000.4.0f1/Editor/Data/MonoBleedingEdge/lib/mono/unityjit-linux'
Mono config path = '/data/apps/Unity/Hub/Editor/6000.4.0f1/Editor/Data/MonoBleedingEdge/etc'
Using monoOptions --debugger-agent=transport=dt_socket,embedding=1,server=y,suspend=n,address=127.0.0.1:56100
CodeReloadManager initialized
Using cacheserver namespaces - metadata:defaultmetadata, artifacts:defaultartifacts
Using cacheserver namespaces - metadata:defaultmetadata, artifacts:defaultartifacts
ImportWorker Server TCP listen port: 0
AcceleratorClientConnectionCallback - disconnected - :0
Begin MonoManager ReloadAssembly
Registering precompiled unity dll's ...
Register platform support module: /data/apps/Unity/Hub/Editor/6000.4.0f1/Editor/Data/PlaybackEngines/LinuxStandaloneSupport/UnityEditor.LinuxStandalone.Extensions.dll
Registered in 0.001405 seconds.
Native extension for LinuxStandalone target not found
Package Manager log level set to [2]
[Licensing::Client] Successfully resolved entitlement details
ScheduleIndexationOnStartup MainProcess:False IndexOnStartup:False
Mono: successfully reloaded assembly
- Finished resetting the current domain, in  1.054 seconds
Domain Reload Profiling: 1561ms
	BeginReloadAssembly (109ms)
		CreateAndSetChildDomain (16ms)
	RebuildCommonClasses (51ms)
	RebuildNativeTypeToScriptingClass (12ms)
	initialDomainReloadingComplete (72ms)
	LoadAllAssembliesAndSetupDomain (261ms)
		LoadAssemblies (93ms)
		AnalyzeDomain (248ms)
			TypeCache.Refresh (247ms)
				TypeCache.ScanAssembly (228ms)
	FinalizeReload (1056ms)
		SetupLoadedEditorAssemblies (0ms)
			InitializePlatformSupportModulesInManaged (86ms)
			BeforeProcessingInitializeOnLoad (116ms)
			ProcessInitializeOnLoadAttributes (153ms)
			ProcessInitializeOnLoadMethodAttributes (611ms)
[Licensing::Client] Successfully resolved entitlement details
Application.AssetDatabase Initial Refresh Start
[Package Manager] Restoring resolved packages state from cache
[Licensing::Client] Successfully resolved entitlement details
[Package Manager] Registered 43 packages:
  Built-in packages:
    com.unity.multiplayer.center@1.0.1 (location: /data/tmp/hpr_assetstore_sale/projects/sale_com_hpr_abilities/Library/PackageCache/com.unity.multiplayer.center@53ad5a5c2bfb)
    com.unity.modules.accessibility@1.0.0 (location: /data/tmp/hpr_assetstore_sale/projects/sale_com_hpr_abilities/Library/PackageCache/com.unity.modules.accessibility)
    com.unity.modules.adaptiveperformance@1.0.0 (location: /data/tmp/hpr_assetstore_sale/projects/sale_com_hpr_abilities/Library/PackageCache/com.unity.modules.adaptiveperformance)
    com.unity.modules.ai@1.0.0 (location: /data/tmp/hpr_assetstore_sale/projects/sale_com_hpr_abilities/Library/PackageCache/com.unity.modules.ai)
    com.unity.modules.androidjni@1.0.0 (location: /data/tmp/hpr_assetstore_sale/projects/sale_com_hpr_abilities/Library/PackageCache/com.unity.modules.androidjni)
    com.unity.modules.animation@1.0.0 (location: /data/tmp/hpr_assetstore_sale/projects/sale_com_hpr_abilities/Library/PackageCache/com.unity.modules.animation)
    com.unity.modules.assetbundle@1.0.0 (location: /data/tmp/hpr_assetstore_sale/projects/sale_com_hpr_abilities/Library/PackageCache/com.unity.modules.assetbundle)
    com.unity.modules.audio@1.0.0 (location: /data/tmp/hpr_assetstore_sale/projects/sale_com_hpr_abilities/Library/PackageCache/com.unity.modules.audio)
    com.unity.modules.cloth@1.0.0 (location: /data/tmp/hpr_assetstore_sale/projects/sale_com_hpr_abilities/Library/PackageCache/com.unity.modules.cloth)
    com.unity.modules.director@1.0.0 (location: /data/tmp/hpr_assetstore_sale/projects/sale_com_hpr_abilities/Library/PackageCache/com.unity.modules.director)
    com.unity.modules.imageconversion@1.0.0 (location: /data/tmp/hpr_assetstore_sale/projects/sale_com_hpr_abilities/Library/PackageCache/com.unity.modules.imageconversion)
    com.unity.modules.imgui@1.0.0 (location: /data/tmp/hpr_assetstore_sale/projects/sale_com_hpr_abilities/Library/PackageCache/com.unity.modules.imgui)
    com.unity.modules.jsonserialize@1.0.0 (location: /data/tmp/hpr_assetstore_sale/projects/sale_com_hpr_abilities/Library/PackageCache/com.unity.modules.jsonserialize)
    com.unity.modules.particlesystem@1.0.0 (location: /data/tmp/hpr_assetstore_sale/projects/sale_com_hpr_abilities/Library/PackageCache/com.unity.modules.particlesystem)
    com.unity.modules.physics@1.0.0 (location: /data/tmp/hpr_assetstore_sale/projects/sale_com_hpr_abilities/Library/PackageCache/com.unity.modules.physics)
    com.unity.modules.physics2d@1.0.0 (location: /data/tmp/hpr_assetstore_sale/projects/sale_com_hpr_abilities/Library/PackageCache/com.unity.modules.physics2d)
    com.unity.modules.screencapture@1.0.0 (location: /data/tmp/hpr_assetstore_sale/projects/sale_com_hpr_abilities/Library/PackageCache/com.unity.modules.screencapture)
    com.unity.modules.terrain@1.0.0 (location: /data/tmp/hpr_assetstore_sale/projects/sale_com_hpr_abilities/Library/PackageCache/com.unity.modules.terrain)
    com.unity.modules.terrainphysics@1.0.0 (location: /data/tmp/hpr_assetstore_sale/projects/sale_com_hpr_abilities/Library/PackageCache/com.unity.modules.terrainphysics)
    com.unity.modules.tilemap@1.0.0 (location: /data/tmp/hpr_assetstore_sale/projects/sale_com_hpr_abilities/Library/PackageCache/com.unity.modules.tilemap)
    com.unity.modules.ui@1.0.0 (location: /data/tmp/hpr_assetstore_sale/projects/sale_com_hpr_abilities/Library/PackageCache/com.unity.modules.ui)
    com.unity.modules.uielements@1.0.0 (location: /data/tmp/hpr_assetstore_sale/projects/sale_com_hpr_abilities/Library/PackageCache/com.unity.modules.uielements)
    com.unity.modules.umbra@1.0.0 (location: /data/tmp/hpr_assetstore_sale/projects/sale_com_hpr_abilities/Library/PackageCache/com.unity.modules.umbra)
    com.unity.modules.unityanalytics@1.0.0 (location: /data/tmp/hpr_assetstore_sale/projects/sale_com_hpr_abilities/Library/PackageCache/com.unity.modules.unityanalytics)
    com.unity.modules.unitywebrequest@1.0.0 (location: /data/tmp/hpr_assetstore_sale/projects/sale_com_hpr_abilities/Library/PackageCache/com.unity.modules.unitywebrequest)
    com.unity.modules.unitywebrequestassetbundle@1.0.0 (location: /data/tmp/hpr_assetstore_sale/projects/sale_com_hpr_abilities/Library/PackageCache/com.unity.modules.unitywebrequestassetbundle)
    com.unity.modules.unitywebrequestaudio@1.0.0 (location: /data/tmp/hpr_assetstore_sale/projects/sale_com_hpr_abilities/Library/PackageCache/com.unity.modules.unitywebrequestaudio)
    com.unity.modules.unitywebrequesttexture@1.0.0 (location: /data/tmp/hpr_assetstore_sale/projects/sale_com_hpr_abilities/Library/PackageCache/com.unity.modules.unitywebrequesttexture)
    com.unity.modules.unitywebrequestwww@1.0.0 (location: /data/tmp/hpr_assetstore_sale/projects/sale_com_hpr_abilities/Library/PackageCache/com.unity.modules.unitywebrequestwww)
    com.unity.modules.vectorgraphics@1.0.0 (location: /data/tmp/hpr_assetstore_sale/projects/sale_com_hpr_abilities/Library/PackageCache/com.unity.modules.vectorgraphics)
    com.unity.modules.vehicles@1.0.0 (location: /data/tmp/hpr_assetstore_sale/projects/sale_com_hpr_abilities/Library/PackageCache/com.unity.modules.vehicles)
    com.unity.modules.video@1.0.0 (location: /data/tmp/hpr_assetstore_sale/projects/sale_com_hpr_abilities/Library/PackageCache/com.unity.modules.video)
    com.unity.modules.vr@1.0.0 (location: /data/tmp/hpr_assetstore_sale/projects/sale_com_hpr_abilities/Library/PackageCache/com.unity.modules.vr)
    com.unity.modules.wind@1.0.0 (location: /data/tmp/hpr_assetstore_sale/projects/sale_com_hpr_abilities/Library/PackageCache/com.unity.modules.wind)
    com.unity.modules.xr@1.0.0 (location: /data/tmp/hpr_assetstore_sale/projects/sale_com_hpr_abilities/Library/PackageCache/com.unity.modules.xr)
    com.unity.ugui@2.0.0 (location: /data/tmp/hpr_assetstore_sale/projects/sale_com_hpr_abilities/Library/PackageCache/com.unity.ugui@288051c775ab)
    com.unity.test-framework@1.6.0 (location: /data/tmp/hpr_assetstore_sale/projects/sale_com_hpr_abilities/Library/PackageCache/com.unity.test-framework@f63be82e0d2e)
    com.unity.ext.nunit@2.0.5 (location: /data/tmp/hpr_assetstore_sale/projects/sale_com_hpr_abilities/Library/PackageCache/com.unity.ext.nunit@ec2d0043d6fc)
    com.unity.modules.subsystems@1.0.0 (location: /data/tmp/hpr_assetstore_sale/projects/sale_com_hpr_abilities/Library/PackageCache/com.unity.modules.subsystems)
    com.unity.modules.hierarchycore@1.0.0 (location: /data/tmp/hpr_assetstore_sale/projects/sale_com_hpr_abilities/Library/PackageCache/com.unity.modules.hierarchycore)
  Embedded packages:
    com.hpr.abilities@file:/data/tmp/hpr_assetstore_sale/projects/sale_com_hpr_abilities/Packages/com.hpr.abilities (location: /data/tmp/hpr_assetstore_sale/projects/sale_com_hpr_abilities/Packages/com.hpr.abilities)
    com.hpr.eventbus@file:/data/tmp/hpr_assetstore_sale/projects/sale_com_hpr_abilities/Packages/com.hpr.eventbus (location: /data/tmp/hpr_assetstore_sale/projects/sale_com_hpr_abilities/Packages/com.hpr.eventbus)
    com.hpr.stats@file:/data/tmp/hpr_assetstore_sale/projects/sale_com_hpr_abilities/Packages/com.hpr.stats (location: /data/tmp/hpr_assetstore_sale/projects/sale_com_hpr_abilities/Packages/com.hpr.stats)
[Subsystems] No new subsystems found in resolved package list.
[Package Manager] Done registering packages in 0.01 seconds
[Package Manager] Done resolving packages in 0.14 seconds
[Licensing::Client] Successfully resolved entitlement details
[Package Manager] Lock file was modified
[Package Manager] Registered 40 packages:
  Built-in packages:
    com.unity.multiplayer.center@1.0.1 (location: /data/tmp/hpr_assetstore_sale/projects/sale_com_hpr_abilities/Library/PackageCache/com.unity.multiplayer.center@53ad5a5c2bfb)
    com.unity.modules.accessibility@1.0.0 (location: /data/tmp/hpr_assetstore_sale/projects/sale_com_hpr_abilities/Library/PackageCache/com.unity.modules.accessibility)
    com.unity.modules.adaptiveperformance@1.0.0 (location: /data/tmp/hpr_assetstore_sale/projects/sale_com_hpr_abilities/Library/PackageCache/com.unity.modules.adaptiveperformance)
    com.unity.modules.ai@1.0.0 (location: /data/tmp/hpr_assetstore_sale/projects/sale_com_hpr_abilities/Library/PackageCache/com.unity.modules.ai)
    com.unity.modules.androidjni@1.0.0 (location: /data/tmp/hpr_assetstore_sale/projects/sale_com_hpr_abilities/Library/PackageCache/com.unity.modules.androidjni)
    com.unity.modules.animation@1.0.0 (location: /data/tmp/hpr_assetstore_sale/projects/sale_com_hpr_abilities/Library/PackageCache/com.unity.modules.animation)
    com.unity.modules.assetbundle@1.0.0 (location: /data/tmp/hpr_assetstore_sale/projects/sale_com_hpr_abilities/Library/PackageCache/com.unity.modules.assetbundle)
    com.unity.modules.audio@1.0.0 (location: /data/tmp/hpr_assetstore_sale/projects/sale_com_hpr_abilities/Library/PackageCache/com.unity.modules.audio)
    com.unity.modules.cloth@1.0.0 (location: /data/tmp/hpr_assetstore_sale/projects/sale_com_hpr_abilities/Library/PackageCache/com.unity.modules.cloth)
    com.unity.modules.director@1.0.0 (location: /data/tmp/hpr_assetstore_sale/projects/sale_com_hpr_abilities/Library/PackageCache/com.unity.modules.director)
    com.unity.modules.imageconversion@1.0.0 (location: /data/tmp/hpr_assetstore_sale/projects/sale_com_hpr_abilities/Library/PackageCache/com.unity.modules.imageconversion)
    com.unity.modules.imgui@1.0.0 (location: /data/tmp/hpr_assetstore_sale/projects/sale_com_hpr_abilities/Library/PackageCache/com.unity.modules.imgui)
    com.unity.modules.jsonserialize@1.0.0 (location: /data/tmp/hpr_assetstore_sale/projects/sale_com_hpr_abilities/Library/PackageCache/com.unity.modules.jsonserialize)
    com.unity.modules.particlesystem@1.0.0 (location: /data/tmp/hpr_assetstore_sale/projects/sale_com_hpr_abilities/Library/PackageCache/com.unity.modules.particlesystem)
    com.unity.modules.physics@1.0.0 (location: /data/tmp/hpr_assetstore_sale/projects/sale_com_hpr_abilities/Library/PackageCache/com.unity.modules.physics)
    com.unity.modules.physics2d@1.0.0 (location: /data/tmp/hpr_assetstore_sale/projects/sale_com_hpr_abilities/Library/PackageCache/com.unity.modules.physics2d)
    com.unity.modules.screencapture@1.0.0 (location: /data/tmp/hpr_assetstore_sale/projects/sale_com_hpr_abilities/Library/PackageCache/com.unity.modules.screencapture)
    com.unity.modules.terrain@1.0.0 (location: /data/tmp/hpr_assetstore_sale/projects/sale_com_hpr_abilities/Library/PackageCache/com.unity.modules.terrain)
    com.unity.modules.terrainphysics@1.0.0 (location: /data/tmp/hpr_assetstore_sale/projects/sale_com_hpr_abilities/Library/PackageCache/com.unity.modules.terrainphysics)
    com.unity.modules.tilemap@1.0.0 (location: /data/tmp/hpr_assetstore_sale/projects/sale_com_hpr_abilities/Library/PackageCache/com.unity.modules.tilemap)
    com.unity.modules.ui@1.0.0 (location: /data/tmp/hpr_assetstore_sale/projects/sale_com_hpr_abilities/Library/PackageCache/com.unity.modules.ui)
    com.unity.modules.uielements@1.0.0 (location: /data/tmp/hpr_assetstore_sale/projects/sale_com_hpr_abilities/Library/PackageCache/com.unity.modules.uielements)
    com.unity.modules.umbra@1.0.0 (location: /data/tmp/hpr_assetstore_sale/projects/sale_com_hpr_abilities/Library/PackageCache/com.unity.modules.umbra)
    com.unity.modules.unityanalytics@1.0.0 (location: /data/tmp/hpr_assetstore_sale/projects/sale_com_hpr_abilities/Library/PackageCache/com.unity.modules.unityanalytics)
    com.unity.modules.unitywebrequest@1.0.0 (location: /data/tmp/hpr_assetstore_sale/projects/sale_com_hpr_abilities/Library/PackageCache/com.unity.modules.unitywebrequest)
    com.unity.modules.unitywebrequestassetbundle@1.0.0 (location: /data/tmp/hpr_assetstore_sale/projects/sale_com_hpr_abilities/Library/PackageCache/com.unity.modules.unitywebrequestassetbundle)
    com.unity.modules.unitywebrequestaudio@1.0.0 (location: /data/tmp/hpr_assetstore_sale/projects/sale_com_hpr_abilities/Library/PackageCache/com.unity.modules.unitywebrequestaudio)
    com.unity.modules.unitywebrequesttexture@1.0.0 (location: /data/tmp/hpr_assetstore_sale/projects/sale_com_hpr_abilities/Library/PackageCache/com.unity.modules.unitywebrequesttexture)
    com.unity.modules.unitywebrequestwww@1.0.0 (location: /data/tmp/hpr_assetstore_sale/projects/sale_com_hpr_abilities/Library/PackageCache/com.unity.modules.unitywebrequestwww)
    com.unity.modules.vectorgraphics@1.0.0 (location: /data/tmp/hpr_assetstore_sale/projects/sale_com_hpr_abilities/Library/PackageCache/com.unity.modules.vectorgraphics)
    com.unity.modules.vehicles@1.0.0 (location: /data/tmp/hpr_assetstore_sale/projects/sale_com_hpr_abilities/Library/PackageCache/com.unity.modules.vehicles)
    com.unity.modules.video@1.0.0 (location: /data/tmp/hpr_assetstore_sale/projects/sale_com_hpr_abilities/Library/PackageCache/com.unity.modules.video)
    com.unity.modules.vr@1.0.0 (location: /data/tmp/hpr_assetstore_sale/projects/sale_com_hpr_abilities/Library/PackageCache/com.unity.modules.vr)
    com.unity.modules.wind@1.0.0 (location: /data/tmp/hpr_assetstore_sale/projects/sale_com_hpr_abilities/Library/PackageCache/com.unity.modules.wind)
    com.unity.modules.xr@1.0.0 (location: /data/tmp/hpr_assetstore_sale/projects/sale_com_hpr_abilities/Library/PackageCache/com.unity.modules.xr)
    com.unity.ugui@2.0.0 (location: /data/tmp/hpr_assetstore_sale/projects/sale_com_hpr_abilities/Library/PackageCache/com.unity.ugui@288051c775ab)
    com.unity.test-framework@1.6.0 (location: /data/tmp/hpr_assetstore_sale/projects/sale_com_hpr_abilities/Library/PackageCache/com.unity.test-framework@f63be82e0d2e)
    com.unity.ext.nunit@2.0.5 (location: /data/tmp/hpr_assetstore_sale/projects/sale_com_hpr_abilities/Library/PackageCache/com.unity.ext.nunit@ec2d0043d6fc)
    com.unity.modules.subsystems@1.0.0 (location: /data/tmp/hpr_assetstore_sale/projects/sale_com_hpr_abilities/Library/PackageCache/com.unity.modules.subsystems)
    com.unity.modules.hierarchycore@1.0.0 (location: /data/tmp/hpr_assetstore_sale/projects/sale_com_hpr_abilities/Library/PackageCache/com.unity.modules.hierarchycore)
[Subsystems] No new subsystems found in resolved package list.
[Package Manager] Done registering packages in 0.00 seconds
[ScriptCompilation] Requested script compilation because: Assembly Definition File(s) changed
[ScriptCompilation] Requested script compilation because: AssetDatabase observed changes in script compilation related files
info: Microsoft.Hosting.Lifetime[14]
      Now listening on: http://unix:/tmp/ilpp.sock-e6adeec390d7770d14023a7f7337f9f4
info: Microsoft.Hosting.Lifetime[0]
      Application started. Press Ctrl+C to shut down.
info: Microsoft.Hosting.Lifetime[0]
      Hosting environment: Production
info: Microsoft.Hosting.Lifetime[0]
      Content root path: /data/tmp/hpr_assetstore_sale/projects/sale_com_hpr_abilities
info: Microsoft.AspNetCore.Hosting.Diagnostics[1]
      Request starting HTTP/2 POST http://ilpp/UnityILPP.PostProcessing/Ping - application/grpc -
info: Microsoft.AspNetCore.Routing.EndpointMiddleware[0]
      Executing endpoint 'gRPC - /UnityILPP.PostProcessing/Ping'
info: Microsoft.AspNetCore.Routing.EndpointMiddleware[1]
      Executed endpoint 'gRPC - /UnityILPP.PostProcessing/Ping'
info: Microsoft.AspNetCore.Hosting.Diagnostics[2]
      Request finished HTTP/2 POST http://ilpp/UnityILPP.PostProcessing/Ping - 200 - application/grpc 39.5645ms
Starting: /data/apps/Unity/Hub/Editor/6000.4.0f1/Editor/Data/Tools/BuildPipeline/bee_backend --ipc --defer-dag-verification --dagfile="Library/Bee/2400b0aE.dag" --continue-on-failure --profile="Library/Bee/backend1.traceevents" ScriptAssemblies
WorkingDir: /data/tmp/hpr_assetstore_sale/projects/sale_com_hpr_abilities
DisplayProgressbar: Compiling Scripts
ExitCode: 4 Duration: 1s322ms
[           0s] Csc Library/Bee/artifacts/2400b0aE.dag/HPR.Eventbus.Runtime.dll (+2 others) [CacheMiss 73011c49f142d69209a9cc89ffb948c200000000000000000000000000000006]
Rebuilding DAG because FileSignature timestamp changed: Library/Bee/2400b0aE-inputdata.json
*** Tundra requires additional run (1.30 seconds), 1 items updated, 296 evaluated
Starting: /data/apps/Unity/Hub/Editor/6000.4.0f1/Editor/Data/netcorerun/netcorerun "/data/apps/Unity/Hub/Editor/6000.4.0f1/Editor/Data/Tools/BuildPipeline/ScriptCompilationBuildProgram.exe" "Library/Bee/2400b0aE.dag.json" "Library/Bee/2400b0aE-inputdata.json" "Library/Bee/buildprogram0.traceevents"
WorkingDir: /data/tmp/hpr_assetstore_sale/projects/sale_com_hpr_abilities
ExitCode: 0 Duration: 0s663ms
Starting: /data/apps/Unity/Hub/Editor/6000.4.0f1/Editor/Data/Tools/BuildPipeline/bee_backend --ipc --defer-dag-verification --dagfile="Library/Bee/2400b0aE.dag" --continue-on-failure --dagfilejson="Library/Bee/2400b0aE.dag.json" --profile="Library/Bee/backend2.traceevents" ScriptAssemblies
WorkingDir: /data/tmp/hpr_assetstore_sale/projects/sale_com_hpr_abilities
ExitCode: 0 Duration: 3s333ms
Finished compiling graph: 339 nodes, 4404 flattened edges (4082 ToBuild, 46 ToUse), maximum node priority 185
[176/336    0s] WriteText Library/Bee/artifacts/2400b0aE.dag/HPR.Eventbus.Runtime.rsp
[178/336    0s] WriteText Library/Bee/artifacts/2400b0aE.dag/HPR.Stats.Runtime.rsp
[184/336    0s] WriteText Library/Bee/artifacts/2400b0aE.dag/HPR.Abilities.Runtime.rsp2
[186/336    0s] WriteText Library/Bee/artifacts/2400b0aE.dag/HPR.Stats.Runtime.rsp2
[189/336    0s] WriteText Library/Bee/artifacts/2400b0aE.dag/HPR.Abilities.Runtime.rsp
[190/336    0s] WriteText Library/Bee/artifacts/2400b0aE.dag/HPR.Eventbus.Demo.rsp2
[192/336    0s] WriteText Library/Bee/artifacts/2400b0aE.dag/HPR.Abilities.Demo.rsp2
[196/336    0s] WriteText Library/Bee/artifacts/2400b0aE.dag/HPR.Stats.Demo.rsp2
[202/336    0s] WriteText Library/Bee/artifacts/2400b0aE.dag/HPR.Eventbus.Runtime.rsp2
[205/336    0s] WriteText Library/Bee/artifacts/2400b0aE.dag/HPR.Eventbus.Editor.rsp2
[206/336    0s] WriteText Library/Bee/artifacts/2400b0aE.dag/HPR.Eventbus.Demo.rsp
[207/336    0s] WriteText Library/Bee/artifacts/2400b0aE.dag/HPR.Abilities.Demo.rsp
[209/336    0s] WriteText Library/Bee/artifacts/2400b0aE.dag/HPR.Stats.Demo.rsp
[211/336    0s] WriteText Library/Bee/artifacts/2400b0aE.dag/HPR.Abilities.Editor.rsp2
[215/336    0s] WriteText Library/Bee/artifacts/2400b0aE.dag/HPR.Stats.Editor.rsp2
[222/336    0s] WriteText Library/Bee/artifacts/2400b0aE.dag/HPR.Eventbus.Tests.EditMode.rsp2
[231/336    0s] WriteText Library/Bee/artifacts/2400b0aE.dag/HPR.Stats.Tests.EditMode.rsp2
[233/336    0s] WriteText Library/Bee/artifacts/2400b0aE.dag/HPR.Stats.Editor.rsp
[234/336    0s] WriteText Library/Bee/artifacts/2400b0aE.dag/HPR.Abilities.Tests.EditMode.rsp2
[235/336    0s] WriteText Library/Bee/artifacts/2400b0aE.dag/HPR.Abilities.Editor.rsp
[240/336    0s] WriteText Library/Bee/artifacts/2400b0aE.dag/HPR.Eventbus.Tests.EditMode.rsp
[241/336    0s] WriteText Library/Bee/artifacts/2400b0aE.dag/HPR.Eventbus.Editor.rsp
[242/336    0s] WriteText Library/Bee/artifacts/2400b0aE.dag/HPR.Abilities.Tests.EditMode.rsp
[243/336    0s] WriteText Library/Bee/artifacts/2400b0aE.dag/Assembly-CSharp-Editor.rsp
[244/336    0s] WriteText Library/Bee/artifacts/2400b0aE.dag/HPR.Stats.Tests.EditMode.rsp
[297/336    1s] Csc Library/Bee/artifacts/2400b0aE.dag/HPR.Eventbus.Runtime.dll (+2 others)
[298/336    0s] CopyFiles Library/ScriptAssemblies/HPR.Eventbus.Runtime.pdb
[299/336    0s] CopyFiles Library/ScriptAssemblies/HPR.Eventbus.Runtime.dll
[300/336    0s] Csc Library/Bee/artifacts/2400b0aE.dag/HPR.Eventbus.Tests.EditMode.dll (+2 others)
[301/336    0s] Csc Library/Bee/artifacts/2400b0aE.dag/HPR.Eventbus.Demo.dll (+2 others)
[302/336    0s] Csc Library/Bee/artifacts/2400b0aE.dag/HPR.Stats.Runtime.dll (+2 others)
[303/336    0s] CopyFiles Library/ScriptAssemblies/HPR.Eventbus.Demo.pdb
[304/336    0s] CopyFiles Library/ScriptAssemblies/HPR.Eventbus.Demo.dll
[305/336    0s] CopyFiles Library/ScriptAssemblies/HPR.Eventbus.Tests.EditMode.dll
[306/336    0s] CopyFiles Library/ScriptAssemblies/HPR.Eventbus.Tests.EditMode.pdb
[307/336    0s] CopyFiles Library/ScriptAssemblies/HPR.Stats.Runtime.pdb
[308/336    0s] CopyFiles Library/ScriptAssemblies/HPR.Stats.Runtime.dll
[309/336    0s] Csc Library/Bee/artifacts/2400b0aE.dag/HPR.Stats.Demo.dll (+2 others)
[310/336    0s] CopyFiles Library/ScriptAssemblies/HPR.Stats.Demo.dll
[311/336    0s] CopyFiles Library/ScriptAssemblies/HPR.Stats.Demo.pdb
[312/336    0s] Csc Library/Bee/artifacts/2400b0aE.dag/HPR.Stats.Tests.EditMode.dll (+2 others)
[313/336    0s] CopyFiles Library/ScriptAssemblies/HPR.Stats.Tests.EditMode.pdb
[314/336    0s] CopyFiles Library/ScriptAssemblies/HPR.Stats.Tests.EditMode.dll
[315/336    0s] Csc Library/Bee/artifacts/2400b0aE.dag/HPR.Eventbus.Editor.dll (+2 others)
[316/336    0s] CopyFiles Library/ScriptAssemblies/HPR.Eventbus.Editor.dll
[317/336    0s] CopyFiles Library/ScriptAssemblies/HPR.Eventbus.Editor.pdb
[318/336    0s] Csc Library/Bee/artifacts/2400b0aE.dag/HPR.Abilities.Runtime.dll (+2 others)
[319/336    0s] CopyFiles Library/ScriptAssemblies/HPR.Abilities.Runtime.pdb
[320/336    0s] CopyFiles Library/ScriptAssemblies/HPR.Abilities.Runtime.dll
[321/336    0s] Csc Library/Bee/artifacts/2400b0aE.dag/HPR.Stats.Editor.dll (+2 others)
[322/336    0s] CopyFiles Library/ScriptAssemblies/HPR.Stats.Editor.pdb
[323/336    0s] CopyFiles Library/ScriptAssemblies/HPR.Stats.Editor.dll
[324/336    0s] Csc Library/Bee/artifacts/2400b0aE.dag/HPR.Abilities.Demo.dll (+2 others)
[325/336    0s] Csc Library/Bee/artifacts/2400b0aE.dag/HPR.Abilities.Tests.EditMode.dll (+2 others)
[326/336    0s] CopyFiles Library/ScriptAssemblies/HPR.Abilities.Demo.pdb
[327/336    0s] CopyFiles Library/ScriptAssemblies/HPR.Abilities.Demo.dll
[328/336    0s] CopyFiles Library/ScriptAssemblies/HPR.Abilities.Tests.EditMode.dll
[329/336    0s] CopyFiles Library/ScriptAssemblies/HPR.Abilities.Tests.EditMode.pdb
[330/336    0s] Csc Library/Bee/artifacts/2400b0aE.dag/HPR.Abilities.Editor.dll (+2 others)
[331/336    0s] CopyFiles Library/ScriptAssemblies/HPR.Abilities.Editor.pdb
[332/336    0s] CopyFiles Library/ScriptAssemblies/HPR.Abilities.Editor.dll
[333/336    0s] Csc Library/Bee/artifacts/2400b0aE.dag/Assembly-CSharp-Editor.dll (+2 others)
[334/336    0s] CopyFiles Library/ScriptAssemblies/Assembly-CSharp-Editor.pdb
[335/336    0s] CopyFiles Library/ScriptAssemblies/Assembly-CSharp-Editor.dll
*** Tundra build success (3.31 seconds), 64 items updated, 336 evaluated
AssetDatabase: script compilation time: 5.807504s
Begin MonoManager ReloadAssembly
Assembly Assembly-CSharp-Editor-firstpass.dll at Library/ScriptAssemblies/Assembly-CSharp-Editor-firstpass.dll not valid. Loading of assembly skipped.
Assembly Assembly-CSharp-firstpass.dll at Library/ScriptAssemblies/Assembly-CSharp-firstpass.dll not valid. Loading of assembly skipped.
Assembly Assembly-CSharp.dll at Library/ScriptAssemblies/Assembly-CSharp.dll not valid. Loading of assembly skipped.
Assembly TestNewCustomAssembly.dll at Library/ScriptAssemblies/TestNewCustomAssembly.dll not valid. Loading of assembly skipped.
Assembly Unity.Multiplayer.Center.Editor.Tests.dll at Library/ScriptAssemblies/Unity.Multiplayer.Center.Editor.Tests.dll not valid. Loading of assembly skipped.
Assembly Unity.Multiplayer.Center.Tests.dll at Library/ScriptAssemblies/Unity.Multiplayer.Center.Tests.dll not valid. Loading of assembly skipped.
Assembly Unity.TextMeshPro.Editor.Tests.dll at Library/ScriptAssemblies/Unity.TextMeshPro.Editor.Tests.dll not valid. Loading of assembly skipped.
Assembly Unity.TextMeshPro.Tests.dll at Library/ScriptAssemblies/Unity.TextMeshPro.Tests.dll not valid. Loading of assembly skipped.
Assembly UnityEditor.UI.Common.Tests.dll at Library/ScriptAssemblies/UnityEditor.UI.Common.Tests.dll not valid. Loading of assembly skipped.
Assembly UnityEditor.UI.EditorTests.dll at Library/ScriptAssemblies/UnityEditor.UI.EditorTests.dll not valid. Loading of assembly skipped.
Assembly UnityEngine.UI.Tests.dll at Library/ScriptAssemblies/UnityEngine.UI.Tests.dll not valid. Loading of assembly skipped.
Start importing Assets/com.hpr.eventbus using Guid(6741b3a901a51d825a83451b720ee9be) (DefaultImporter) -> (Import Result ID: '4969c2b728804c1ed470bfb1c7fa60b9') in 0.017811484 seconds [static dependencies only]. Details - ImportResultOutputID=454121385373ff066774ecc115329dca DependenciesID=2c60f31c7f810bb9fc179918ccd898a8 StaticDependenciesID=f6f6e2a460f4e88cc296206cb39d20bb 
Start importing Assets/com.hpr.stats using Guid(681c449a46f07eb0dad846b1e79c7e70) (DefaultImporter) -> (Import Result ID: 'ac0e63dd9b59bdf78bd649f096b72111') in 0.0007266 seconds [static dependencies only]. Details - ImportResultOutputID=b891e8df7eae291bd8efdcc10466cb2f DependenciesID=aa34b173a40b78feae07d980a0a87037 StaticDependenciesID=04678156ad7b1431365143f59abf9495 
Start importing Assets/com.hpr.abilities using Guid(9bd0c5f0425217b349bd0cf96bee5e57) (DefaultImporter) -> (Import Result ID: '0c6378c91fedc72dc40d59f0f6353124') in 0.00064535 seconds [static dependencies only]. Details - ImportResultOutputID=1158baa9fbff7d0a854fc1ebf156cc03 DependenciesID=28b0e1340edaf6218a53678996d585e1 StaticDependenciesID=d3750c517f3b98ae59f3c5c80e9ea1ee 
Native extension for LinuxStandalone target not found
ScheduleIndexationOnStartup MainProcess:True IndexOnStartup:True
Mono: successfully reloaded assembly
- Finished resetting the current domain, in  0.580 seconds
Domain Reload Profiling: 1214ms
	BeginReloadAssembly (330ms)
		DisableScriptedObjects (13ms)
		CreateAndSetChildDomain (184ms)
	RebuildCommonClasses (55ms)
	RebuildNativeTypeToScriptingClass (15ms)
	initialDomainReloadingComplete (43ms)
	LoadAllAssembliesAndSetupDomain (187ms)
		LoadAssemblies (215ms)
		AnalyzeDomain (45ms)
			TypeCache.Refresh (26ms)
				TypeCache.ScanAssembly (18ms)
			BuildScriptInfoCaches (13ms)
			ResolveRequiredComponents (4ms)
	FinalizeReload (583ms)
		SetupLoadedEditorAssemblies (0ms)
			InitializePlatformSupportModulesInManaged (27ms)
			BeforeProcessingInitializeOnLoad (182ms)
			ProcessInitializeOnLoadAttributes (114ms)
			ProcessInitializeOnLoadMethodAttributes (79ms)
			AfterProcessingInitializeOnLoad (4ms)
		AwakeInstancesAfterBackupRestoration (6ms)
Start importing Assets/com.hpr.abilities/Demo/AbilitiesDemo.unity using Guid(0fd7db02c6302de6a892bc47c20bd557) (DefaultImporter) -> (Import Result ID: '06cf40a93960f72e42911144f7c39438') in 0.000517567 seconds [static dependencies only]. Details - ImportResultOutputID=8888cb56bb60ed0160fde436b616141c DependenciesID=af8da1eb350e919bc205850fd63fc726 StaticDependenciesID=6cd6ba11da3dc03c67418d668747b8f4 
Start importing Assets/com.hpr.eventbus/package.json using Guid(948bc03d0e4b748b9cdc39bad95aba83) (TextScriptImporter) -> (Import Result ID: '5d4ebbbcd619f040e3a021cbb7fa2c90') in 0.000811352 seconds [static dependencies only]. Details - ImportResultOutputID=153a9053fe97e69c5e1583c417f358cd DependenciesID=9c276ae822f9e1de6da6e32f3c72edd6 StaticDependenciesID=e814c7fbee1384120c883b84edcdcedd 
Start importing Assets/com.hpr.stats/package.json using Guid(b940ea32091647cea91175f8be73b446) (TextScriptImporter) -> (Import Result ID: '45301098eed699f451be9ff84551dc45') in 0.000628979 seconds [static dependencies only]. Details - ImportResultOutputID=e5b09e7d385cafbfb8f7766cc4dc6ae6 DependenciesID=d928a1a2f0244b3d2643a3f61810986a StaticDependenciesID=2bd113f09a10cf7bcb1dd4e294a645bf 
Start importing Assets/com.hpr.abilities/package.json using Guid(ae728d8fad8c3acfabb122300bf3bd0c) (TextScriptImporter) -> (Import Result ID: '4fab084926b55ec9b2afd60a5b094a9b') in 0.000595444 seconds [static dependencies only]. Details - ImportResultOutputID=6bd5573376cd0b5df5079defafe78ff8 DependenciesID=fb5a763dc6e6a6f71c5c59858e3b114d StaticDependenciesID=64bf9fc483db32219f25647cfff3cec2 
(Values over 0.050ms)
Asset Pipeline Refresh (id=83b2d5343111be97a878ce236dff0c17): Total: 7.541 seconds - Initiated by InitialRefreshV2(ForceSynchronousImport)
	Summary:
		Imports: total=7 (actual=7, local cache=0, cache server=0)
		Asset DB Process Time: managed=4 ms, native=819 ms
		Asset DB Callback time: managed=100 ms, native=160 ms
		Scripting: domain reloads=1, domain reload time=631 ms, compile time=5810 ms, other=12 ms
		Project Asset Count: scripts=286, non-scripts=156
		Asset File Changes: new=5, changed=22, moved=86, deleted=3
		Scan Filter Count: 1
	InvokePackagesCallback: 153.791ms
	ApplyChangesToAssetFolders: 0.280ms
	Scan: 117.681ms
	OnSourceAssetsModified: 1.180ms
	CategorizeScriptCompilationAssets: 7.895ms
	ProcessAssetsWithTransientArtifactChanges: 15.835ms
	CategorizeAssets: 2.764ms
	CompileScripts: 5809.722ms
	ImportOutOfDateAssets: 612.085ms (584.636ms without children)
		ImportManagerImport: 26.922ms (4.326ms without children)
		UnloadImportedAssets: 0.257ms
		EnsureUptoDateAssetsAreRegisteredWithGuidPM: 0.088ms
		OnDemandSchedulerStart: 0.178ms
	PostProcessAllAssets: 105.835ms
		AssemblyValidation.PostprocessAllAssets 3.738ms
		VCAutoAddAssetPostprocess 1.163ms
		LocalizationDatabase.AssetDatabasePostprocessCallback 0.069ms
		PostProcessCallbackCreateDeferredMaterials 0.052ms
		MonoPostProcessAllAssets: 99.397ms
			AssetPostprocessor.OnPostprocessAllAssets 38.019ms
			StyleCatalogPostProcessor.OnPostprocessAllAssets 15.231ms
			WindowAssetPostprocessingWatcher.OnPostprocessAllAssets 10.693ms
			BuilderAssetPostprocessor.OnPostprocessAllAssets 8.597ms
			AssetChangedListener.OnPostprocessAllAssets 4.469ms
			SyncVS.PostprocessSyncProject 2.268ms
			RetainedModeAssetPostprocessor.OnPostprocessAllAssets 1.408ms
			TextAssetPostProcessor.OnPostprocessAllAssets 1.077ms
			SpeedTree9Postprocessor.OnPostprocessAllAssets 0.958ms
			ArtifactBrowserPostProcessor.OnPostprocessAllAssets 0.888ms
			TMPro_TexturePostProcessor.OnPostprocessAllAssets 0.795ms
			ReferencedClipsPostProcessor.OnPostprocessAllAssets 0.564ms
			AudioMixerPostprocessor.OnPostprocessAllAssets 0.387ms
			AssetEvents.OnPostprocessAllAssets 0.345ms
			TerrainToolbarOverlayPostProcessor.OnPostprocessAllAssets 0.248ms
			SpeedTreePostProcessor.OnPostprocessAllAssets 0.210ms
			AssetDatabaseCallbacks.OnPostprocessAllAssets 0.202ms
			ConfigAssetsTracker.OnPostprocessAllAssets 0.184ms
			ScenarioDriftAssetsTracker.OnPostprocessAllAssets 0.159ms
			RenderPipelineGlobalSettingsPostprocessor.OnPostprocessAllAssets 0.110ms
			AudioContainerPostProcessor.OnPostprocessAllAssets 0.096ms
	PostAssetChangesProfiler: 1.021ms
	UnloadStreamsBegin: 1.693ms
	PersistCurrentRevisions: 0.062ms
	GenerateScriptTypeHashes: 0.305ms
	GenerateScriptTypeSerializationHashes: 0.685ms
	Untracked: 710.369ms

Application.AssetDatabase Initial Refresh End
Scanning for USB devices : 2.153ms
Initializing Unity extensions:
UpdateMenuTitleForLanguage: 10
[MODES] ModeService[none].Initialize
[MODES] ModeService[none].LoadModes
[MODES] Loading mode Default (0) for mode-current-id-sale_com_hpr_abilities
Unloading 4 Unused Serialized files (Serialized files now loaded: 0)
Unloading 860 unused Assets / (1.4 MB). Loaded Objects now: 1462.
Memory consumption went from 92.2 MB to 90.8 MB.
Total: 10.838398 ms (FindLiveObjects: 0.119101 ms CreateObjectMapping: 0.072809 ms MarkObjects: 9.572645 ms  DeleteObjects: 1.072661 ms)

Batchmode quit successfully invoked - shutting down!
Curl error 42: Callback aborted
[Physics::Module] Cleanup current backend.
[Physics::Module] Id: 0xf2b8ea05
Input System module state changed to: ShutdownInProgress.
Input Polling Thread exited.
Input System module state changed to: Shutdown.
[Licensing::IpcConnector] LicenseClient-hans-notifications channel disconnected successfully.
[Licensing::IpcConnector] LicenseClient-hans channel disconnected successfully.
AcceleratorClientConnectionCallback - disconnected - :0
info: Microsoft.Hosting.Lifetime[0]
      Application is shutting down...
Cleanup mono
CodeReloadManager destroyed
debugger-agent: Unable to listen on 39
Exiting batchmode successfully now!
