Unity Editor version:    6000.4.0f1 (8cf496087c8f)
Branch:                  6000.4/staging
Build type:              Release
Batch mode:              YES
System name:             Linux
Distro version:          #202511241048~1764607909~24.04~df6b2b6 SMP PREEMPT_DYNAMIC Mon D
Kernel version:          6.17.9-76061709-generic
Architecture:            x86_64
Available memory:        64131 MB
Date:                    2026-04-01T07:13:01Z
[Licensing::Module] Trying to connect to existing licensing client channel...
Initialize udev device monitor.
[Licensing::IpcConnector] Channel LicenseClient-hans doesn't exist
[Licensing::Module] Successfully launched the LicensingClient (PId: 446576)

COMMAND LINE ARGUMENTS:
/data/apps/Unity/Hub/Editor/6000.4.0f1/Editor/Unity
-batchmode
-nographics
-quit
-projectPath
/data/tmp/hpr_assetstore_sale/projects/sale_com_hpr_abilities
-executeMethod
HprPackageExportRunner.ExportFromEnvironment
-logFile
/data/src/github/games/doc/logs/package_sale_prep/20260401_090335_com_hpr_abilities_export.log
Successfully changed project path to: /data/tmp/hpr_assetstore_sale/projects/sale_com_hpr_abilities
/data/tmp/hpr_assetstore_sale/projects/sale_com_hpr_abilities
[UnityMemory] Configuration Parameters - Can be set up in boot.config
    "memorysetup-temp-allocator-size-gi-baking-worker=262144"
    "memorysetup-temp-allocator-size-gi-baking-worker=262144"
    "memorysetup-temp-allocator-size-gi-baking-worker=262144"
    "memorysetup-temp-allocator-size-gi-baking-worker=262144"
    "memorysetup-temp-allocator-size-gi-baking-worker=262144"
    "memorysetup-temp-allocator-size-nav-mesh-worker=65536"
    "memorysetup-temp-allocator-size-audio-worker=65536"
    "memorysetup-temp-allocator-size-cloud-worker=32768"
    "memorysetup-allocator-temp-initial-block-size-main=262144"
    "memorysetup-allocator-temp-initial-block-size-worker=262144"
    "memorysetup-temp-allocator-size-background-worker=32768"
    "memorysetup-temp-allocator-size-job-worker=262144"
    "memorysetup-temp-allocator-size-preload-manager=33554432"
    "memorysetup-temp-allocator-size-gfx=262144"
    "memorysetup-bucket-allocator-granularity=16"
    "memorysetup-bucket-allocator-bucket-count=8"
    "memorysetup-bucket-allocator-block-size=33554432"
    "memorysetup-bucket-allocator-block-count=8"
    "memorysetup-main-allocator-block-size=16777216"
    "memorysetup-thread-allocator-block-size=16777216"
    "memorysetup-gfx-main-allocator-block-size=16777216"
    "memorysetup-gfx-thread-allocator-block-size=16777216"
    "memorysetup-cache-allocator-block-size=4194304"
    "memorysetup-typetree-allocator-block-size=2097152"
    "memorysetup-profiler-bucket-allocator-granularity=16"
    "memorysetup-profiler-bucket-allocator-bucket-count=8"
    "memorysetup-profiler-bucket-allocator-block-size=33554432"
    "memorysetup-profiler-bucket-allocator-block-count=8"
    "memorysetup-profiler-allocator-block-size=16777216"
    "memorysetup-profiler-editor-allocator-block-size=1048576"
    "memorysetup-temp-allocator-size-main=16777216"
    "memorysetup-job-temp-allocator-block-size=2097152"
    "memorysetup-job-temp-allocator-block-size-background=1048576"
    "memorysetup-job-temp-allocator-reduction-small-platforms=262144"
Player connection [135140651559744]  Target information:

Player connection [135140651559744]  * "[IP] 192.168.0.132 [Port] 55504 [Flags] 2 [Guid] 3929514167 [EditorId] 3929514167 [Version] 1048832 [Id] LinuxEditor(16,192.168.0.132) [Debug] 1 [PackageName] LinuxEditor [ProjectName] Editor" 

Player connection [135140651559744]  * "[IP] 172.17.0.1 [Port] 55504 [Flags] 2 [Guid] 3929514167 [EditorId] 3929514167 [Version] 1048832 [Id] LinuxEditor(16,192.168.0.132) [Debug] 1 [PackageName] LinuxEditor [ProjectName] Editor" 

Player connection [135140651559744]  * "[IP] 10.8.0.2 [Port] 55504 [Flags] 2 [Guid] 3929514167 [EditorId] 3929514167 [Version] 1048832 [Id] LinuxEditor(16,192.168.0.132) [Debug] 1 [PackageName] LinuxEditor [ProjectName] Editor" 

Player connection [135140651559744] Host joined multi-casting on [225.0.0.222:54997]...
Player connection [135140651559744] Host joined alternative multi-casting on [225.0.0.222:34997]...
Input System module state changed to: Initialized.
[Physics::Module] Initialized fallback backend.
[Physics::Module] Id: 0xdecafbad
[Licensing::IpcConnector] Successfully connected to: "LicenseClient-hans" at "2026-04-01T07:13:02.285888Z"
[SignatureVerifier] Application signature verification not supported on this platform.
[Package Manager] Connected to IPC stream "Upm-446565" after 0.4 seconds.
[Licensing::Module] Licensing is not yet initialized.
[Licensing::Client] Handshaking with LicensingClient:
  Version:                 1.18.1+9fbee8e
  Session Id:              d1ccb0bb2f404ce6b1b6df887cdc86ce
  Correlation Id:          58031471b80378b34f638c94da8d63a8
  External correlation Id: 695493374259476512
  Machine Id:              l9JneE/oSM2w6bwb29/I//rgSro=
[Licensing::Module] Successfully connected to LicensingClient on channel: "LicenseClient-hans" (connect: 0.38s, validation: 0.13s, handshake: 0.00s)
[Licensing::IpcConnector] Successfully connected to: "LicenseClient-hans-notifications" at "2026-04-01T07:13:02.413275Z"
[Licensing::Module] Connected to LicensingClient (PId: 446576, launch time: 0.00, total connection time: 0.50s)
[Licensing::Module] Error: Access token is unavailable; failed to update
[Licensing::Client] Successfully resolved entitlement details
[Licensing::Module] License group:
  Id: 9072370782505-UnityPersXXXX
  Product: Unity Personal
  Type: Assigned
  Expiration: Unlimited
[Licensing::Client] Successfully updated license, isAsync: True, time: 0.01
[Licensing::Client] Successfully resolved entitlement details
[Licensing::Module] Licensing Background thread has ended after 0.62s
[Licensing::Module] Licensing is initialized (took 0.18s).
[Licensing::Client] Successfully resolved entitlement details
Library Redirect Path: Library/
FMOD failed to initialize the output device.: "Error initializing output device. " (60)
Forced to initialize FMOD to to the device driver's system output rate 48000, this may impact performance and/or give inconsistent experiences compared to selected sample rate 48000
FMOD failed to initialize the output device.: "Error initializing output device. " (60)
FMOD initialized on nosound output
[Physics::Module] Selected backend.
[Physics::Module] Name: PhysX
[Physics::Module] Id: 0xf2b8ea05
[Physics::Module] SDK Version: 4.1.2
[Physics::Module] Integration Version: 1.0.0
[Physics::Module] Threading Mode: Multi-Threaded
Initialize engine version: 6000.4.0f1 (8cf496087c8f)
[Subsystems] Discovering subsystems at path /data/apps/Unity/Hub/Editor/6000.4.0f1/Editor/Data/Resources/UnitySubsystems
[Subsystems] Discovering subsystems at path /data/tmp/hpr_assetstore_sale/projects/sale_com_hpr_abilities/Assets
Forcing GfxDevice: Null
GfxDevice: creating device client; kGfxThreadingModeNonThreaded
NullGfxDevice:
    Version:  NULL 1.0 [1.0]
    Renderer: Null Device
    Vendor:   Unity Technologies
Initialize mono
Mono path[0] = '/data/apps/Unity/Hub/Editor/6000.4.0f1/Editor/Data/Managed'
Mono path[1] = '/data/apps/Unity/Hub/Editor/6000.4.0f1/Editor/Data/MonoBleedingEdge/lib/mono/unityjit-linux'
Mono config path = '/data/apps/Unity/Hub/Editor/6000.4.0f1/Editor/Data/MonoBleedingEdge/etc'
Using monoOptions --debugger-agent=transport=dt_socket,embedding=1,server=y,suspend=n,address=127.0.0.1:56565
CodeReloadManager initialized
Using cacheserver namespaces - metadata:defaultmetadata, artifacts:defaultartifacts
Using cacheserver namespaces - metadata:defaultmetadata, artifacts:defaultartifacts
ImportWorker Server TCP listen port: 0
AcceleratorClientConnectionCallback - disconnected - :0
Begin MonoManager ReloadAssembly
Registering precompiled unity dll's ...
Register platform support module: /data/apps/Unity/Hub/Editor/6000.4.0f1/Editor/Data/PlaybackEngines/LinuxStandaloneSupport/UnityEditor.LinuxStandalone.Extensions.dll
Registered in 0.001842 seconds.
Native extension for LinuxStandalone target not found
Package Manager log level set to [2]
[Licensing::Client] Successfully resolved entitlement details
ScheduleIndexationOnStartup MainProcess:False IndexOnStartup:False
Mono: successfully reloaded assembly
- Finished resetting the current domain, in  1.202 seconds
Domain Reload Profiling: 1857ms
	BeginReloadAssembly (131ms)
		CreateAndSetChildDomain (14ms)
	RebuildCommonClasses (87ms)
	RebuildNativeTypeToScriptingClass (14ms)
	initialDomainReloadingComplete (92ms)
	LoadAllAssembliesAndSetupDomain (329ms)
		LoadAssemblies (116ms)
		AnalyzeDomain (314ms)
			TypeCache.Refresh (312ms)
				TypeCache.ScanAssembly (293ms)
	FinalizeReload (1204ms)
		SetupLoadedEditorAssemblies (0ms)
			InitializePlatformSupportModulesInManaged (70ms)
			BeforeProcessingInitializeOnLoad (155ms)
			ProcessInitializeOnLoadAttributes (173ms)
			ProcessInitializeOnLoadMethodAttributes (703ms)
[Licensing::Client] Successfully resolved entitlement details
Application.AssetDatabase Initial Refresh Start
[Package Manager] Restoring resolved packages state from cache
[Licensing::Client] Successfully resolved entitlement details
[Package Manager] Registered 40 packages:
  Built-in packages:
    com.unity.multiplayer.center@1.0.1 (location: /data/tmp/hpr_assetstore_sale/projects/sale_com_hpr_abilities/Library/PackageCache/com.unity.multiplayer.center@53ad5a5c2bfb)
    com.unity.modules.accessibility@1.0.0 (location: /data/tmp/hpr_assetstore_sale/projects/sale_com_hpr_abilities/Library/PackageCache/com.unity.modules.accessibility)
    com.unity.modules.adaptiveperformance@1.0.0 (location: /data/tmp/hpr_assetstore_sale/projects/sale_com_hpr_abilities/Library/PackageCache/com.unity.modules.adaptiveperformance)
    com.unity.modules.ai@1.0.0 (location: /data/tmp/hpr_assetstore_sale/projects/sale_com_hpr_abilities/Library/PackageCache/com.unity.modules.ai)
    com.unity.modules.androidjni@1.0.0 (location: /data/tmp/hpr_assetstore_sale/projects/sale_com_hpr_abilities/Library/PackageCache/com.unity.modules.androidjni)
    com.unity.modules.animation@1.0.0 (location: /data/tmp/hpr_assetstore_sale/projects/sale_com_hpr_abilities/Library/PackageCache/com.unity.modules.animation)
    com.unity.modules.assetbundle@1.0.0 (location: /data/tmp/hpr_assetstore_sale/projects/sale_com_hpr_abilities/Library/PackageCache/com.unity.modules.assetbundle)
    com.unity.modules.audio@1.0.0 (location: /data/tmp/hpr_assetstore_sale/projects/sale_com_hpr_abilities/Library/PackageCache/com.unity.modules.audio)
    com.unity.modules.cloth@1.0.0 (location: /data/tmp/hpr_assetstore_sale/projects/sale_com_hpr_abilities/Library/PackageCache/com.unity.modules.cloth)
    com.unity.modules.director@1.0.0 (location: /data/tmp/hpr_assetstore_sale/projects/sale_com_hpr_abilities/Library/PackageCache/com.unity.modules.director)
    com.unity.modules.imageconversion@1.0.0 (location: /data/tmp/hpr_assetstore_sale/projects/sale_com_hpr_abilities/Library/PackageCache/com.unity.modules.imageconversion)
    com.unity.modules.imgui@1.0.0 (location: /data/tmp/hpr_assetstore_sale/projects/sale_com_hpr_abilities/Library/PackageCache/com.unity.modules.imgui)
    com.unity.modules.jsonserialize@1.0.0 (location: /data/tmp/hpr_assetstore_sale/projects/sale_com_hpr_abilities/Library/PackageCache/com.unity.modules.jsonserialize)
    com.unity.modules.particlesystem@1.0.0 (location: /data/tmp/hpr_assetstore_sale/projects/sale_com_hpr_abilities/Library/PackageCache/com.unity.modules.particlesystem)
    com.unity.modules.physics@1.0.0 (location: /data/tmp/hpr_assetstore_sale/projects/sale_com_hpr_abilities/Library/PackageCache/com.unity.modules.physics)
    com.unity.modules.physics2d@1.0.0 (location: /data/tmp/hpr_assetstore_sale/projects/sale_com_hpr_abilities/Library/PackageCache/com.unity.modules.physics2d)
    com.unity.modules.screencapture@1.0.0 (location: /data/tmp/hpr_assetstore_sale/projects/sale_com_hpr_abilities/Library/PackageCache/com.unity.modules.screencapture)
    com.unity.modules.terrain@1.0.0 (location: /data/tmp/hpr_assetstore_sale/projects/sale_com_hpr_abilities/Library/PackageCache/com.unity.modules.terrain)
    com.unity.modules.terrainphysics@1.0.0 (location: /data/tmp/hpr_assetstore_sale/projects/sale_com_hpr_abilities/Library/PackageCache/com.unity.modules.terrainphysics)
    com.unity.modules.tilemap@1.0.0 (location: /data/tmp/hpr_assetstore_sale/projects/sale_com_hpr_abilities/Library/PackageCache/com.unity.modules.tilemap)
    com.unity.modules.ui@1.0.0 (location: /data/tmp/hpr_assetstore_sale/projects/sale_com_hpr_abilities/Library/PackageCache/com.unity.modules.ui)
    com.unity.modules.uielements@1.0.0 (location: /data/tmp/hpr_assetstore_sale/projects/sale_com_hpr_abilities/Library/PackageCache/com.unity.modules.uielements)
    com.unity.modules.umbra@1.0.0 (location: /data/tmp/hpr_assetstore_sale/projects/sale_com_hpr_abilities/Library/PackageCache/com.unity.modules.umbra)
    com.unity.modules.unityanalytics@1.0.0 (location: /data/tmp/hpr_assetstore_sale/projects/sale_com_hpr_abilities/Library/PackageCache/com.unity.modules.unityanalytics)
    com.unity.modules.unitywebrequest@1.0.0 (location: /data/tmp/hpr_assetstore_sale/projects/sale_com_hpr_abilities/Library/PackageCache/com.unity.modules.unitywebrequest)
    com.unity.modules.unitywebrequestassetbundle@1.0.0 (location: /data/tmp/hpr_assetstore_sale/projects/sale_com_hpr_abilities/Library/PackageCache/com.unity.modules.unitywebrequestassetbundle)
    com.unity.modules.unitywebrequestaudio@1.0.0 (location: /data/tmp/hpr_assetstore_sale/projects/sale_com_hpr_abilities/Library/PackageCache/com.unity.modules.unitywebrequestaudio)
    com.unity.modules.unitywebrequesttexture@1.0.0 (location: /data/tmp/hpr_assetstore_sale/projects/sale_com_hpr_abilities/Library/PackageCache/com.unity.modules.unitywebrequesttexture)
    com.unity.modules.unitywebrequestwww@1.0.0 (location: /data/tmp/hpr_assetstore_sale/projects/sale_com_hpr_abilities/Library/PackageCache/com.unity.modules.unitywebrequestwww)
    com.unity.modules.vectorgraphics@1.0.0 (location: /data/tmp/hpr_assetstore_sale/projects/sale_com_hpr_abilities/Library/PackageCache/com.unity.modules.vectorgraphics)
    com.unity.modules.vehicles@1.0.0 (location: /data/tmp/hpr_assetstore_sale/projects/sale_com_hpr_abilities/Library/PackageCache/com.unity.modules.vehicles)
    com.unity.modules.video@1.0.0 (location: /data/tmp/hpr_assetstore_sale/projects/sale_com_hpr_abilities/Library/PackageCache/com.unity.modules.video)
    com.unity.modules.vr@1.0.0 (location: /data/tmp/hpr_assetstore_sale/projects/sale_com_hpr_abilities/Library/PackageCache/com.unity.modules.vr)
    com.unity.modules.wind@1.0.0 (location: /data/tmp/hpr_assetstore_sale/projects/sale_com_hpr_abilities/Library/PackageCache/com.unity.modules.wind)
    com.unity.modules.xr@1.0.0 (location: /data/tmp/hpr_assetstore_sale/projects/sale_com_hpr_abilities/Library/PackageCache/com.unity.modules.xr)
    com.unity.ugui@2.0.0 (location: /data/tmp/hpr_assetstore_sale/projects/sale_com_hpr_abilities/Library/PackageCache/com.unity.ugui@288051c775ab)
    com.unity.test-framework@1.6.0 (location: /data/tmp/hpr_assetstore_sale/projects/sale_com_hpr_abilities/Library/PackageCache/com.unity.test-framework@f63be82e0d2e)
    com.unity.ext.nunit@2.0.5 (location: /data/tmp/hpr_assetstore_sale/projects/sale_com_hpr_abilities/Library/PackageCache/com.unity.ext.nunit@ec2d0043d6fc)
    com.unity.modules.subsystems@1.0.0 (location: /data/tmp/hpr_assetstore_sale/projects/sale_com_hpr_abilities/Library/PackageCache/com.unity.modules.subsystems)
    com.unity.modules.hierarchycore@1.0.0 (location: /data/tmp/hpr_assetstore_sale/projects/sale_com_hpr_abilities/Library/PackageCache/com.unity.modules.hierarchycore)
[Subsystems] No new subsystems found in resolved package list.
[Package Manager] Done registering packages in 0.01 seconds
info: Microsoft.Hosting.Lifetime[14]
      Now listening on: http://unix:/tmp/ilpp.sock-e6adeec390d7770d14023a7f7337f9f4
info: Microsoft.Hosting.Lifetime[0]
      Application started. Press Ctrl+C to shut down.
info: Microsoft.Hosting.Lifetime[0]
      Hosting environment: Production
info: Microsoft.Hosting.Lifetime[0]
      Content root path: /data/tmp/hpr_assetstore_sale/projects/sale_com_hpr_abilities
info: Microsoft.AspNetCore.Hosting.Diagnostics[1]
      Request starting HTTP/2 POST http://ilpp/UnityILPP.PostProcessing/Ping - application/grpc -
info: Microsoft.AspNetCore.Routing.EndpointMiddleware[0]
      Executing endpoint 'gRPC - /UnityILPP.PostProcessing/Ping'
info: Microsoft.AspNetCore.Routing.EndpointMiddleware[1]
      Executed endpoint 'gRPC - /UnityILPP.PostProcessing/Ping'
info: Microsoft.AspNetCore.Hosting.Diagnostics[2]
      Request finished HTTP/2 POST http://ilpp/UnityILPP.PostProcessing/Ping - 200 - application/grpc 47.7254ms
Starting: /data/apps/Unity/Hub/Editor/6000.4.0f1/Editor/Data/Tools/BuildPipeline/bee_backend --ipc --defer-dag-verification --dagfile="Library/Bee/2400b0aE.dag" --continue-on-failure --profile="Library/Bee/backend1.traceevents" ScriptAssemblies
WorkingDir: /data/tmp/hpr_assetstore_sale/projects/sale_com_hpr_abilities
DisplayProgressbar: Compiling Scripts
ExitCode: 0 Duration: 0s150ms
*** Tundra build success (0.12 seconds), 0 items updated, 336 evaluated
AssetDatabase: script compilation time: 0.716592s
Begin MonoManager ReloadAssembly
Assembly Assembly-CSharp-Editor-firstpass.dll at Library/ScriptAssemblies/Assembly-CSharp-Editor-firstpass.dll not valid. Loading of assembly skipped.
Assembly Assembly-CSharp-firstpass.dll at Library/ScriptAssemblies/Assembly-CSharp-firstpass.dll not valid. Loading of assembly skipped.
Assembly Assembly-CSharp.dll at Library/ScriptAssemblies/Assembly-CSharp.dll not valid. Loading of assembly skipped.
Assembly TestNewCustomAssembly.dll at Library/ScriptAssemblies/TestNewCustomAssembly.dll not valid. Loading of assembly skipped.
Assembly Unity.Multiplayer.Center.Editor.Tests.dll at Library/ScriptAssemblies/Unity.Multiplayer.Center.Editor.Tests.dll not valid. Loading of assembly skipped.
Assembly Unity.Multiplayer.Center.Tests.dll at Library/ScriptAssemblies/Unity.Multiplayer.Center.Tests.dll not valid. Loading of assembly skipped.
Assembly Unity.TextMeshPro.Editor.Tests.dll at Library/ScriptAssemblies/Unity.TextMeshPro.Editor.Tests.dll not valid. Loading of assembly skipped.
Assembly Unity.TextMeshPro.Tests.dll at Library/ScriptAssemblies/Unity.TextMeshPro.Tests.dll not valid. Loading of assembly skipped.
Assembly UnityEditor.UI.Common.Tests.dll at Library/ScriptAssemblies/UnityEditor.UI.Common.Tests.dll not valid. Loading of assembly skipped.
Assembly UnityEditor.UI.EditorTests.dll at Library/ScriptAssemblies/UnityEditor.UI.EditorTests.dll not valid. Loading of assembly skipped.
Assembly UnityEngine.UI.Tests.dll at Library/ScriptAssemblies/UnityEngine.UI.Tests.dll not valid. Loading of assembly skipped.
Native extension for LinuxStandalone target not found
ScheduleIndexationOnStartup MainProcess:True IndexOnStartup:True
Mono: successfully reloaded assembly
- Finished resetting the current domain, in  0.713 seconds
Domain Reload Profiling: 1404ms
	BeginReloadAssembly (346ms)
		DisableScriptedObjects (20ms)
		CreateAndSetChildDomain (167ms)
	RebuildCommonClasses (60ms)
	RebuildNativeTypeToScriptingClass (15ms)
	initialDomainReloadingComplete (51ms)
	LoadAllAssembliesAndSetupDomain (216ms)
		LoadAssemblies (237ms)
		AnalyzeDomain (53ms)
			TypeCache.Refresh (31ms)
				TypeCache.ScanAssembly (24ms)
			BuildScriptInfoCaches (16ms)
			ResolveRequiredComponents (4ms)
	FinalizeReload (715ms)
		SetupLoadedEditorAssemblies (0ms)
			InitializePlatformSupportModulesInManaged (34ms)
			BeforeProcessingInitializeOnLoad (226ms)
			ProcessInitializeOnLoadAttributes (129ms)
			ProcessInitializeOnLoadMethodAttributes (109ms)
			AfterProcessingInitializeOnLoad (5ms)
		AwakeInstancesAfterBackupRestoration (7ms)
(Values over 0.050ms)
Asset Pipeline Refresh (id=7c99da1c7d660fbeca2329afc20a25a2): Total: 2.535 seconds - Initiated by InitialRefreshV2(ForceSynchronousImport)
	Summary:
		Imports: total=0 (actual=0, local cache=0, cache server=0)
		Asset DB Process Time: managed=0 ms, native=1054 ms
		Asset DB Callback time: managed=38 ms, native=6 ms
		Scripting: domain reloads=1, domain reload time=689 ms, compile time=720 ms, other=24 ms
		Project Asset Count: scripts=286, non-scripts=156
		Asset File Changes: new=0, changed=0, moved=0, deleted=0
		Scan Filter Count: 1
	InvokePackagesCallback: 7.163ms
	ApplyChangesToAssetFolders: 0.309ms
	Scan: 188.588ms
	CategorizeScriptCompilationAssets: 16.053ms
	ProcessAssetsWithTransientArtifactChanges: 15.972ms
	CategorizeAssets: 3.644ms
	CompileScripts: 719.690ms
	ImportOutOfDateAssets: 717.078ms (716.338ms without children)
		UnloadImportedAssets: 0.399ms
		EnsureUptoDateAssetsAreRegisteredWithGuidPM: 0.125ms
		OnDemandSchedulerStart: 0.215ms
	PostProcessAllAssets: 38.639ms
		MonoPostProcessAllAssets: 38.578ms
			WindowAssetPostprocessingWatcher.OnPostprocessAllAssets 17.120ms
			SyncVS.PostprocessSyncProject 2.772ms
			SpeedTree9Postprocessor.OnPostprocessAllAssets 1.531ms
			ReferencedClipsPostProcessor.OnPostprocessAllAssets 0.758ms
			TerrainToolbarOverlayPostProcessor.OnPostprocessAllAssets 0.413ms
			AssetDatabaseCallbacks.OnPostprocessAllAssets 0.322ms
			RenderPipelineGlobalSettingsPostprocessor.OnPostprocessAllAssets 0.154ms
	UnloadStreamsBegin: 1.892ms
	GenerateScriptTypeHashes: 0.338ms
	GenerateScriptTypeSerializationHashes: 0.767ms
	Untracked: 825.143ms

Application.AssetDatabase Initial Refresh End
Scanning for USB devices : 4.699ms
Initializing Unity extensions:
UpdateMenuTitleForLanguage: 10
[MODES] ModeService[none].Initialize
[MODES] ModeService[none].LoadModes
[MODES] Loading mode Default (0) for mode-current-id-sale_com_hpr_abilities
Unloading 4 Unused Serialized files (Serialized files now loaded: 0)
Unloading 859 unused Assets / (1.2 MB). Loaded Objects now: 1459.
Memory consumption went from 91.0 MB to 89.8 MB.
Total: 8.556372 ms (FindLiveObjects: 0.116996 ms CreateObjectMapping: 0.066143 ms MarkObjects: 7.329359 ms  DeleteObjects: 1.042619 ms)

Asset Pipeline Refresh (id=07a089371d3f5388eba6ed7cd2786560): Total: 0.084 seconds - Initiated by RefreshV2(NoUpdateAssetOptions)
Starting new worker id: 0 with log in /data/tmp/hpr_assetstore_sale/projects/sale_com_hpr_abilities/Logs/AssetImportWorker0.log
Starting new worker id: 1 with log in /data/tmp/hpr_assetstore_sale/projects/sale_com_hpr_abilities/Logs/AssetImportWorker1.log
Worker ready: AssetImportWorker1 1
Worker ready: AssetImportWorker0 0
[Worker1] Start importing Assets/com.hpr.eventbus/Demo/HPR.Eventbus.Demo.asmdef using Guid(ed9d2a9eb4ff26471853a7399b3c0cab) Importer(815301076,1909f56bfc062723c751e8b465ee728b) 
[Worker1] (PreviewImporter)
[Worker1]  -> (Import Result ID: '1a7035df29f9257d78b01f93ff2133c6') in 0.003325002 seconds [static and dynamic dependencies]. Details - ImportResultOutputID=215bc038353fd73762354d739abdf774 DependenciesID=95b5fb1940d8243831c9804548cd7999 StaticDependenciesID=8fb01d3cce94471777577662416603e9 
[Worker1] Start importing Assets/com.hpr.stats/ThirdPartyNotices.md using Guid(b06ef92906313371b8d27b1e60e783cc) Importer(815301076,1909f56bfc062723c751e8b465ee728b) 
[Worker1] (PreviewImporter)
[Worker1]  -> (Import Result ID: '906ed1b22f7838a68dbae148bb8508c3') in 0.025634751 seconds [static and dynamic dependencies]. Details - ImportResultOutputID=1b831bcb9fc1d0673a8aad093d6a3702 DependenciesID=ea87219d74b29d409f7e11e685d026d6 StaticDependenciesID=8e40bdca4964e192f6d0ba287f6e162a 
[Worker0] Start importing Assets/com.hpr.eventbus/Runtime/EventBus.cs using Guid(6281971743ee4906c9c6ab7a8fba22b2) Importer(815301076,1909f56bfc062723c751e8b465ee728b) 
[Worker0] (PreviewImporter)
[Worker0]  -> (Import Result ID: '1f018a489f9657d7c5e33403086f6846') in 0.003835012 seconds [static and dynamic dependencies]. Details - ImportResultOutputID=9ecefcd9266b5d741c2999d6020b24b8 DependenciesID=fc967b33629cd50dcbd503bc7388c624 StaticDependenciesID=3c343ff60a16a0b9b15592690d44a884 
[Worker0] Start importing Assets/com.hpr.abilities/Tests using Guid(d209f62f0ea14e6886a5715d1c3f54e8) Importer(815301076,1909f56bfc062723c751e8b465ee728b) 
[Worker0] (PreviewImporter)
[Worker0]  -> (Import Result ID: '1d23618c88f41ce5ce7152e16d7ed897') in 0.000458601 seconds [static and dynamic dependencies]. Details - ImportResultOutputID=d29f65f491cccebe0bc3acfc20eac56f DependenciesID=39e533848b975f60ffc7bbc0a97bd499 StaticDependenciesID=6da536c3d39ef2f99889c666de88c177 
[Worker0] Start importing Assets/com.hpr.abilities/Demo/AbilitiesDemoController.cs using Guid(bb5f5082fe240016a8efb6cd4262562c) Importer(815301076,1909f56bfc062723c751e8b465ee728b) 
[Worker0] (PreviewImporter)
[Worker0]  -> (Import Result ID: 'bb47f0d94ed4f8ed1ab891c22dbb7d30') in 0.000399059 seconds [static and dynamic dependencies]. Details - ImportResultOutputID=fcae0ee60febe295b97b27ceca37ec56 DependenciesID=5227eaa1108588d2a7a22d12f48c2730 StaticDependenciesID=61b740ddee7fe88bf3f1d68aefab2454 
[Worker0] Start importing Assets/com.hpr.eventbus/Demo using Guid(d9f15e5aa687a3860aaeb7cea6c8ad11) Importer(815301076,1909f56bfc062723c751e8b465ee728b) 
[Worker0] (PreviewImporter)
[Worker0]  -> (Import Result ID: '1641795c8de2f4d1df152fab63fe30e0') in 0.000316013 seconds [static and dynamic dependencies]. Details - ImportResultOutputID=fc052ae103ce1a840d2ef708dc9e2421 DependenciesID=e60cdc9461a07326626d93605f4f8a98 StaticDependenciesID=44755609100d58ee0058ad5847c00a88 
[Worker0] Start importing Assets/com.hpr.eventbus/Runtime/Services using Guid(3bf6a4ae8368126b1a965082be93127c) Importer(815301076,1909f56bfc062723c751e8b465ee728b) 
[Worker0] (PreviewImporter)
[Worker0]  -> (Import Result ID: 'b7640720f95ba3b2c13d200279476755') in 0.000333687 seconds [static and dynamic dependencies]. Details - ImportResultOutputID=95a313307f40b1b87b3d7b99903bce34 DependenciesID=5a5a37c8af1e9d55c6c329f1e008c460 StaticDependenciesID=91300388e7cb5310146587f6f1f4dd79 
[Worker0] Start importing Assets/com.hpr.eventbus/Demo/EventBusDemo.unity using Guid(3f644059f4e8d72c8bc9000d23046fa7) Importer(815301076,1909f56bfc062723c751e8b465ee728b) 
[Worker0] (PreviewImporter)
[Worker0]  -> (Import Result ID: '9144dd5f135fc1b567b05829024b26d8') in 0.000323464 seconds [static and dynamic dependencies]. Details - ImportResultOutputID=d6d1995a19f2f136181b3cdf68c88b7d DependenciesID=fed45e018d99ba545bf8be092cd5da37 StaticDependenciesID=bee3ec4b58c1e8ce26523c5bb94165e1 
[Worker0] Start importing Assets/com.hpr.abilities/Editor/HPR.Abilities.Editor.asmdef using Guid(da6a35ae4afa20116828c6b907e99cf8) Importer(815301076,1909f56bfc062723c751e8b465ee728b) 
[Worker0] (PreviewImporter)
[Worker0]  -> (Import Result ID: 'b858cd979e895cc335464da8a88a11e0') in 0.000320527 seconds [static and dynamic dependencies]. Details - ImportResultOutputID=9aa90e55097fd8628e6f405758dd2f1d DependenciesID=29f0e23a959eae34ed97793a51437e8d StaticDependenciesID=ad4d5b6e1d423d93455a5df7e576c3da 
[Worker0] Start importing Assets/com.hpr.stats/Editor/StatsEditorMarker.cs using Guid(e425e39ab645b11478dd5b26aee1c129) Importer(815301076,1909f56bfc062723c751e8b465ee728b) 
[Worker0] (PreviewImporter)
[Worker0]  -> (Import Result ID: '1f0ee92914dfd86286cebe0f33a118be') in 0.000373177 seconds [static and dynamic dependencies]. Details - ImportResultOutputID=c7656b400defa0486a64bb80ee3667d3 DependenciesID=bb909f764c42de07c92b0d0b1654fa8c StaticDependenciesID=eb71472cf299b51cd979427078ea40cc 
[Worker0] Start importing Assets/com.hpr.abilities/CHANGELOG.md using Guid(56bec3b33547fe94b981fdae11d5f8e6) Importer(815301076,1909f56bfc062723c751e8b465ee728b) 
[Worker0] (PreviewImporter)
[Worker0]  -> (Import Result ID: 'b756017095a862a2d99db02f5e25a25f') in 0.025881557 seconds [static and dynamic dependencies]. Details - ImportResultOutputID=6fe46c07bb463c525c8697814d6bc0a9 DependenciesID=106a961d91bcded2cd15181486f9a210 StaticDependenciesID=fe3102be5ac9404ad384a64a4d9503bd 
[Worker0] Start importing Assets/com.hpr.eventbus/README.md using Guid(16bcddae5f84fe26b5bbd642bd540a6b) Importer(815301076,1909f56bfc062723c751e8b465ee728b) 
[Worker0] (PreviewImporter)
[Worker0]  -> (Import Result ID: '6e92fb5b297a09b37ce5ac137858892b') in 0.000824679 seconds [static and dynamic dependencies]. Details - ImportResultOutputID=176b991e76c3484dbeea584a389e0a4c DependenciesID=1d4915c97a758fde49cb159643c87f3f StaticDependenciesID=a8591cf0025b899240a9d36bd0507298 
[Worker0] Start importing Assets/com.hpr.eventbus/Editor/EventBusDemoSceneBuilder.cs using Guid(61193554056a8a629bf4a346cc59b58d) Importer(815301076,1909f56bfc062723c751e8b465ee728b) 
[Worker0] (PreviewImporter)
[Worker0]  -> (Import Result ID: '21fdbdb7d4c3a6dfb5ab05c280db09eb') in 0.000264094 seconds [static and dynamic dependencies]. Details - ImportResultOutputID=ef02bb5f90581a96fc9da1ad978eeacd DependenciesID=bb36d15672708a9406cd543ad70e9198 StaticDependenciesID=37a676123d0ee56a2b82403cdb4d76eb 
[Worker0] Start importing Assets/com.hpr.stats/Runtime/DamageableTargetProxy.cs using Guid(fd58ca3b05120c1c88a1e57f35efdf29) Importer(815301076,1909f56bfc062723c751e8b465ee728b) 
[Worker0] (PreviewImporter)
[Worker0]  -> (Import Result ID: 'cfe95bc6345b1b348de433fed9deeae3') in 0.000260192 seconds [static and dynamic dependencies]. Details - ImportResultOutputID=58966469bec683213c080e7779cdc5f1 DependenciesID=001c000b126858ba4dbc2a92ad59d721 StaticDependenciesID=bb335689babf3442196bb227d21e08fd 
[Worker0] Start importing Assets/com.hpr.eventbus/Runtime using Guid(1c8edce3ac6d49c79b06803eac747fa5) Importer(815301076,1909f56bfc062723c751e8b465ee728b) 
[Worker0] (PreviewImporter)
[Worker0]  -> (Import Result ID: '2d965fa0237eeff66099428f7c9bfb17') in 0.000248558 seconds [static and dynamic dependencies]. Details - ImportResultOutputID=f2ffc86cde2bd2a738e1619ae3a97f30 DependenciesID=ece9f3691749b1f7dc4a0c3cf0229dea StaticDependenciesID=dee2f59498802bbb9ed9e3251e7a4901 
[Worker0] Start importing Assets/com.hpr.stats/Demo using Guid(c08584d55a01776278671c92a3c8e9e1) Importer(815301076,1909f56bfc062723c751e8b465ee728b) 
[Worker0] (PreviewImporter)
[Worker0]  -> (Import Result ID: 'cc2b43ddaa6e0205f83f76452b613c62') in 0.000245185 seconds [static and dynamic dependencies]. Details - ImportResultOutputID=70500b0c7a270c3383a1491f34fc53f1 DependenciesID=cab645237f04d345089de1548580ded3 StaticDependenciesID=f65a8d7801950aa5b0315f7c081724b4 
[Worker0] Start importing Assets/com.hpr.stats using Guid(d55e13330ca797b9eaa28109904568ad) Importer(815301076,1909f56bfc062723c751e8b465ee728b) 
[Worker0] (PreviewImporter)
[Worker0]  -> (Import Result ID: '6f5f30e11edf86d4e1c5c9063f67492f') in 0.000296125 seconds [static and dynamic dependencies]. Details - ImportResultOutputID=4b351b7d79492d68a159ccda76502001 DependenciesID=2d4a96dca440e53c083593bf5178e585 StaticDependenciesID=259c0f473cdd9efc38c3e45111fcae1f 
[Worker0] Start importing Assets/com.hpr.stats/Editor/HPR.Stats.Editor.asmdef using Guid(bb9e83ef57d27ec23f04e39fa90dfc3d) Importer(815301076,1909f56bfc062723c751e8b465ee728b) 
[Worker0] (PreviewImporter)
[Worker0]  -> (Import Result ID: '9a4b09bf9f54f2ee9f5c2ce176827b86') in 0.000346749 seconds [static and dynamic dependencies]. Details - ImportResultOutputID=b34f9212065eeb36c9e595dced44b159 DependenciesID=91f4ae0d5b661d812d165d3a0440d8c6 StaticDependenciesID=67a7819d68131723d167922ab5775c8d 
[Worker0] Start importing Assets/com.hpr.abilities/Demo/ShockPulse.asset using Guid(9c96f492f964876dbbe47a1463f76bae) Importer(815301076,1909f56bfc062723c751e8b465ee728b) 
[Worker0] (PreviewImporter)
[Worker0]  -> (Import Result ID: '8a1a3b9f6643b019a4cf1f46957cc516') in 0.002252292 seconds [static and dynamic dependencies]. Details - ImportResultOutputID=12fe4dd08fed467ac8e4c594c09168ab DependenciesID=615111aac3a6d6fbb2c105b5947423ad StaticDependenciesID=2a6295e1639fa2042d712813b2485c22 
[Worker0] Start importing Assets/com.hpr.eventbus/Editor using Guid(b306e4c90f2ac072b9261141f650d61d) Importer(815301076,1909f56bfc062723c751e8b465ee728b) 
[Worker0] (PreviewImporter)
[Worker0]  -> (Import Result ID: 'be78cf65b5a2a8174cd5fe7c48c7faba') in 0.000461527 seconds [static and dynamic dependencies]. Details - ImportResultOutputID=1db5084b34f582c238f8a727bd2d4d76 DependenciesID=47ebb730f9cda8408687cce8a79c3f0e StaticDependenciesID=26d7b895ee4b830ff3d9d0f1c501cd64 
[Worker0] Start importing Assets/com.hpr.eventbus/Editor/EventBusPackageValidator.cs using Guid(d058a268577311a24b571196efdcf655) Importer(815301076,1909f56bfc062723c751e8b465ee728b) 
[Worker0] (PreviewImporter)
[Worker0]  -> (Import Result ID: '38c0efb77881d0780872db5595042d46') in 0.000373271 seconds [static and dynamic dependencies]. Details - ImportResultOutputID=fa584dde00dc077769e5d69cd2b5c9c8 DependenciesID=144c85937293f48ead94671cf1713b5b StaticDependenciesID=755ad9d9a332304a8b0ce18ca048a36d 
[Worker0] Start importing Assets/com.hpr.stats/Editor using Guid(ddf39010165f56f9489d63db40d63275) Importer(815301076,1909f56bfc062723c751e8b465ee728b) 
[Worker0] (PreviewImporter)
[Worker0]  -> (Import Result ID: '7d9b0bb993a300c6f67f8396df003108') in 0.000388677 seconds [static and dynamic dependencies]. Details - ImportResultOutputID=79deaa41cbc5854b24f744bdd15b1cb4 DependenciesID=ce40fa34036ab5e8a8405e8da7409cfa StaticDependenciesID=01817c24c97d626e5cf8f50d4dfa4e31 
[Worker0] Start importing Assets/com.hpr.abilities/Editor/AbilitiesPackageValidator.cs using Guid(664f432bf934b408d8e8442918e27368) Importer(815301076,1909f56bfc062723c751e8b465ee728b) 
[Worker0] (PreviewImporter)
[Worker0]  -> (Import Result ID: '1a4100d012cce39c48c9e0861b9ffde4') in 0.000432085 seconds [static and dynamic dependencies]. Details - ImportResultOutputID=1b1e2fc139a4c3ba22fe382759dc2556 DependenciesID=00f86a59aad5c752dafcea77e6ae247a StaticDependenciesID=d5ce2be63db39e9db259b37b80ad3261 
[Worker0] Start importing Assets/com.hpr.eventbus/Tests/EditMode using Guid(93f59819a918414e93f94b4b65dc40ac) Importer(815301076,1909f56bfc062723c751e8b465ee728b) 
[Worker0] (PreviewImporter)
[Worker0]  -> (Import Result ID: '6b7d6d50465a0a8dc16f3b9b710a65e0') in 0.000454912 seconds [static and dynamic dependencies]. Details - ImportResultOutputID=717a86b754ed4f898e78f3103da3ad2b DependenciesID=095cca05dd12427f47b5111c40ad8c7c StaticDependenciesID=700abfce75df59167074c981e3108a32 
[Worker0] Start importing Assets/com.hpr.stats/Tests using Guid(2b73a22bf64e4521a7c80bb524ceb354) Importer(815301076,1909f56bfc062723c751e8b465ee728b) 
[Worker0] (PreviewImporter)
[Worker0]  -> (Import Result ID: '8b4382e54a518a274756e2740965c4ab') in 0.000356289 seconds [static and dynamic dependencies]. Details - ImportResultOutputID=03dd262a47110130c1e8107e82490536 DependenciesID=8401fcc4a1a2fdff02b424bc976608ec StaticDependenciesID=77dd312de54374a2f6c457b1c39ad356 
[Worker0] Start importing Assets/com.hpr.eventbus/Tests/EditMode/HPR.Eventbus.Tests.EditMode.asmdef using Guid(18f9dc004cd44396a46d515cedce1b8f) Importer(815301076,1909f56bfc062723c751e8b465ee728b) 
[Worker0] (PreviewImporter)
[Worker0]  -> (Import Result ID: 'e7deddf44559652db78266e31986fb7c') in 0.000364353 seconds [static and dynamic dependencies]. Details - ImportResultOutputID=71af55f6ad03ab0c982f978e92a1f151 DependenciesID=cd8c2a8099ffa183d8931d657baee243 StaticDependenciesID=d0691a41f44420f7830e80af55685211 
[Worker0] Start importing Assets/com.hpr.eventbus/ThirdPartyNotices.md using Guid(367c6c490f4fe4f05b233b8e5af475bd) Importer(815301076,1909f56bfc062723c751e8b465ee728b) 
[Worker0] (PreviewImporter)
[Worker0]  -> (Import Result ID: '88cae84cd028cdef3d95adaa1c5d696c') in 0.000840452 seconds [static and dynamic dependencies]. Details - ImportResultOutputID=94b6dcf7552d141dad459e1d7929dad5 DependenciesID=d6a6ac4b3f27160e2df45c39daf1ba6f StaticDependenciesID=1acbd035a599d6d97e5cf6bf19983a30 
[Worker0] Start importing Assets/com.hpr.abilities/README.md using Guid(637b509f4d5520b15826ee807daf1d11) Importer(815301076,1909f56bfc062723c751e8b465ee728b) 
[Worker0] (PreviewImporter)
[Worker0]  -> (Import Result ID: 'a1e8bf0b816a26c8b5184af1dc4b4031') in 0.000772325 seconds [static and dynamic dependencies]. Details - ImportResultOutputID=2009b47d49d3866d5cb1d262f389f493 DependenciesID=e5772fc29e1855137b3705fac601ff60 StaticDependenciesID=53bf3a47122b042492a1e1cb54910ade 
[Worker0] Start importing Assets/com.hpr.stats/Runtime/ICharacterStats.cs using Guid(6a6b5a11c3e6441ab8b184501f6cabf3) Importer(815301076,1909f56bfc062723c751e8b465ee728b) 
[Worker0] (PreviewImporter)
[Worker0]  -> (Import Result ID: '633d181e17f4172c641bf249edf6e953') in 0.000407273 seconds [static and dynamic dependencies]. Details - ImportResultOutputID=1ae7895f1c98b6143e0e9018b1a8ea34 DependenciesID=732c938838c939dd1263facca8646505 StaticDependenciesID=0518c103980446856de3277480c4da74 
[Worker0] Start importing Assets/com.hpr.stats/Demo/StatsDemoController.cs using Guid(2157604c90474cd492bdecaa36827579) Importer(815301076,1909f56bfc062723c751e8b465ee728b) 
[Worker0] (PreviewImporter)
[Worker0]  -> (Import Result ID: '8e32b9440b8fd54eb446211c42288c38') in 0.00049846 seconds [static and dynamic dependencies]. Details - ImportResultOutputID=fbecfc7489280f6696728066fa6b6ff1 DependenciesID=6167b90e7a6f7043ff2b44d4569a247a StaticDependenciesID=dee098d3add890d976ecbf34f9fda202 
[Worker0] Start importing Assets/com.hpr.abilities/Demo using Guid(6bcd3225aaea93483ae772680f35f846) Importer(815301076,1909f56bfc062723c751e8b465ee728b) 
[Worker0] (PreviewImporter)
[Worker0]  -> (Import Result ID: '6ca96a4427e7e056daccdfa05ae0fa8a') in 0.000492186 seconds [static and dynamic dependencies]. Details - ImportResultOutputID=e170705970e1d074729c275dc8bdf1c7 DependenciesID=bbe2f3c4895f1d10789fabf3d5c8797f StaticDependenciesID=5392eac7ad9c619aaf66e921a4f21033 
[Worker0] Start importing Assets/com.hpr.abilities/package.json using Guid(ae728d8fad8c3acfabb122300bf3bd0c) Importer(815301076,1909f56bfc062723c751e8b465ee728b) 
[Worker0] (PreviewImporter)
[Worker0]  -> (Import Result ID: 'bed9e761f35eaef5428ffd4439758de3') in 0.000898455 seconds [static and dynamic dependencies]. Details - ImportResultOutputID=e2c0638e48f204c2c8534481eee6370d DependenciesID=811fdacd0ef178b30df080bf21970037 StaticDependenciesID=cf983fb76cca83979b877c99d85b92e0 
[Worker0] Start importing Assets/com.hpr.stats/Demo/README.md using Guid(fd7c03ac82c35b54a147b759cf0baa2a) Importer(815301076,1909f56bfc062723c751e8b465ee728b) 
[Worker0] (PreviewImporter)
[Worker0]  -> (Import Result ID: 'f147f4bd05521403626cb324aa1867af') in 0.000706869 seconds [static and dynamic dependencies]. Details - ImportResultOutputID=9792cad2767f6bc4b7e9693cd88d0d53 DependenciesID=8fffaf464fafdc3e3d1e0043fd731723 StaticDependenciesID=7cda59cbba9773cce640bd2c14b9b6b1 
[Worker0] Start importing Assets/com.hpr.abilities/Editor/AbilitiesDemoSceneBuilder.cs using Guid(3157bb8d1c73d773e99b25aef94501cc) Importer(815301076,1909f56bfc062723c751e8b465ee728b) 
[Worker0] (PreviewImporter)
[Worker0]  -> (Import Result ID: 'f6aa506fb0c8fb76f51200b47b40c5f2') in 0.000421017 seconds [static and dynamic dependencies]. Details - ImportResultOutputID=eb7f23fcda54692046df3155e3f6faab DependenciesID=7d93aeec1dc1d6e61c740d6d9ff8e12a StaticDependenciesID=33c2446164c50fbf70d10bfd2855a668 
[Worker0] Start importing Assets/com.hpr.eventbus/package.json using Guid(948bc03d0e4b748b9cdc39bad95aba83) Importer(815301076,1909f56bfc062723c751e8b465ee728b) 
[Worker0] (PreviewImporter)
[Worker0]  -> (Import Result ID: '9757f18b09290b6fa3aae883d427d7c4') in 0.000699597 seconds [static and dynamic dependencies]. Details - ImportResultOutputID=3bc71053d81187da28c1509043f46fa1 DependenciesID=b00282cb9a6b8c255cad2034add57fd5 StaticDependenciesID=2715ba4f1f4720d21baf602091edf571 
[Worker0] Start importing Assets/com.hpr.stats/Demo/HPR.Stats.Demo.asmdef using Guid(6202a36eaec5482b912fe0c88d6d3fe9) Importer(815301076,1909f56bfc062723c751e8b465ee728b) 
[Worker0] (PreviewImporter)
[Worker0]  -> (Import Result ID: '24e6952ce9ecf66369735e7c994de748') in 0.000301893 seconds [static and dynamic dependencies]. Details - ImportResultOutputID=e42e7b267dcc5f56f32b390f77e5e143 DependenciesID=7ac6fb5bd9f87d8d8b6e59a61981038f StaticDependenciesID=229a2bdd96f022e2cef4e3fe645ed333 
[Worker0] Start importing Assets/com.hpr.eventbus/Demo/EventBusDemoController.cs using Guid(1f20a3377ce5ba7cdb3d261f0e77c2a4) Importer(815301076,1909f56bfc062723c751e8b465ee728b) 
[Worker0] (PreviewImporter)
[Worker0]  -> (Import Result ID: '336fec080544bbe7768ab3c62c1f3a94') in 0.000291962 seconds [static and dynamic dependencies]. Details - ImportResultOutputID=d18a10a670d717ced2d72520e1a57b55 DependenciesID=32c78809fae14a6e191313f5a5ec9b57 StaticDependenciesID=9e97cd1cf3e6f78848300cd48ba5a4ea 
[Worker0] Start importing Assets/com.hpr.abilities/Editor using Guid(7237dc685b8dce98a8a24acffdc62053) Importer(815301076,1909f56bfc062723c751e8b465ee728b) 
[Worker0] (PreviewImporter)
[Worker0]  -> (Import Result ID: '3f262d321357a0b16d216f7fb82ae93a') in 0.0003894 seconds [static and dynamic dependencies]. Details - ImportResultOutputID=241f55f254025397ac3f48c21e4374d9 DependenciesID=8d975db839a0b6893c261f72f91f811e StaticDependenciesID=a0bb65381fd3bf669221486f149ef3f0 
[Worker0] Start importing Assets/com.hpr.stats/Runtime using Guid(ae74c9f158772efa4836114af817618e) Importer(815301076,1909f56bfc062723c751e8b465ee728b) 
[Worker0] (PreviewImporter)
[Worker0]  -> (Import Result ID: 'b45e2d832722ad17e5d75b812879ed7f') in 0.000369363 seconds [static and dynamic dependencies]. Details - ImportResultOutputID=7f093428703288b1670245aae6b8dea6 DependenciesID=4bec97c360cfc93949c159793c962f76 StaticDependenciesID=7adca918e0714dedf386f8e723ce8788 
[Worker0] Start importing Assets/com.hpr.abilities using Guid(8bca13fb2b0fa0b16b9d9b538c8b905b) Importer(815301076,1909f56bfc062723c751e8b465ee728b) 
[Worker0] (PreviewImporter)
[Worker0]  -> (Import Result ID: '8c2d63983e07bb321b786439b83a83f2') in 0.000426514 seconds [static and dynamic dependencies]. Details - ImportResultOutputID=0e3f39f4052b2d415f2f013dd35ab4d8 DependenciesID=47ecc6a9a7952bbbd30810ca6ca9b13d StaticDependenciesID=ad6af6eac730fe251028dc49e9af9acc 
[Worker0] Start importing Assets/com.hpr.abilities/Tests/EditMode using Guid(811706a9be4b4c19bfb6fb33d97591e4) Importer(815301076,1909f56bfc062723c751e8b465ee728b) 
[Worker0] (PreviewImporter)
[Worker0]  -> (Import Result ID: 'f13a6ce9d766d3eb207476692239c214') in 0.000464028 seconds [static and dynamic dependencies]. Details - ImportResultOutputID=2958ab1b7c72acd5258ac4de953fe9c5 DependenciesID=bcd4e3635e02688a6966986fe90d1804 StaticDependenciesID=e0f8295819acd51e0a641a8f33b4b92a 
[Worker0] Start importing Assets/com.hpr.abilities/Demo/HPR.Abilities.Demo.asmdef using Guid(efbbac5c29e8eb6a1aba2a527fdfd1ec) Importer(815301076,1909f56bfc062723c751e8b465ee728b) 
[Worker0] (PreviewImporter)
[Worker0]  -> (Import Result ID: '7b1658004cc4cb3d4a9b1374f811b434') in 0.000546718 seconds [static and dynamic dependencies]. Details - ImportResultOutputID=7d2f6f9b931a2d730d5e247ae7011ce1 DependenciesID=80267f699d7587a731a1533cb0d36de9 StaticDependenciesID=3309d77a2c0c88ccc638ba6c3479e193 
[Worker0] Start importing Assets/com.hpr.stats/Editor/StatsDemoSceneBuilder.cs using Guid(310229b8d94b48c8967813efed916010) Importer(815301076,1909f56bfc062723c751e8b465ee728b) 
[Worker0] (PreviewImporter)
[Worker0]  -> (Import Result ID: '3411e722ddb049537eb28845fb3a8c1d') in 0.00051557 seconds [static and dynamic dependencies]. Details - ImportResultOutputID=7df14f9c4ae3d3e87cd44a052283d51c DependenciesID=becd8a0e25736bfb38b41157e1993bee StaticDependenciesID=9bf759bd5b2ed1051067a62eb2d6ce7d 
[Worker0] Start importing Assets/com.hpr.abilities/Runtime/AbilityRuntimeMarker.cs using Guid(cf011923dc5a9e5c882d1130649127b4) Importer(815301076,1909f56bfc062723c751e8b465ee728b) 
[Worker0] (PreviewImporter)
[Worker0]  -> (Import Result ID: 'a8937282b466568e2195ab581d5e15d5') in 0.000441191 seconds [static and dynamic dependencies]. Details - ImportResultOutputID=1b9572a4bd800a79b5bf726cbe53c7ad DependenciesID=1b4b5980104d309cb209397dd574c728 StaticDependenciesID=15589a8f8a9eee2607552da70cd4bc68 
[Worker0] Start importing Assets/com.hpr.eventbus/Demo/README.md using Guid(5ef8a8a431775c7359bd068d1e70d552) Importer(815301076,1909f56bfc062723c751e8b465ee728b) 
[Worker0] (PreviewImporter)
[Worker0]  -> (Import Result ID: '6cb6ff03cd45d254890b88b03b0c5225') in 0.00068736 seconds [static and dynamic dependencies]. Details - ImportResultOutputID=ff5fd75bdaf3d324dc8de2a3cd2b8ae6 DependenciesID=203f9f557c64b047612de0f289edba66 StaticDependenciesID=e10a42eeb648491c4ceea3d3a8ee6bbe 
[Worker0] Start importing Assets/com.hpr.eventbus/Runtime/EventManager.cs using Guid(635af4f91019f924aab7baa518823983) Importer(815301076,1909f56bfc062723c751e8b465ee728b) 
[Worker0] (PreviewImporter)
[Worker0]  -> (Import Result ID: '514f309486ed2c73be61663052397e66') in 0.000330839 seconds [static and dynamic dependencies]. Details - ImportResultOutputID=e6f5bbc3b0dce6b93d05d4563215034f DependenciesID=4dc1869212a42b49ca0beed676ddd925 StaticDependenciesID=f76696c884cfc7a06684fbc1c0744139 
[Worker0] Start importing Assets/com.hpr.eventbus/Runtime/Services/IEventBusSource.cs using Guid(82025b4ad8da939aef1771d3e37fca72) Importer(815301076,1909f56bfc062723c751e8b465ee728b) 
[Worker0] (PreviewImporter)
[Worker0]  -> (Import Result ID: '167314d469b87967153f91ba7aacf83c') in 0.000338446 seconds [static and dynamic dependencies]. Details - ImportResultOutputID=f594bb2302b5d68d4d8dd8cb504e8bfa DependenciesID=8e6ffc93ec0d0452bb78758a10f9c699 StaticDependenciesID=9b3b80805dc77136234844805585d828 
[Worker0] Start importing Assets/com.hpr.abilities/Demo/AbilityDemoStats.cs using Guid(4ae22c67ff615a42396331bfa2f9de4c) Importer(815301076,1909f56bfc062723c751e8b465ee728b) 
[Worker0] (PreviewImporter)
[Worker0]  -> (Import Result ID: 'bca1a907246bfb1984c0f800cfcc8dd2') in 0.00033726 seconds [static and dynamic dependencies]. Details - ImportResultOutputID=7f6f372c4b6f7a5be51cb667ed2f6793 DependenciesID=1a545635d1fbdb1df171fca5cf3c32b9 StaticDependenciesID=a6c312f1ffc0533ae2136d9b938affc5 
[Worker0] Start importing Assets/com.hpr.abilities/Demo/AbilitiesDemo.unity using Guid(0fd7db02c6302de6a892bc47c20bd557) Importer(815301076,1909f56bfc062723c751e8b465ee728b) 
[Worker0] (PreviewImporter)
[Worker0]  -> (Import Result ID: '40830d31c6b06e81262bfbb10b649718') in 0.000299484 seconds [static and dynamic dependencies]. Details - ImportResultOutputID=2d425b87285a370ac2b0b5df85059278 DependenciesID=13daf40f52039381e66cec97ad068d23 StaticDependenciesID=52b2f457f8c23c2d0df5278baf637c86 
[Worker0] Start importing Assets/com.hpr.eventbus/Runtime/IEventBus.cs using Guid(29e33229ca781055c9fdba12abdc8ef1) Importer(815301076,1909f56bfc062723c751e8b465ee728b) 
[Worker0] (PreviewImporter)
[Worker0]  -> (Import Result ID: 'e9ebe9c39e11f149a42750c4822c5384') in 0.000280681 seconds [static and dynamic dependencies]. Details - ImportResultOutputID=91e4e9e0276a6ec83c1a1a6072cf4da3 DependenciesID=d15eb381ee7308fe98901268162e5759 StaticDependenciesID=3a6a220977a1ea401c359fe350615292 
[Worker0] Start importing Assets/com.hpr.stats/Runtime/StatsEvents.cs using Guid(9c59c95117fe9cdf7abd9064ae2d728c) Importer(815301076,1909f56bfc062723c751e8b465ee728b) 
[Worker0] (PreviewImporter)
[Worker0]  -> (Import Result ID: '0fdc582caf97ded0fad7043fcb0f7049') in 0.000255 seconds [static and dynamic dependencies]. Details - ImportResultOutputID=f59354e8ff6cbec9e717ee5414965a10 DependenciesID=f8bcfdde6991f4e6a7a014de23a58033 StaticDependenciesID=39ea1ca46269fcfa4373fa9e4caad95e 
[Worker0] Start importing Assets/com.hpr.abilities/Editor/AbilitiesEditorMarker.cs using Guid(3e3b00fcdf65d1119838cfe65e696002) Importer(815301076,1909f56bfc062723c751e8b465ee728b) 
[Worker0] (PreviewImporter)
[Worker0]  -> (Import Result ID: '95a39b3ba431a2b5e5870fb2434e45fa') in 0.000286537 seconds [static and dynamic dependencies]. Details - ImportResultOutputID=f8d01e2d4360e3d593bbb326c6a35bd0 DependenciesID=bd3734639e1ac7c243a4ef95e3e543ab StaticDependenciesID=f7dd58d9a8ab815ed17d9439580e6e46 
[Worker0] Start importing Assets/com.hpr.stats/Demo/StatsDemo.unity using Guid(46ea958bef227ad6c8463e4a2230e224) Importer(815301076,1909f56bfc062723c751e8b465ee728b) 
[Worker0] (PreviewImporter)
[Worker0]  -> (Import Result ID: '389550eb7096530066ed3701c406a472') in 0.000306617 seconds [static and dynamic dependencies]. Details - ImportResultOutputID=f7594064fd07fcf46c936daba0d7093d DependenciesID=99c30b6c152eca29ff22084c499a8097 StaticDependenciesID=f36f3f61066b0e483e0a0e86a547c0e5 
[Worker0] Start importing Assets/com.hpr.stats/README.md using Guid(16bf734416fb614c80d871b4a660fffe) Importer(815301076,1909f56bfc062723c751e8b465ee728b) 
[Worker0] (PreviewImporter)
[Worker0]  -> (Import Result ID: '562be6c5c4eac37ce2d05af7b4afbd0c') in 0.000690539 seconds [static and dynamic dependencies]. Details - ImportResultOutputID=e0c926aaa2539ecab34240c8926ce29f DependenciesID=93adf03b9e23530067a2ff9e2841ef55 StaticDependenciesID=6cc7e0e40c996f1e2ccb1526b2e96b5c 
[Worker0] Start importing Assets/com.hpr.abilities/Runtime using Guid(cd349b5ca420c1cc689af97b02af6092) Importer(815301076,1909f56bfc062723c751e8b465ee728b) 
[Worker0] (PreviewImporter)
[Worker0]  -> (Import Result ID: 'd79d69b1adc11a4505832348ac8723d9') in 0.000507881 seconds [static and dynamic dependencies]. Details - ImportResultOutputID=0de8ae6c7fdd99f962465fcbe71b9e4a DependenciesID=ac40f5b71a161c56d2e1e2c72cd7e4a4 StaticDependenciesID=3f7fa20517ca3fead530aeaa84dc92a5 
[Worker0] Start importing Assets/com.hpr.eventbus/Editor/HPR.Eventbus.Editor.asmdef using Guid(5494e6c5dd6ef4a799fc19d541a114dc) Importer(815301076,1909f56bfc062723c751e8b465ee728b) 
[Worker0] (PreviewImporter)
[Worker0]  -> (Import Result ID: 'd2b269992e24fe58736e99d544c9e6b2') in 0.000385829 seconds [static and dynamic dependencies]. Details - ImportResultOutputID=4e9f826c1c2acdadb097f4a156c4429a DependenciesID=d8e4e55da4136b6e31274f49fc600227 StaticDependenciesID=361e9172c53e879405f80ad22353d518 
[Worker0] Start importing Assets/com.hpr.stats/Runtime/IDamageable.cs using Guid(3101e409c4894876b8ee3db64ac3b265) Importer(815301076,1909f56bfc062723c751e8b465ee728b) 
[Worker0] (PreviewImporter)
[Worker0]  -> (Import Result ID: '5769a7b91bcd1aa901efeaf36cbe4301') in 0.000414201 seconds [static and dynamic dependencies]. Details - ImportResultOutputID=f13f1cf2f1ff2dc371581cbbae05428c DependenciesID=ea75ae9996b42726c6fee6cd3df8725e StaticDependenciesID=796e863bc15e48d8e68a44ef35fe5e10 
[Worker0] Start importing Assets/com.hpr.abilities/Runtime/AbilityRunnerComponent.cs using Guid(b264fbccf54cda999a913fe5c4089240) Importer(815301076,1909f56bfc062723c751e8b465ee728b) 
[Worker0] (PreviewImporter)
[Worker0]  -> (Import Result ID: '320c0e6aa436fbb081f0428a5fa10ab4') in 0.000433705 seconds [static and dynamic dependencies]. Details - ImportResultOutputID=7e87ca5822c873edbd5f2b875fe45731 DependenciesID=a78248f108fc3bec59960082e63c03a2 StaticDependenciesID=cd5099c145465aa355e36479e2a9e5e1 
[Worker0] Start importing Assets/com.hpr.abilities/Demo/README.md using Guid(18ab89e5ed5600c0c9e39cc37be8a1d1) Importer(815301076,1909f56bfc062723c751e8b465ee728b) 
[Worker0] (PreviewImporter)
[Worker0]  -> (Import Result ID: '3e0b528fdc2a79c07586852bcce8738d') in 0.000923858 seconds [static and dynamic dependencies]. Details - ImportResultOutputID=028178e7c4448a88c78f97768e736811 DependenciesID=b799daf688cb4b3009c20cf08769e51e StaticDependenciesID=4f06edcf30749ff7367b96734ddef900 
[Worker0] Start importing Assets/com.hpr.stats/LICENSE.md using Guid(88cfaea86fe7ed6738654c4d6dd5c4f4) Importer(815301076,1909f56bfc062723c751e8b465ee728b) 
[Worker0] (PreviewImporter)
[Worker0]  -> (Import Result ID: 'b8c56176e2913c4cdaf00d746628fec8') in 0.00074225 seconds [static and dynamic dependencies]. Details - ImportResultOutputID=767e261873b458d3c2d67905178f9bf5 DependenciesID=5e166b8863a65827e1eee8e4db3417b7 StaticDependenciesID=02848222ba81b00fe75d7085a318cd43 
[Worker0] Start importing Assets/com.hpr.abilities/Tests/EditMode/HPR.Abilities.Tests.EditMode.asmdef using Guid(206413171cd64ec08ab6f88bbde9ece3) Importer(815301076,1909f56bfc062723c751e8b465ee728b) 
[Worker0] (PreviewImporter)
[Worker0]  -> (Import Result ID: '58910b1924d44bbd63065c7d7173c374') in 0.000339677 seconds [static and dynamic dependencies]. Details - ImportResultOutputID=76556f8d24c6abe569ecfa5e1b618bc1 DependenciesID=0adff91284ba0204efc1877bc968047a StaticDependenciesID=6c320ce15a3a08418c2f5a10f02f033c 
[Worker0] Start importing Assets/com.hpr.abilities/ThirdPartyNotices.md using Guid(395b428fb042c05718348d85b157e79a) Importer(815301076,1909f56bfc062723c751e8b465ee728b) 
[Worker0] (PreviewImporter)
[Worker0]  -> (Import Result ID: 'a5c6b362377890f7a8a104059e963192') in 0.000714488 seconds [static and dynamic dependencies]. Details - ImportResultOutputID=3c2a2fbf05d1fa165cf6dc9d091c6a93 DependenciesID=f3f83d6960621d1d40a680c5f76e84be StaticDependenciesID=6d314e875c0d8dd9b063a4582acbab16 
[Worker0] Start importing Assets/com.hpr.eventbus/Editor/EventbusEditorMarker.cs using Guid(19cbb516b39466a92a2224532d492f16) Importer(815301076,1909f56bfc062723c751e8b465ee728b) 
[Worker0] (PreviewImporter)
[Worker0]  -> (Import Result ID: 'd49b1e0f460b1d26b4ea0ae80b3f8655') in 0.000427453 seconds [static and dynamic dependencies]. Details - ImportResultOutputID=176cd3d823c776c61fe64f4fc4ef966a DependenciesID=80911bb4b74f7183b964f60558b00f58 StaticDependenciesID=030495883449748f6de7c652016b0d05 
[Worker0] Start importing Assets/com.hpr.eventbus/CHANGELOG.md using Guid(87d2113e8857b37778c33aa5f1f0a3ce) Importer(815301076,1909f56bfc062723c751e8b465ee728b) 
[Worker0] (PreviewImporter)
[Worker0]  -> (Import Result ID: 'f4ecc2ff67ae23dc68e5d98481d64532') in 0.001065938 seconds [static and dynamic dependencies]. Details - ImportResultOutputID=5cc286f12882edf130d8cd48e9d11cbe DependenciesID=83e85d801acd3e63bda356d9b131ad79 StaticDependenciesID=eb2ba31f2388b203ee5189a2ed4bde8c 
[Worker0] Start importing Assets/com.hpr.abilities/Demo/ShockPulseEffect.asset using Guid(c330203f8e8eb0bdea51b783e71085c3) Importer(815301076,1909f56bfc062723c751e8b465ee728b) 
[Worker0] (PreviewImporter)
[Worker0]  -> (Import Result ID: 'bd55b8a4d5b2175f806ba5b01540436f') in 0.00085184 seconds [static and dynamic dependencies]. Details - ImportResultOutputID=375bdb74634dca7a1222351a8fb47c5d DependenciesID=b500604867a1a95fd3aa52dd0ffcc89d StaticDependenciesID=7b3dabc592fe255c5912592e569c5ea4 
[Worker0] Start importing Assets/com.hpr.abilities/Runtime/AbilityContracts.cs using Guid(f7bfea622b3ac8a0cbee31044ebcade5) Importer(815301076,1909f56bfc062723c751e8b465ee728b) 
[Worker0] (PreviewImporter)
[Worker0]  -> (Import Result ID: '841388ff353e70b389438e8eda19588e') in 0.000372239 seconds [static and dynamic dependencies]. Details - ImportResultOutputID=c24f2300770038545464dd370371e387 DependenciesID=04f6a905f7958fe232f83a4016faf370 StaticDependenciesID=d2b14b0c04adb8bd975d6128175a6118 
[Worker0] Start importing Assets/com.hpr.abilities/Runtime/AbilityData.cs using Guid(346beff0d3510006f857dbfb7fc00b73) Importer(815301076,1909f56bfc062723c751e8b465ee728b) 
[Worker0] (PreviewImporter)
[Worker0]  -> (Import Result ID: 'd4f6b8835956920a8ed24d0432ed880f') in 0.000350761 seconds [static and dynamic dependencies]. Details - ImportResultOutputID=2423a8adf3a82c789fe23533bde65dd2 DependenciesID=db8f0ae0fcd20d852d68786dba453c46 StaticDependenciesID=a011e948528fef3ffef5924afa483d26 
[Worker0] Start importing Assets/com.hpr.eventbus using Guid(db69f6782896cabc8a967203c985018c) Importer(815301076,1909f56bfc062723c751e8b465ee728b) 
[Worker0] (PreviewImporter)
[Worker0]  -> (Import Result ID: '2be2108b4b1fe1dd90d7d9caa4e56a4c') in 0.000449835 seconds [static and dynamic dependencies]. Details - ImportResultOutputID=6d594994a99403325a2f32855913c655 DependenciesID=4eb6e780a848e48f6ed5df8823e8730a StaticDependenciesID=4d79fdf6ad370529b0776a49fe56921d 
[Worker0] Start importing Assets/com.hpr.abilities/Runtime/AbilityEvents.cs using Guid(cf41554bf3426646497f528e92a5150d) Importer(815301076,1909f56bfc062723c751e8b465ee728b) 
[Worker0] (PreviewImporter)
[Worker0]  -> (Import Result ID: '493a14030db76fc527cfa6045ea4036e') in 0.000318639 seconds [static and dynamic dependencies]. Details - ImportResultOutputID=0f22dc036ff914641cd1e21b02c187ba DependenciesID=3db3523f837a73f3149827aaea979ad8 StaticDependenciesID=8051a61e55f15fa54e2420c858425c39 
[Worker0] Start importing Assets/com.hpr.stats/Runtime/HPR.Stats.Runtime.asmdef using Guid(4fa5ad832f8338ccf6b1a08d2629be91) Importer(815301076,1909f56bfc062723c751e8b465ee728b) 
[Worker0] (PreviewImporter)
[Worker0]  -> (Import Result ID: '86b8d6fa693e18e5c47231ff2a88e799') in 0.0002986 seconds [static and dynamic dependencies]. Details - ImportResultOutputID=abf441a2404bf32e8c1fc4d1a1575845 DependenciesID=ccfc6144f8884471b5cc97540a60c72b StaticDependenciesID=caf517afaddf3b21cc92faf1f2602ee1 
[Worker0] Start importing Assets/com.hpr.abilities/Runtime/HPR.Abilities.Runtime.asmdef using Guid(426fed1ff12e19977baf994fbc57aff2) Importer(815301076,1909f56bfc062723c751e8b465ee728b) 
[Worker0] (PreviewImporter)
[Worker0]  -> (Import Result ID: '5aa8647da649e36e2a1bbe0fbdb4e0fc') in 0.000355244 seconds [static and dynamic dependencies]. Details - ImportResultOutputID=7cce73d579482a7c46463e303f99aed6 DependenciesID=73265c4db5972e7959806044b43ece60 StaticDependenciesID=582622264ac89473cc8a55c001fba82e 
[Worker0] Start importing Assets/com.hpr.stats/Tests/EditMode/StatsEditModeTests.cs using Guid(543329ef2e1d4b1f9dc1ea8727f7400f) Importer(815301076,1909f56bfc062723c751e8b465ee728b) 
[Worker0] (PreviewImporter)
[Worker0]  -> (Import Result ID: '98a0d8da654a2465546a3c3ae0411e52') in 0.00032194 seconds [static and dynamic dependencies]. Details - ImportResultOutputID=57ac034c3a1abdab63d09229648e3cff DependenciesID=37691d3012b90c23efd61de96aebf8fd StaticDependenciesID=e6701f3038882ed49a6ee610cb804f73 
[Worker0] Start importing Assets/com.hpr.abilities/LICENSE.md using Guid(5ed65b397b398394bb84abffb2236c0c) Importer(815301076,1909f56bfc062723c751e8b465ee728b) 
[Worker0] (PreviewImporter)
[Worker0]  -> (Import Result ID: 'ef6c4b8ef91f3070c20023c1ed8accd8') in 0.000948861 seconds [static and dynamic dependencies]. Details - ImportResultOutputID=607e57b5da6cb4c8b9a7809c7bb17bf9 DependenciesID=0cf7b34f63f04057948b535043783c14 StaticDependenciesID=a82a518683b8c96d76fa9d884d589262 
[Worker0] Start importing Assets/com.hpr.eventbus/LICENSE.md using Guid(976292fb93af2cc81b551bd61bf3a226) Importer(815301076,1909f56bfc062723c751e8b465ee728b) 
[Worker0] (PreviewImporter)
[Worker0]  -> (Import Result ID: 'e280ef773ede89f6d88827d76b8b8077') in 0.000795403 seconds [static and dynamic dependencies]. Details - ImportResultOutputID=27cbbc982d849769ac2baf582963f1a4 DependenciesID=ddd2b416bd5bf7bb6aeef8feda072e87 StaticDependenciesID=040a8f7749093dc26e0e8da2ff2e6700 
[Worker0] Start importing Assets/com.hpr.stats/Tests/EditMode/HPR.Stats.Tests.EditMode.asmdef using Guid(c01be72ac674460cb47c4eb1af08ceb3) Importer(815301076,1909f56bfc062723c751e8b465ee728b) 
[Worker0] (PreviewImporter)
[Worker0]  -> (Import Result ID: '40fb11ff9c3011444f34c8f0d70a95eb') in 0.000506715 seconds [static and dynamic dependencies]. Details - ImportResultOutputID=f72bb783931a6e3c3c309e0e727c716a DependenciesID=a33f97af744eaeb78e4192fb03bed596 StaticDependenciesID=b3c7417e9f7538e1a47e4f51b9c05b13 
[Worker0] Start importing Assets/com.hpr.abilities/Demo/RepairPulse.asset using Guid(f9dfb60c18fcd4ea88a8562a7f52c464) Importer(815301076,1909f56bfc062723c751e8b465ee728b) 
[Worker0] (PreviewImporter)
[Worker0]  -> (Import Result ID: 'bd14d4dbef711bbada6fc4ea44f7ffdc') in 0.00108232 seconds [static and dynamic dependencies]. Details - ImportResultOutputID=82cb83c55a7db371eca78a83d973b92f DependenciesID=fbb85fcde1d55936ee351cb13b3c7a1a StaticDependenciesID=97436116437b50bd9c6749fc9fa50a61 
[Worker0] Start importing Assets/com.hpr.eventbus/Runtime/HPR.Eventbus.Runtime.asmdef using Guid(8a28177a57a6aa43f0a3be3700c21998) Importer(815301076,1909f56bfc062723c751e8b465ee728b) 
[Worker0] (PreviewImporter)
[Worker0]  -> (Import Result ID: '8d465b508d97bfff582dbc5741c251c9') in 0.000469257 seconds [static and dynamic dependencies]. Details - ImportResultOutputID=ed860d8d062cacb4f25b6c80456db378 DependenciesID=86e724aae07da8feb624ee2c0f903ec3 StaticDependenciesID=f3c1b9b6d08f441be2099e0c593c90be 
[Worker0] Start importing Assets/com.hpr.abilities/Runtime/AbilityEffectData.cs using Guid(ce8e60dcc85afcda7b8ae89f544deee4) Importer(815301076,1909f56bfc062723c751e8b465ee728b) 
[Worker0] (PreviewImporter)
[Worker0]  -> (Import Result ID: 'ada0c41f58659a5e542a78f250f92647') in 0.000456418 seconds [static and dynamic dependencies]. Details - ImportResultOutputID=885c8cbb69b2eb1aba406025e108168b DependenciesID=4681c729fb3a52841ad71ddd446c8605 StaticDependenciesID=f662959e3f4d9f25f4a5b7ffc88d9d88 
[Worker0] Start importing Assets/com.hpr.stats/Tests/EditMode using Guid(ce60727cfaab410e9ddfc0d45728c0bf) Importer(815301076,1909f56bfc062723c751e8b465ee728b) 
[Worker0] (PreviewImporter)
[Worker0]  -> (Import Result ID: '25374687b47b75cb6122846eebfaf235') in 0.000418426 seconds [static and dynamic dependencies]. Details - ImportResultOutputID=73840aacdebc49c2ba6b071454d392bf DependenciesID=6d130dbcd42f80ad3893ce96b019df08 StaticDependenciesID=49ff95ac22014901fc6ce2a1e9b4e72e 
[Worker0] Start importing Assets/com.hpr.eventbus/Runtime/EventBusSourceAdapter.cs using Guid(06d9220e9f10488f96541c56053938c7) Importer(815301076,1909f56bfc062723c751e8b465ee728b) 
[Worker0] (PreviewImporter)
[Worker0]  -> (Import Result ID: '22d72ddc64088386b159a2223e3001c4') in 0.000453611 seconds [static and dynamic dependencies]. Details - ImportResultOutputID=1262d5a47b5715702fe62c9cf4bf7df8 DependenciesID=7a9e606c0fe91675e08ee8d50a171b8e StaticDependenciesID=908458955cafce9ca0803a67b335cc1a 
[Worker0] Start importing Assets/com.hpr.stats/Editor/StatsPackageValidator.cs using Guid(d4c90514ec5b3157fb8a83e7d69cbe0d) Importer(815301076,1909f56bfc062723c751e8b465ee728b) 
[Worker0] (PreviewImporter)
[Worker0]  -> (Import Result ID: 'af458d585d9f73253057ecc2bbfc18b4') in 0.000423223 seconds [static and dynamic dependencies]. Details - ImportResultOutputID=9bada99425961de3a49c02621a8775a3 DependenciesID=23e83478c687f984a3df58926593e589 StaticDependenciesID=4f86c0d6f6a56f8ccd97c88d3523d736 
[Worker0] Start importing Assets/com.hpr.abilities/Demo/RepairPulseEffect.asset using Guid(3a1f1c45944f90d55bffeed03f80a993) Importer(815301076,1909f56bfc062723c751e8b465ee728b) 
[Worker0] (PreviewImporter)
[Worker0]  -> (Import Result ID: '7b8e308dc31d1124a6dd931f0bd9c460') in 0.000738006 seconds [static and dynamic dependencies]. Details - ImportResultOutputID=f6a28ace47627a6ddbc470cc48e09332 DependenciesID=1583a856611ea4a294e77dbbe49f50b0 StaticDependenciesID=d39bfe9eded7b9b26ef7d6967ba2fd5a 
[Worker0] Start importing Assets/com.hpr.eventbus/Tests using Guid(8adf7f7659434195999c260a1ee3141e) Importer(815301076,1909f56bfc062723c751e8b465ee728b) 
[Worker0] (PreviewImporter)
[Worker0]  -> (Import Result ID: '0a362b69f2c9adf23aaeb799c7a5fc81') in 0.000357027 seconds [static and dynamic dependencies]. Details - ImportResultOutputID=8f6dc49388253d7e6a346e099911c57d DependenciesID=4a958dbf07df7b7a6bf14430119008d8 StaticDependenciesID=d4bede9396735c0df0714202a0269436 
[Worker0] Start importing Assets/com.hpr.eventbus/Tests/EditMode/EventbusEditModeTests.cs using Guid(b8c492b2563b464790afb5d7a53a551c) Importer(815301076,1909f56bfc062723c751e8b465ee728b) 
[Worker0] (PreviewImporter)
[Worker0]  -> (Import Result ID: 'd2ed545585a0155025ae2f6e71167a79') in 0.000504621 seconds [static and dynamic dependencies]. Details - ImportResultOutputID=4a2860bbf267b8f3d91e188b6948485c DependenciesID=642853820aa34cad171ca8711e5b848c StaticDependenciesID=a0ae64ba249adf84bf2ffb5b0eb87741 
[Worker0] Start importing Assets/com.hpr.abilities/Tests/EditMode/AbilitiesEditModeTests.cs using Guid(c2d7cdf5112245bbb66e8738e99957b9) Importer(815301076,1909f56bfc062723c751e8b465ee728b) 
[Worker0] (PreviewImporter)
[Worker0]  -> (Import Result ID: '9babc81ef8fca167d350b72534edecab') in 0.000515439 seconds [static and dynamic dependencies]. Details - ImportResultOutputID=1ab8cb1ad9f054123f35f59853cdb68a DependenciesID=93d98bf561d3377f109e760564c9ba33 StaticDependenciesID=f22d7ab2bb01f89d0f95657a943e3305 
[Worker0] Start importing Assets/com.hpr.stats/CHANGELOG.md using Guid(a85cb24787b931060be1b4aff8a77c0a) Importer(815301076,1909f56bfc062723c751e8b465ee728b) 
[Worker0] (PreviewImporter)
[Worker0]  -> (Import Result ID: 'bb402c942197caf300009723b324403f') in 0.001050009 seconds [static and dynamic dependencies]. Details - ImportResultOutputID=1e6649dc8a50a56c3404d7e6ed346c53 DependenciesID=a16b471db17f3d407def3bcf44bc6fa0 StaticDependenciesID=ebe28d79a3ce9a42d15c71f1fe7899de 
[Worker0] Start importing Assets/com.hpr.stats/Runtime/ActorStatsComponent.cs using Guid(4179dfc631774073885c7d1ae0589684) Importer(815301076,1909f56bfc062723c751e8b465ee728b) 
[Worker0] (PreviewImporter)
[Worker0]  -> (Import Result ID: 'bce17d8fecca55c04c0480331ac73bc2') in 0.000385155 seconds [static and dynamic dependencies]. Details - ImportResultOutputID=4538d293cba24ad4ac0b6f2ec87b405c DependenciesID=fbf76adb9d6b37f5a0b35844e48f2214 StaticDependenciesID=ebcf08d5bf6e9d83f97fd55b8869d19b 
[Worker0] Start importing Assets/com.hpr.stats/Runtime/StatsRuntimeMarker.cs using Guid(0af7d298282e5f042370679d9d8b349a) Importer(815301076,1909f56bfc062723c751e8b465ee728b) 
[Worker0] (PreviewImporter)
[Worker0]  -> (Import Result ID: '4be297b98dea01f13062837f8b659267') in 0.000387311 seconds [static and dynamic dependencies]. Details - ImportResultOutputID=c3b17dfb7c93b4bf3de3db2651075690 DependenciesID=2b59cdb94ef4ce1a8682b04688c6edb9 StaticDependenciesID=3e5bfa8daf94fef32b1784dcbc34e319 
[Worker0] Start importing Assets/com.hpr.stats/package.json using Guid(b940ea32091647cea91175f8be73b446) Importer(815301076,1909f56bfc062723c751e8b465ee728b) 
[Worker0] (PreviewImporter)
[Worker0]  -> (Import Result ID: '730f1be43caac6998ffdf5875b91f713') in 0.00099779 seconds [static and dynamic dependencies]. Details - ImportResultOutputID=ab60c7d43ea5001223b149d9184f2e35 DependenciesID=4459f9ad56174b9fa365f5da0288d9aa StaticDependenciesID=4f8c09ba83fbd2113e47869048ef7e51 
Exported package: /data/tmp/hpr_assetstore_sale/artifacts/com.hpr.abilities/com.hpr.abilities.unitypackage
Export size: 39080 bytes
[Physics::Module] Cleanup current backend.
[Physics::Module] Id: 0xf2b8ea05
Input System module state changed to: ShutdownInProgress.
Input Polling Thread exited.
Input System module state changed to: Shutdown.
[Licensing::IpcConnector] LicenseClient-hans-notifications channel disconnected successfully.
[Licensing::IpcConnector] LicenseClient-hans channel disconnected successfully.
AcceleratorClientConnectionCallback - disconnected - :0
info: Microsoft.Hosting.Lifetime[0]
      Application is shutting down...
Cleanup mono
CodeReloadManager destroyed
debugger-agent: Unable to listen on 39
Checking for leaked weakptr:
  Found no leaked weakptrs.
[Package Manager] Server process was shutdown
##utp:{"type":"MemoryLeaks","version":2,"phase":"Immediate","time":1775027605294,"processId":446565,"allocatedMemory":8013930,"memoryLabels":[{"Default":175796},{"Permanent":16000},{"Thread":1084656},{"Manager":24349},{"VertexData":8},{"Geometry":408},{"Texture":24},{"Shader":842835},{"Material":24},{"GfxDevice":36088},{"Animation":456},{"Audio":3008},{"FreeType":8},{"FontEngine":736},{"Physics":2090},{"Physics2D":16},{"Serialization":536},{"Input":27232},{"JobScheduler":33024},{"TextLib":216},{"Mono":32},{"ScriptingNativeRuntime":155088},{"BaseObject":1622976},{"Resource":1008},{"Renderer":3000},{"Transform":4717},{"File":828},{"WebCam":80},{"Culling":32},{"Terrain":11298},{"Wind":24},{"String":16627},{"StaticString":7050},{"Utility":2672848},{"Curl":2511},{"PoolAlloc":1864},{"AI":80},{"TypeTree":5341},{"ScriptManager":448},{"RuntimeInitializeOnLoadManager":64},{"SpriteAtlas":120},{"GI":7384},{"Director":8288},{"CloudService":7936},{"WebRequest":845},{"VR":47810},{"SceneManager":536},{"Video":64},{"LazyScriptCache":32},{"Camera":17},{"Secure":12185},{"SerializationCache":1576},{"APIUpdating":10320},{"Subsystems":336},{"VirtualTexturing":57552},{"StaticSafetyDebugInfo":278528},{"Analytics":464},{"Hierarchy":1416},{"CoreStats":13032},{"Identifiers":12960},{"Gui":160},{"EditorUtility":73271},{"VersionControl":4},{"Undo":963},{"AssetDatabase":670955},{"EditorGi":328},{"UnityConnect":37761},{"Upm":1752},{"AssetCompliance":64},{"DrivenProperties":72},{"LocalIPC":147},{"ProfilerEditor":9746},{"CoreBusinessMetrics":2344},{"Windowing":480},{"Licensing":1096},{"AssetReference":32},{"IPCStream":32}]}
