Unity Editor version:    6000.4.0f1 (8cf496087c8f)
Branch:                  6000.4/staging
Build type:              Release
Batch mode:              YES
System name:             Linux
Distro version:          #202511241048~1764607909~24.04~df6b2b6 SMP PREEMPT_DYNAMIC Mon D
Kernel version:          6.17.9-76061709-generic
Architecture:            x86_64
Available memory:        64131 MB
Date:                    2026-04-01T08:55:06Z
[Licensing::Module] Trying to connect to existing licensing client channel...
Initialize udev device monitor.
[Licensing::IpcConnector] Channel LicenseClient-hans doesn't exist
[Licensing::Module] Successfully launched the LicensingClient (PId: 621336)

COMMAND LINE ARGUMENTS:
/data/apps/Unity/Hub/Editor/6000.4.0f1/Editor/Unity
-batchmode
-nographics
-quit
-projectPath
/data/tmp/hpr_assetstore_sale/projects/sale_com_hpr_abilities
-logFile
/data/src/github/games/doc/logs/package_sale_prep/20260401_104418_com_hpr_abilities_refresh.log
Successfully changed project path to: /data/tmp/hpr_assetstore_sale/projects/sale_com_hpr_abilities
/data/tmp/hpr_assetstore_sale/projects/sale_com_hpr_abilities
[UnityMemory] Configuration Parameters - Can be set up in boot.config
    "memorysetup-temp-allocator-size-gi-baking-worker=262144"
    "memorysetup-temp-allocator-size-gi-baking-worker=262144"
    "memorysetup-temp-allocator-size-gi-baking-worker=262144"
    "memorysetup-temp-allocator-size-gi-baking-worker=262144"
    "memorysetup-temp-allocator-size-gi-baking-worker=262144"
    "memorysetup-temp-allocator-size-nav-mesh-worker=65536"
    "memorysetup-temp-allocator-size-audio-worker=65536"
    "memorysetup-temp-allocator-size-cloud-worker=32768"
    "memorysetup-allocator-temp-initial-block-size-main=262144"
    "memorysetup-allocator-temp-initial-block-size-worker=262144"
    "memorysetup-temp-allocator-size-background-worker=32768"
    "memorysetup-temp-allocator-size-job-worker=262144"
    "memorysetup-temp-allocator-size-preload-manager=33554432"
    "memorysetup-temp-allocator-size-gfx=262144"
    "memorysetup-bucket-allocator-granularity=16"
    "memorysetup-bucket-allocator-bucket-count=8"
    "memorysetup-bucket-allocator-block-size=33554432"
    "memorysetup-bucket-allocator-block-count=8"
    "memorysetup-main-allocator-block-size=16777216"
    "memorysetup-thread-allocator-block-size=16777216"
    "memorysetup-gfx-main-allocator-block-size=16777216"
    "memorysetup-gfx-thread-allocator-block-size=16777216"
    "memorysetup-cache-allocator-block-size=4194304"
    "memorysetup-typetree-allocator-block-size=2097152"
    "memorysetup-profiler-bucket-allocator-granularity=16"
    "memorysetup-profiler-bucket-allocator-bucket-count=8"
    "memorysetup-profiler-bucket-allocator-block-size=33554432"
    "memorysetup-profiler-bucket-allocator-block-count=8"
    "memorysetup-profiler-allocator-block-size=16777216"
    "memorysetup-profiler-editor-allocator-block-size=1048576"
    "memorysetup-temp-allocator-size-main=16777216"
    "memorysetup-job-temp-allocator-block-size=2097152"
    "memorysetup-job-temp-allocator-block-size-background=1048576"
    "memorysetup-job-temp-allocator-reduction-small-platforms=262144"
Player connection [139883212262208]  Target information:

Player connection [139883212262208]  * "[IP] 192.168.0.132 [Port] 55504 [Flags] 2 [Guid] 2076507797 [EditorId] 2076507797 [Version] 1048832 [Id] LinuxEditor(16,192.168.0.132) [Debug] 1 [PackageName] LinuxEditor [ProjectName] Editor" 

Player connection [139883212262208]  * "[IP] 172.17.0.1 [Port] 55504 [Flags] 2 [Guid] 2076507797 [EditorId] 2076507797 [Version] 1048832 [Id] LinuxEditor(16,192.168.0.132) [Debug] 1 [PackageName] LinuxEditor [ProjectName] Editor" 

Player connection [139883212262208]  * "[IP] 10.8.0.2 [Port] 55504 [Flags] 2 [Guid] 2076507797 [EditorId] 2076507797 [Version] 1048832 [Id] LinuxEditor(16,192.168.0.132) [Debug] 1 [PackageName] LinuxEditor [ProjectName] Editor" 

Player connection [139883212262208] Host joined multi-casting on [225.0.0.222:54997]...
Player connection [139883212262208] Host joined alternative multi-casting on [225.0.0.222:34997]...
Input System module state changed to: Initialized.
[Physics::Module] Initialized fallback backend.
[Physics::Module] Id: 0xdecafbad
[Licensing::IpcConnector] Successfully connected to: "LicenseClient-hans" at "2026-04-01T08:55:06.789502Z"
[SignatureVerifier] Application signature verification not supported on this platform.
[Package Manager] Connected to IPC stream "Upm-621325" after 0.4 seconds.
[Licensing::Module] Licensing is not yet initialized.
[Licensing::Client] Handshaking with LicensingClient:
  Version:                 1.18.1+9fbee8e
  Session Id:              63ac7279ab444ae589eb58964269ceac
  Correlation Id:          35876b0def25b36ea7b2465b371cf466
  External correlation Id: 6065896886995807654
  Machine Id:              l9JneE/oSM2w6bwb29/I//rgSro=
[Licensing::Module] Successfully connected to LicensingClient on channel: "LicenseClient-hans" (connect: 0.38s, validation: 0.12s, handshake: 0.00s)
[Licensing::IpcConnector] Successfully connected to: "LicenseClient-hans-notifications" at "2026-04-01T08:55:06.912404Z"
[Licensing::Module] Connected to LicensingClient (PId: 621336, launch time: 0.00, total connection time: 0.50s)
[Licensing::Module] Error: Access token is unavailable; failed to update
[Licensing::Client] Successfully resolved entitlement details
[Licensing::Module] License group:
  Id: 9072370782505-UnityPersXXXX
  Product: Unity Personal
  Type: Assigned
  Expiration: Unlimited
[Licensing::Client] Successfully updated license, isAsync: True, time: 0.02
[Licensing::Client] Successfully resolved entitlement details
[Licensing::Module] Licensing Background thread has ended after 0.59s
[Licensing::Module] Licensing is initialized (took 0.16s).
[Licensing::Client] Successfully resolved entitlement details
Library Redirect Path: Library/
FMOD failed to initialize the output device.: "Error initializing output device. " (60)
Forced to initialize FMOD to to the device driver's system output rate 48000, this may impact performance and/or give inconsistent experiences compared to selected sample rate 48000
FMOD failed to initialize the output device.: "Error initializing output device. " (60)
FMOD initialized on nosound output
[Physics::Module] Selected backend.
[Physics::Module] Name: PhysX
[Physics::Module] Id: 0xf2b8ea05
[Physics::Module] SDK Version: 4.1.2
[Physics::Module] Integration Version: 1.0.0
[Physics::Module] Threading Mode: Multi-Threaded
Initialize engine version: 6000.4.0f1 (8cf496087c8f)
[Subsystems] Discovering subsystems at path /data/apps/Unity/Hub/Editor/6000.4.0f1/Editor/Data/Resources/UnitySubsystems
[Subsystems] Discovering subsystems at path /data/tmp/hpr_assetstore_sale/projects/sale_com_hpr_abilities/Assets
Forcing GfxDevice: Null
GfxDevice: creating device client; kGfxThreadingModeNonThreaded
NullGfxDevice:
    Version:  NULL 1.0 [1.0]
    Renderer: Null Device
    Vendor:   Unity Technologies
Initialize mono
Mono path[0] = '/data/apps/Unity/Hub/Editor/6000.4.0f1/Editor/Data/Managed'
Mono path[1] = '/data/apps/Unity/Hub/Editor/6000.4.0f1/Editor/Data/MonoBleedingEdge/lib/mono/unityjit-linux'
Mono config path = '/data/apps/Unity/Hub/Editor/6000.4.0f1/Editor/Data/MonoBleedingEdge/etc'
Using monoOptions --debugger-agent=transport=dt_socket,embedding=1,server=y,suspend=n,address=127.0.0.1:56325
CodeReloadManager initialized
Using cacheserver namespaces - metadata:defaultmetadata, artifacts:defaultartifacts
Using cacheserver namespaces - metadata:defaultmetadata, artifacts:defaultartifacts
ImportWorker Server TCP listen port: 0
AcceleratorClientConnectionCallback - disconnected - :0
Begin MonoManager ReloadAssembly
Registering precompiled unity dll's ...
Register platform support module: /data/apps/Unity/Hub/Editor/6000.4.0f1/Editor/Data/PlaybackEngines/LinuxStandaloneSupport/UnityEditor.LinuxStandalone.Extensions.dll
Registered in 0.001659 seconds.
Native extension for LinuxStandalone target not found
Package Manager log level set to [2]
[Licensing::Client] Successfully resolved entitlement details
ScheduleIndexationOnStartup MainProcess:False IndexOnStartup:False
Mono: successfully reloaded assembly
- Finished resetting the current domain, in  2.528 seconds
Domain Reload Profiling: 3203ms
	BeginReloadAssembly (141ms)
		CreateAndSetChildDomain (13ms)
	RebuildCommonClasses (66ms)
	RebuildNativeTypeToScriptingClass (18ms)
	initialDomainReloadingComplete (84ms)
	LoadAllAssembliesAndSetupDomain (365ms)
		LoadAssemblies (127ms)
		AnalyzeDomain (351ms)
			TypeCache.Refresh (349ms)
				TypeCache.ScanAssembly (330ms)
	FinalizeReload (2531ms)
		SetupLoadedEditorAssemblies (0ms)
			InitializePlatformSupportModulesInManaged (65ms)
			BeforeProcessingInitializeOnLoad (181ms)
			ProcessInitializeOnLoadAttributes (223ms)
			ProcessInitializeOnLoadMethodAttributes (1947ms)
[Licensing::Client] Successfully resolved entitlement details
Application.AssetDatabase Initial Refresh Start
[Package Manager] Restoring resolved packages state from cache
[Licensing::Client] Successfully resolved entitlement details
[Package Manager] Registered 43 packages:
  Built-in packages:
    com.unity.multiplayer.center@1.0.1 (location: /data/tmp/hpr_assetstore_sale/projects/sale_com_hpr_abilities/Library/PackageCache/com.unity.multiplayer.center@53ad5a5c2bfb)
    com.unity.modules.accessibility@1.0.0 (location: /data/tmp/hpr_assetstore_sale/projects/sale_com_hpr_abilities/Library/PackageCache/com.unity.modules.accessibility)
    com.unity.modules.adaptiveperformance@1.0.0 (location: /data/tmp/hpr_assetstore_sale/projects/sale_com_hpr_abilities/Library/PackageCache/com.unity.modules.adaptiveperformance)
    com.unity.modules.ai@1.0.0 (location: /data/tmp/hpr_assetstore_sale/projects/sale_com_hpr_abilities/Library/PackageCache/com.unity.modules.ai)
    com.unity.modules.androidjni@1.0.0 (location: /data/tmp/hpr_assetstore_sale/projects/sale_com_hpr_abilities/Library/PackageCache/com.unity.modules.androidjni)
    com.unity.modules.animation@1.0.0 (location: /data/tmp/hpr_assetstore_sale/projects/sale_com_hpr_abilities/Library/PackageCache/com.unity.modules.animation)
    com.unity.modules.assetbundle@1.0.0 (location: /data/tmp/hpr_assetstore_sale/projects/sale_com_hpr_abilities/Library/PackageCache/com.unity.modules.assetbundle)
    com.unity.modules.audio@1.0.0 (location: /data/tmp/hpr_assetstore_sale/projects/sale_com_hpr_abilities/Library/PackageCache/com.unity.modules.audio)
    com.unity.modules.cloth@1.0.0 (location: /data/tmp/hpr_assetstore_sale/projects/sale_com_hpr_abilities/Library/PackageCache/com.unity.modules.cloth)
    com.unity.modules.director@1.0.0 (location: /data/tmp/hpr_assetstore_sale/projects/sale_com_hpr_abilities/Library/PackageCache/com.unity.modules.director)
    com.unity.modules.imageconversion@1.0.0 (location: /data/tmp/hpr_assetstore_sale/projects/sale_com_hpr_abilities/Library/PackageCache/com.unity.modules.imageconversion)
    com.unity.modules.imgui@1.0.0 (location: /data/tmp/hpr_assetstore_sale/projects/sale_com_hpr_abilities/Library/PackageCache/com.unity.modules.imgui)
    com.unity.modules.jsonserialize@1.0.0 (location: /data/tmp/hpr_assetstore_sale/projects/sale_com_hpr_abilities/Library/PackageCache/com.unity.modules.jsonserialize)
    com.unity.modules.particlesystem@1.0.0 (location: /data/tmp/hpr_assetstore_sale/projects/sale_com_hpr_abilities/Library/PackageCache/com.unity.modules.particlesystem)
    com.unity.modules.physics@1.0.0 (location: /data/tmp/hpr_assetstore_sale/projects/sale_com_hpr_abilities/Library/PackageCache/com.unity.modules.physics)
    com.unity.modules.physics2d@1.0.0 (location: /data/tmp/hpr_assetstore_sale/projects/sale_com_hpr_abilities/Library/PackageCache/com.unity.modules.physics2d)
    com.unity.modules.screencapture@1.0.0 (location: /data/tmp/hpr_assetstore_sale/projects/sale_com_hpr_abilities/Library/PackageCache/com.unity.modules.screencapture)
    com.unity.modules.terrain@1.0.0 (location: /data/tmp/hpr_assetstore_sale/projects/sale_com_hpr_abilities/Library/PackageCache/com.unity.modules.terrain)
    com.unity.modules.terrainphysics@1.0.0 (location: /data/tmp/hpr_assetstore_sale/projects/sale_com_hpr_abilities/Library/PackageCache/com.unity.modules.terrainphysics)
    com.unity.modules.tilemap@1.0.0 (location: /data/tmp/hpr_assetstore_sale/projects/sale_com_hpr_abilities/Library/PackageCache/com.unity.modules.tilemap)
    com.unity.modules.ui@1.0.0 (location: /data/tmp/hpr_assetstore_sale/projects/sale_com_hpr_abilities/Library/PackageCache/com.unity.modules.ui)
    com.unity.modules.uielements@1.0.0 (location: /data/tmp/hpr_assetstore_sale/projects/sale_com_hpr_abilities/Library/PackageCache/com.unity.modules.uielements)
    com.unity.modules.umbra@1.0.0 (location: /data/tmp/hpr_assetstore_sale/projects/sale_com_hpr_abilities/Library/PackageCache/com.unity.modules.umbra)
    com.unity.modules.unityanalytics@1.0.0 (location: /data/tmp/hpr_assetstore_sale/projects/sale_com_hpr_abilities/Library/PackageCache/com.unity.modules.unityanalytics)
    com.unity.modules.unitywebrequest@1.0.0 (location: /data/tmp/hpr_assetstore_sale/projects/sale_com_hpr_abilities/Library/PackageCache/com.unity.modules.unitywebrequest)
    com.unity.modules.unitywebrequestassetbundle@1.0.0 (location: /data/tmp/hpr_assetstore_sale/projects/sale_com_hpr_abilities/Library/PackageCache/com.unity.modules.unitywebrequestassetbundle)
    com.unity.modules.unitywebrequestaudio@1.0.0 (location: /data/tmp/hpr_assetstore_sale/projects/sale_com_hpr_abilities/Library/PackageCache/com.unity.modules.unitywebrequestaudio)
    com.unity.modules.unitywebrequesttexture@1.0.0 (location: /data/tmp/hpr_assetstore_sale/projects/sale_com_hpr_abilities/Library/PackageCache/com.unity.modules.unitywebrequesttexture)
    com.unity.modules.unitywebrequestwww@1.0.0 (location: /data/tmp/hpr_assetstore_sale/projects/sale_com_hpr_abilities/Library/PackageCache/com.unity.modules.unitywebrequestwww)
    com.unity.modules.vectorgraphics@1.0.0 (location: /data/tmp/hpr_assetstore_sale/projects/sale_com_hpr_abilities/Library/PackageCache/com.unity.modules.vectorgraphics)
    com.unity.modules.vehicles@1.0.0 (location: /data/tmp/hpr_assetstore_sale/projects/sale_com_hpr_abilities/Library/PackageCache/com.unity.modules.vehicles)
    com.unity.modules.video@1.0.0 (location: /data/tmp/hpr_assetstore_sale/projects/sale_com_hpr_abilities/Library/PackageCache/com.unity.modules.video)
    com.unity.modules.vr@1.0.0 (location: /data/tmp/hpr_assetstore_sale/projects/sale_com_hpr_abilities/Library/PackageCache/com.unity.modules.vr)
    com.unity.modules.wind@1.0.0 (location: /data/tmp/hpr_assetstore_sale/projects/sale_com_hpr_abilities/Library/PackageCache/com.unity.modules.wind)
    com.unity.modules.xr@1.0.0 (location: /data/tmp/hpr_assetstore_sale/projects/sale_com_hpr_abilities/Library/PackageCache/com.unity.modules.xr)
    com.unity.ugui@2.0.0 (location: /data/tmp/hpr_assetstore_sale/projects/sale_com_hpr_abilities/Library/PackageCache/com.unity.ugui@288051c775ab)
    com.unity.test-framework@1.6.0 (location: /data/tmp/hpr_assetstore_sale/projects/sale_com_hpr_abilities/Library/PackageCache/com.unity.test-framework@f63be82e0d2e)
    com.unity.ext.nunit@2.0.5 (location: /data/tmp/hpr_assetstore_sale/projects/sale_com_hpr_abilities/Library/PackageCache/com.unity.ext.nunit@ec2d0043d6fc)
    com.unity.modules.subsystems@1.0.0 (location: /data/tmp/hpr_assetstore_sale/projects/sale_com_hpr_abilities/Library/PackageCache/com.unity.modules.subsystems)
    com.unity.modules.hierarchycore@1.0.0 (location: /data/tmp/hpr_assetstore_sale/projects/sale_com_hpr_abilities/Library/PackageCache/com.unity.modules.hierarchycore)
  Embedded packages:
    com.hpr.abilities@file:/data/tmp/hpr_assetstore_sale/projects/sale_com_hpr_abilities/Packages/com.hpr.abilities (location: /data/tmp/hpr_assetstore_sale/projects/sale_com_hpr_abilities/Packages/com.hpr.abilities)
    com.hpr.eventbus@file:/data/tmp/hpr_assetstore_sale/projects/sale_com_hpr_abilities/Packages/com.hpr.eventbus (location: /data/tmp/hpr_assetstore_sale/projects/sale_com_hpr_abilities/Packages/com.hpr.eventbus)
    com.hpr.stats@file:/data/tmp/hpr_assetstore_sale/projects/sale_com_hpr_abilities/Packages/com.hpr.stats (location: /data/tmp/hpr_assetstore_sale/projects/sale_com_hpr_abilities/Packages/com.hpr.stats)
[Subsystems] No new subsystems found in resolved package list.
[Package Manager] Done registering packages in 0.01 seconds
[Package Manager] Done resolving packages in 0.19 seconds
[Licensing::Client] Successfully resolved entitlement details
[Package Manager] Lock file was modified
[Package Manager] Registered 40 packages:
  Built-in packages:
    com.unity.multiplayer.center@1.0.1 (location: /data/tmp/hpr_assetstore_sale/projects/sale_com_hpr_abilities/Library/PackageCache/com.unity.multiplayer.center@53ad5a5c2bfb)
    com.unity.modules.accessibility@1.0.0 (location: /data/tmp/hpr_assetstore_sale/projects/sale_com_hpr_abilities/Library/PackageCache/com.unity.modules.accessibility)
    com.unity.modules.adaptiveperformance@1.0.0 (location: /data/tmp/hpr_assetstore_sale/projects/sale_com_hpr_abilities/Library/PackageCache/com.unity.modules.adaptiveperformance)
    com.unity.modules.ai@1.0.0 (location: /data/tmp/hpr_assetstore_sale/projects/sale_com_hpr_abilities/Library/PackageCache/com.unity.modules.ai)
    com.unity.modules.androidjni@1.0.0 (location: /data/tmp/hpr_assetstore_sale/projects/sale_com_hpr_abilities/Library/PackageCache/com.unity.modules.androidjni)
    com.unity.modules.animation@1.0.0 (location: /data/tmp/hpr_assetstore_sale/projects/sale_com_hpr_abilities/Library/PackageCache/com.unity.modules.animation)
    com.unity.modules.assetbundle@1.0.0 (location: /data/tmp/hpr_assetstore_sale/projects/sale_com_hpr_abilities/Library/PackageCache/com.unity.modules.assetbundle)
    com.unity.modules.audio@1.0.0 (location: /data/tmp/hpr_assetstore_sale/projects/sale_com_hpr_abilities/Library/PackageCache/com.unity.modules.audio)
    com.unity.modules.cloth@1.0.0 (location: /data/tmp/hpr_assetstore_sale/projects/sale_com_hpr_abilities/Library/PackageCache/com.unity.modules.cloth)
    com.unity.modules.director@1.0.0 (location: /data/tmp/hpr_assetstore_sale/projects/sale_com_hpr_abilities/Library/PackageCache/com.unity.modules.director)
    com.unity.modules.imageconversion@1.0.0 (location: /data/tmp/hpr_assetstore_sale/projects/sale_com_hpr_abilities/Library/PackageCache/com.unity.modules.imageconversion)
    com.unity.modules.imgui@1.0.0 (location: /data/tmp/hpr_assetstore_sale/projects/sale_com_hpr_abilities/Library/PackageCache/com.unity.modules.imgui)
    com.unity.modules.jsonserialize@1.0.0 (location: /data/tmp/hpr_assetstore_sale/projects/sale_com_hpr_abilities/Library/PackageCache/com.unity.modules.jsonserialize)
    com.unity.modules.particlesystem@1.0.0 (location: /data/tmp/hpr_assetstore_sale/projects/sale_com_hpr_abilities/Library/PackageCache/com.unity.modules.particlesystem)
    com.unity.modules.physics@1.0.0 (location: /data/tmp/hpr_assetstore_sale/projects/sale_com_hpr_abilities/Library/PackageCache/com.unity.modules.physics)
    com.unity.modules.physics2d@1.0.0 (location: /data/tmp/hpr_assetstore_sale/projects/sale_com_hpr_abilities/Library/PackageCache/com.unity.modules.physics2d)
    com.unity.modules.screencapture@1.0.0 (location: /data/tmp/hpr_assetstore_sale/projects/sale_com_hpr_abilities/Library/PackageCache/com.unity.modules.screencapture)
    com.unity.modules.terrain@1.0.0 (location: /data/tmp/hpr_assetstore_sale/projects/sale_com_hpr_abilities/Library/PackageCache/com.unity.modules.terrain)
    com.unity.modules.terrainphysics@1.0.0 (location: /data/tmp/hpr_assetstore_sale/projects/sale_com_hpr_abilities/Library/PackageCache/com.unity.modules.terrainphysics)
    com.unity.modules.tilemap@1.0.0 (location: /data/tmp/hpr_assetstore_sale/projects/sale_com_hpr_abilities/Library/PackageCache/com.unity.modules.tilemap)
    com.unity.modules.ui@1.0.0 (location: /data/tmp/hpr_assetstore_sale/projects/sale_com_hpr_abilities/Library/PackageCache/com.unity.modules.ui)
    com.unity.modules.uielements@1.0.0 (location: /data/tmp/hpr_assetstore_sale/projects/sale_com_hpr_abilities/Library/PackageCache/com.unity.modules.uielements)
    com.unity.modules.umbra@1.0.0 (location: /data/tmp/hpr_assetstore_sale/projects/sale_com_hpr_abilities/Library/PackageCache/com.unity.modules.umbra)
    com.unity.modules.unityanalytics@1.0.0 (location: /data/tmp/hpr_assetstore_sale/projects/sale_com_hpr_abilities/Library/PackageCache/com.unity.modules.unityanalytics)
    com.unity.modules.unitywebrequest@1.0.0 (location: /data/tmp/hpr_assetstore_sale/projects/sale_com_hpr_abilities/Library/PackageCache/com.unity.modules.unitywebrequest)
    com.unity.modules.unitywebrequestassetbundle@1.0.0 (location: /data/tmp/hpr_assetstore_sale/projects/sale_com_hpr_abilities/Library/PackageCache/com.unity.modules.unitywebrequestassetbundle)
    com.unity.modules.unitywebrequestaudio@1.0.0 (location: /data/tmp/hpr_assetstore_sale/projects/sale_com_hpr_abilities/Library/PackageCache/com.unity.modules.unitywebrequestaudio)
    com.unity.modules.unitywebrequesttexture@1.0.0 (location: /data/tmp/hpr_assetstore_sale/projects/sale_com_hpr_abilities/Library/PackageCache/com.unity.modules.unitywebrequesttexture)
    com.unity.modules.unitywebrequestwww@1.0.0 (location: /data/tmp/hpr_assetstore_sale/projects/sale_com_hpr_abilities/Library/PackageCache/com.unity.modules.unitywebrequestwww)
    com.unity.modules.vectorgraphics@1.0.0 (location: /data/tmp/hpr_assetstore_sale/projects/sale_com_hpr_abilities/Library/PackageCache/com.unity.modules.vectorgraphics)
    com.unity.modules.vehicles@1.0.0 (location: /data/tmp/hpr_assetstore_sale/projects/sale_com_hpr_abilities/Library/PackageCache/com.unity.modules.vehicles)
    com.unity.modules.video@1.0.0 (location: /data/tmp/hpr_assetstore_sale/projects/sale_com_hpr_abilities/Library/PackageCache/com.unity.modules.video)
    com.unity.modules.vr@1.0.0 (location: /data/tmp/hpr_assetstore_sale/projects/sale_com_hpr_abilities/Library/PackageCache/com.unity.modules.vr)
    com.unity.modules.wind@1.0.0 (location: /data/tmp/hpr_assetstore_sale/projects/sale_com_hpr_abilities/Library/PackageCache/com.unity.modules.wind)
    com.unity.modules.xr@1.0.0 (location: /data/tmp/hpr_assetstore_sale/projects/sale_com_hpr_abilities/Library/PackageCache/com.unity.modules.xr)
    com.unity.ugui@2.0.0 (location: /data/tmp/hpr_assetstore_sale/projects/sale_com_hpr_abilities/Library/PackageCache/com.unity.ugui@288051c775ab)
    com.unity.test-framework@1.6.0 (location: /data/tmp/hpr_assetstore_sale/projects/sale_com_hpr_abilities/Library/PackageCache/com.unity.test-framework@f63be82e0d2e)
    com.unity.ext.nunit@2.0.5 (location: /data/tmp/hpr_assetstore_sale/projects/sale_com_hpr_abilities/Library/PackageCache/com.unity.ext.nunit@ec2d0043d6fc)
    com.unity.modules.subsystems@1.0.0 (location: /data/tmp/hpr_assetstore_sale/projects/sale_com_hpr_abilities/Library/PackageCache/com.unity.modules.subsystems)
    com.unity.modules.hierarchycore@1.0.0 (location: /data/tmp/hpr_assetstore_sale/projects/sale_com_hpr_abilities/Library/PackageCache/com.unity.modules.hierarchycore)
[Subsystems] No new subsystems found in resolved package list.
[Package Manager] Done registering packages in 0.00 seconds
[ScriptCompilation] Requested script compilation because: Assembly Definition File(s) changed
[ScriptCompilation] Requested script compilation because: AssetDatabase observed changes in script compilation related files
info: Microsoft.Hosting.Lifetime[14]
      Now listening on: http://unix:/tmp/ilpp.sock-e6adeec390d7770d14023a7f7337f9f4
info: Microsoft.Hosting.Lifetime[0]
      Application started. Press Ctrl+C to shut down.
info: Microsoft.Hosting.Lifetime[0]
      Hosting environment: Production
info: Microsoft.Hosting.Lifetime[0]
      Content root path: /data/tmp/hpr_assetstore_sale/projects/sale_com_hpr_abilities
info: Microsoft.AspNetCore.Hosting.Diagnostics[1]
      Request starting HTTP/2 POST http://ilpp/UnityILPP.PostProcessing/Ping - application/grpc -
info: Microsoft.AspNetCore.Routing.EndpointMiddleware[0]
      Executing endpoint 'gRPC - /UnityILPP.PostProcessing/Ping'
info: Microsoft.AspNetCore.Routing.EndpointMiddleware[1]
      Executed endpoint 'gRPC - /UnityILPP.PostProcessing/Ping'
info: Microsoft.AspNetCore.Hosting.Diagnostics[2]
      Request finished HTTP/2 POST http://ilpp/UnityILPP.PostProcessing/Ping - 200 - application/grpc 46.6019ms
Starting: /data/apps/Unity/Hub/Editor/6000.4.0f1/Editor/Data/Tools/BuildPipeline/bee_backend --ipc --defer-dag-verification --dagfile="Library/Bee/2400b0aE.dag" --continue-on-failure --profile="Library/Bee/backend1.traceevents" ScriptAssemblies
WorkingDir: /data/tmp/hpr_assetstore_sale/projects/sale_com_hpr_abilities
DisplayProgressbar: Compiling Scripts
ExitCode: 4 Duration: 1s493ms
[           0s] Csc Library/Bee/artifacts/2400b0aE.dag/HPR.Eventbus.Runtime.dll (+2 others) [CacheMiss 73011c49f142d69209a9cc89ffb948c200000000000000000000000000000006]
Rebuilding DAG because FileSignature timestamp changed: Library/Bee/2400b0aE-inputdata.json
*** Tundra requires additional run (1.46 seconds), 1 items updated, 296 evaluated
Starting: /data/apps/Unity/Hub/Editor/6000.4.0f1/Editor/Data/netcorerun/netcorerun "/data/apps/Unity/Hub/Editor/6000.4.0f1/Editor/Data/Tools/BuildPipeline/ScriptCompilationBuildProgram.exe" "Library/Bee/2400b0aE.dag.json" "Library/Bee/2400b0aE-inputdata.json" "Library/Bee/buildprogram0.traceevents"
WorkingDir: /data/tmp/hpr_assetstore_sale/projects/sale_com_hpr_abilities
ExitCode: 0 Duration: 0s784ms
Starting: /data/apps/Unity/Hub/Editor/6000.4.0f1/Editor/Data/Tools/BuildPipeline/bee_backend --ipc --defer-dag-verification --dagfile="Library/Bee/2400b0aE.dag" --continue-on-failure --dagfilejson="Library/Bee/2400b0aE.dag.json" --profile="Library/Bee/backend2.traceevents" ScriptAssemblies
WorkingDir: /data/tmp/hpr_assetstore_sale/projects/sale_com_hpr_abilities
ExitCode: 0 Duration: 4s5ms
Finished compiling graph: 339 nodes, 4404 flattened edges (4082 ToBuild, 46 ToUse), maximum node priority 185
[169/336    0s] WriteText Library/Bee/artifacts/2400b0aE.dag/HPR.Eventbus.Runtime.rsp2
[174/336    0s] WriteText Library/Bee/artifacts/2400b0aE.dag/HPR.Abilities.Runtime.rsp2
[177/336    0s] WriteText Library/Bee/artifacts/2400b0aE.dag/HPR.Eventbus.Runtime.rsp
[185/336    0s] WriteText Library/Bee/artifacts/2400b0aE.dag/HPR.Stats.Runtime.rsp
[189/336    0s] WriteText Library/Bee/artifacts/2400b0aE.dag/HPR.Eventbus.Demo.rsp2
[198/336    0s] WriteText Library/Bee/artifacts/2400b0aE.dag/HPR.Abilities.Demo.rsp2
[201/336    0s] WriteText Library/Bee/artifacts/2400b0aE.dag/HPR.Stats.Runtime.rsp2
[202/336    0s] WriteText Library/Bee/artifacts/2400b0aE.dag/HPR.Abilities.Runtime.rsp
[206/336    0s] WriteText Library/Bee/artifacts/2400b0aE.dag/HPR.Eventbus.Editor.rsp2
[213/336    0s] WriteText Library/Bee/artifacts/2400b0aE.dag/HPR.Stats.Editor.rsp2
[214/336    0s] WriteText Library/Bee/artifacts/2400b0aE.dag/HPR.Abilities.Demo.rsp
[215/336    0s] WriteText Library/Bee/artifacts/2400b0aE.dag/HPR.Stats.Demo.rsp
[216/336    0s] WriteText Library/Bee/artifacts/2400b0aE.dag/HPR.Abilities.Editor.rsp2
[217/336    0s] WriteText Library/Bee/artifacts/2400b0aE.dag/HPR.Stats.Demo.rsp2
[218/336    0s] WriteText Library/Bee/artifacts/2400b0aE.dag/HPR.Eventbus.Demo.rsp
[221/336    0s] WriteText Library/Bee/artifacts/2400b0aE.dag/HPR.Stats.Editor.rsp
[226/336    0s] WriteText Library/Bee/artifacts/2400b0aE.dag/HPR.Eventbus.Editor.rsp
[233/336    0s] WriteText Library/Bee/artifacts/2400b0aE.dag/HPR.Abilities.Editor.rsp
[234/336    0s] WriteText Library/Bee/artifacts/2400b0aE.dag/HPR.Stats.Tests.EditMode.rsp2
[235/336    0s] WriteText Library/Bee/artifacts/2400b0aE.dag/HPR.Abilities.Tests.EditMode.rsp2
[240/336    0s] WriteText Library/Bee/artifacts/2400b0aE.dag/HPR.Eventbus.Tests.EditMode.rsp2
[241/336    0s] WriteText Library/Bee/artifacts/2400b0aE.dag/HPR.Eventbus.Tests.EditMode.rsp
[242/336    0s] WriteText Library/Bee/artifacts/2400b0aE.dag/HPR.Abilities.Tests.EditMode.rsp
[243/336    0s] WriteText Library/Bee/artifacts/2400b0aE.dag/Assembly-CSharp-Editor.rsp
[244/336    0s] WriteText Library/Bee/artifacts/2400b0aE.dag/HPR.Stats.Tests.EditMode.rsp
[297/336    2s] Csc Library/Bee/artifacts/2400b0aE.dag/HPR.Eventbus.Runtime.dll (+2 others)
[298/336    0s] CopyFiles Library/ScriptAssemblies/HPR.Eventbus.Runtime.dll
[299/336    0s] CopyFiles Library/ScriptAssemblies/HPR.Eventbus.Runtime.pdb
[300/336    0s] Csc Library/Bee/artifacts/2400b0aE.dag/HPR.Stats.Runtime.dll (+2 others)
[301/336    0s] Csc Library/Bee/artifacts/2400b0aE.dag/HPR.Eventbus.Tests.EditMode.dll (+2 others)
[302/336    0s] Csc Library/Bee/artifacts/2400b0aE.dag/HPR.Eventbus.Demo.dll (+2 others)
[303/336    0s] CopyFiles Library/ScriptAssemblies/HPR.Eventbus.Tests.EditMode.pdb
[304/336    0s] CopyFiles Library/ScriptAssemblies/HPR.Eventbus.Tests.EditMode.dll
[305/336    0s] CopyFiles Library/ScriptAssemblies/HPR.Eventbus.Demo.dll
[306/336    0s] CopyFiles Library/ScriptAssemblies/HPR.Stats.Runtime.dll
[307/336    0s] CopyFiles Library/ScriptAssemblies/HPR.Stats.Runtime.pdb
[308/336    0s] CopyFiles Library/ScriptAssemblies/HPR.Eventbus.Demo.pdb
[309/336    0s] Csc Library/Bee/artifacts/2400b0aE.dag/HPR.Stats.Demo.dll (+2 others)
[310/336    0s] CopyFiles Library/ScriptAssemblies/HPR.Stats.Demo.dll
[311/336    0s] CopyFiles Library/ScriptAssemblies/HPR.Stats.Demo.pdb
[312/336    0s] Csc Library/Bee/artifacts/2400b0aE.dag/HPR.Stats.Tests.EditMode.dll (+2 others)
[313/336    0s] CopyFiles Library/ScriptAssemblies/HPR.Stats.Tests.EditMode.dll
[314/336    0s] CopyFiles Library/ScriptAssemblies/HPR.Stats.Tests.EditMode.pdb
[315/336    0s] Csc Library/Bee/artifacts/2400b0aE.dag/HPR.Eventbus.Editor.dll (+2 others)
[316/336    0s] CopyFiles Library/ScriptAssemblies/HPR.Eventbus.Editor.dll
[317/336    0s] CopyFiles Library/ScriptAssemblies/HPR.Eventbus.Editor.pdb
[318/336    0s] Csc Library/Bee/artifacts/2400b0aE.dag/HPR.Stats.Editor.dll (+2 others)
[319/336    0s] CopyFiles Library/ScriptAssemblies/HPR.Stats.Editor.pdb
[320/336    0s] CopyFiles Library/ScriptAssemblies/HPR.Stats.Editor.dll
[321/336    0s] Csc Library/Bee/artifacts/2400b0aE.dag/HPR.Abilities.Runtime.dll (+2 others)
[322/336    0s] CopyFiles Library/ScriptAssemblies/HPR.Abilities.Runtime.dll
[323/336    0s] CopyFiles Library/ScriptAssemblies/HPR.Abilities.Runtime.pdb
[324/336    0s] Csc Library/Bee/artifacts/2400b0aE.dag/HPR.Abilities.Tests.EditMode.dll (+2 others)
[325/336    0s] CopyFiles Library/ScriptAssemblies/HPR.Abilities.Tests.EditMode.pdb
[326/336    0s] CopyFiles Library/ScriptAssemblies/HPR.Abilities.Tests.EditMode.dll
[327/336    0s] Csc Library/Bee/artifacts/2400b0aE.dag/HPR.Abilities.Demo.dll (+2 others)
[328/336    0s] CopyFiles Library/ScriptAssemblies/HPR.Abilities.Demo.dll
[329/336    0s] CopyFiles Library/ScriptAssemblies/HPR.Abilities.Demo.pdb
[330/336    0s] Csc Library/Bee/artifacts/2400b0aE.dag/HPR.Abilities.Editor.dll (+2 others)
[331/336    0s] CopyFiles Library/ScriptAssemblies/HPR.Abilities.Editor.pdb
[332/336    0s] CopyFiles Library/ScriptAssemblies/HPR.Abilities.Editor.dll
[333/336    0s] Csc Library/Bee/artifacts/2400b0aE.dag/Assembly-CSharp-Editor.dll (+2 others)
Assets/Editor/HprPackageScreenshotRunner.cs(54,49): warning CS8632: The annotation for nullable reference types should only be used in code within a '#nullable' annotations context.
Assets/Editor/HprPackageScreenshotRunner.cs(15,19): warning CS8632: The annotation for nullable reference types should only be used in code within a '#nullable' annotations context.
Assets/Editor/HprPackageScreenshotRunner.cs(16,19): warning CS8632: The annotation for nullable reference types should only be used in code within a '#nullable' annotations context.
Assets/Editor/HprPackageScreenshotRunner.cs(17,19): warning CS8632: The annotation for nullable reference types should only be used in code within a '#nullable' annotations context.
Assets/Editor/HprPackageScreenshotRunner.cs(18,19): warning CS8632: The annotation for nullable reference types should only be used in code within a '#nullable' annotations context.
Assets/Editor/HprPackageScreenshotRunner.cs(36,23): warning CS8632: The annotation for nullable reference types should only be used in code within a '#nullable' annotations context.
Assets/Editor/HprPackageScreenshotRunner.cs(61,19): warning CS8632: The annotation for nullable reference types should only be used in code within a '#nullable' annotations context.
[334/336    0s] CopyFiles Library/ScriptAssemblies/Assembly-CSharp-Editor.pdb
[335/336    0s] CopyFiles Library/ScriptAssemblies/Assembly-CSharp-Editor.dll
*** Tundra build success (3.98 seconds), 64 items updated, 336 evaluated
Assets/Editor/HprPackageScreenshotRunner.cs(54,49): warning CS8632: The annotation for nullable reference types should only be used in code within a '#nullable' annotations context.
Assets/Editor/HprPackageScreenshotRunner.cs(15,19): warning CS8632: The annotation for nullable reference types should only be used in code within a '#nullable' annotations context.
Assets/Editor/HprPackageScreenshotRunner.cs(16,19): warning CS8632: The annotation for nullable reference types should only be used in code within a '#nullable' annotations context.
Assets/Editor/HprPackageScreenshotRunner.cs(17,19): warning CS8632: The annotation for nullable reference types should only be used in code within a '#nullable' annotations context.
Assets/Editor/HprPackageScreenshotRunner.cs(18,19): warning CS8632: The annotation for nullable reference types should only be used in code within a '#nullable' annotations context.
Assets/Editor/HprPackageScreenshotRunner.cs(36,23): warning CS8632: The annotation for nullable reference types should only be used in code within a '#nullable' annotations context.
Assets/Editor/HprPackageScreenshotRunner.cs(61,19): warning CS8632: The annotation for nullable reference types should only be used in code within a '#nullable' annotations context.
AssetDatabase: script compilation time: 6.863434s
Begin MonoManager ReloadAssembly
Assembly Assembly-CSharp-Editor-firstpass.dll at Library/ScriptAssemblies/Assembly-CSharp-Editor-firstpass.dll not valid. Loading of assembly skipped.
Assembly Assembly-CSharp-firstpass.dll at Library/ScriptAssemblies/Assembly-CSharp-firstpass.dll not valid. Loading of assembly skipped.
Assembly Assembly-CSharp.dll at Library/ScriptAssemblies/Assembly-CSharp.dll not valid. Loading of assembly skipped.
Assembly TestNewCustomAssembly.dll at Library/ScriptAssemblies/TestNewCustomAssembly.dll not valid. Loading of assembly skipped.
Assembly Unity.Multiplayer.Center.Editor.Tests.dll at Library/ScriptAssemblies/Unity.Multiplayer.Center.Editor.Tests.dll not valid. Loading of assembly skipped.
Assembly Unity.Multiplayer.Center.Tests.dll at Library/ScriptAssemblies/Unity.Multiplayer.Center.Tests.dll not valid. Loading of assembly skipped.
Assembly Unity.TextMeshPro.Editor.Tests.dll at Library/ScriptAssemblies/Unity.TextMeshPro.Editor.Tests.dll not valid. Loading of assembly skipped.
Assembly Unity.TextMeshPro.Tests.dll at Library/ScriptAssemblies/Unity.TextMeshPro.Tests.dll not valid. Loading of assembly skipped.
Assembly UnityEditor.UI.Common.Tests.dll at Library/ScriptAssemblies/UnityEditor.UI.Common.Tests.dll not valid. Loading of assembly skipped.
Assembly UnityEditor.UI.EditorTests.dll at Library/ScriptAssemblies/UnityEditor.UI.EditorTests.dll not valid. Loading of assembly skipped.
Assembly UnityEngine.UI.Tests.dll at Library/ScriptAssemblies/UnityEngine.UI.Tests.dll not valid. Loading of assembly skipped.
Start importing Assets/com.hpr.eventbus using Guid(2005d3358c01a8c98901433470cf3efc) (DefaultImporter) -> (Import Result ID: '9b2f499f30ac9be75a75b433a439f689') in 0.029168603 seconds [static dependencies only]. Details - ImportResultOutputID=db46999855ab4b9c5a6157d3c9a201da DependenciesID=f3351031e4ba6726cbbb15d1b5c23d46 StaticDependenciesID=828662de9040280ad2fa6c3b2558cecc 
Start importing Assets/com.hpr.abilities using Guid(0109d5f2f9acc29a3bae638660f83209) (DefaultImporter) -> (Import Result ID: 'b4f6fddf262ea56105a3b2ef4381e7b6') in 0.00111128 seconds [static dependencies only]. Details - ImportResultOutputID=4faccbb5b87302b5b5841e593e84a1b9 DependenciesID=acfe332ca641d71200eec1100c74a25a StaticDependenciesID=aa9945ff7532265970b1bfdd9883b83d 
Start importing Assets/com.hpr.stats using Guid(9b817e67dfa472ab1bf36795c53f5a98) (DefaultImporter) -> (Import Result ID: '70b048412efeb4880706923b412598f9') in 0.000943071 seconds [static dependencies only]. Details - ImportResultOutputID=1c0d86d410a38babc7fc194bb123d276 DependenciesID=7657b88ea576eb90379024515200bb7b StaticDependenciesID=30c90a22b1b29ce283ff0b24d9111340 
Native extension for LinuxStandalone target not found
ScheduleIndexationOnStartup MainProcess:True IndexOnStartup:True
Mono: successfully reloaded assembly
- Finished resetting the current domain, in  0.794 seconds
Domain Reload Profiling: 1544ms
	BeginReloadAssembly (354ms)
		DisableScriptedObjects (20ms)
		CreateAndSetChildDomain (174ms)
	RebuildCommonClasses (60ms)
	RebuildNativeTypeToScriptingClass (16ms)
	initialDomainReloadingComplete (51ms)
	LoadAllAssembliesAndSetupDomain (266ms)
		LoadAssemblies (284ms)
		AnalyzeDomain (66ms)
			TypeCache.Refresh (42ms)
				TypeCache.ScanAssembly (33ms)
			BuildScriptInfoCaches (17ms)
			ResolveRequiredComponents (5ms)
	FinalizeReload (797ms)
		SetupLoadedEditorAssemblies (0ms)
			InitializePlatformSupportModulesInManaged (41ms)
			BeforeProcessingInitializeOnLoad (217ms)
			ProcessInitializeOnLoadAttributes (143ms)
			ProcessInitializeOnLoadMethodAttributes (99ms)
			AfterProcessingInitializeOnLoad (8ms)
		AwakeInstancesAfterBackupRestoration (10ms)
Start importing Assets/com.hpr.abilities/Demo/AbilitiesDemo.unity using Guid(0fd7db02c6302de6a892bc47c20bd557) (DefaultImporter) -> (Import Result ID: '06cf40a93960f72e42911144f7c39438') in 0.000911214 seconds [static dependencies only]. Details - ImportResultOutputID=8888cb56bb60ed0160fde436b616141c DependenciesID=af8da1eb350e919bc205850fd63fc726 StaticDependenciesID=6cd6ba11da3dc03c67418d668747b8f4 
Start importing Assets/com.hpr.eventbus/package.json using Guid(948bc03d0e4b748b9cdc39bad95aba83) (TextScriptImporter) -> (Import Result ID: '5d4ebbbcd619f040e3a021cbb7fa2c90') in 0.001389777 seconds [static dependencies only]. Details - ImportResultOutputID=153a9053fe97e69c5e1583c417f358cd DependenciesID=9c276ae822f9e1de6da6e32f3c72edd6 StaticDependenciesID=e814c7fbee1384120c883b84edcdcedd 
Start importing Assets/com.hpr.stats/package.json using Guid(b940ea32091647cea91175f8be73b446) (TextScriptImporter) -> (Import Result ID: '45301098eed699f451be9ff84551dc45') in 0.001191189 seconds [static dependencies only]. Details - ImportResultOutputID=e5b09e7d385cafbfb8f7766cc4dc6ae6 DependenciesID=d928a1a2f0244b3d2643a3f61810986a StaticDependenciesID=2bd113f09a10cf7bcb1dd4e294a645bf 
Start importing Assets/com.hpr.abilities/package.json using Guid(ae728d8fad8c3acfabb122300bf3bd0c) (TextScriptImporter) -> (Import Result ID: '4fab084926b55ec9b2afd60a5b094a9b') in 0.00118806 seconds [static dependencies only]. Details - ImportResultOutputID=6bd5573376cd0b5df5079defafe78ff8 DependenciesID=fb5a763dc6e6a6f71c5c59858e3b114d StaticDependenciesID=64bf9fc483db32219f25647cfff3cec2 
(Values over 0.050ms)
Asset Pipeline Refresh (id=33f236f42f6dc571eb1296ca7e1cdce3): Total: 9.205 seconds - Initiated by InitialRefreshV2(ForceSynchronousImport)
	Summary:
		Imports: total=7 (actual=7, local cache=0, cache server=0)
		Asset DB Process Time: managed=8 ms, native=1199 ms
		Asset DB Callback time: managed=139 ms, native=220 ms
		Scripting: domain reloads=1, domain reload time=747 ms, compile time=6867 ms, other=19 ms
		Project Asset Count: scripts=286, non-scripts=156
		Asset File Changes: new=5, changed=22, moved=86, deleted=3
		Scan Filter Count: 1
	InvokePackagesCallback: 211.009ms
	ApplyChangesToAssetFolders: 0.477ms
	Scan: 228.251ms
	OnSourceAssetsModified: 1.535ms
	CategorizeScriptCompilationAssets: 9.416ms
	ProcessAssetsWithTransientArtifactChanges: 24.374ms
	CategorizeAssets: 4.845ms
	CompileScripts: 6867.098ms
	ImportOutOfDateAssets: 844.871ms (799.275ms without children)
		ImportManagerImport: 44.706ms (7.454ms without children)
			UpdateCategorizedAssets: 0.066ms
		UnloadImportedAssets: 0.438ms
		EnsureUptoDateAssetsAreRegisteredWithGuidPM: 0.159ms
		OnDemandSchedulerStart: 0.284ms
	PostProcessAllAssets: 147.815ms
		AssemblyValidation.PostprocessAllAssets 5.072ms
		VCAutoAddAssetPostprocess 1.905ms
		LocalizationDatabase.AssetDatabasePostprocessCallback 0.134ms
		PostProcessCallbackCreateDeferredMaterials 0.093ms
		ShaderAssetModifiedCallback 0.071ms
		VersionControlSettings.HiddenFilePostprocess 0.071ms
		RaytracingShaderImportPostprocess 0.067ms
		ComputeShaderImportPostprocess 0.055ms
		MonoPostProcessAllAssets: 138.103ms
			AssetPostprocessor.OnPostprocessAllAssets 50.388ms
			StyleCatalogPostProcessor.OnPostprocessAllAssets 21.138ms
			WindowAssetPostprocessingWatcher.OnPostprocessAllAssets 15.884ms
			BuilderAssetPostprocessor.OnPostprocessAllAssets 13.592ms
			AssetChangedListener.OnPostprocessAllAssets 4.570ms
			SyncVS.PostprocessSyncProject 2.388ms
			RetainedModeAssetPostprocessor.OnPostprocessAllAssets 1.863ms
			SpeedTree9Postprocessor.OnPostprocessAllAssets 1.494ms
			TMPro_TexturePostProcessor.OnPostprocessAllAssets 1.412ms
			TextAssetPostProcessor.OnPostprocessAllAssets 1.281ms
			ArtifactBrowserPostProcessor.OnPostprocessAllAssets 1.041ms
			AudioMixerPostprocessor.OnPostprocessAllAssets 0.606ms
			ReferencedClipsPostProcessor.OnPostprocessAllAssets 0.499ms
			TerrainToolbarOverlayPostProcessor.OnPostprocessAllAssets 0.412ms
			SpeedTreePostProcessor.OnPostprocessAllAssets 0.363ms
			AssetDatabaseCallbacks.OnPostprocessAllAssets 0.327ms
			ConfigAssetsTracker.OnPostprocessAllAssets 0.299ms
			AssetEvents.OnPostprocessAllAssets 0.297ms
			ScenarioDriftAssetsTracker.OnPostprocessAllAssets 0.261ms
			AudioContainerPostProcessor.OnPostprocessAllAssets 0.153ms
			RenderPipelineGlobalSettingsPostprocessor.OnPostprocessAllAssets 0.146ms
	PostAssetChangesProfiler: 1.206ms
	UnloadStreamsBegin: 2.475ms
	PersistCurrentRevisions: 0.114ms
	GenerateScriptTypeHashes: 0.534ms
	GenerateScriptTypeSerializationHashes: 1.188ms
	Untracked: 860.049ms

Application.AssetDatabase Initial Refresh End
Scanning for USB devices : 2.832ms
Initializing Unity extensions:
UpdateMenuTitleForLanguage: 10
[MODES] ModeService[none].Initialize
[MODES] ModeService[none].LoadModes
[MODES] Loading mode Default (0) for mode-current-id-sale_com_hpr_abilities
Unloading 4 Unused Serialized files (Serialized files now loaded: 0)
Unloading 860 unused Assets / (1.5 MB). Loaded Objects now: 1462.
Memory consumption went from 92.3 MB to 90.8 MB.
Total: 15.814633 ms (FindLiveObjects: 0.152773 ms CreateObjectMapping: 0.178357 ms MarkObjects: 13.831800 ms  DeleteObjects: 1.650086 ms)

Batchmode quit successfully invoked - shutting down!
Curl error 42: Callback aborted
[Physics::Module] Cleanup current backend.
[Physics::Module] Id: 0xf2b8ea05
Input System module state changed to: ShutdownInProgress.
Input Polling Thread exited.
Input System module state changed to: Shutdown.
[Licensing::IpcConnector] LicenseClient-hans-notifications channel disconnected successfully.
[Licensing::IpcConnector] LicenseClient-hans channel disconnected successfully.
AcceleratorClientConnectionCallback - disconnected - :0
info: Microsoft.Hosting.Lifetime[0]
      Application is shutting down...
Cleanup mono
CodeReloadManager destroyed
debugger-agent: Unable to listen on 39
Exiting batchmode successfully now!
