Unity Editor version:    6000.4.0f1 (8cf496087c8f)
Branch:                  6000.4/staging
Build type:              Release
Batch mode:              YES
System name:             Linux
Distro version:          #202511241048~1764607909~24.04~df6b2b6 SMP PREEMPT_DYNAMIC Mon D
Kernel version:          6.17.9-76061709-generic
Architecture:            x86_64
Available memory:        64131 MB
Date:                    2026-04-01T08:52:52Z
[Licensing::Module] Trying to connect to existing licensing client channel...
Initialize udev device monitor.
[Licensing::IpcConnector] Channel LicenseClient-hans doesn't exist
[Licensing::Module] Successfully launched the LicensingClient (PId: 617111)

COMMAND LINE ARGUMENTS:
/data/apps/Unity/Hub/Editor/6000.4.0f1/Editor/Unity
-batchmode
-nographics
-quit
-projectPath
/data/tmp/hpr_assetstore_sale/projects/sale_com_hpr_interaction
-logFile
/data/src/github/games/doc/logs/package_sale_prep/20260401_104418_com_hpr_interaction_refresh.log
Successfully changed project path to: /data/tmp/hpr_assetstore_sale/projects/sale_com_hpr_interaction
/data/tmp/hpr_assetstore_sale/projects/sale_com_hpr_interaction
[UnityMemory] Configuration Parameters - Can be set up in boot.config
    "memorysetup-temp-allocator-size-gi-baking-worker=262144"
    "memorysetup-temp-allocator-size-gi-baking-worker=262144"
    "memorysetup-temp-allocator-size-gi-baking-worker=262144"
    "memorysetup-temp-allocator-size-gi-baking-worker=262144"
    "memorysetup-temp-allocator-size-gi-baking-worker=262144"
    "memorysetup-temp-allocator-size-nav-mesh-worker=65536"
    "memorysetup-temp-allocator-size-audio-worker=65536"
    "memorysetup-temp-allocator-size-cloud-worker=32768"
    "memorysetup-allocator-temp-initial-block-size-main=262144"
    "memorysetup-allocator-temp-initial-block-size-worker=262144"
    "memorysetup-temp-allocator-size-background-worker=32768"
    "memorysetup-temp-allocator-size-job-worker=262144"
    "memorysetup-temp-allocator-size-preload-manager=33554432"
    "memorysetup-temp-allocator-size-gfx=262144"
    "memorysetup-bucket-allocator-granularity=16"
    "memorysetup-bucket-allocator-bucket-count=8"
    "memorysetup-bucket-allocator-block-size=33554432"
    "memorysetup-bucket-allocator-block-count=8"
    "memorysetup-main-allocator-block-size=16777216"
    "memorysetup-thread-allocator-block-size=16777216"
    "memorysetup-gfx-main-allocator-block-size=16777216"
    "memorysetup-gfx-thread-allocator-block-size=16777216"
    "memorysetup-cache-allocator-block-size=4194304"
    "memorysetup-typetree-allocator-block-size=2097152"
    "memorysetup-profiler-bucket-allocator-granularity=16"
    "memorysetup-profiler-bucket-allocator-bucket-count=8"
    "memorysetup-profiler-bucket-allocator-block-size=33554432"
    "memorysetup-profiler-bucket-allocator-block-count=8"
    "memorysetup-profiler-allocator-block-size=16777216"
    "memorysetup-profiler-editor-allocator-block-size=1048576"
    "memorysetup-temp-allocator-size-main=16777216"
    "memorysetup-job-temp-allocator-block-size=2097152"
    "memorysetup-job-temp-allocator-block-size-background=1048576"
    "memorysetup-job-temp-allocator-reduction-small-platforms=262144"
Player connection [124914900806464]  Target information:

Player connection [124914900806464]  * "[IP] 192.168.0.132 [Port] 55504 [Flags] 2 [Guid] 3623631979 [EditorId] 3623631979 [Version] 1048832 [Id] LinuxEditor(16,192.168.0.132) [Debug] 1 [PackageName] LinuxEditor [ProjectName] Editor" 

Player connection [124914900806464]  * "[IP] 172.17.0.1 [Port] 55504 [Flags] 2 [Guid] 3623631979 [EditorId] 3623631979 [Version] 1048832 [Id] LinuxEditor(16,192.168.0.132) [Debug] 1 [PackageName] LinuxEditor [ProjectName] Editor" 

Player connection [124914900806464]  * "[IP] 10.8.0.2 [Port] 55504 [Flags] 2 [Guid] 3623631979 [EditorId] 3623631979 [Version] 1048832 [Id] LinuxEditor(16,192.168.0.132) [Debug] 1 [PackageName] LinuxEditor [ProjectName] Editor" 

Player connection [124914900806464] Host joined multi-casting on [225.0.0.222:54997]...
Player connection [124914900806464] Host joined alternative multi-casting on [225.0.0.222:34997]...
Input System module state changed to: Initialized.
[Physics::Module] Initialized fallback backend.
[Physics::Module] Id: 0xdecafbad
[Licensing::IpcConnector] Successfully connected to: "LicenseClient-hans" at "2026-04-01T08:52:52.443325Z"
[SignatureVerifier] Application signature verification not supported on this platform.
[Package Manager] Connected to IPC stream "Upm-617100" after 0.4 seconds.
[Licensing::Module] Licensing is not yet initialized.
[Licensing::Client] Handshaking with LicensingClient:
  Version:                 1.18.1+9fbee8e
  Session Id:              8f0d5eb794644e028ecb0aed222400e2
  Correlation Id:          e10017ccbdb8ec1d765dc57c181edf31
  External correlation Id: 4615994721318728335
  Machine Id:              l9JneE/oSM2w6bwb29/I//rgSro=
[Licensing::Module] Successfully connected to LicensingClient on channel: "LicenseClient-hans" (connect: 0.38s, validation: 0.14s, handshake: 0.00s)
[Licensing::IpcConnector] Successfully connected to: "LicenseClient-hans-notifications" at "2026-04-01T08:52:52.583471Z"
[Licensing::Module] Connected to LicensingClient (PId: 617111, launch time: 0.00, total connection time: 0.52s)
[Licensing::Module] Error: Access token is unavailable; failed to update
[Licensing::Client] Successfully resolved entitlement details
[Licensing::Module] License group:
  Id: 9072370782505-UnityPersXXXX
  Product: Unity Personal
  Type: Assigned
  Expiration: Unlimited
[Licensing::Client] Successfully updated license, isAsync: True, time: 0.02
[Licensing::Client] Successfully resolved entitlement details
[Licensing::Module] Licensing Background thread has ended after 0.64s
[Licensing::Module] Licensing is initialized (took 0.17s).
[Licensing::Client] Successfully resolved entitlement details
Library Redirect Path: Library/
FMOD failed to initialize the output device.: "Error initializing output device. " (60)
Forced to initialize FMOD to to the device driver's system output rate 48000, this may impact performance and/or give inconsistent experiences compared to selected sample rate 48000
FMOD failed to initialize the output device.: "Error initializing output device. " (60)
FMOD initialized on nosound output
[Physics::Module] Selected backend.
[Physics::Module] Name: PhysX
[Physics::Module] Id: 0xf2b8ea05
[Physics::Module] SDK Version: 4.1.2
[Physics::Module] Integration Version: 1.0.0
[Physics::Module] Threading Mode: Multi-Threaded
Initialize engine version: 6000.4.0f1 (8cf496087c8f)
[Subsystems] Discovering subsystems at path /data/apps/Unity/Hub/Editor/6000.4.0f1/Editor/Data/Resources/UnitySubsystems
[Subsystems] Discovering subsystems at path /data/tmp/hpr_assetstore_sale/projects/sale_com_hpr_interaction/Assets
Forcing GfxDevice: Null
GfxDevice: creating device client; kGfxThreadingModeNonThreaded
NullGfxDevice:
    Version:  NULL 1.0 [1.0]
    Renderer: Null Device
    Vendor:   Unity Technologies
Initialize mono
Mono path[0] = '/data/apps/Unity/Hub/Editor/6000.4.0f1/Editor/Data/Managed'
Mono path[1] = '/data/apps/Unity/Hub/Editor/6000.4.0f1/Editor/Data/MonoBleedingEdge/lib/mono/unityjit-linux'
Mono config path = '/data/apps/Unity/Hub/Editor/6000.4.0f1/Editor/Data/MonoBleedingEdge/etc'
Using monoOptions --debugger-agent=transport=dt_socket,embedding=1,server=y,suspend=n,address=127.0.0.1:56100
CodeReloadManager initialized
Using cacheserver namespaces - metadata:defaultmetadata, artifacts:defaultartifacts
Using cacheserver namespaces - metadata:defaultmetadata, artifacts:defaultartifacts
ImportWorker Server TCP listen port: 0
AcceleratorClientConnectionCallback - disconnected - :0
Begin MonoManager ReloadAssembly
Registering precompiled unity dll's ...
Register platform support module: /data/apps/Unity/Hub/Editor/6000.4.0f1/Editor/Data/PlaybackEngines/LinuxStandaloneSupport/UnityEditor.LinuxStandalone.Extensions.dll
Registered in 0.001569 seconds.
Native extension for LinuxStandalone target not found
Package Manager log level set to [2]
[Licensing::Client] Successfully resolved entitlement details
ScheduleIndexationOnStartup MainProcess:False IndexOnStartup:False
Mono: successfully reloaded assembly
- Finished resetting the current domain, in  1.206 seconds
Domain Reload Profiling: 1885ms
	BeginReloadAssembly (142ms)
		CreateAndSetChildDomain (24ms)
	RebuildCommonClasses (79ms)
	RebuildNativeTypeToScriptingClass (17ms)
	initialDomainReloadingComplete (98ms)
	LoadAllAssembliesAndSetupDomain (341ms)
		LoadAssemblies (117ms)
		AnalyzeDomain (325ms)
			TypeCache.Refresh (323ms)
				TypeCache.ScanAssembly (303ms)
	FinalizeReload (1208ms)
		SetupLoadedEditorAssemblies (0ms)
			InitializePlatformSupportModulesInManaged (69ms)
			BeforeProcessingInitializeOnLoad (155ms)
			ProcessInitializeOnLoadAttributes (184ms)
			ProcessInitializeOnLoadMethodAttributes (689ms)
[Licensing::Client] Successfully resolved entitlement details
Application.AssetDatabase Initial Refresh Start
[Package Manager] Restoring resolved packages state from cache
[Licensing::Client] Successfully resolved entitlement details
[Package Manager] Registered 43 packages:
  Built-in packages:
    com.unity.multiplayer.center@1.0.1 (location: /data/tmp/hpr_assetstore_sale/projects/sale_com_hpr_interaction/Library/PackageCache/com.unity.multiplayer.center@53ad5a5c2bfb)
    com.unity.modules.accessibility@1.0.0 (location: /data/tmp/hpr_assetstore_sale/projects/sale_com_hpr_interaction/Library/PackageCache/com.unity.modules.accessibility)
    com.unity.modules.adaptiveperformance@1.0.0 (location: /data/tmp/hpr_assetstore_sale/projects/sale_com_hpr_interaction/Library/PackageCache/com.unity.modules.adaptiveperformance)
    com.unity.modules.ai@1.0.0 (location: /data/tmp/hpr_assetstore_sale/projects/sale_com_hpr_interaction/Library/PackageCache/com.unity.modules.ai)
    com.unity.modules.androidjni@1.0.0 (location: /data/tmp/hpr_assetstore_sale/projects/sale_com_hpr_interaction/Library/PackageCache/com.unity.modules.androidjni)
    com.unity.modules.animation@1.0.0 (location: /data/tmp/hpr_assetstore_sale/projects/sale_com_hpr_interaction/Library/PackageCache/com.unity.modules.animation)
    com.unity.modules.assetbundle@1.0.0 (location: /data/tmp/hpr_assetstore_sale/projects/sale_com_hpr_interaction/Library/PackageCache/com.unity.modules.assetbundle)
    com.unity.modules.audio@1.0.0 (location: /data/tmp/hpr_assetstore_sale/projects/sale_com_hpr_interaction/Library/PackageCache/com.unity.modules.audio)
    com.unity.modules.cloth@1.0.0 (location: /data/tmp/hpr_assetstore_sale/projects/sale_com_hpr_interaction/Library/PackageCache/com.unity.modules.cloth)
    com.unity.modules.director@1.0.0 (location: /data/tmp/hpr_assetstore_sale/projects/sale_com_hpr_interaction/Library/PackageCache/com.unity.modules.director)
    com.unity.modules.imageconversion@1.0.0 (location: /data/tmp/hpr_assetstore_sale/projects/sale_com_hpr_interaction/Library/PackageCache/com.unity.modules.imageconversion)
    com.unity.modules.imgui@1.0.0 (location: /data/tmp/hpr_assetstore_sale/projects/sale_com_hpr_interaction/Library/PackageCache/com.unity.modules.imgui)
    com.unity.modules.jsonserialize@1.0.0 (location: /data/tmp/hpr_assetstore_sale/projects/sale_com_hpr_interaction/Library/PackageCache/com.unity.modules.jsonserialize)
    com.unity.modules.particlesystem@1.0.0 (location: /data/tmp/hpr_assetstore_sale/projects/sale_com_hpr_interaction/Library/PackageCache/com.unity.modules.particlesystem)
    com.unity.modules.physics@1.0.0 (location: /data/tmp/hpr_assetstore_sale/projects/sale_com_hpr_interaction/Library/PackageCache/com.unity.modules.physics)
    com.unity.modules.physics2d@1.0.0 (location: /data/tmp/hpr_assetstore_sale/projects/sale_com_hpr_interaction/Library/PackageCache/com.unity.modules.physics2d)
    com.unity.modules.screencapture@1.0.0 (location: /data/tmp/hpr_assetstore_sale/projects/sale_com_hpr_interaction/Library/PackageCache/com.unity.modules.screencapture)
    com.unity.modules.terrain@1.0.0 (location: /data/tmp/hpr_assetstore_sale/projects/sale_com_hpr_interaction/Library/PackageCache/com.unity.modules.terrain)
    com.unity.modules.terrainphysics@1.0.0 (location: /data/tmp/hpr_assetstore_sale/projects/sale_com_hpr_interaction/Library/PackageCache/com.unity.modules.terrainphysics)
    com.unity.modules.tilemap@1.0.0 (location: /data/tmp/hpr_assetstore_sale/projects/sale_com_hpr_interaction/Library/PackageCache/com.unity.modules.tilemap)
    com.unity.modules.ui@1.0.0 (location: /data/tmp/hpr_assetstore_sale/projects/sale_com_hpr_interaction/Library/PackageCache/com.unity.modules.ui)
    com.unity.modules.uielements@1.0.0 (location: /data/tmp/hpr_assetstore_sale/projects/sale_com_hpr_interaction/Library/PackageCache/com.unity.modules.uielements)
    com.unity.modules.umbra@1.0.0 (location: /data/tmp/hpr_assetstore_sale/projects/sale_com_hpr_interaction/Library/PackageCache/com.unity.modules.umbra)
    com.unity.modules.unityanalytics@1.0.0 (location: /data/tmp/hpr_assetstore_sale/projects/sale_com_hpr_interaction/Library/PackageCache/com.unity.modules.unityanalytics)
    com.unity.modules.unitywebrequest@1.0.0 (location: /data/tmp/hpr_assetstore_sale/projects/sale_com_hpr_interaction/Library/PackageCache/com.unity.modules.unitywebrequest)
    com.unity.modules.unitywebrequestassetbundle@1.0.0 (location: /data/tmp/hpr_assetstore_sale/projects/sale_com_hpr_interaction/Library/PackageCache/com.unity.modules.unitywebrequestassetbundle)
    com.unity.modules.unitywebrequestaudio@1.0.0 (location: /data/tmp/hpr_assetstore_sale/projects/sale_com_hpr_interaction/Library/PackageCache/com.unity.modules.unitywebrequestaudio)
    com.unity.modules.unitywebrequesttexture@1.0.0 (location: /data/tmp/hpr_assetstore_sale/projects/sale_com_hpr_interaction/Library/PackageCache/com.unity.modules.unitywebrequesttexture)
    com.unity.modules.unitywebrequestwww@1.0.0 (location: /data/tmp/hpr_assetstore_sale/projects/sale_com_hpr_interaction/Library/PackageCache/com.unity.modules.unitywebrequestwww)
    com.unity.modules.vectorgraphics@1.0.0 (location: /data/tmp/hpr_assetstore_sale/projects/sale_com_hpr_interaction/Library/PackageCache/com.unity.modules.vectorgraphics)
    com.unity.modules.vehicles@1.0.0 (location: /data/tmp/hpr_assetstore_sale/projects/sale_com_hpr_interaction/Library/PackageCache/com.unity.modules.vehicles)
    com.unity.modules.video@1.0.0 (location: /data/tmp/hpr_assetstore_sale/projects/sale_com_hpr_interaction/Library/PackageCache/com.unity.modules.video)
    com.unity.modules.vr@1.0.0 (location: /data/tmp/hpr_assetstore_sale/projects/sale_com_hpr_interaction/Library/PackageCache/com.unity.modules.vr)
    com.unity.modules.wind@1.0.0 (location: /data/tmp/hpr_assetstore_sale/projects/sale_com_hpr_interaction/Library/PackageCache/com.unity.modules.wind)
    com.unity.modules.xr@1.0.0 (location: /data/tmp/hpr_assetstore_sale/projects/sale_com_hpr_interaction/Library/PackageCache/com.unity.modules.xr)
    com.unity.ugui@2.0.0 (location: /data/tmp/hpr_assetstore_sale/projects/sale_com_hpr_interaction/Library/PackageCache/com.unity.ugui@288051c775ab)
    com.unity.test-framework@1.6.0 (location: /data/tmp/hpr_assetstore_sale/projects/sale_com_hpr_interaction/Library/PackageCache/com.unity.test-framework@f63be82e0d2e)
    com.unity.ext.nunit@2.0.5 (location: /data/tmp/hpr_assetstore_sale/projects/sale_com_hpr_interaction/Library/PackageCache/com.unity.ext.nunit@ec2d0043d6fc)
    com.unity.modules.subsystems@1.0.0 (location: /data/tmp/hpr_assetstore_sale/projects/sale_com_hpr_interaction/Library/PackageCache/com.unity.modules.subsystems)
    com.unity.modules.hierarchycore@1.0.0 (location: /data/tmp/hpr_assetstore_sale/projects/sale_com_hpr_interaction/Library/PackageCache/com.unity.modules.hierarchycore)
  Embedded packages:
    com.hpr.eventbus@file:/data/tmp/hpr_assetstore_sale/projects/sale_com_hpr_interaction/Packages/com.hpr.eventbus (location: /data/tmp/hpr_assetstore_sale/projects/sale_com_hpr_interaction/Packages/com.hpr.eventbus)
    com.hpr.interaction@file:/data/tmp/hpr_assetstore_sale/projects/sale_com_hpr_interaction/Packages/com.hpr.interaction (location: /data/tmp/hpr_assetstore_sale/projects/sale_com_hpr_interaction/Packages/com.hpr.interaction)
    com.hpr.inventory@file:/data/tmp/hpr_assetstore_sale/projects/sale_com_hpr_interaction/Packages/com.hpr.inventory (location: /data/tmp/hpr_assetstore_sale/projects/sale_com_hpr_interaction/Packages/com.hpr.inventory)
[Subsystems] No new subsystems found in resolved package list.
[Package Manager] Done registering packages in 0.01 seconds
[Package Manager] Done resolving packages in 0.17 seconds
[Licensing::Client] Successfully resolved entitlement details
[Package Manager] Lock file was modified
[Package Manager] Registered 40 packages:
  Built-in packages:
    com.unity.multiplayer.center@1.0.1 (location: /data/tmp/hpr_assetstore_sale/projects/sale_com_hpr_interaction/Library/PackageCache/com.unity.multiplayer.center@53ad5a5c2bfb)
    com.unity.modules.accessibility@1.0.0 (location: /data/tmp/hpr_assetstore_sale/projects/sale_com_hpr_interaction/Library/PackageCache/com.unity.modules.accessibility)
    com.unity.modules.adaptiveperformance@1.0.0 (location: /data/tmp/hpr_assetstore_sale/projects/sale_com_hpr_interaction/Library/PackageCache/com.unity.modules.adaptiveperformance)
    com.unity.modules.ai@1.0.0 (location: /data/tmp/hpr_assetstore_sale/projects/sale_com_hpr_interaction/Library/PackageCache/com.unity.modules.ai)
    com.unity.modules.androidjni@1.0.0 (location: /data/tmp/hpr_assetstore_sale/projects/sale_com_hpr_interaction/Library/PackageCache/com.unity.modules.androidjni)
    com.unity.modules.animation@1.0.0 (location: /data/tmp/hpr_assetstore_sale/projects/sale_com_hpr_interaction/Library/PackageCache/com.unity.modules.animation)
    com.unity.modules.assetbundle@1.0.0 (location: /data/tmp/hpr_assetstore_sale/projects/sale_com_hpr_interaction/Library/PackageCache/com.unity.modules.assetbundle)
    com.unity.modules.audio@1.0.0 (location: /data/tmp/hpr_assetstore_sale/projects/sale_com_hpr_interaction/Library/PackageCache/com.unity.modules.audio)
    com.unity.modules.cloth@1.0.0 (location: /data/tmp/hpr_assetstore_sale/projects/sale_com_hpr_interaction/Library/PackageCache/com.unity.modules.cloth)
    com.unity.modules.director@1.0.0 (location: /data/tmp/hpr_assetstore_sale/projects/sale_com_hpr_interaction/Library/PackageCache/com.unity.modules.director)
    com.unity.modules.imageconversion@1.0.0 (location: /data/tmp/hpr_assetstore_sale/projects/sale_com_hpr_interaction/Library/PackageCache/com.unity.modules.imageconversion)
    com.unity.modules.imgui@1.0.0 (location: /data/tmp/hpr_assetstore_sale/projects/sale_com_hpr_interaction/Library/PackageCache/com.unity.modules.imgui)
    com.unity.modules.jsonserialize@1.0.0 (location: /data/tmp/hpr_assetstore_sale/projects/sale_com_hpr_interaction/Library/PackageCache/com.unity.modules.jsonserialize)
    com.unity.modules.particlesystem@1.0.0 (location: /data/tmp/hpr_assetstore_sale/projects/sale_com_hpr_interaction/Library/PackageCache/com.unity.modules.particlesystem)
    com.unity.modules.physics@1.0.0 (location: /data/tmp/hpr_assetstore_sale/projects/sale_com_hpr_interaction/Library/PackageCache/com.unity.modules.physics)
    com.unity.modules.physics2d@1.0.0 (location: /data/tmp/hpr_assetstore_sale/projects/sale_com_hpr_interaction/Library/PackageCache/com.unity.modules.physics2d)
    com.unity.modules.screencapture@1.0.0 (location: /data/tmp/hpr_assetstore_sale/projects/sale_com_hpr_interaction/Library/PackageCache/com.unity.modules.screencapture)
    com.unity.modules.terrain@1.0.0 (location: /data/tmp/hpr_assetstore_sale/projects/sale_com_hpr_interaction/Library/PackageCache/com.unity.modules.terrain)
    com.unity.modules.terrainphysics@1.0.0 (location: /data/tmp/hpr_assetstore_sale/projects/sale_com_hpr_interaction/Library/PackageCache/com.unity.modules.terrainphysics)
    com.unity.modules.tilemap@1.0.0 (location: /data/tmp/hpr_assetstore_sale/projects/sale_com_hpr_interaction/Library/PackageCache/com.unity.modules.tilemap)
    com.unity.modules.ui@1.0.0 (location: /data/tmp/hpr_assetstore_sale/projects/sale_com_hpr_interaction/Library/PackageCache/com.unity.modules.ui)
    com.unity.modules.uielements@1.0.0 (location: /data/tmp/hpr_assetstore_sale/projects/sale_com_hpr_interaction/Library/PackageCache/com.unity.modules.uielements)
    com.unity.modules.umbra@1.0.0 (location: /data/tmp/hpr_assetstore_sale/projects/sale_com_hpr_interaction/Library/PackageCache/com.unity.modules.umbra)
    com.unity.modules.unityanalytics@1.0.0 (location: /data/tmp/hpr_assetstore_sale/projects/sale_com_hpr_interaction/Library/PackageCache/com.unity.modules.unityanalytics)
    com.unity.modules.unitywebrequest@1.0.0 (location: /data/tmp/hpr_assetstore_sale/projects/sale_com_hpr_interaction/Library/PackageCache/com.unity.modules.unitywebrequest)
    com.unity.modules.unitywebrequestassetbundle@1.0.0 (location: /data/tmp/hpr_assetstore_sale/projects/sale_com_hpr_interaction/Library/PackageCache/com.unity.modules.unitywebrequestassetbundle)
    com.unity.modules.unitywebrequestaudio@1.0.0 (location: /data/tmp/hpr_assetstore_sale/projects/sale_com_hpr_interaction/Library/PackageCache/com.unity.modules.unitywebrequestaudio)
    com.unity.modules.unitywebrequesttexture@1.0.0 (location: /data/tmp/hpr_assetstore_sale/projects/sale_com_hpr_interaction/Library/PackageCache/com.unity.modules.unitywebrequesttexture)
    com.unity.modules.unitywebrequestwww@1.0.0 (location: /data/tmp/hpr_assetstore_sale/projects/sale_com_hpr_interaction/Library/PackageCache/com.unity.modules.unitywebrequestwww)
    com.unity.modules.vectorgraphics@1.0.0 (location: /data/tmp/hpr_assetstore_sale/projects/sale_com_hpr_interaction/Library/PackageCache/com.unity.modules.vectorgraphics)
    com.unity.modules.vehicles@1.0.0 (location: /data/tmp/hpr_assetstore_sale/projects/sale_com_hpr_interaction/Library/PackageCache/com.unity.modules.vehicles)
    com.unity.modules.video@1.0.0 (location: /data/tmp/hpr_assetstore_sale/projects/sale_com_hpr_interaction/Library/PackageCache/com.unity.modules.video)
    com.unity.modules.vr@1.0.0 (location: /data/tmp/hpr_assetstore_sale/projects/sale_com_hpr_interaction/Library/PackageCache/com.unity.modules.vr)
    com.unity.modules.wind@1.0.0 (location: /data/tmp/hpr_assetstore_sale/projects/sale_com_hpr_interaction/Library/PackageCache/com.unity.modules.wind)
    com.unity.modules.xr@1.0.0 (location: /data/tmp/hpr_assetstore_sale/projects/sale_com_hpr_interaction/Library/PackageCache/com.unity.modules.xr)
    com.unity.ugui@2.0.0 (location: /data/tmp/hpr_assetstore_sale/projects/sale_com_hpr_interaction/Library/PackageCache/com.unity.ugui@288051c775ab)
    com.unity.test-framework@1.6.0 (location: /data/tmp/hpr_assetstore_sale/projects/sale_com_hpr_interaction/Library/PackageCache/com.unity.test-framework@f63be82e0d2e)
    com.unity.ext.nunit@2.0.5 (location: /data/tmp/hpr_assetstore_sale/projects/sale_com_hpr_interaction/Library/PackageCache/com.unity.ext.nunit@ec2d0043d6fc)
    com.unity.modules.subsystems@1.0.0 (location: /data/tmp/hpr_assetstore_sale/projects/sale_com_hpr_interaction/Library/PackageCache/com.unity.modules.subsystems)
    com.unity.modules.hierarchycore@1.0.0 (location: /data/tmp/hpr_assetstore_sale/projects/sale_com_hpr_interaction/Library/PackageCache/com.unity.modules.hierarchycore)
[Subsystems] No new subsystems found in resolved package list.
[Package Manager] Done registering packages in 0.00 seconds
[ScriptCompilation] Requested script compilation because: Assembly Definition File(s) changed
[ScriptCompilation] Requested script compilation because: AssetDatabase observed changes in script compilation related files
info: Microsoft.Hosting.Lifetime[14]
      Now listening on: http://unix:/tmp/ilpp.sock-5fe82762977980888d086d100c090663
info: Microsoft.Hosting.Lifetime[0]
      Application started. Press Ctrl+C to shut down.
info: Microsoft.Hosting.Lifetime[0]
      Hosting environment: Production
info: Microsoft.Hosting.Lifetime[0]
      Content root path: /data/tmp/hpr_assetstore_sale/projects/sale_com_hpr_interaction
info: Microsoft.AspNetCore.Hosting.Diagnostics[1]
      Request starting HTTP/2 POST http://ilpp/UnityILPP.PostProcessing/Ping - application/grpc -
info: Microsoft.AspNetCore.Routing.EndpointMiddleware[0]
      Executing endpoint 'gRPC - /UnityILPP.PostProcessing/Ping'
info: Microsoft.AspNetCore.Routing.EndpointMiddleware[1]
      Executed endpoint 'gRPC - /UnityILPP.PostProcessing/Ping'
info: Microsoft.AspNetCore.Hosting.Diagnostics[2]
      Request finished HTTP/2 POST http://ilpp/UnityILPP.PostProcessing/Ping - 200 - application/grpc 48.9747ms
Starting: /data/apps/Unity/Hub/Editor/6000.4.0f1/Editor/Data/Tools/BuildPipeline/bee_backend --ipc --defer-dag-verification --dagfile="Library/Bee/2400b0aE.dag" --continue-on-failure --profile="Library/Bee/backend1.traceevents" ScriptAssemblies
WorkingDir: /data/tmp/hpr_assetstore_sale/projects/sale_com_hpr_interaction
DisplayProgressbar: Compiling Scripts
ExitCode: 4 Duration: 1s448ms
[           0s] Csc Library/Bee/artifacts/2400b0aE.dag/HPR.Inventory.Runtime.dll (+2 others) [CacheMiss 764908b4b815c3fc8cf8a12d35a13f8a00000000000000000000000000000006]
[           0s] Csc Library/Bee/artifacts/2400b0aE.dag/HPR.Eventbus.Runtime.dll (+2 others) [CacheMiss 73011c49f142d69209a9cc89ffb948c200000000000000000000000000000006]
Rebuilding DAG because FileSignature timestamp changed: Library/Bee/2400b0aE-inputdata.json
*** Tundra requires additional run (1.42 seconds), 2 items updated, 296 evaluated
Starting: /data/apps/Unity/Hub/Editor/6000.4.0f1/Editor/Data/netcorerun/netcorerun "/data/apps/Unity/Hub/Editor/6000.4.0f1/Editor/Data/Tools/BuildPipeline/ScriptCompilationBuildProgram.exe" "Library/Bee/2400b0aE.dag.json" "Library/Bee/2400b0aE-inputdata.json" "Library/Bee/buildprogram0.traceevents"
WorkingDir: /data/tmp/hpr_assetstore_sale/projects/sale_com_hpr_interaction
ExitCode: 0 Duration: 0s794ms
Starting: /data/apps/Unity/Hub/Editor/6000.4.0f1/Editor/Data/Tools/BuildPipeline/bee_backend --ipc --defer-dag-verification --dagfile="Library/Bee/2400b0aE.dag" --continue-on-failure --dagfilejson="Library/Bee/2400b0aE.dag.json" --profile="Library/Bee/backend2.traceevents" ScriptAssemblies
WorkingDir: /data/tmp/hpr_assetstore_sale/projects/sale_com_hpr_interaction
ExitCode: 0 Duration: 3s423ms
Finished compiling graph: 339 nodes, 4392 flattened edges (4078 ToBuild, 46 ToUse), maximum node priority 179
[174/336    0s] WriteText Library/Bee/artifacts/2400b0aE.dag/HPR.Inventory.Runtime.rsp2
[175/336    0s] WriteText Library/Bee/artifacts/2400b0aE.dag/HPR.Eventbus.Runtime.rsp2
[186/336    0s] WriteText Library/Bee/artifacts/2400b0aE.dag/HPR.Inventory.Demo.rsp2
[190/336    0s] WriteText Library/Bee/artifacts/2400b0aE.dag/HPR.Interaction.Demo.rsp2
[191/336    0s] WriteText Library/Bee/artifacts/2400b0aE.dag/HPR.Interaction.Runtime.rsp2
[192/336    0s] WriteText Library/Bee/artifacts/2400b0aE.dag/HPR.Inventory.Runtime.rsp
[194/336    0s] WriteText Library/Bee/artifacts/2400b0aE.dag/HPR.Eventbus.Runtime.rsp
[197/336    0s] WriteText Library/Bee/artifacts/2400b0aE.dag/HPR.Eventbus.Demo.rsp2
[205/336    0s] WriteText Library/Bee/artifacts/2400b0aE.dag/HPR.Interaction.Demo.rsp
[206/336    0s] WriteText Library/Bee/artifacts/2400b0aE.dag/HPR.Interaction.Runtime.rsp
[210/336    0s] WriteText Library/Bee/artifacts/2400b0aE.dag/HPR.Eventbus.Editor.rsp2
[217/336    0s] WriteText Library/Bee/artifacts/2400b0aE.dag/HPR.Eventbus.Demo.rsp
[218/336    0s] WriteText Library/Bee/artifacts/2400b0aE.dag/HPR.Inventory.Demo.rsp
[219/336    0s] WriteText Library/Bee/artifacts/2400b0aE.dag/HPR.Inventory.Editor.rsp2
[226/336    0s] WriteText Library/Bee/artifacts/2400b0aE.dag/HPR.Interaction.Editor.rsp2
[232/336    0s] WriteText Library/Bee/artifacts/2400b0aE.dag/HPR.Inventory.Tests.EditMode.rsp2
[236/336    0s] WriteText Library/Bee/artifacts/2400b0aE.dag/HPR.Interaction.Tests.EditMode.rsp2
[239/336    0s] WriteText Library/Bee/artifacts/2400b0aE.dag/HPR.Inventory.Editor.rsp
[240/336    0s] WriteText Library/Bee/artifacts/2400b0aE.dag/HPR.Inventory.Tests.EditMode.rsp
[243/336    0s] WriteText Library/Bee/artifacts/2400b0aE.dag/HPR.Eventbus.Tests.EditMode.rsp2
[244/336    0s] WriteText Library/Bee/artifacts/2400b0aE.dag/HPR.Eventbus.Editor.rsp
[245/336    0s] WriteText Library/Bee/artifacts/2400b0aE.dag/HPR.Interaction.Editor.rsp
[248/336    0s] WriteText Library/Bee/artifacts/2400b0aE.dag/HPR.Interaction.Tests.EditMode.rsp
[250/336    0s] WriteText Library/Bee/artifacts/2400b0aE.dag/HPR.Eventbus.Tests.EditMode.rsp
[277/336    0s] WriteText Library/Bee/artifacts/2400b0aE.dag/Assembly-CSharp-Editor.rsp
[297/336    2s] Csc Library/Bee/artifacts/2400b0aE.dag/HPR.Inventory.Runtime.dll (+2 others)
[298/336    2s] Csc Library/Bee/artifacts/2400b0aE.dag/HPR.Eventbus.Runtime.dll (+2 others)
[299/336    0s] CopyFiles Library/ScriptAssemblies/HPR.Inventory.Runtime.dll
[300/336    0s] CopyFiles Library/ScriptAssemblies/HPR.Inventory.Runtime.pdb
[301/336    0s] CopyFiles Library/ScriptAssemblies/HPR.Eventbus.Runtime.dll
[302/336    0s] CopyFiles Library/ScriptAssemblies/HPR.Eventbus.Runtime.pdb
[303/336    0s] Csc Library/Bee/artifacts/2400b0aE.dag/HPR.Eventbus.Tests.EditMode.dll (+2 others)
[304/336    0s] CopyFiles Library/ScriptAssemblies/HPR.Eventbus.Tests.EditMode.pdb
[305/336    0s] CopyFiles Library/ScriptAssemblies/HPR.Eventbus.Tests.EditMode.dll
[306/336    0s] Csc Library/Bee/artifacts/2400b0aE.dag/HPR.Inventory.Tests.EditMode.dll (+2 others)
[307/336    0s] CopyFiles Library/ScriptAssemblies/HPR.Inventory.Tests.EditMode.pdb
[308/336    0s] CopyFiles Library/ScriptAssemblies/HPR.Inventory.Tests.EditMode.dll
[309/336    0s] Csc Library/Bee/artifacts/2400b0aE.dag/HPR.Inventory.Demo.dll (+2 others)
[310/336    0s] CopyFiles Library/ScriptAssemblies/HPR.Inventory.Demo.pdb
[311/336    0s] CopyFiles Library/ScriptAssemblies/HPR.Inventory.Demo.dll
[312/336    0s] Csc Library/Bee/artifacts/2400b0aE.dag/HPR.Interaction.Runtime.dll (+2 others)
[313/336    0s] Csc Library/Bee/artifacts/2400b0aE.dag/HPR.Eventbus.Demo.dll (+2 others)
[314/336    0s] CopyFiles Library/ScriptAssemblies/HPR.Eventbus.Demo.dll
[315/336    0s] CopyFiles Library/ScriptAssemblies/HPR.Eventbus.Demo.pdb
[316/336    0s] CopyFiles Library/ScriptAssemblies/HPR.Interaction.Runtime.dll
[317/336    0s] CopyFiles Library/ScriptAssemblies/HPR.Interaction.Runtime.pdb
[318/336    0s] Csc Library/Bee/artifacts/2400b0aE.dag/HPR.Interaction.Tests.EditMode.dll (+2 others)
[319/336    0s] CopyFiles Library/ScriptAssemblies/HPR.Interaction.Tests.EditMode.dll
[320/336    0s] CopyFiles Library/ScriptAssemblies/HPR.Interaction.Tests.EditMode.pdb
[321/336    0s] Csc Library/Bee/artifacts/2400b0aE.dag/HPR.Interaction.Demo.dll (+2 others)
[322/336    0s] CopyFiles Library/ScriptAssemblies/HPR.Interaction.Demo.dll
[323/336    0s] CopyFiles Library/ScriptAssemblies/HPR.Interaction.Demo.pdb
[324/336    0s] Csc Library/Bee/artifacts/2400b0aE.dag/HPR.Eventbus.Editor.dll (+2 others)
[325/336    0s] CopyFiles Library/ScriptAssemblies/HPR.Eventbus.Editor.pdb
[326/336    0s] CopyFiles Library/ScriptAssemblies/HPR.Eventbus.Editor.dll
[327/336    0s] Csc Library/Bee/artifacts/2400b0aE.dag/HPR.Inventory.Editor.dll (+2 others)
[328/336    0s] CopyFiles Library/ScriptAssemblies/HPR.Inventory.Editor.pdb
[329/336    0s] CopyFiles Library/ScriptAssemblies/HPR.Inventory.Editor.dll
[330/336    0s] Csc Library/Bee/artifacts/2400b0aE.dag/HPR.Interaction.Editor.dll (+2 others)
[331/336    0s] CopyFiles Library/ScriptAssemblies/HPR.Interaction.Editor.pdb
[332/336    0s] CopyFiles Library/ScriptAssemblies/HPR.Interaction.Editor.dll
[333/336    0s] Csc Library/Bee/artifacts/2400b0aE.dag/Assembly-CSharp-Editor.dll (+2 others)
Assets/Editor/HprPackageScreenshotRunner.cs(54,49): warning CS8632: The annotation for nullable reference types should only be used in code within a '#nullable' annotations context.
Assets/Editor/HprPackageScreenshotRunner.cs(15,19): warning CS8632: The annotation for nullable reference types should only be used in code within a '#nullable' annotations context.
Assets/Editor/HprPackageScreenshotRunner.cs(16,19): warning CS8632: The annotation for nullable reference types should only be used in code within a '#nullable' annotations context.
Assets/Editor/HprPackageScreenshotRunner.cs(17,19): warning CS8632: The annotation for nullable reference types should only be used in code within a '#nullable' annotations context.
Assets/Editor/HprPackageScreenshotRunner.cs(18,19): warning CS8632: The annotation for nullable reference types should only be used in code within a '#nullable' annotations context.
Assets/Editor/HprPackageScreenshotRunner.cs(36,23): warning CS8632: The annotation for nullable reference types should only be used in code within a '#nullable' annotations context.
Assets/Editor/HprPackageScreenshotRunner.cs(61,19): warning CS8632: The annotation for nullable reference types should only be used in code within a '#nullable' annotations context.
[334/336    0s] CopyFiles Library/ScriptAssemblies/Assembly-CSharp-Editor.pdb
[335/336    0s] CopyFiles Library/ScriptAssemblies/Assembly-CSharp-Editor.dll
*** Tundra build success (3.40 seconds), 64 items updated, 336 evaluated
Assets/Editor/HprPackageScreenshotRunner.cs(54,49): warning CS8632: The annotation for nullable reference types should only be used in code within a '#nullable' annotations context.
Assets/Editor/HprPackageScreenshotRunner.cs(15,19): warning CS8632: The annotation for nullable reference types should only be used in code within a '#nullable' annotations context.
Assets/Editor/HprPackageScreenshotRunner.cs(16,19): warning CS8632: The annotation for nullable reference types should only be used in code within a '#nullable' annotations context.
Assets/Editor/HprPackageScreenshotRunner.cs(17,19): warning CS8632: The annotation for nullable reference types should only be used in code within a '#nullable' annotations context.
Assets/Editor/HprPackageScreenshotRunner.cs(18,19): warning CS8632: The annotation for nullable reference types should only be used in code within a '#nullable' annotations context.
Assets/Editor/HprPackageScreenshotRunner.cs(36,23): warning CS8632: The annotation for nullable reference types should only be used in code within a '#nullable' annotations context.
Assets/Editor/HprPackageScreenshotRunner.cs(61,19): warning CS8632: The annotation for nullable reference types should only be used in code within a '#nullable' annotations context.
AssetDatabase: script compilation time: 6.249685s
Begin MonoManager ReloadAssembly
Assembly Assembly-CSharp-Editor-firstpass.dll at Library/ScriptAssemblies/Assembly-CSharp-Editor-firstpass.dll not valid. Loading of assembly skipped.
Assembly Assembly-CSharp-firstpass.dll at Library/ScriptAssemblies/Assembly-CSharp-firstpass.dll not valid. Loading of assembly skipped.
Assembly Assembly-CSharp.dll at Library/ScriptAssemblies/Assembly-CSharp.dll not valid. Loading of assembly skipped.
Assembly TestNewCustomAssembly.dll at Library/ScriptAssemblies/TestNewCustomAssembly.dll not valid. Loading of assembly skipped.
Assembly Unity.Multiplayer.Center.Editor.Tests.dll at Library/ScriptAssemblies/Unity.Multiplayer.Center.Editor.Tests.dll not valid. Loading of assembly skipped.
Assembly Unity.Multiplayer.Center.Tests.dll at Library/ScriptAssemblies/Unity.Multiplayer.Center.Tests.dll not valid. Loading of assembly skipped.
Assembly Unity.TextMeshPro.Editor.Tests.dll at Library/ScriptAssemblies/Unity.TextMeshPro.Editor.Tests.dll not valid. Loading of assembly skipped.
Assembly Unity.TextMeshPro.Tests.dll at Library/ScriptAssemblies/Unity.TextMeshPro.Tests.dll not valid. Loading of assembly skipped.
Assembly UnityEditor.UI.Common.Tests.dll at Library/ScriptAssemblies/UnityEditor.UI.Common.Tests.dll not valid. Loading of assembly skipped.
Assembly UnityEditor.UI.EditorTests.dll at Library/ScriptAssemblies/UnityEditor.UI.EditorTests.dll not valid. Loading of assembly skipped.
Assembly UnityEngine.UI.Tests.dll at Library/ScriptAssemblies/UnityEngine.UI.Tests.dll not valid. Loading of assembly skipped.
Start importing Assets/com.hpr.interaction using Guid(65a6dbd5e73fa34908d03b22c0c55b80) (DefaultImporter) -> (Import Result ID: 'fcaaf12b5dbe02271fa306e3f8dc6b79') in 0.021222173 seconds [static dependencies only]. Details - ImportResultOutputID=aaa96e8a6870ca7bc4dfec417e04bf0c DependenciesID=17b594cbd62a17b3043fa824c743cd9a StaticDependenciesID=d4388f45ee071e161b6ff64759cad4d4 
Start importing Assets/com.hpr.eventbus using Guid(e6f89802344cc6faaa38022b3e163213) (DefaultImporter) -> (Import Result ID: '6583dff25266e088896006f265f28520') in 0.000827583 seconds [static dependencies only]. Details - ImportResultOutputID=7b175a5198a7977a0fc68ec1309ed69f DependenciesID=1b861535ece00d00d663821e2bdda8ec StaticDependenciesID=8f129a445f63a9e15207d72694bb829a 
Start importing Assets/com.hpr.inventory using Guid(6986ceeb63dde0dfa92196747837e95e) (DefaultImporter) -> (Import Result ID: '27fa758e9abc48d20ff2d5f298d3a1ab') in 0.000716348 seconds [static dependencies only]. Details - ImportResultOutputID=3fbb7abbabe29c8b1b2c47c140345214 DependenciesID=7528b5d444bef199660de950bd7cf0c4 StaticDependenciesID=15148dfdb6890ac56fa3afa9686e5605 
Native extension for LinuxStandalone target not found
ScheduleIndexationOnStartup MainProcess:True IndexOnStartup:True
Mono: successfully reloaded assembly
- Finished resetting the current domain, in  0.829 seconds
Domain Reload Profiling: 1605ms
	BeginReloadAssembly (365ms)
		DisableScriptedObjects (18ms)
		CreateAndSetChildDomain (171ms)
	RebuildCommonClasses (64ms)
	RebuildNativeTypeToScriptingClass (17ms)
	initialDomainReloadingComplete (50ms)
	LoadAllAssembliesAndSetupDomain (279ms)
		LoadAssemblies (282ms)
		AnalyzeDomain (77ms)
			TypeCache.Refresh (46ms)
				TypeCache.ScanAssembly (36ms)
			BuildScriptInfoCaches (22ms)
			ResolveRequiredComponents (7ms)
	FinalizeReload (831ms)
		SetupLoadedEditorAssemblies (0ms)
			InitializePlatformSupportModulesInManaged (44ms)
			BeforeProcessingInitializeOnLoad (273ms)
			ProcessInitializeOnLoadAttributes (151ms)
			ProcessInitializeOnLoadMethodAttributes (105ms)
			AfterProcessingInitializeOnLoad (5ms)
		AwakeInstancesAfterBackupRestoration (8ms)
Start importing Assets/com.hpr.interaction/Demo/InteractionDemo.unity using Guid(4bc8ec3709c055751989b239dbaf7642) (DefaultImporter) -> (Import Result ID: 'e1909f6a5beb074eb4e56ce7950fbf5f') in 0.000694689 seconds [static dependencies only]. Details - ImportResultOutputID=9624aee75a444dc1a3d61ddacca9293b DependenciesID=2e333d3288f94f1e4615a6956cdb326a StaticDependenciesID=ec5473e41bdb8e933db8a6bd0754cb75 
Start importing Assets/com.hpr.eventbus/package.json using Guid(948bc03d0e4b748b9cdc39bad95aba83) (TextScriptImporter) -> (Import Result ID: '5d4ebbbcd619f040e3a021cbb7fa2c90') in 0.001373745 seconds [static dependencies only]. Details - ImportResultOutputID=153a9053fe97e69c5e1583c417f358cd DependenciesID=9c276ae822f9e1de6da6e32f3c72edd6 StaticDependenciesID=e814c7fbee1384120c883b84edcdcedd 
Start importing Assets/com.hpr.interaction/package.json using Guid(487fca4da50abb1b828893cafade5d5c) (TextScriptImporter) -> (Import Result ID: 'ac138e968fce112d72d78d86d4ff0925') in 0.001148286 seconds [static dependencies only]. Details - ImportResultOutputID=8191cd34262287e888d7bfec98f56101 DependenciesID=e2e6450274a247395ed7fa903bc8f2a3 StaticDependenciesID=dff07f4a3b0b81ab6f830f21127b55e0 
Start importing Assets/com.hpr.inventory/package.json using Guid(bd7db5db0ffbdc846abdac7870eb0b21) (TextScriptImporter) -> (Import Result ID: 'fc9037a15b10a8c510fad4c7622314ca') in 0.000889559 seconds [static dependencies only]. Details - ImportResultOutputID=b45bd587e152de3e07b982c1332aa1e7 DependenciesID=69dc4f0e446b1821dc5dd80c2c6ad602 StaticDependenciesID=8ff62cacb229440dad8c01c1ede845e3 
(Values over 0.050ms)
Asset Pipeline Refresh (id=b4fe0084426ad5d02ad646686f2a2494): Total: 8.578 seconds - Initiated by InitialRefreshV2(ForceSynchronousImport)
	Summary:
		Imports: total=7 (actual=7, local cache=0, cache server=0)
		Asset DB Process Time: managed=6 ms, native=1207 ms
		Asset DB Callback time: managed=125 ms, native=193 ms
		Scripting: domain reloads=1, domain reload time=775 ms, compile time=6253 ms, other=15 ms
		Project Asset Count: scripts=286, non-scripts=157
		Asset File Changes: new=5, changed=22, moved=87, deleted=3
		Scan Filter Count: 1
	InvokePackagesCallback: 180.384ms
	ApplyChangesToAssetFolders: 0.334ms
	Scan: 218.684ms
	OnSourceAssetsModified: 1.564ms
	CategorizeScriptCompilationAssets: 9.851ms
	ProcessAssetsWithTransientArtifactChanges: 20.246ms
	CategorizeAssets: 3.894ms
	CompileScripts: 6252.598ms
	ImportOutOfDateAssets: 867.858ms (833.065ms without children)
		ImportManagerImport: 34.065ms (5.886ms without children)
			UpdateCategorizedAssets: 0.066ms
		UnloadImportedAssets: 0.345ms
		EnsureUptoDateAssetsAreRegisteredWithGuidPM: 0.132ms
		OnDemandSchedulerStart: 0.238ms
	PostProcessAllAssets: 137.083ms
		VCAutoAddAssetPostprocess 5.745ms
		AssemblyValidation.PostprocessAllAssets 4.864ms
		LocalizationDatabase.AssetDatabasePostprocessCallback 0.154ms
		PostProcessCallbackCreateDeferredMaterials 0.104ms
		ShaderAssetModifiedCallback 0.075ms
		VersionControlSettings.HiddenFilePostprocess 0.071ms
		ComputeShaderImportPostprocess 0.060ms
		MonoPostProcessAllAssets: 123.777ms
			AssetPostprocessor.OnPostprocessAllAssets 47.067ms
			StyleCatalogPostProcessor.OnPostprocessAllAssets 19.087ms
			WindowAssetPostprocessingWatcher.OnPostprocessAllAssets 12.701ms
			BuilderAssetPostprocessor.OnPostprocessAllAssets 9.153ms
			AssetChangedListener.OnPostprocessAllAssets 5.407ms
			SyncVS.PostprocessSyncProject 2.022ms
			RetainedModeAssetPostprocessor.OnPostprocessAllAssets 1.993ms
			TMPro_TexturePostProcessor.OnPostprocessAllAssets 1.205ms
			SpeedTree9Postprocessor.OnPostprocessAllAssets 1.204ms
			TextAssetPostProcessor.OnPostprocessAllAssets 0.947ms
			ReferencedClipsPostProcessor.OnPostprocessAllAssets 0.780ms
			ArtifactBrowserPostProcessor.OnPostprocessAllAssets 0.698ms
			AudioMixerPostprocessor.OnPostprocessAllAssets 0.580ms
			AssetEvents.OnPostprocessAllAssets 0.406ms
			TerrainToolbarOverlayPostProcessor.OnPostprocessAllAssets 0.341ms
			ConfigAssetsTracker.OnPostprocessAllAssets 0.287ms
			SpeedTreePostProcessor.OnPostprocessAllAssets 0.286ms
			AssetDatabaseCallbacks.OnPostprocessAllAssets 0.256ms
			ScenarioDriftAssetsTracker.OnPostprocessAllAssets 0.227ms
			AudioContainerPostProcessor.OnPostprocessAllAssets 0.134ms
			RenderPipelineGlobalSettingsPostprocessor.OnPostprocessAllAssets 0.130ms
	PostAssetChangesProfiler: 1.179ms
	UnloadStreamsBegin: 1.886ms
	PersistCurrentRevisions: 0.093ms
	GenerateScriptTypeHashes: 0.512ms
	GenerateScriptTypeSerializationHashes: 1.172ms
	Untracked: 881.411ms

Application.AssetDatabase Initial Refresh End
Scanning for USB devices : 4.233ms
Initializing Unity extensions:
UpdateMenuTitleForLanguage: 10
[MODES] ModeService[none].Initialize
[MODES] ModeService[none].LoadModes
[MODES] Loading mode Default (0) for mode-current-id-sale_com_hpr_interaction
Unloading 4 Unused Serialized files (Serialized files now loaded: 0)
Unloading 860 unused Assets / (1.4 MB). Loaded Objects now: 1462.
Memory consumption went from 90.4 MB to 89.0 MB.
Total: 13.967646 ms (FindLiveObjects: 0.115979 ms CreateObjectMapping: 0.068554 ms MarkObjects: 12.581581 ms  DeleteObjects: 1.199843 ms)

Batchmode quit successfully invoked - shutting down!
Curl error 42: Callback aborted
[Physics::Module] Cleanup current backend.
[Physics::Module] Id: 0xf2b8ea05
Input System module state changed to: ShutdownInProgress.
Input Polling Thread exited.
Input System module state changed to: Shutdown.
[Licensing::IpcConnector] LicenseClient-hans-notifications channel disconnected successfully.
[Licensing::IpcConnector] LicenseClient-hans channel disconnected successfully.
AcceleratorClientConnectionCallback - disconnected - :0
info: Microsoft.Hosting.Lifetime[0]
      Application is shutting down...
Cleanup mono
CodeReloadManager destroyed
debugger-agent: Unable to listen on 39
Exiting batchmode successfully now!
