Unity Editor version:    6000.4.0f1 (8cf496087c8f)
Branch:                  6000.4/staging
Build type:              Release
Batch mode:              YES
System name:             Linux
Distro version:          #202511241048~1764607909~24.04~df6b2b6 SMP PREEMPT_DYNAMIC Mon D
Kernel version:          6.17.9-76061709-generic
Architecture:            x86_64
Available memory:        64131 MB
Date:                    2026-04-01T08:10:54Z
[Licensing::Module] Trying to connect to existing licensing client channel...
Initialize udev device monitor.
[Licensing::IpcConnector] Channel LicenseClient-hans doesn't exist
[Licensing::Module] Successfully launched the LicensingClient (PId: 558602)

COMMAND LINE ARGUMENTS:
/data/apps/Unity/Hub/Editor/6000.4.0f1/Editor/Unity
-batchmode
-nographics
-quit
-projectPath
/data/tmp/hpr_assetstore_sale/projects/sale_com_hpr_stats
-logFile
/data/src/github/games/doc/logs/package_sale_prep/20260401_100411_com_hpr_stats_refresh.log
Successfully changed project path to: /data/tmp/hpr_assetstore_sale/projects/sale_com_hpr_stats
/data/tmp/hpr_assetstore_sale/projects/sale_com_hpr_stats
[UnityMemory] Configuration Parameters - Can be set up in boot.config
    "memorysetup-temp-allocator-size-gi-baking-worker=262144"
    "memorysetup-temp-allocator-size-gi-baking-worker=262144"
    "memorysetup-temp-allocator-size-gi-baking-worker=262144"
    "memorysetup-temp-allocator-size-gi-baking-worker=262144"
    "memorysetup-temp-allocator-size-gi-baking-worker=262144"
    "memorysetup-temp-allocator-size-nav-mesh-worker=65536"
    "memorysetup-temp-allocator-size-audio-worker=65536"
    "memorysetup-temp-allocator-size-cloud-worker=32768"
    "memorysetup-allocator-temp-initial-block-size-main=262144"
    "memorysetup-allocator-temp-initial-block-size-worker=262144"
    "memorysetup-temp-allocator-size-background-worker=32768"
    "memorysetup-temp-allocator-size-job-worker=262144"
    "memorysetup-temp-allocator-size-preload-manager=33554432"
    "memorysetup-temp-allocator-size-gfx=262144"
    "memorysetup-bucket-allocator-granularity=16"
    "memorysetup-bucket-allocator-bucket-count=8"
    "memorysetup-bucket-allocator-block-size=33554432"
    "memorysetup-bucket-allocator-block-count=8"
    "memorysetup-main-allocator-block-size=16777216"
    "memorysetup-thread-allocator-block-size=16777216"
    "memorysetup-gfx-main-allocator-block-size=16777216"
    "memorysetup-gfx-thread-allocator-block-size=16777216"
    "memorysetup-cache-allocator-block-size=4194304"
    "memorysetup-typetree-allocator-block-size=2097152"
    "memorysetup-profiler-bucket-allocator-granularity=16"
    "memorysetup-profiler-bucket-allocator-bucket-count=8"
    "memorysetup-profiler-bucket-allocator-block-size=33554432"
    "memorysetup-profiler-bucket-allocator-block-count=8"
    "memorysetup-profiler-allocator-block-size=16777216"
    "memorysetup-profiler-editor-allocator-block-size=1048576"
    "memorysetup-temp-allocator-size-main=16777216"
    "memorysetup-job-temp-allocator-block-size=2097152"
    "memorysetup-job-temp-allocator-block-size-background=1048576"
    "memorysetup-job-temp-allocator-reduction-small-platforms=262144"
Player connection [124520722189120]  Target information:

Player connection [124520722189120]  * "[IP] 192.168.0.132 [Port] 55504 [Flags] 2 [Guid] 3215904628 [EditorId] 3215904628 [Version] 1048832 [Id] LinuxEditor(16,192.168.0.132) [Debug] 1 [PackageName] LinuxEditor [ProjectName] Editor" 

Player connection [124520722189120]  * "[IP] 172.17.0.1 [Port] 55504 [Flags] 2 [Guid] 3215904628 [EditorId] 3215904628 [Version] 1048832 [Id] LinuxEditor(16,192.168.0.132) [Debug] 1 [PackageName] LinuxEditor [ProjectName] Editor" 

Player connection [124520722189120]  * "[IP] 10.8.0.2 [Port] 55504 [Flags] 2 [Guid] 3215904628 [EditorId] 3215904628 [Version] 1048832 [Id] LinuxEditor(16,192.168.0.132) [Debug] 1 [PackageName] LinuxEditor [ProjectName] Editor" 

Player connection [124520722189120] Host joined multi-casting on [225.0.0.222:54997]...
Player connection [124520722189120] Host joined alternative multi-casting on [225.0.0.222:34997]...
Input System module state changed to: Initialized.
[Physics::Module] Initialized fallback backend.
[Physics::Module] Id: 0xdecafbad
[Licensing::IpcConnector] Successfully connected to: "LicenseClient-hans" at "2026-04-01T08:10:55.355034Z"
[SignatureVerifier] Application signature verification not supported on this platform.
[Package Manager] Connected to IPC stream "Upm-558591" after 0.3 seconds.
[Licensing::Module] Licensing is not yet initialized.
[Licensing::Client] Handshaking with LicensingClient:
  Version:                 1.18.1+9fbee8e
  Session Id:              eb6b82fb44544d968929f17d977e2852
  Correlation Id:          ed442bb24631e1173001c15b65d0dcdc
  External correlation Id: 2529329391610651638
  Machine Id:              l9JneE/oSM2w6bwb29/I//rgSro=
[Licensing::Module] Successfully connected to LicensingClient on channel: "LicenseClient-hans" (connect: 0.38s, validation: 0.09s, handshake: 0.00s)
[Licensing::IpcConnector] Successfully connected to: "LicenseClient-hans-notifications" at "2026-04-01T08:10:55.448566Z"
[Licensing::Module] Connected to LicensingClient (PId: 558602, launch time: 0.00, total connection time: 0.47s)
[Licensing::Module] Error: Access token is unavailable; failed to update
[Licensing::Client] Successfully resolved entitlement details
[Licensing::Module] License group:
  Id: 9072370782505-UnityPersXXXX
  Product: Unity Personal
  Type: Assigned
  Expiration: Unlimited
[Licensing::Client] Successfully updated license, isAsync: True, time: 0.02
[Licensing::Client] Successfully resolved entitlement details
[Licensing::Module] Licensing Background thread has ended after 0.54s
[Licensing::Module] Licensing is initialized (took 0.15s).
[Licensing::Client] Successfully resolved entitlement details
Library Redirect Path: Library/
FMOD failed to initialize the output device.: "Error initializing output device. " (60)
Forced to initialize FMOD to to the device driver's system output rate 48000, this may impact performance and/or give inconsistent experiences compared to selected sample rate 48000
FMOD failed to initialize the output device.: "Error initializing output device. " (60)
FMOD initialized on nosound output
[Physics::Module] Selected backend.
[Physics::Module] Name: PhysX
[Physics::Module] Id: 0xf2b8ea05
[Physics::Module] SDK Version: 4.1.2
[Physics::Module] Integration Version: 1.0.0
[Physics::Module] Threading Mode: Multi-Threaded
Initialize engine version: 6000.4.0f1 (8cf496087c8f)
[Subsystems] Discovering subsystems at path /data/apps/Unity/Hub/Editor/6000.4.0f1/Editor/Data/Resources/UnitySubsystems
[Subsystems] Discovering subsystems at path /data/tmp/hpr_assetstore_sale/projects/sale_com_hpr_stats/Assets
Forcing GfxDevice: Null
GfxDevice: creating device client; kGfxThreadingModeNonThreaded
NullGfxDevice:
    Version:  NULL 1.0 [1.0]
    Renderer: Null Device
    Vendor:   Unity Technologies
Initialize mono
Mono path[0] = '/data/apps/Unity/Hub/Editor/6000.4.0f1/Editor/Data/Managed'
Mono path[1] = '/data/apps/Unity/Hub/Editor/6000.4.0f1/Editor/Data/MonoBleedingEdge/lib/mono/unityjit-linux'
Mono config path = '/data/apps/Unity/Hub/Editor/6000.4.0f1/Editor/Data/MonoBleedingEdge/etc'
Using monoOptions --debugger-agent=transport=dt_socket,embedding=1,server=y,suspend=n,address=127.0.0.1:56591
CodeReloadManager initialized
Using cacheserver namespaces - metadata:defaultmetadata, artifacts:defaultartifacts
Using cacheserver namespaces - metadata:defaultmetadata, artifacts:defaultartifacts
ImportWorker Server TCP listen port: 0
AcceleratorClientConnectionCallback - disconnected - :0
Begin MonoManager ReloadAssembly
Registering precompiled unity dll's ...
Register platform support module: /data/apps/Unity/Hub/Editor/6000.4.0f1/Editor/Data/PlaybackEngines/LinuxStandaloneSupport/UnityEditor.LinuxStandalone.Extensions.dll
Registered in 0.001454 seconds.
Native extension for LinuxStandalone target not found
Package Manager log level set to [2]
[Licensing::Client] Successfully resolved entitlement details
ScheduleIndexationOnStartup MainProcess:False IndexOnStartup:False
Mono: successfully reloaded assembly
- Finished resetting the current domain, in  1.174 seconds
Domain Reload Profiling: 1758ms
	BeginReloadAssembly (117ms)
		CreateAndSetChildDomain (8ms)
	RebuildCommonClasses (58ms)
	RebuildNativeTypeToScriptingClass (14ms)
	initialDomainReloadingComplete (79ms)
	LoadAllAssembliesAndSetupDomain (313ms)
		LoadAssemblies (109ms)
		AnalyzeDomain (298ms)
			TypeCache.Refresh (297ms)
				TypeCache.ScanAssembly (277ms)
	FinalizeReload (1177ms)
		SetupLoadedEditorAssemblies (0ms)
			InitializePlatformSupportModulesInManaged (58ms)
			BeforeProcessingInitializeOnLoad (128ms)
			ProcessInitializeOnLoadAttributes (164ms)
			ProcessInitializeOnLoadMethodAttributes (727ms)
[Licensing::Client] Successfully resolved entitlement details
Application.AssetDatabase Initial Refresh Start
[Package Manager] Restoring resolved packages state from cache
[Licensing::Client] Successfully resolved entitlement details
[Package Manager] Registered 42 packages:
  Built-in packages:
    com.unity.multiplayer.center@1.0.1 (location: /data/tmp/hpr_assetstore_sale/projects/sale_com_hpr_stats/Library/PackageCache/com.unity.multiplayer.center@53ad5a5c2bfb)
    com.unity.modules.accessibility@1.0.0 (location: /data/tmp/hpr_assetstore_sale/projects/sale_com_hpr_stats/Library/PackageCache/com.unity.modules.accessibility)
    com.unity.modules.adaptiveperformance@1.0.0 (location: /data/tmp/hpr_assetstore_sale/projects/sale_com_hpr_stats/Library/PackageCache/com.unity.modules.adaptiveperformance)
    com.unity.modules.ai@1.0.0 (location: /data/tmp/hpr_assetstore_sale/projects/sale_com_hpr_stats/Library/PackageCache/com.unity.modules.ai)
    com.unity.modules.androidjni@1.0.0 (location: /data/tmp/hpr_assetstore_sale/projects/sale_com_hpr_stats/Library/PackageCache/com.unity.modules.androidjni)
    com.unity.modules.animation@1.0.0 (location: /data/tmp/hpr_assetstore_sale/projects/sale_com_hpr_stats/Library/PackageCache/com.unity.modules.animation)
    com.unity.modules.assetbundle@1.0.0 (location: /data/tmp/hpr_assetstore_sale/projects/sale_com_hpr_stats/Library/PackageCache/com.unity.modules.assetbundle)
    com.unity.modules.audio@1.0.0 (location: /data/tmp/hpr_assetstore_sale/projects/sale_com_hpr_stats/Library/PackageCache/com.unity.modules.audio)
    com.unity.modules.cloth@1.0.0 (location: /data/tmp/hpr_assetstore_sale/projects/sale_com_hpr_stats/Library/PackageCache/com.unity.modules.cloth)
    com.unity.modules.director@1.0.0 (location: /data/tmp/hpr_assetstore_sale/projects/sale_com_hpr_stats/Library/PackageCache/com.unity.modules.director)
    com.unity.modules.imageconversion@1.0.0 (location: /data/tmp/hpr_assetstore_sale/projects/sale_com_hpr_stats/Library/PackageCache/com.unity.modules.imageconversion)
    com.unity.modules.imgui@1.0.0 (location: /data/tmp/hpr_assetstore_sale/projects/sale_com_hpr_stats/Library/PackageCache/com.unity.modules.imgui)
    com.unity.modules.jsonserialize@1.0.0 (location: /data/tmp/hpr_assetstore_sale/projects/sale_com_hpr_stats/Library/PackageCache/com.unity.modules.jsonserialize)
    com.unity.modules.particlesystem@1.0.0 (location: /data/tmp/hpr_assetstore_sale/projects/sale_com_hpr_stats/Library/PackageCache/com.unity.modules.particlesystem)
    com.unity.modules.physics@1.0.0 (location: /data/tmp/hpr_assetstore_sale/projects/sale_com_hpr_stats/Library/PackageCache/com.unity.modules.physics)
    com.unity.modules.physics2d@1.0.0 (location: /data/tmp/hpr_assetstore_sale/projects/sale_com_hpr_stats/Library/PackageCache/com.unity.modules.physics2d)
    com.unity.modules.screencapture@1.0.0 (location: /data/tmp/hpr_assetstore_sale/projects/sale_com_hpr_stats/Library/PackageCache/com.unity.modules.screencapture)
    com.unity.modules.terrain@1.0.0 (location: /data/tmp/hpr_assetstore_sale/projects/sale_com_hpr_stats/Library/PackageCache/com.unity.modules.terrain)
    com.unity.modules.terrainphysics@1.0.0 (location: /data/tmp/hpr_assetstore_sale/projects/sale_com_hpr_stats/Library/PackageCache/com.unity.modules.terrainphysics)
    com.unity.modules.tilemap@1.0.0 (location: /data/tmp/hpr_assetstore_sale/projects/sale_com_hpr_stats/Library/PackageCache/com.unity.modules.tilemap)
    com.unity.modules.ui@1.0.0 (location: /data/tmp/hpr_assetstore_sale/projects/sale_com_hpr_stats/Library/PackageCache/com.unity.modules.ui)
    com.unity.modules.uielements@1.0.0 (location: /data/tmp/hpr_assetstore_sale/projects/sale_com_hpr_stats/Library/PackageCache/com.unity.modules.uielements)
    com.unity.modules.umbra@1.0.0 (location: /data/tmp/hpr_assetstore_sale/projects/sale_com_hpr_stats/Library/PackageCache/com.unity.modules.umbra)
    com.unity.modules.unityanalytics@1.0.0 (location: /data/tmp/hpr_assetstore_sale/projects/sale_com_hpr_stats/Library/PackageCache/com.unity.modules.unityanalytics)
    com.unity.modules.unitywebrequest@1.0.0 (location: /data/tmp/hpr_assetstore_sale/projects/sale_com_hpr_stats/Library/PackageCache/com.unity.modules.unitywebrequest)
    com.unity.modules.unitywebrequestassetbundle@1.0.0 (location: /data/tmp/hpr_assetstore_sale/projects/sale_com_hpr_stats/Library/PackageCache/com.unity.modules.unitywebrequestassetbundle)
    com.unity.modules.unitywebrequestaudio@1.0.0 (location: /data/tmp/hpr_assetstore_sale/projects/sale_com_hpr_stats/Library/PackageCache/com.unity.modules.unitywebrequestaudio)
    com.unity.modules.unitywebrequesttexture@1.0.0 (location: /data/tmp/hpr_assetstore_sale/projects/sale_com_hpr_stats/Library/PackageCache/com.unity.modules.unitywebrequesttexture)
    com.unity.modules.unitywebrequestwww@1.0.0 (location: /data/tmp/hpr_assetstore_sale/projects/sale_com_hpr_stats/Library/PackageCache/com.unity.modules.unitywebrequestwww)
    com.unity.modules.vectorgraphics@1.0.0 (location: /data/tmp/hpr_assetstore_sale/projects/sale_com_hpr_stats/Library/PackageCache/com.unity.modules.vectorgraphics)
    com.unity.modules.vehicles@1.0.0 (location: /data/tmp/hpr_assetstore_sale/projects/sale_com_hpr_stats/Library/PackageCache/com.unity.modules.vehicles)
    com.unity.modules.video@1.0.0 (location: /data/tmp/hpr_assetstore_sale/projects/sale_com_hpr_stats/Library/PackageCache/com.unity.modules.video)
    com.unity.modules.vr@1.0.0 (location: /data/tmp/hpr_assetstore_sale/projects/sale_com_hpr_stats/Library/PackageCache/com.unity.modules.vr)
    com.unity.modules.wind@1.0.0 (location: /data/tmp/hpr_assetstore_sale/projects/sale_com_hpr_stats/Library/PackageCache/com.unity.modules.wind)
    com.unity.modules.xr@1.0.0 (location: /data/tmp/hpr_assetstore_sale/projects/sale_com_hpr_stats/Library/PackageCache/com.unity.modules.xr)
    com.unity.ugui@2.0.0 (location: /data/tmp/hpr_assetstore_sale/projects/sale_com_hpr_stats/Library/PackageCache/com.unity.ugui@288051c775ab)
    com.unity.test-framework@1.6.0 (location: /data/tmp/hpr_assetstore_sale/projects/sale_com_hpr_stats/Library/PackageCache/com.unity.test-framework@f63be82e0d2e)
    com.unity.ext.nunit@2.0.5 (location: /data/tmp/hpr_assetstore_sale/projects/sale_com_hpr_stats/Library/PackageCache/com.unity.ext.nunit@ec2d0043d6fc)
    com.unity.modules.subsystems@1.0.0 (location: /data/tmp/hpr_assetstore_sale/projects/sale_com_hpr_stats/Library/PackageCache/com.unity.modules.subsystems)
    com.unity.modules.hierarchycore@1.0.0 (location: /data/tmp/hpr_assetstore_sale/projects/sale_com_hpr_stats/Library/PackageCache/com.unity.modules.hierarchycore)
  Embedded packages:
    com.hpr.eventbus@file:/data/tmp/hpr_assetstore_sale/projects/sale_com_hpr_stats/Packages/com.hpr.eventbus (location: /data/tmp/hpr_assetstore_sale/projects/sale_com_hpr_stats/Packages/com.hpr.eventbus)
    com.hpr.stats@file:/data/tmp/hpr_assetstore_sale/projects/sale_com_hpr_stats/Packages/com.hpr.stats (location: /data/tmp/hpr_assetstore_sale/projects/sale_com_hpr_stats/Packages/com.hpr.stats)
[Subsystems] No new subsystems found in resolved package list.
[Package Manager] Done registering packages in 0.01 seconds
[Package Manager] Done resolving packages in 0.15 seconds
[Licensing::Client] Successfully resolved entitlement details
[Package Manager] Lock file was modified
[Package Manager] Registered 40 packages:
  Built-in packages:
    com.unity.multiplayer.center@1.0.1 (location: /data/tmp/hpr_assetstore_sale/projects/sale_com_hpr_stats/Library/PackageCache/com.unity.multiplayer.center@53ad5a5c2bfb)
    com.unity.modules.accessibility@1.0.0 (location: /data/tmp/hpr_assetstore_sale/projects/sale_com_hpr_stats/Library/PackageCache/com.unity.modules.accessibility)
    com.unity.modules.adaptiveperformance@1.0.0 (location: /data/tmp/hpr_assetstore_sale/projects/sale_com_hpr_stats/Library/PackageCache/com.unity.modules.adaptiveperformance)
    com.unity.modules.ai@1.0.0 (location: /data/tmp/hpr_assetstore_sale/projects/sale_com_hpr_stats/Library/PackageCache/com.unity.modules.ai)
    com.unity.modules.androidjni@1.0.0 (location: /data/tmp/hpr_assetstore_sale/projects/sale_com_hpr_stats/Library/PackageCache/com.unity.modules.androidjni)
    com.unity.modules.animation@1.0.0 (location: /data/tmp/hpr_assetstore_sale/projects/sale_com_hpr_stats/Library/PackageCache/com.unity.modules.animation)
    com.unity.modules.assetbundle@1.0.0 (location: /data/tmp/hpr_assetstore_sale/projects/sale_com_hpr_stats/Library/PackageCache/com.unity.modules.assetbundle)
    com.unity.modules.audio@1.0.0 (location: /data/tmp/hpr_assetstore_sale/projects/sale_com_hpr_stats/Library/PackageCache/com.unity.modules.audio)
    com.unity.modules.cloth@1.0.0 (location: /data/tmp/hpr_assetstore_sale/projects/sale_com_hpr_stats/Library/PackageCache/com.unity.modules.cloth)
    com.unity.modules.director@1.0.0 (location: /data/tmp/hpr_assetstore_sale/projects/sale_com_hpr_stats/Library/PackageCache/com.unity.modules.director)
    com.unity.modules.imageconversion@1.0.0 (location: /data/tmp/hpr_assetstore_sale/projects/sale_com_hpr_stats/Library/PackageCache/com.unity.modules.imageconversion)
    com.unity.modules.imgui@1.0.0 (location: /data/tmp/hpr_assetstore_sale/projects/sale_com_hpr_stats/Library/PackageCache/com.unity.modules.imgui)
    com.unity.modules.jsonserialize@1.0.0 (location: /data/tmp/hpr_assetstore_sale/projects/sale_com_hpr_stats/Library/PackageCache/com.unity.modules.jsonserialize)
    com.unity.modules.particlesystem@1.0.0 (location: /data/tmp/hpr_assetstore_sale/projects/sale_com_hpr_stats/Library/PackageCache/com.unity.modules.particlesystem)
    com.unity.modules.physics@1.0.0 (location: /data/tmp/hpr_assetstore_sale/projects/sale_com_hpr_stats/Library/PackageCache/com.unity.modules.physics)
    com.unity.modules.physics2d@1.0.0 (location: /data/tmp/hpr_assetstore_sale/projects/sale_com_hpr_stats/Library/PackageCache/com.unity.modules.physics2d)
    com.unity.modules.screencapture@1.0.0 (location: /data/tmp/hpr_assetstore_sale/projects/sale_com_hpr_stats/Library/PackageCache/com.unity.modules.screencapture)
    com.unity.modules.terrain@1.0.0 (location: /data/tmp/hpr_assetstore_sale/projects/sale_com_hpr_stats/Library/PackageCache/com.unity.modules.terrain)
    com.unity.modules.terrainphysics@1.0.0 (location: /data/tmp/hpr_assetstore_sale/projects/sale_com_hpr_stats/Library/PackageCache/com.unity.modules.terrainphysics)
    com.unity.modules.tilemap@1.0.0 (location: /data/tmp/hpr_assetstore_sale/projects/sale_com_hpr_stats/Library/PackageCache/com.unity.modules.tilemap)
    com.unity.modules.ui@1.0.0 (location: /data/tmp/hpr_assetstore_sale/projects/sale_com_hpr_stats/Library/PackageCache/com.unity.modules.ui)
    com.unity.modules.uielements@1.0.0 (location: /data/tmp/hpr_assetstore_sale/projects/sale_com_hpr_stats/Library/PackageCache/com.unity.modules.uielements)
    com.unity.modules.umbra@1.0.0 (location: /data/tmp/hpr_assetstore_sale/projects/sale_com_hpr_stats/Library/PackageCache/com.unity.modules.umbra)
    com.unity.modules.unityanalytics@1.0.0 (location: /data/tmp/hpr_assetstore_sale/projects/sale_com_hpr_stats/Library/PackageCache/com.unity.modules.unityanalytics)
    com.unity.modules.unitywebrequest@1.0.0 (location: /data/tmp/hpr_assetstore_sale/projects/sale_com_hpr_stats/Library/PackageCache/com.unity.modules.unitywebrequest)
    com.unity.modules.unitywebrequestassetbundle@1.0.0 (location: /data/tmp/hpr_assetstore_sale/projects/sale_com_hpr_stats/Library/PackageCache/com.unity.modules.unitywebrequestassetbundle)
    com.unity.modules.unitywebrequestaudio@1.0.0 (location: /data/tmp/hpr_assetstore_sale/projects/sale_com_hpr_stats/Library/PackageCache/com.unity.modules.unitywebrequestaudio)
    com.unity.modules.unitywebrequesttexture@1.0.0 (location: /data/tmp/hpr_assetstore_sale/projects/sale_com_hpr_stats/Library/PackageCache/com.unity.modules.unitywebrequesttexture)
    com.unity.modules.unitywebrequestwww@1.0.0 (location: /data/tmp/hpr_assetstore_sale/projects/sale_com_hpr_stats/Library/PackageCache/com.unity.modules.unitywebrequestwww)
    com.unity.modules.vectorgraphics@1.0.0 (location: /data/tmp/hpr_assetstore_sale/projects/sale_com_hpr_stats/Library/PackageCache/com.unity.modules.vectorgraphics)
    com.unity.modules.vehicles@1.0.0 (location: /data/tmp/hpr_assetstore_sale/projects/sale_com_hpr_stats/Library/PackageCache/com.unity.modules.vehicles)
    com.unity.modules.video@1.0.0 (location: /data/tmp/hpr_assetstore_sale/projects/sale_com_hpr_stats/Library/PackageCache/com.unity.modules.video)
    com.unity.modules.vr@1.0.0 (location: /data/tmp/hpr_assetstore_sale/projects/sale_com_hpr_stats/Library/PackageCache/com.unity.modules.vr)
    com.unity.modules.wind@1.0.0 (location: /data/tmp/hpr_assetstore_sale/projects/sale_com_hpr_stats/Library/PackageCache/com.unity.modules.wind)
    com.unity.modules.xr@1.0.0 (location: /data/tmp/hpr_assetstore_sale/projects/sale_com_hpr_stats/Library/PackageCache/com.unity.modules.xr)
    com.unity.ugui@2.0.0 (location: /data/tmp/hpr_assetstore_sale/projects/sale_com_hpr_stats/Library/PackageCache/com.unity.ugui@288051c775ab)
    com.unity.test-framework@1.6.0 (location: /data/tmp/hpr_assetstore_sale/projects/sale_com_hpr_stats/Library/PackageCache/com.unity.test-framework@f63be82e0d2e)
    com.unity.ext.nunit@2.0.5 (location: /data/tmp/hpr_assetstore_sale/projects/sale_com_hpr_stats/Library/PackageCache/com.unity.ext.nunit@ec2d0043d6fc)
    com.unity.modules.subsystems@1.0.0 (location: /data/tmp/hpr_assetstore_sale/projects/sale_com_hpr_stats/Library/PackageCache/com.unity.modules.subsystems)
    com.unity.modules.hierarchycore@1.0.0 (location: /data/tmp/hpr_assetstore_sale/projects/sale_com_hpr_stats/Library/PackageCache/com.unity.modules.hierarchycore)
[Subsystems] No new subsystems found in resolved package list.
[Package Manager] Done registering packages in 0.00 seconds
[ScriptCompilation] Requested script compilation because: Assembly Definition File(s) changed
[ScriptCompilation] Requested script compilation because: AssetDatabase observed changes in script compilation related files
info: Microsoft.Hosting.Lifetime[14]
      Now listening on: http://unix:/tmp/ilpp.sock-6b10fa6aa498cb4e3a79dbb1eeae31dd
info: Microsoft.Hosting.Lifetime[0]
      Application started. Press Ctrl+C to shut down.
info: Microsoft.Hosting.Lifetime[0]
      Hosting environment: Production
info: Microsoft.Hosting.Lifetime[0]
      Content root path: /data/tmp/hpr_assetstore_sale/projects/sale_com_hpr_stats
info: Microsoft.AspNetCore.Hosting.Diagnostics[1]
      Request starting HTTP/2 POST http://ilpp/UnityILPP.PostProcessing/Ping - application/grpc -
info: Microsoft.AspNetCore.Routing.EndpointMiddleware[0]
      Executing endpoint 'gRPC - /UnityILPP.PostProcessing/Ping'
info: Microsoft.AspNetCore.Routing.EndpointMiddleware[1]
      Executed endpoint 'gRPC - /UnityILPP.PostProcessing/Ping'
info: Microsoft.AspNetCore.Hosting.Diagnostics[2]
      Request finished HTTP/2 POST http://ilpp/UnityILPP.PostProcessing/Ping - 200 - application/grpc 44.0252ms
Starting: /data/apps/Unity/Hub/Editor/6000.4.0f1/Editor/Data/Tools/BuildPipeline/bee_backend --ipc --defer-dag-verification --dagfile="Library/Bee/2400b0aE.dag" --continue-on-failure --profile="Library/Bee/backend1.traceevents" ScriptAssemblies
WorkingDir: /data/tmp/hpr_assetstore_sale/projects/sale_com_hpr_stats
DisplayProgressbar: Compiling Scripts
ExitCode: 4 Duration: 1s208ms
[           0s] Csc Library/Bee/artifacts/2400b0aE.dag/HPR.Eventbus.Runtime.dll (+2 others) [CacheMiss 73011c49f142d69209a9cc89ffb948c200000000000000000000000000000006]
Rebuilding DAG because FileSignature timestamp changed: Library/Bee/2400b0aE-inputdata.json
*** Tundra requires additional run (1.18 seconds), 1 items updated, 276 evaluated
Starting: /data/apps/Unity/Hub/Editor/6000.4.0f1/Editor/Data/netcorerun/netcorerun "/data/apps/Unity/Hub/Editor/6000.4.0f1/Editor/Data/Tools/BuildPipeline/ScriptCompilationBuildProgram.exe" "Library/Bee/2400b0aE.dag.json" "Library/Bee/2400b0aE-inputdata.json" "Library/Bee/buildprogram0.traceevents"
WorkingDir: /data/tmp/hpr_assetstore_sale/projects/sale_com_hpr_stats
ExitCode: 0 Duration: 0s660ms
Starting: /data/apps/Unity/Hub/Editor/6000.4.0f1/Editor/Data/Tools/BuildPipeline/bee_backend --ipc --defer-dag-verification --dagfile="Library/Bee/2400b0aE.dag" --continue-on-failure --dagfilejson="Library/Bee/2400b0aE.dag.json" --profile="Library/Bee/backend2.traceevents" ScriptAssemblies
WorkingDir: /data/tmp/hpr_assetstore_sale/projects/sale_com_hpr_stats
ExitCode: 0 Duration: 3s145ms
Finished compiling graph: 307 nodes, 3671 flattened edges (3419 ToBuild, 38 ToUse), maximum node priority 159
[182/304    0s] WriteText Library/Bee/artifacts/2400b0aE.dag/HPR.Eventbus.Runtime.rsp2
[188/304    0s] WriteText Library/Bee/artifacts/2400b0aE.dag/HPR.Stats.Runtime.rsp
[192/304    0s] WriteText Library/Bee/artifacts/2400b0aE.dag/HPR.Stats.Demo.rsp2
[194/304    0s] WriteText Library/Bee/artifacts/2400b0aE.dag/HPR.Eventbus.Demo.rsp2
[195/304    0s] WriteText Library/Bee/artifacts/2400b0aE.dag/HPR.Eventbus.Runtime.rsp
[197/304    0s] WriteText Library/Bee/artifacts/2400b0aE.dag/HPR.Stats.Runtime.rsp2
[200/304    0s] WriteText Library/Bee/artifacts/2400b0aE.dag/HPR.Eventbus.Editor.rsp2
[202/304    0s] WriteText Library/Bee/artifacts/2400b0aE.dag/HPR.Stats.Demo.rsp
[203/304    0s] WriteText Library/Bee/artifacts/2400b0aE.dag/HPR.Eventbus.Demo.rsp
[207/304    0s] WriteText Library/Bee/artifacts/2400b0aE.dag/HPR.Eventbus.Editor.rsp
[209/304    0s] WriteText Library/Bee/artifacts/2400b0aE.dag/HPR.Eventbus.Tests.EditMode.rsp2
[213/304    0s] WriteText Library/Bee/artifacts/2400b0aE.dag/HPR.Stats.Editor.rsp2
[216/304    0s] WriteText Library/Bee/artifacts/2400b0aE.dag/HPR.Stats.Editor.rsp
[217/304    0s] WriteText Library/Bee/artifacts/2400b0aE.dag/HPR.Stats.Tests.EditMode.rsp2
[218/304    0s] WriteText Library/Bee/artifacts/2400b0aE.dag/HPR.Eventbus.Tests.EditMode.rsp
[221/304    0s] WriteText Library/Bee/artifacts/2400b0aE.dag/Assembly-CSharp-Editor.rsp
[223/304    0s] WriteText Library/Bee/artifacts/2400b0aE.dag/HPR.Stats.Tests.EditMode.rsp
[277/304    1s] Csc Library/Bee/artifacts/2400b0aE.dag/HPR.Eventbus.Runtime.dll (+2 others)
[278/304    0s] CopyFiles Library/ScriptAssemblies/HPR.Eventbus.Runtime.dll
[279/304    0s] CopyFiles Library/ScriptAssemblies/HPR.Eventbus.Runtime.pdb
[280/304    0s] Csc Library/Bee/artifacts/2400b0aE.dag/HPR.Eventbus.Demo.dll (+2 others)
[281/304    0s] Csc Library/Bee/artifacts/2400b0aE.dag/HPR.Eventbus.Tests.EditMode.dll (+2 others)
[282/304    0s] Csc Library/Bee/artifacts/2400b0aE.dag/HPR.Stats.Runtime.dll (+2 others)
[283/304    0s] CopyFiles Library/ScriptAssemblies/HPR.Eventbus.Demo.dll
[284/304    0s] CopyFiles Library/ScriptAssemblies/HPR.Eventbus.Demo.pdb
[285/304    0s] CopyFiles Library/ScriptAssemblies/HPR.Stats.Runtime.dll
[286/304    0s] CopyFiles Library/ScriptAssemblies/HPR.Eventbus.Tests.EditMode.dll
[287/304    0s] CopyFiles Library/ScriptAssemblies/HPR.Stats.Runtime.pdb
[288/304    0s] CopyFiles Library/ScriptAssemblies/HPR.Eventbus.Tests.EditMode.pdb
[289/304    0s] Csc Library/Bee/artifacts/2400b0aE.dag/HPR.Stats.Tests.EditMode.dll (+2 others)
[290/304    0s] CopyFiles Library/ScriptAssemblies/HPR.Stats.Tests.EditMode.dll
[291/304    0s] CopyFiles Library/ScriptAssemblies/HPR.Stats.Tests.EditMode.pdb
[292/304    0s] Csc Library/Bee/artifacts/2400b0aE.dag/HPR.Stats.Demo.dll (+2 others)
[293/304    0s] CopyFiles Library/ScriptAssemblies/HPR.Stats.Demo.dll
[294/304    0s] CopyFiles Library/ScriptAssemblies/HPR.Stats.Demo.pdb
[295/304    0s] Csc Library/Bee/artifacts/2400b0aE.dag/HPR.Eventbus.Editor.dll (+2 others)
[296/304    0s] CopyFiles Library/ScriptAssemblies/HPR.Eventbus.Editor.pdb
[297/304    0s] CopyFiles Library/ScriptAssemblies/HPR.Eventbus.Editor.dll
[298/304    0s] Csc Library/Bee/artifacts/2400b0aE.dag/HPR.Stats.Editor.dll (+2 others)
[299/304    0s] CopyFiles Library/ScriptAssemblies/HPR.Stats.Editor.pdb
[300/304    0s] CopyFiles Library/ScriptAssemblies/HPR.Stats.Editor.dll
[301/304    0s] Csc Library/Bee/artifacts/2400b0aE.dag/Assembly-CSharp-Editor.dll (+2 others)
[302/304    0s] CopyFiles Library/ScriptAssemblies/Assembly-CSharp-Editor.dll
[303/304    0s] CopyFiles Library/ScriptAssemblies/Assembly-CSharp-Editor.pdb
*** Tundra build success (3.12 seconds), 44 items updated, 304 evaluated
AssetDatabase: script compilation time: 5.557941s
Begin MonoManager ReloadAssembly
Assembly Assembly-CSharp-Editor-firstpass.dll at Library/ScriptAssemblies/Assembly-CSharp-Editor-firstpass.dll not valid. Loading of assembly skipped.
Assembly Assembly-CSharp-firstpass.dll at Library/ScriptAssemblies/Assembly-CSharp-firstpass.dll not valid. Loading of assembly skipped.
Assembly Assembly-CSharp.dll at Library/ScriptAssemblies/Assembly-CSharp.dll not valid. Loading of assembly skipped.
Assembly TestNewCustomAssembly.dll at Library/ScriptAssemblies/TestNewCustomAssembly.dll not valid. Loading of assembly skipped.
Assembly Unity.Multiplayer.Center.Editor.Tests.dll at Library/ScriptAssemblies/Unity.Multiplayer.Center.Editor.Tests.dll not valid. Loading of assembly skipped.
Assembly Unity.Multiplayer.Center.Tests.dll at Library/ScriptAssemblies/Unity.Multiplayer.Center.Tests.dll not valid. Loading of assembly skipped.
Assembly Unity.TextMeshPro.Editor.Tests.dll at Library/ScriptAssemblies/Unity.TextMeshPro.Editor.Tests.dll not valid. Loading of assembly skipped.
Assembly Unity.TextMeshPro.Tests.dll at Library/ScriptAssemblies/Unity.TextMeshPro.Tests.dll not valid. Loading of assembly skipped.
Assembly UnityEditor.UI.Common.Tests.dll at Library/ScriptAssemblies/UnityEditor.UI.Common.Tests.dll not valid. Loading of assembly skipped.
Assembly UnityEditor.UI.EditorTests.dll at Library/ScriptAssemblies/UnityEditor.UI.EditorTests.dll not valid. Loading of assembly skipped.
Assembly UnityEngine.UI.Tests.dll at Library/ScriptAssemblies/UnityEngine.UI.Tests.dll not valid. Loading of assembly skipped.
Start importing Assets/com.hpr.stats using Guid(d3a6a742f8aa2446287b58dad1dc3cf4) (DefaultImporter) -> (Import Result ID: '7bbce9639848fc94fdabf5d8c650c7f9') in 0.021653533 seconds [static dependencies only]. Details - ImportResultOutputID=39152fc21f33169bbe5f3e50eb48f396 DependenciesID=b3178341279b4b84e9c5fb2e15c63222 StaticDependenciesID=9052c938da12d3906a120ecff39c6845 
Start importing Assets/com.hpr.eventbus using Guid(87edb674184bcd5aa9fc27f54ebebfd3) (DefaultImporter) -> (Import Result ID: '438c2b4f4d92a9e8e3b7c08f9174d888') in 0.000827407 seconds [static dependencies only]. Details - ImportResultOutputID=b99e6811c1870c6476207883641a989d DependenciesID=56d0b2adfabd82a8ae1ccbbce5c7c4b9 StaticDependenciesID=f5fd6faaa6f506e0a18ec28d5b1a66bf 
Native extension for LinuxStandalone target not found
ScheduleIndexationOnStartup MainProcess:True IndexOnStartup:True
Mono: successfully reloaded assembly
- Finished resetting the current domain, in  0.726 seconds
Domain Reload Profiling: 1451ms
	BeginReloadAssembly (334ms)
		DisableScriptedObjects (16ms)
		CreateAndSetChildDomain (166ms)
	RebuildCommonClasses (59ms)
	RebuildNativeTypeToScriptingClass (15ms)
	initialDomainReloadingComplete (49ms)
	LoadAllAssembliesAndSetupDomain (264ms)
		LoadAssemblies (259ms)
		AnalyzeDomain (77ms)
			TypeCache.Refresh (46ms)
				TypeCache.ScanAssembly (36ms)
			BuildScriptInfoCaches (23ms)
			ResolveRequiredComponents (6ms)
	FinalizeReload (729ms)
		SetupLoadedEditorAssemblies (0ms)
			InitializePlatformSupportModulesInManaged (31ms)
			BeforeProcessingInitializeOnLoad (203ms)
			ProcessInitializeOnLoadAttributes (138ms)
			ProcessInitializeOnLoadMethodAttributes (116ms)
			AfterProcessingInitializeOnLoad (9ms)
		AwakeInstancesAfterBackupRestoration (12ms)
Start importing Assets/com.hpr.stats/Demo/StatsDemo.unity using Guid(46ea958bef227ad6c8463e4a2230e224) (DefaultImporter) -> (Import Result ID: '8ade4f1d0d322e1078a1e3d5fb8009db') in 0.000854122 seconds [static dependencies only]. Details - ImportResultOutputID=c4f6f19af505fcf19336af2f49bbabcd DependenciesID=8536931d6d3edc012a5a09ee3d1238e9 StaticDependenciesID=9dc8acdba58c4bda91e05474a1a12ffe 
Start importing Assets/com.hpr.eventbus/package.json using Guid(948bc03d0e4b748b9cdc39bad95aba83) (TextScriptImporter) -> (Import Result ID: '5d4ebbbcd619f040e3a021cbb7fa2c90') in 0.001310603 seconds [static dependencies only]. Details - ImportResultOutputID=153a9053fe97e69c5e1583c417f358cd DependenciesID=9c276ae822f9e1de6da6e32f3c72edd6 StaticDependenciesID=e814c7fbee1384120c883b84edcdcedd 
Start importing Assets/com.hpr.stats/package.json using Guid(b940ea32091647cea91175f8be73b446) (TextScriptImporter) -> (Import Result ID: '45301098eed699f451be9ff84551dc45') in 0.001043649 seconds [static dependencies only]. Details - ImportResultOutputID=e5b09e7d385cafbfb8f7766cc4dc6ae6 DependenciesID=d928a1a2f0244b3d2643a3f61810986a StaticDependenciesID=2bd113f09a10cf7bcb1dd4e294a645bf 
(Values over 0.050ms)
Asset Pipeline Refresh (id=95cb69df921c1ac1bba3d85af8adabae): Total: 7.622 seconds - Initiated by InitialRefreshV2(ForceSynchronousImport)
	Summary:
		Imports: total=5 (actual=5, local cache=0, cache server=0)
		Asset DB Process Time: managed=5 ms, native=1025 ms
		Asset DB Callback time: managed=117 ms, native=175 ms
		Scripting: domain reloads=1, domain reload time=722 ms, compile time=5562 ms, other=13 ms
		Project Asset Count: scripts=276, non-scripts=145
		Asset File Changes: new=3, changed=15, moved=54, deleted=2
		Scan Filter Count: 1
	InvokePackagesCallback: 167.629ms
	ApplyChangesToAssetFolders: 0.459ms
	Scan: 142.609ms
	OnSourceAssetsModified: 1.237ms
	CategorizeScriptCompilationAssets: 8.712ms
	ProcessAssetsWithTransientArtifactChanges: 24.535ms
	CategorizeAssets: 4.629ms
	CompileScripts: 5561.639ms
	ImportOutOfDateAssets: 764.524ms (731.168ms without children)
		ImportManagerImport: 32.575ms (6.006ms without children)
		UnloadImportedAssets: 0.360ms
		EnsureUptoDateAssetsAreRegisteredWithGuidPM: 0.128ms
		OnDemandSchedulerStart: 0.283ms
	PostProcessAllAssets: 123.590ms
		AssemblyValidation.PostprocessAllAssets 3.803ms
		VCAutoAddAssetPostprocess 1.928ms
		LocalizationDatabase.AssetDatabasePostprocessCallback 0.096ms
		PostProcessCallbackCreateDeferredMaterials 0.075ms
		RaytracingShaderImportPostprocess 0.052ms
		ShaderAssetModifiedCallback 0.051ms
		MonoPostProcessAllAssets: 115.643ms
			AssetPostprocessor.OnPostprocessAllAssets 40.706ms
			StyleCatalogPostProcessor.OnPostprocessAllAssets 18.300ms
			BuilderAssetPostprocessor.OnPostprocessAllAssets 12.761ms
			WindowAssetPostprocessingWatcher.OnPostprocessAllAssets 11.694ms
			AssetChangedListener.OnPostprocessAllAssets 3.064ms
			SyncVS.PostprocessSyncProject 1.552ms
			RetainedModeAssetPostprocessor.OnPostprocessAllAssets 1.493ms
			TMPro_TexturePostProcessor.OnPostprocessAllAssets 1.414ms
			ArtifactBrowserPostProcessor.OnPostprocessAllAssets 1.170ms
			SpeedTree9Postprocessor.OnPostprocessAllAssets 0.923ms
			TextAssetPostProcessor.OnPostprocessAllAssets 0.705ms
			ReferencedClipsPostProcessor.OnPostprocessAllAssets 0.642ms
			AudioMixerPostprocessor.OnPostprocessAllAssets 0.489ms
			AssetEvents.OnPostprocessAllAssets 0.459ms
			TerrainToolbarOverlayPostProcessor.OnPostprocessAllAssets 0.241ms
			AssetDatabaseCallbacks.OnPostprocessAllAssets 0.226ms
			ConfigAssetsTracker.OnPostprocessAllAssets 0.204ms
			SpeedTreePostProcessor.OnPostprocessAllAssets 0.200ms
			ScenarioDriftAssetsTracker.OnPostprocessAllAssets 0.178ms
			AudioContainerPostProcessor.OnPostprocessAllAssets 0.169ms
			RenderPipelineGlobalSettingsPostprocessor.OnPostprocessAllAssets 0.109ms
	PostAssetChangesProfiler: 0.995ms
	UnloadStreamsBegin: 2.734ms
	PersistCurrentRevisions: 0.110ms
	GenerateScriptTypeHashes: 0.528ms
	GenerateScriptTypeSerializationHashes: 1.228ms
	Untracked: 817.437ms

Application.AssetDatabase Initial Refresh End
Scanning for USB devices : 3.284ms
Initializing Unity extensions:
UpdateMenuTitleForLanguage: 10
[MODES] ModeService[none].Initialize
[MODES] ModeService[none].LoadModes
[MODES] Loading mode Default (0) for mode-current-id-sale_com_hpr_stats
Unloading 4 Unused Serialized files (Serialized files now loaded: 0)
Unloading 847 unused Assets / (1.2 MB). Loaded Objects now: 1449.
Memory consumption went from 91.7 MB to 90.5 MB.
Total: 8.301797 ms (FindLiveObjects: 0.107518 ms CreateObjectMapping: 0.054706 ms MarkObjects: 7.102188 ms  DeleteObjects: 1.036380 ms)

Batchmode quit successfully invoked - shutting down!
Curl error 42: Callback aborted
[Physics::Module] Cleanup current backend.
[Physics::Module] Id: 0xf2b8ea05
Input System module state changed to: ShutdownInProgress.
Input Polling Thread exited.
Input System module state changed to: Shutdown.
[Licensing::IpcConnector] LicenseClient-hans-notifications channel disconnected successfully.
[Licensing::IpcConnector] LicenseClient-hans channel disconnected successfully.
AcceleratorClientConnectionCallback - disconnected - :0
info: Microsoft.Hosting.Lifetime[0]
      Application is shutting down...
Cleanup mono
CodeReloadManager destroyed
debugger-agent: Unable to listen on 39
Exiting batchmode successfully now!
